<?xml version="1.0" encoding="UTF-8" ?>
<<<<<<< HEAD
=======
<!--
  Copyright (c) 2013 TerraFrame, Inc. All rights reserved. 
  
  This file is part of Runway SDK(tm).
  
  Runway SDK(tm) is free software: you can redistribute it and/or modify
  it under the terms of the GNU Lesser General Public License as
  published by the Free Software Foundation, either version 3 of the
  License, or (at your option) any later version.
  
  Runway SDK(tm) is distributed in the hope that it will be useful, but
  WITHOUT ANY WARRANTY; without even the implied warranty of
  MERCHANTABILITY or FITNESS FOR A PARTICULAR PURPOSE.  See the
  GNU Lesser General Public License for more details.
  
  You should have received a copy of the GNU Lesser General Public
  License along with Runway SDK(tm).  If not, see <http://www.gnu.org/licenses/>.
-->
>>>>>>> ac74a14d84b3e01d5aba7001dc0bc6e12cfc0860
<testsuite failures="0" time="216.51" errors="0" skipped="0" tests="4242" name="com.runwaysdk.QueryTestSuite_MavenTest">
  <properties>
    <property name="java.runtime.name" value="OpenJDK Runtime Environment"/>
    <property name="sun.boot.library.path" value="/usr/lib/jvm/java-6-openjdk-amd64/jre/lib/amd64"/>
    <property name="java.vm.version" value="20.0-b12"/>
    <property name="java.vm.vendor" value="Sun Microsystems Inc."/>
    <property name="java.vendor.url" value="http://java.sun.com/"/>
    <property name="path.separator" value=":"/>
    <property name="java.vm.name" value="OpenJDK 64-Bit Server VM"/>
    <property name="file.encoding.pkg" value="sun.io"/>
    <property name="user.country" value="US"/>
    <property name="sun.java.launcher" value="SUN_STANDARD"/>
    <property name="sun.os.patch.level" value="unknown"/>
    <property name="java.vm.specification.name" value="Java Virtual Machine Specification"/>
    <property name="user.dir" value="/usr/share/tomcat6/.hudson/jobs/Test Runway/workspace/runwaysdk-test"/>
    <property name="java.runtime.version" value="1.6.0_24-b24"/>
    <property name="java.awt.graphicsenv" value="sun.awt.X11GraphicsEnvironment"/>
    <property name="basedir" value="/usr/share/tomcat6/.hudson/jobs/Test Runway/workspace/runwaysdk-test"/>
    <property name="java.endorsed.dirs" value="/usr/lib/jvm/java-6-openjdk-amd64/jre/lib/endorsed"/>
    <property name="os.arch" value="amd64"/>
    <property name="surefire.real.class.path" value="/usr/share/tomcat6/.hudson/jobs/Test Runway/workspace/runwaysdk-test/target/surefire/surefirebooter508021213626812293.jar"/>
    <property name="java.io.tmpdir" value="/tmp"/>
    <property name="line.separator" value="
"/>
    <property name="java.vm.specification.vendor" value="Sun Microsystems Inc."/>
    <property name="os.name" value="Linux"/>
    <property name="maven.ext.class.path" value="/usr/share/tomcat6/.hudson/maven/slavebundle/resources:/usr/share/tomcat6/.hudson/maven/slavebundle/lib/maven3-eventspy-3.0.jar:/var/lib/tomcat6/webapps/hudson/WEB-INF/lib/hudson-remoting-3.0.0.jar"/>
    <property name="root.user" value="postgres"/>
    <property name="sun.jnu.encoding" value="UTF-8"/>
    <property name="java.library.path" value="/usr/lib/jvm/java-6-openjdk-amd64/jre/lib/amd64/server:/usr/lib/jvm/java-6-openjdk-amd64/jre/lib/amd64:/usr/lib/jvm/java-6-openjdk-amd64/jre/../lib/amd64:/usr/java/packages/lib/amd64:/usr/lib/x86_64-linux-gnu/jni:/lib/x86_64-linux-gnu:/usr/lib/x86_64-linux-gnu:/usr/lib/jni:/lib:/usr/lib"/>
    <property name="surefire.test.class.path" value="/usr/share/tomcat6/.hudson/jobs/Test Runway/workspace/runwaysdk-test/target/test-classes:/usr/share/tomcat6/.hudson/jobs/Test Runway/workspace/runwaysdk-test/target/classes:/usr/share/tomcat6/.m2/repository/junit/junit/3.8.1/junit-3.8.1.jar:/usr/share/tomcat6/.m2/repository/com/runwaysdk/runwaysdk-client/0.0.1-SNAPSHOT/runwaysdk-client-0.0.1-SNAPSHOT.jar:/usr/share/tomcat6/.m2/repository/com/runwaysdk/runwaysdk-common/0.0.1-SNAPSHOT/runwaysdk-common-0.0.1-SNAPSHOT.jar:/usr/share/tomcat6/.m2/repository/org/json/json/20090211/json-20090211.jar:/usr/share/tomcat6/.m2/repository/log4j/log4j/1.2.17/log4j-1.2.17.jar:/usr/share/tomcat6/.m2/repository/org/apache/ant/ant/1.8.4/ant-1.8.4.jar:/usr/share/tomcat6/.m2/repository/org/apache/ant/ant-launcher/1.8.4/ant-launcher-1.8.4.jar:/usr/share/tomcat6/.m2/repository/commons-lang/commons-lang/2.6/commons-lang-2.6.jar:/usr/share/tomcat6/.m2/repository/net/sf/ehcache/ehcache-core/2.6.2/ehcache-core-2.6.2.jar:/usr/share/tomcat6/.m2/repository/org/slf4j/slf4j-api/1.6.1/slf4j-api-1.6.1.jar:/usr/share/tomcat6/.m2/repository/com/healthmarketscience/rmiio/rmiio/2.0.3/rmiio-2.0.3.jar:/usr/share/tomcat6/.m2/repository/org/apache/tomcat/catalina/6.0.36/catalina-6.0.36.jar:/usr/share/tomcat6/.m2/repository/org/apache/tomcat/servlet-api/6.0.36/servlet-api-6.0.36.jar:/usr/share/tomcat6/.m2/repository/org/apache/tomcat/juli/6.0.36/juli-6.0.36.jar:/usr/share/tomcat6/.m2/repository/org/apache/tomcat/annotations-api/6.0.36/annotations-api-6.0.36.jar:/usr/share/tomcat6/.m2/repository/asm/asm/3.3.1/asm-3.3.1.jar:/usr/share/tomcat6/.m2/repository/com/terraframe/UTF8Resource/1.0/UTF8Resource-1.0.jar:/usr/share/tomcat6/.m2/repository/org/apache/axis/axis-jaxrpc/1.4/axis-jaxrpc-1.4.jar:/usr/share/tomcat6/.m2/repository/org/apache/axis/axis/1.4/axis-1.4.jar:/usr/share/tomcat6/.m2/repository/javax/servlet/javax.servlet-api/3.0.1/javax.servlet-api-3.0.1.jar:/usr/share/tomcat6/.m2/repository/javax/servlet/jsp/javax.servlet.jsp-api/2.2.1/javax.servlet.jsp-api-2.2.1.jar:/usr/share/tomcat6/.m2/repository/javax/servlet/jsp/jstl/javax.servlet.jsp.jstl-api/1.2.1/javax.servlet.jsp.jstl-api-1.2.1.jar:/usr/share/tomcat6/.m2/repository/commons-fileupload/commons-fileupload/1.2.2/commons-fileupload-1.2.2.jar:/usr/share/tomcat6/.m2/repository/com/scand/fileupload/fileupload-progress/1.0/fileupload-progress-1.0.jar:/usr/share/tomcat6/.m2/repository/com/runwaysdk/runwaysdk-server/0.0.1-SNAPSHOT/runwaysdk-server-0.0.1-SNAPSHOT.jar:/usr/share/tomcat6/.m2/repository/org/aspectj/aspectjweaver/1.6.11/aspectjweaver-1.6.11.jar:/usr/share/tomcat6/.m2/repository/org/aspectj/aspectjtools/1.6.11/aspectjtools-1.6.11.jar:/usr/share/tomcat6/.m2/repository/org/apache/tomcat/catalina-ant/6.0.36/catalina-ant-6.0.36.jar:/usr/share/tomcat6/.m2/repository/org/apache/tomcat/coyote/6.0.36/coyote-6.0.36.jar:/usr/share/tomcat6/.m2/repository/commons-collections/commons-collections/3.2.1/commons-collections-3.2.1.jar:/usr/share/tomcat6/.m2/repository/commons-dbcp/commons-dbcp/1.4/commons-dbcp-1.4.jar:/usr/share/tomcat6/.m2/repository/commons-pool/commons-pool/1.5.4/commons-pool-1.5.4.jar:/usr/share/tomcat6/.m2/repository/commons-discovery/commons-discovery/0.5/commons-discovery-0.5.jar:/usr/share/tomcat6/.m2/repository/commons-httpclient/commons-httpclient/3.1/commons-httpclient-3.1.jar:/usr/share/tomcat6/.m2/repository/commons-logging/commons-logging/1.1/commons-logging-1.1.jar:/usr/share/tomcat6/.m2/repository/logkit/logkit/1.0.1/logkit-1.0.1.jar:/usr/share/tomcat6/.m2/repository/avalon-framework/avalon-framework/4.1.3/avalon-framework-4.1.3.jar:/usr/share/tomcat6/.m2/repository/javax/servlet/servlet-api/2.3/servlet-api-2.3.jar:/usr/share/tomcat6/.m2/repository/commons-math/commons-math/1.2/commons-math-1.2.jar:/usr/share/tomcat6/.m2/repository/com/googlecode/t7mp/ecj362/1.0.1/ecj362-1.0.1.jar:/usr/share/tomcat6/.m2/repository/javax/mail/mail/1.4.5/mail-1.4.5.jar:/usr/share/tomcat6/.m2/repository/javax/activation/activation/1.1/activation-1.1.jar:/usr/share/tomcat6/.m2/repository/com/google/inject/guice/3.0/guice-3.0.jar:/usr/share/tomcat6/.m2/repository/javax/inject/javax.inject/1/javax.inject-1.jar:/usr/share/tomcat6/.m2/repository/aopalliance/aopalliance/1.0/aopalliance-1.0.jar:/usr/share/tomcat6/.m2/repository/org/hsqldb/hsqldb/2.2.9/hsqldb-2.2.9.jar:/usr/share/tomcat6/.m2/repository/mysql/mysql-connector-java/5.1.22/mysql-connector-java-5.1.22.jar:/usr/share/tomcat6/.m2/repository/postgresql/postgresql/9.1-901-1.jdbc4/postgresql-9.1-901-1.jdbc4.jar:/usr/share/tomcat6/.m2/repository/net/sourceforge/jtds/jtds/1.3.0/jtds-1.3.0.jar:/usr/share/tomcat6/.m2/repository/com/oracle/ojdbc14/1.2/ojdbc14-1.2.jar:/usr/share/tomcat6/.m2/repository/org/apache/poi/poi/3.2-FINAL/poi-3.2-FINAL.jar:/usr/share/tomcat6/.m2/repository/com/sun/xsom/xsom/20110809/xsom-20110809.jar:/usr/share/tomcat6/.m2/repository/relaxngDatatype/relaxngDatatype/20020414/relaxngDatatype-20020414.jar:/usr/share/tomcat6/.m2/repository/org/codeartisans/thirdparties/swing/org-netbeans-api-visual/2.23.1/org-netbeans-api-visual-2.23.1.jar:/usr/share/tomcat6/.m2/repository/org/codeartisans/thirdparties/swing/org-openide-util/8.6.2/org-openide-util-8.6.2.jar:/usr/share/tomcat6/.m2/repository/org/codeartisans/thirdparties/swing/org-openide-util-lookup/8.3.1/org-openide-util-lookup-8.3.1.jar:/usr/share/tomcat6/.m2/repository/org/codehaus/groovy/groovy-all/2.0.6/groovy-all-2.0.6.jar:/usr/share/tomcat6/.m2/repository/org/apache/axis/axis-ant/1.4/axis-ant-1.4.jar:/usr/share/tomcat6/.m2/repository/org/seleniumhq/selenium/selenium-java/2.22.0/selenium-java-2.22.0.jar:/usr/share/tomcat6/.m2/repository/org/seleniumhq/selenium/selenium-android-driver/2.22.0/selenium-android-driver-2.22.0.jar:/usr/share/tomcat6/.m2/repository/org/seleniumhq/selenium/selenium-remote-driver/2.22.0/selenium-remote-driver-2.22.0.jar:/usr/share/tomcat6/.m2/repository/cglib/cglib-nodep/2.1_3/cglib-nodep-2.1_3.jar:/usr/share/tomcat6/.m2/repository/com/google/guava/guava/12.0/guava-12.0.jar:/usr/share/tomcat6/.m2/repository/com/google/code/findbugs/jsr305/1.3.9/jsr305-1.3.9.jar:/usr/share/tomcat6/.m2/repository/org/seleniumhq/selenium/selenium-chrome-driver/2.22.0/selenium-chrome-driver-2.22.0.jar:/usr/share/tomcat6/.m2/repository/org/seleniumhq/selenium/selenium-htmlunit-driver/2.22.0/selenium-htmlunit-driver-2.22.0.jar:/usr/share/tomcat6/.m2/repository/org/seleniumhq/selenium/selenium-api/2.22.0/selenium-api-2.22.0.jar:/usr/share/tomcat6/.m2/repository/net/sourceforge/htmlunit/htmlunit/2.9/htmlunit-2.9.jar:/usr/share/tomcat6/.m2/repository/xalan/xalan/2.7.1/xalan-2.7.1.jar:/usr/share/tomcat6/.m2/repository/xalan/serializer/2.7.1/serializer-2.7.1.jar:/usr/share/tomcat6/.m2/repository/org/apache/httpcomponents/httpmime/4.1.2/httpmime-4.1.2.jar:/usr/share/tomcat6/.m2/repository/net/sourceforge/htmlunit/htmlunit-core-js/2.9/htmlunit-core-js-2.9.jar:/usr/share/tomcat6/.m2/repository/xerces/xercesImpl/2.9.1/xercesImpl-2.9.1.jar:/usr/share/tomcat6/.m2/repository/xml-apis/xml-apis/1.3.04/xml-apis-1.3.04.jar:/usr/share/tomcat6/.m2/repository/net/sourceforge/nekohtml/nekohtml/1.9.15/nekohtml-1.9.15.jar:/usr/share/tomcat6/.m2/repository/net/sourceforge/cssparser/cssparser/0.9.5/cssparser-0.9.5.jar:/usr/share/tomcat6/.m2/repository/org/w3c/css/sac/1.3/sac-1.3.jar:/usr/share/tomcat6/.m2/repository/org/apache/httpcomponents/httpclient/4.1.2/httpclient-4.1.2.jar:/usr/share/tomcat6/.m2/repository/org/apache/httpcomponents/httpcore/4.1.2/httpcore-4.1.2.jar:/usr/share/tomcat6/.m2/repository/org/seleniumhq/selenium/selenium-firefox-driver/2.22.0/selenium-firefox-driver-2.22.0.jar:/usr/share/tomcat6/.m2/repository/commons-io/commons-io/2.0.1/commons-io-2.0.1.jar:/usr/share/tomcat6/.m2/repository/org/apache/commons/commons-exec/1.1/commons-exec-1.1.jar:/usr/share/tomcat6/.m2/repository/org/seleniumhq/selenium/selenium-ie-driver/2.22.0/selenium-ie-driver-2.22.0.jar:/usr/share/tomcat6/.m2/repository/net/java/dev/jna/jna/3.4.0/jna-3.4.0.jar:/usr/share/tomcat6/.m2/repository/net/java/dev/jna/platform/3.4.0/platform-3.4.0.jar:/usr/share/tomcat6/.m2/repository/org/seleniumhq/selenium/selenium-iphone-driver/2.22.0/selenium-iphone-driver-2.22.0.jar:/usr/share/tomcat6/.m2/repository/org/seleniumhq/selenium/selenium-safari-driver/2.22.0/selenium-safari-driver-2.22.0.jar:/usr/share/tomcat6/.m2/repository/org/seleniumhq/selenium/selenium-support/2.22.0/selenium-support-2.22.0.jar:/usr/share/tomcat6/.m2/repository/org/webbitserver/webbit/0.4.6/webbit-0.4.6.jar:/usr/share/tomcat6/.m2/repository/org/jboss/netty/netty/3.2.7.Final/netty-3.2.7.Final.jar:/usr/share/tomcat6/.m2/repository/org/seleniumhq/selenium/selenium-server/2.28.0/selenium-server-2.28.0.jar:/usr/share/tomcat6/.m2/repository/org/bouncycastle/bcprov-jdk15on/1.47/bcprov-jdk15on-1.47.jar:/usr/share/tomcat6/.m2/repository/org/bouncycastle/bcpkix-jdk15on/1.47/bcpkix-jdk15on-1.47.jar:/usr/share/tomcat6/.m2/repository/mx4j/mx4j-tools/3.0.1/mx4j-tools-3.0.1.jar:/usr/share/tomcat6/.m2/repository/org/mortbay/jetty/servlet-api-2.5/6.1.9/servlet-api-2.5-6.1.9.jar:/usr/share/tomcat6/.m2/repository/org/seleniumhq/selenium/jetty-repacked/7.6.1/jetty-repacked-7.6.1.jar:/usr/share/tomcat6/.m2/repository/net/jcip/jcip-annotations/1.0/jcip-annotations-1.0.jar:/usr/share/tomcat6/.m2/repository/org/yaml/snakeyaml/1.8/snakeyaml-1.8.jar:/usr/share/tomcat6/.m2/repository/commons-codec/commons-codec/1.6/commons-codec-1.6.jar:/usr/share/tomcat6/.m2/repository/cactus/cactus/13-1.7.2/cactus-13-1.7.2.jar:/usr/share/tomcat6/.m2/repository/org/aspectj/aspectjrt/1.6.11/aspectjrt-1.6.11.jar:"/>
    <property name="hudson.eventspy.port" value="53233"/>
    <property name="java.specification.name" value="Java Platform API Specification"/>
    <property name="java.class.version" value="50.0"/>
    <property name="sun.management.compiler" value="HotSpot 64-Bit Tiered Compilers"/>
    <property name="os.version" value="3.2.0-24-generic"/>
    <property name="user.home" value="/usr/share/tomcat6"/>
    <property name="user.timezone" value="America/Denver"/>
    <property name="java.awt.printerjob" value="sun.print.PSPrinterJob"/>
    <property name="java.specification.version" value="1.6"/>
    <property name="file.encoding" value="UTF-8"/>
    <property name="user.name" value="tomcat6"/>
    <property name="java.class.path" value="/usr/share/tomcat6/.hudson/jobs/Test Runway/workspace/runwaysdk-test/target/test-classes:/usr/share/tomcat6/.hudson/jobs/Test Runway/workspace/runwaysdk-test/target/classes:/usr/share/tomcat6/.m2/repository/junit/junit/3.8.1/junit-3.8.1.jar:/usr/share/tomcat6/.m2/repository/com/runwaysdk/runwaysdk-client/0.0.1-SNAPSHOT/runwaysdk-client-0.0.1-SNAPSHOT.jar:/usr/share/tomcat6/.m2/repository/com/runwaysdk/runwaysdk-common/0.0.1-SNAPSHOT/runwaysdk-common-0.0.1-SNAPSHOT.jar:/usr/share/tomcat6/.m2/repository/org/json/json/20090211/json-20090211.jar:/usr/share/tomcat6/.m2/repository/log4j/log4j/1.2.17/log4j-1.2.17.jar:/usr/share/tomcat6/.m2/repository/org/apache/ant/ant/1.8.4/ant-1.8.4.jar:/usr/share/tomcat6/.m2/repository/org/apache/ant/ant-launcher/1.8.4/ant-launcher-1.8.4.jar:/usr/share/tomcat6/.m2/repository/commons-lang/commons-lang/2.6/commons-lang-2.6.jar:/usr/share/tomcat6/.m2/repository/net/sf/ehcache/ehcache-core/2.6.2/ehcache-core-2.6.2.jar:/usr/share/tomcat6/.m2/repository/org/slf4j/slf4j-api/1.6.1/slf4j-api-1.6.1.jar:/usr/share/tomcat6/.m2/repository/com/healthmarketscience/rmiio/rmiio/2.0.3/rmiio-2.0.3.jar:/usr/share/tomcat6/.m2/repository/org/apache/tomcat/catalina/6.0.36/catalina-6.0.36.jar:/usr/share/tomcat6/.m2/repository/org/apache/tomcat/servlet-api/6.0.36/servlet-api-6.0.36.jar:/usr/share/tomcat6/.m2/repository/org/apache/tomcat/juli/6.0.36/juli-6.0.36.jar:/usr/share/tomcat6/.m2/repository/org/apache/tomcat/annotations-api/6.0.36/annotations-api-6.0.36.jar:/usr/share/tomcat6/.m2/repository/asm/asm/3.3.1/asm-3.3.1.jar:/usr/share/tomcat6/.m2/repository/com/terraframe/UTF8Resource/1.0/UTF8Resource-1.0.jar:/usr/share/tomcat6/.m2/repository/org/apache/axis/axis-jaxrpc/1.4/axis-jaxrpc-1.4.jar:/usr/share/tomcat6/.m2/repository/org/apache/axis/axis/1.4/axis-1.4.jar:/usr/share/tomcat6/.m2/repository/javax/servlet/javax.servlet-api/3.0.1/javax.servlet-api-3.0.1.jar:/usr/share/tomcat6/.m2/repository/javax/servlet/jsp/javax.servlet.jsp-api/2.2.1/javax.servlet.jsp-api-2.2.1.jar:/usr/share/tomcat6/.m2/repository/javax/servlet/jsp/jstl/javax.servlet.jsp.jstl-api/1.2.1/javax.servlet.jsp.jstl-api-1.2.1.jar:/usr/share/tomcat6/.m2/repository/commons-fileupload/commons-fileupload/1.2.2/commons-fileupload-1.2.2.jar:/usr/share/tomcat6/.m2/repository/com/scand/fileupload/fileupload-progress/1.0/fileupload-progress-1.0.jar:/usr/share/tomcat6/.m2/repository/com/runwaysdk/runwaysdk-server/0.0.1-SNAPSHOT/runwaysdk-server-0.0.1-SNAPSHOT.jar:/usr/share/tomcat6/.m2/repository/org/aspectj/aspectjweaver/1.6.11/aspectjweaver-1.6.11.jar:/usr/share/tomcat6/.m2/repository/org/aspectj/aspectjtools/1.6.11/aspectjtools-1.6.11.jar:/usr/share/tomcat6/.m2/repository/org/apache/tomcat/catalina-ant/6.0.36/catalina-ant-6.0.36.jar:/usr/share/tomcat6/.m2/repository/org/apache/tomcat/coyote/6.0.36/coyote-6.0.36.jar:/usr/share/tomcat6/.m2/repository/commons-collections/commons-collections/3.2.1/commons-collections-3.2.1.jar:/usr/share/tomcat6/.m2/repository/commons-dbcp/commons-dbcp/1.4/commons-dbcp-1.4.jar:/usr/share/tomcat6/.m2/repository/commons-pool/commons-pool/1.5.4/commons-pool-1.5.4.jar:/usr/share/tomcat6/.m2/repository/commons-discovery/commons-discovery/0.5/commons-discovery-0.5.jar:/usr/share/tomcat6/.m2/repository/commons-httpclient/commons-httpclient/3.1/commons-httpclient-3.1.jar:/usr/share/tomcat6/.m2/repository/commons-logging/commons-logging/1.1/commons-logging-1.1.jar:/usr/share/tomcat6/.m2/repository/logkit/logkit/1.0.1/logkit-1.0.1.jar:/usr/share/tomcat6/.m2/repository/avalon-framework/avalon-framework/4.1.3/avalon-framework-4.1.3.jar:/usr/share/tomcat6/.m2/repository/javax/servlet/servlet-api/2.3/servlet-api-2.3.jar:/usr/share/tomcat6/.m2/repository/commons-math/commons-math/1.2/commons-math-1.2.jar:/usr/share/tomcat6/.m2/repository/com/googlecode/t7mp/ecj362/1.0.1/ecj362-1.0.1.jar:/usr/share/tomcat6/.m2/repository/javax/mail/mail/1.4.5/mail-1.4.5.jar:/usr/share/tomcat6/.m2/repository/javax/activation/activation/1.1/activation-1.1.jar:/usr/share/tomcat6/.m2/repository/com/google/inject/guice/3.0/guice-3.0.jar:/usr/share/tomcat6/.m2/repository/javax/inject/javax.inject/1/javax.inject-1.jar:/usr/share/tomcat6/.m2/repository/aopalliance/aopalliance/1.0/aopalliance-1.0.jar:/usr/share/tomcat6/.m2/repository/org/hsqldb/hsqldb/2.2.9/hsqldb-2.2.9.jar:/usr/share/tomcat6/.m2/repository/mysql/mysql-connector-java/5.1.22/mysql-connector-java-5.1.22.jar:/usr/share/tomcat6/.m2/repository/postgresql/postgresql/9.1-901-1.jdbc4/postgresql-9.1-901-1.jdbc4.jar:/usr/share/tomcat6/.m2/repository/net/sourceforge/jtds/jtds/1.3.0/jtds-1.3.0.jar:/usr/share/tomcat6/.m2/repository/com/oracle/ojdbc14/1.2/ojdbc14-1.2.jar:/usr/share/tomcat6/.m2/repository/org/apache/poi/poi/3.2-FINAL/poi-3.2-FINAL.jar:/usr/share/tomcat6/.m2/repository/com/sun/xsom/xsom/20110809/xsom-20110809.jar:/usr/share/tomcat6/.m2/repository/relaxngDatatype/relaxngDatatype/20020414/relaxngDatatype-20020414.jar:/usr/share/tomcat6/.m2/repository/org/codeartisans/thirdparties/swing/org-netbeans-api-visual/2.23.1/org-netbeans-api-visual-2.23.1.jar:/usr/share/tomcat6/.m2/repository/org/codeartisans/thirdparties/swing/org-openide-util/8.6.2/org-openide-util-8.6.2.jar:/usr/share/tomcat6/.m2/repository/org/codeartisans/thirdparties/swing/org-openide-util-lookup/8.3.1/org-openide-util-lookup-8.3.1.jar:/usr/share/tomcat6/.m2/repository/org/codehaus/groovy/groovy-all/2.0.6/groovy-all-2.0.6.jar:/usr/share/tomcat6/.m2/repository/org/apache/axis/axis-ant/1.4/axis-ant-1.4.jar:/usr/share/tomcat6/.m2/repository/org/seleniumhq/selenium/selenium-java/2.22.0/selenium-java-2.22.0.jar:/usr/share/tomcat6/.m2/repository/org/seleniumhq/selenium/selenium-android-driver/2.22.0/selenium-android-driver-2.22.0.jar:/usr/share/tomcat6/.m2/repository/org/seleniumhq/selenium/selenium-remote-driver/2.22.0/selenium-remote-driver-2.22.0.jar:/usr/share/tomcat6/.m2/repository/cglib/cglib-nodep/2.1_3/cglib-nodep-2.1_3.jar:/usr/share/tomcat6/.m2/repository/com/google/guava/guava/12.0/guava-12.0.jar:/usr/share/tomcat6/.m2/repository/com/google/code/findbugs/jsr305/1.3.9/jsr305-1.3.9.jar:/usr/share/tomcat6/.m2/repository/org/seleniumhq/selenium/selenium-chrome-driver/2.22.0/selenium-chrome-driver-2.22.0.jar:/usr/share/tomcat6/.m2/repository/org/seleniumhq/selenium/selenium-htmlunit-driver/2.22.0/selenium-htmlunit-driver-2.22.0.jar:/usr/share/tomcat6/.m2/repository/org/seleniumhq/selenium/selenium-api/2.22.0/selenium-api-2.22.0.jar:/usr/share/tomcat6/.m2/repository/net/sourceforge/htmlunit/htmlunit/2.9/htmlunit-2.9.jar:/usr/share/tomcat6/.m2/repository/xalan/xalan/2.7.1/xalan-2.7.1.jar:/usr/share/tomcat6/.m2/repository/xalan/serializer/2.7.1/serializer-2.7.1.jar:/usr/share/tomcat6/.m2/repository/org/apache/httpcomponents/httpmime/4.1.2/httpmime-4.1.2.jar:/usr/share/tomcat6/.m2/repository/net/sourceforge/htmlunit/htmlunit-core-js/2.9/htmlunit-core-js-2.9.jar:/usr/share/tomcat6/.m2/repository/xerces/xercesImpl/2.9.1/xercesImpl-2.9.1.jar:/usr/share/tomcat6/.m2/repository/xml-apis/xml-apis/1.3.04/xml-apis-1.3.04.jar:/usr/share/tomcat6/.m2/repository/net/sourceforge/nekohtml/nekohtml/1.9.15/nekohtml-1.9.15.jar:/usr/share/tomcat6/.m2/repository/net/sourceforge/cssparser/cssparser/0.9.5/cssparser-0.9.5.jar:/usr/share/tomcat6/.m2/repository/org/w3c/css/sac/1.3/sac-1.3.jar:/usr/share/tomcat6/.m2/repository/org/apache/httpcomponents/httpclient/4.1.2/httpclient-4.1.2.jar:/usr/share/tomcat6/.m2/repository/org/apache/httpcomponents/httpcore/4.1.2/httpcore-4.1.2.jar:/usr/share/tomcat6/.m2/repository/org/seleniumhq/selenium/selenium-firefox-driver/2.22.0/selenium-firefox-driver-2.22.0.jar:/usr/share/tomcat6/.m2/repository/commons-io/commons-io/2.0.1/commons-io-2.0.1.jar:/usr/share/tomcat6/.m2/repository/org/apache/commons/commons-exec/1.1/commons-exec-1.1.jar:/usr/share/tomcat6/.m2/repository/org/seleniumhq/selenium/selenium-ie-driver/2.22.0/selenium-ie-driver-2.22.0.jar:/usr/share/tomcat6/.m2/repository/net/java/dev/jna/jna/3.4.0/jna-3.4.0.jar:/usr/share/tomcat6/.m2/repository/net/java/dev/jna/platform/3.4.0/platform-3.4.0.jar:/usr/share/tomcat6/.m2/repository/org/seleniumhq/selenium/selenium-iphone-driver/2.22.0/selenium-iphone-driver-2.22.0.jar:/usr/share/tomcat6/.m2/repository/org/seleniumhq/selenium/selenium-safari-driver/2.22.0/selenium-safari-driver-2.22.0.jar:/usr/share/tomcat6/.m2/repository/org/seleniumhq/selenium/selenium-support/2.22.0/selenium-support-2.22.0.jar:/usr/share/tomcat6/.m2/repository/org/webbitserver/webbit/0.4.6/webbit-0.4.6.jar:/usr/share/tomcat6/.m2/repository/org/jboss/netty/netty/3.2.7.Final/netty-3.2.7.Final.jar:/usr/share/tomcat6/.m2/repository/org/seleniumhq/selenium/selenium-server/2.28.0/selenium-server-2.28.0.jar:/usr/share/tomcat6/.m2/repository/org/bouncycastle/bcprov-jdk15on/1.47/bcprov-jdk15on-1.47.jar:/usr/share/tomcat6/.m2/repository/org/bouncycastle/bcpkix-jdk15on/1.47/bcpkix-jdk15on-1.47.jar:/usr/share/tomcat6/.m2/repository/mx4j/mx4j-tools/3.0.1/mx4j-tools-3.0.1.jar:/usr/share/tomcat6/.m2/repository/org/mortbay/jetty/servlet-api-2.5/6.1.9/servlet-api-2.5-6.1.9.jar:/usr/share/tomcat6/.m2/repository/org/seleniumhq/selenium/jetty-repacked/7.6.1/jetty-repacked-7.6.1.jar:/usr/share/tomcat6/.m2/repository/net/jcip/jcip-annotations/1.0/jcip-annotations-1.0.jar:/usr/share/tomcat6/.m2/repository/org/yaml/snakeyaml/1.8/snakeyaml-1.8.jar:/usr/share/tomcat6/.m2/repository/commons-codec/commons-codec/1.6/commons-codec-1.6.jar:/usr/share/tomcat6/.m2/repository/cactus/cactus/13-1.7.2/cactus-13-1.7.2.jar:/usr/share/tomcat6/.m2/repository/org/aspectj/aspectjrt/1.6.11/aspectjrt-1.6.11.jar:"/>
    <property name="java.vm.specification.version" value="1.0"/>
    <property name="sun.arch.data.model" value="64"/>
    <property name="java.home" value="/usr/lib/jvm/java-6-openjdk-amd64/jre"/>
    <property name="sun.java.command" value="/usr/share/tomcat6/.hudson/jobs/Test Runway/workspace/runwaysdk-test/target/surefire/surefirebooter508021213626812293.jar /usr/share/tomcat6/.hudson/jobs/Test Runway/workspace/runwaysdk-test/target/surefire/surefire6439151107102716217tmp /usr/share/tomcat6/.hudson/jobs/Test Runway/workspace/runwaysdk-test/target/surefire/surefire1613948966543787932tmp"/>
    <property name="java.specification.vendor" value="Sun Microsystems Inc."/>
    <property name="user.language" value="en"/>
    <property name="java.vm.info" value="mixed mode"/>
    <property name="java.version" value="1.6.0_24"/>
    <property name="java.ext.dirs" value="/usr/lib/jvm/java-6-openjdk-amd64/jre/lib/ext:/usr/java/packages/lib/ext"/>
    <property name="sun.boot.class.path" value="/usr/lib/jvm/java-6-openjdk-amd64/jre/lib/resources.jar:/usr/lib/jvm/java-6-openjdk-amd64/jre/lib/rt.jar:/usr/lib/jvm/java-6-openjdk-amd64/jre/lib/sunrsasign.jar:/usr/lib/jvm/java-6-openjdk-amd64/jre/lib/jsse.jar:/usr/lib/jvm/java-6-openjdk-amd64/jre/lib/jce.jar:/usr/lib/jvm/java-6-openjdk-amd64/jre/lib/charsets.jar:/usr/lib/jvm/java-6-openjdk-amd64/jre/lib/netx.jar:/usr/lib/jvm/java-6-openjdk-amd64/jre/lib/plugin.jar:/usr/lib/jvm/java-6-openjdk-amd64/jre/lib/rhino.jar:/usr/lib/jvm/java-6-openjdk-amd64/jre/lib/modules/jdk.boot.jar:/usr/lib/jvm/java-6-openjdk-amd64/jre/classes"/>
    <property name="root.db" value="postgres"/>
    <property name="root.pass" value="postgres"/>
    <property name="java.vendor" value="Sun Microsystems Inc."/>
    <property name="localRepository" value="/usr/share/tomcat6/.m2/repository"/>
    <property name="file.separator" value="/"/>
    <property name="java.vendor.url.bug" value="http://java.sun.com/cgi-bin/bugreport.cgi"/>
    <property name="sun.cpu.endian" value="little"/>
    <property name="sun.io.unicode.encoding" value="UnicodeLittle"/>
    <property name="sun.cpu.isalist" value=""/>
  </properties>
  <testcase time="3.457" classname="com.runwaysdk.query.ViewQueryTest" name="testSomething"/>
  <testcase time="0.034" classname="com.runwaysdk.query.ExtraQueryTest" name="testQueryAnd_Condition"/>
  <testcase time="0.032" classname="com.runwaysdk.query.ExtraQueryTest" name="testQueryAnd_Condition_Generated"/>
  <testcase time="0.005" classname="com.runwaysdk.query.ExtraQueryTest" name="testQueryOr_Condition"/>
  <testcase time="0.01" classname="com.runwaysdk.query.ExtraQueryTest" name="testQueryOr_Condition_Generated"/>
  <testcase time="0.01" classname="com.runwaysdk.query.AttributeComparisonTest" name="testBooleanEqAttributeBoolean"/>
  <testcase time="0.019" classname="com.runwaysdk.query.AttributeComparisonTest" name="testBooleanEqAttributeBoolean_Generated"/>
  <testcase time="0.009" classname="com.runwaysdk.query.AttributeComparisonTest" name="testBooleanNotEqAttributeBoolean"/>
  <testcase time="0.011" classname="com.runwaysdk.query.AttributeComparisonTest" name="testBooleanNotEqAttributeBoolean_Generated"/>
  <testcase time="0.009" classname="com.runwaysdk.query.AttributeComparisonTest" name="testCharacterEqAttribute"/>
  <testcase time="0.011" classname="com.runwaysdk.query.AttributeComparisonTest" name="testCharacterEqAttribute_Generated"/>
  <testcase time="0.055" classname="com.runwaysdk.query.AttributeComparisonTest" name="testCharacterEqIgnoreCaseAttribute"/>
  <testcase time="0.042" classname="com.runwaysdk.query.AttributeComparisonTest" name="testCharacterEqIgnoreCaseAttribute_Generated"/>
  <testcase time="0.009" classname="com.runwaysdk.query.AttributeComparisonTest" name="testCharacterNotEqAttribute"/>
  <testcase time="0.011" classname="com.runwaysdk.query.AttributeComparisonTest" name="testCharacterNotEqAttribute_Generated"/>
  <testcase time="0.009" classname="com.runwaysdk.query.AttributeComparisonTest" name="testCharacterNotEqIgnoreCaseAttribute"/>
  <testcase time="0.014" classname="com.runwaysdk.query.AttributeComparisonTest" name="testCharacterNotEqIgnoreCaseAttribute_Generated"/>
  <testcase time="0.009" classname="com.runwaysdk.query.AttributeComparisonTest" name="testTextEqAttribute"/>
  <testcase time="0.009" classname="com.runwaysdk.query.AttributeComparisonTest" name="testClobEqAttribute"/>
  <testcase time="0.011" classname="com.runwaysdk.query.AttributeComparisonTest" name="testTextEqAttribute_Generated"/>
  <testcase time="0.01" classname="com.runwaysdk.query.AttributeComparisonTest" name="testClobEqAttribute_Generated"/>
  <testcase time="0.042" classname="com.runwaysdk.query.AttributeComparisonTest" name="testTextNotEqAttribute"/>
  <testcase time="0.042" classname="com.runwaysdk.query.AttributeComparisonTest" name="testClobNotEqAttribute"/>
  <testcase time="0.042" classname="com.runwaysdk.query.AttributeComparisonTest" name="testTextNotEqAttribute_Generated"/>
  <testcase time="0.042" classname="com.runwaysdk.query.AttributeComparisonTest" name="testClobNotEqAttribute_Generated"/>
  <testcase time="0.042" classname="com.runwaysdk.query.AttributeComparisonTest" name="testTextEqIgnoreCaseAttribute"/>
  <testcase time="0.04" classname="com.runwaysdk.query.AttributeComparisonTest" name="testClobEqIgnoreCaseAttribute"/>
  <testcase time="0.033" classname="com.runwaysdk.query.AttributeComparisonTest" name="testTextEqIgnoreCaseAttribute_Generated"/>
  <testcase time="0.041" classname="com.runwaysdk.query.AttributeComparisonTest" name="testClobEqIgnoreCaseAttribute_Generated"/>
  <testcase time="0.021" classname="com.runwaysdk.query.AttributeComparisonTest" name="testDateTimeEqAttribute"/>
  <testcase time="0.011" classname="com.runwaysdk.query.AttributeComparisonTest" name="testDateTimeEqAttribute_Generated"/>
  <testcase time="0.008" classname="com.runwaysdk.query.AttributeComparisonTest" name="testDateTimeGtAttribute"/>
  <testcase time="0.011" classname="com.runwaysdk.query.AttributeComparisonTest" name="testDateTimeGtAttribute_Generated"/>
  <testcase time="0.047" classname="com.runwaysdk.query.AttributeComparisonTest" name="testDateTimeGtEqAttribute"/>
  <testcase time="0.042" classname="com.runwaysdk.query.AttributeComparisonTest" name="testDateTimeGtEqAttribute_Generated"/>
  <testcase time="0.034" classname="com.runwaysdk.query.AttributeComparisonTest" name="testDateTimeLtAttribute"/>
  <testcase time="0.04" classname="com.runwaysdk.query.AttributeComparisonTest" name="testDateTimeLtAttribute_Generated"/>
  <testcase time="0.05" classname="com.runwaysdk.query.AttributeComparisonTest" name="testDateTimeLtEqAttribute"/>
  <testcase time="0.052" classname="com.runwaysdk.query.AttributeComparisonTest" name="testDateTimeLtEqAttribute_Generated"/>
  <testcase time="0.009" classname="com.runwaysdk.query.AttributeComparisonTest" name="testDateTimeNotEqAttribute"/>
  <testcase time="0.011" classname="com.runwaysdk.query.AttributeComparisonTest" name="testDateTimeNotEqAttribute_Generated"/>
  <testcase time="0.009" classname="com.runwaysdk.query.AttributeComparisonTest" name="testDateEqAttribute"/>
  <testcase time="0.011" classname="com.runwaysdk.query.AttributeComparisonTest" name="testDateEqAttribute_Generated"/>
  <testcase time="0.009" classname="com.runwaysdk.query.AttributeComparisonTest" name="testDateGtAttribute"/>
  <testcase time="0.01" classname="com.runwaysdk.query.AttributeComparisonTest" name="testDateGtAttribute_Generated"/>
  <testcase time="0.032" classname="com.runwaysdk.query.AttributeComparisonTest" name="testDateGtEqAttribute"/>
  <testcase time="0.04" classname="com.runwaysdk.query.AttributeComparisonTest" name="testDateGtEqAttribute_Generated"/>
  <testcase time="0.034" classname="com.runwaysdk.query.AttributeComparisonTest" name="testDateLtAttribute"/>
  <testcase time="0.042" classname="com.runwaysdk.query.AttributeComparisonTest" name="testDateLtAttribute_Generated"/>
  <testcase time="0.066" classname="com.runwaysdk.query.AttributeComparisonTest" name="testDateLtEqAttribute"/>
  <testcase time="0.068" classname="com.runwaysdk.query.AttributeComparisonTest" name="testDateLtEqAttribute_Generated"/>
  <testcase time="0.009" classname="com.runwaysdk.query.AttributeComparisonTest" name="testDateNotEqAttribute"/>
  <testcase time="0.011" classname="com.runwaysdk.query.AttributeComparisonTest" name="testDateNotEqAttribute_Generated"/>
  <testcase time="0.01" classname="com.runwaysdk.query.AttributeComparisonTest" name="testTimeEqAttribute"/>
  <testcase time="0.011" classname="com.runwaysdk.query.AttributeComparisonTest" name="testTimeEqAttribute_Generatted"/>
  <testcase time="0.041" classname="com.runwaysdk.query.AttributeComparisonTest" name="testTimeGtAttribute"/>
  <testcase time="0.042" classname="com.runwaysdk.query.AttributeComparisonTest" name="testTimeGtAttribute_Generated"/>
  <testcase time="0.042" classname="com.runwaysdk.query.AttributeComparisonTest" name="testTimeGtEqAttribute"/>
  <testcase time="0.04" classname="com.runwaysdk.query.AttributeComparisonTest" name="testTimeGtEqAttribute_Generated"/>
  <testcase time="0.034" classname="com.runwaysdk.query.AttributeComparisonTest" name="testTimeLtAttribute"/>
  <testcase time="0.042" classname="com.runwaysdk.query.AttributeComparisonTest" name="testTimeLtAttribute_Generated"/>
  <testcase time="0.041" classname="com.runwaysdk.query.AttributeComparisonTest" name="testTimeLtEqAttribute"/>
  <testcase time="0.041" classname="com.runwaysdk.query.AttributeComparisonTest" name="testTimeLtEqAttribute_Grenerated"/>
  <testcase time="0.008" classname="com.runwaysdk.query.AttributeComparisonTest" name="testTimeNotEqAttribute"/>
  <testcase time="0.01" classname="com.runwaysdk.query.AttributeComparisonTest" name="testTimeNotEqAttribute_Generated"/>
  <testcase time="0.009" classname="com.runwaysdk.query.AttributeComparisonTest" name="testIntegerEqAttribute"/>
  <testcase time="0.011" classname="com.runwaysdk.query.AttributeComparisonTest" name="testIntegerEqAttribute_Generated"/>
  <testcase time="0.009" classname="com.runwaysdk.query.AttributeComparisonTest" name="testIntegerGtAttribute"/>
  <testcase time="0.041" classname="com.runwaysdk.query.AttributeComparisonTest" name="testIntegerGtAttribute_Generated"/>
  <testcase time="0.041" classname="com.runwaysdk.query.AttributeComparisonTest" name="testIntegerGtEqAttribute"/>
  <testcase time="0.042" classname="com.runwaysdk.query.AttributeComparisonTest" name="testIntegerGtEqAttribute_Generated"/>
  <testcase time="0.058" classname="com.runwaysdk.query.AttributeComparisonTest" name="testIntegerLtEqAttribute"/>
  <testcase time="0.042" classname="com.runwaysdk.query.AttributeComparisonTest" name="testIntegerLtEqAttribute_Generated"/>
  <testcase time="0.009" classname="com.runwaysdk.query.AttributeComparisonTest" name="testIntegerNotEqAttribute"/>
  <testcase time="0.011" classname="com.runwaysdk.query.AttributeComparisonTest" name="testIntegerNotEqAttribute_Generated"/>
  <testcase time="0.01" classname="com.runwaysdk.query.AttributeComparisonTest" name="testLongEqAttribute"/>
  <testcase time="0.011" classname="com.runwaysdk.query.AttributeComparisonTest" name="testLongEqAttribute_Generated"/>
  <testcase time="0.035" classname="com.runwaysdk.query.AttributeComparisonTest" name="testLongGtAttribute"/>
  <testcase time="0.042" classname="com.runwaysdk.query.AttributeComparisonTest" name="testLongGtAttribute_Generated"/>
  <testcase time="0.04" classname="com.runwaysdk.query.AttributeComparisonTest" name="testLongGtEqAttribute"/>
  <testcase time="0.042" classname="com.runwaysdk.query.AttributeComparisonTest" name="testLongGtEqAttribute_Generated"/>
  <testcase time="0.009" classname="com.runwaysdk.query.AttributeComparisonTest" name="testLongLtAttribute"/>
  <testcase time="0.011" classname="com.runwaysdk.query.AttributeComparisonTest" name="testLongLtAttribute_Generated"/>
  <testcase time="0.055" classname="com.runwaysdk.query.AttributeComparisonTest" name="testLongLtEqAttribute"/>
  <testcase time="0.058" classname="com.runwaysdk.query.AttributeComparisonTest" name="testLongLtEqAttribute_Generated"/>
  <testcase time="0.009" classname="com.runwaysdk.query.AttributeComparisonTest" name="testLongNotEqAttribute"/>
  <testcase time="0.011" classname="com.runwaysdk.query.AttributeComparisonTest" name="testLongNotEqAttribute_Generated"/>
  <testcase time="0.01" classname="com.runwaysdk.query.AttributeComparisonTest" name="testFloatEqAttribute"/>
  <testcase time="0.011" classname="com.runwaysdk.query.AttributeComparisonTest" name="testFloatEqAttribute_Generated"/>
  <testcase time="0.042" classname="com.runwaysdk.query.AttributeComparisonTest" name="testFloatGtAttribute"/>
  <testcase time="0.04" classname="com.runwaysdk.query.AttributeComparisonTest" name="testFloatGtAttribute_Generated"/>
  <testcase time="0.16" classname="com.runwaysdk.query.AttributeComparisonTest" name="testFloatGtEqAttribute"/>
  <testcase time="0.224" classname="com.runwaysdk.query.AttributeComparisonTest" name="testFloatGtEqAttribute_Generated"/>
  <testcase time="0.008" classname="com.runwaysdk.query.AttributeComparisonTest" name="testFloatLtAttribute"/>
  <testcase time="0.008" classname="com.runwaysdk.query.AttributeComparisonTest" name="testFloatLtAttribute_Generated"/>
  <testcase time="0.059" classname="com.runwaysdk.query.AttributeComparisonTest" name="testFloatLtEqAttribute"/>
  <testcase time="0.066" classname="com.runwaysdk.query.AttributeComparisonTest" name="testFloatLtEqAttribute_Generated"/>
  <testcase time="0.01" classname="com.runwaysdk.query.AttributeComparisonTest" name="testFloatNotEqAttribute"/>
  <testcase time="0.012" classname="com.runwaysdk.query.AttributeComparisonTest" name="testFloatNotEqAttribute_Generated"/>
  <testcase time="0.009" classname="com.runwaysdk.query.AttributeComparisonTest" name="testDecimalEqAttribute"/>
  <testcase time="0.011" classname="com.runwaysdk.query.AttributeComparisonTest" name="testDecimalEqAttribute_Generated"/>
  <testcase time="0.042" classname="com.runwaysdk.query.AttributeComparisonTest" name="testDecimalGtAttribute"/>
  <testcase time="0.04" classname="com.runwaysdk.query.AttributeComparisonTest" name="testDecimalGtAttribute_Generated"/>
  <testcase time="0.042" classname="com.runwaysdk.query.AttributeComparisonTest" name="testDecimalGtEqAttribute"/>
  <testcase time="0.042" classname="com.runwaysdk.query.AttributeComparisonTest" name="testDecimalGtEqAttribute_Generated"/>
  <testcase time="0.009" classname="com.runwaysdk.query.AttributeComparisonTest" name="testDecimalLtAttribute"/>
  <testcase time="0.01" classname="com.runwaysdk.query.AttributeComparisonTest" name="testDecimalLtAttribute_Generated"/>
  <testcase time="0.057" classname="com.runwaysdk.query.AttributeComparisonTest" name="testDecimalLtEqAttribute"/>
  <testcase time="0.058" classname="com.runwaysdk.query.AttributeComparisonTest" name="testDecimalLtEqAttribute_Generated"/>
  <testcase time="0.008" classname="com.runwaysdk.query.AttributeComparisonTest" name="testDecimalNotEqAttribute"/>
  <testcase time="0.011" classname="com.runwaysdk.query.AttributeComparisonTest" name="testDecimalNotEqAttribute_Generated"/>
  <testcase time="0.009" classname="com.runwaysdk.query.AttributeComparisonTest" name="testDoubleEqAttribute"/>
  <testcase time="0.01" classname="com.runwaysdk.query.AttributeComparisonTest" name="testDoubleEqAttribute_Generated"/>
  <testcase time="0.035" classname="com.runwaysdk.query.AttributeComparisonTest" name="testDoubleGtAttribute"/>
  <testcase time="0.042" classname="com.runwaysdk.query.AttributeComparisonTest" name="testDoubleGtAttribute_Generated"/>
  <testcase time="0.042" classname="com.runwaysdk.query.AttributeComparisonTest" name="testDoubleGtEqAttribute"/>
  <testcase time="0.042" classname="com.runwaysdk.query.AttributeComparisonTest" name="testDoubleGtEqAttribute_Generated"/>
  <testcase time="0.009" classname="com.runwaysdk.query.AttributeComparisonTest" name="testDoubleLtAttribute"/>
  <testcase time="0.01" classname="com.runwaysdk.query.AttributeComparisonTest" name="testDoubleLtAttribute_Generated"/>
  <testcase time="0.055" classname="com.runwaysdk.query.AttributeComparisonTest" name="testDoubleLtEqAttribute"/>
  <testcase time="0.068" classname="com.runwaysdk.query.AttributeComparisonTest" name="testDoubleLtEqAttribute_Generated"/>
  <testcase time="0.009" classname="com.runwaysdk.query.AttributeComparisonTest" name="testDoubleNotEqAttribute"/>
  <testcase time="0.011" classname="com.runwaysdk.query.AttributeComparisonTest" name="testDoubleNotEqAttribute_Generated"/>
  <testcase time="0.008" classname="com.runwaysdk.query.AttributeQueryTest" name="testBooleanEqString"/>
  <testcase time="0.008" classname="com.runwaysdk.query.AttributeQueryTest" name="testBooleanEqBoolean"/>
  <testcase time="0.009" classname="com.runwaysdk.query.AttributeQueryTest" name="testBooleanEqBoolean_Generated"/>
  <testcase time="0.008" classname="com.runwaysdk.query.AttributeQueryTest" name="testBooleanNotEqBoolean"/>
  <testcase time="0.01" classname="com.runwaysdk.query.AttributeQueryTest" name="testBooleanNotEqBoolean_Generated"/>
  <testcase time="0.008" classname="com.runwaysdk.query.AttributeQueryTest" name="testBooleanNotEqString"/>
  <testcase time="0.045" classname="com.runwaysdk.query.AttributeQueryTest" name="testBooleanIsNull"/>
  <testcase time="0.041" classname="com.runwaysdk.query.AttributeQueryTest" name="testBooleanIsNull_Generated"/>
  <testcase time="0.007" classname="com.runwaysdk.query.AttributeQueryTest" name="testCharacterEqString"/>
  <testcase time="0.009" classname="com.runwaysdk.query.AttributeQueryTest" name="testCharacterEqString_Generated"/>
  <testcase time="0.007" classname="com.runwaysdk.query.AttributeQueryTest" name="testCharacterEqIgnoreCaseString"/>
  <testcase time="0.01" classname="com.runwaysdk.query.AttributeQueryTest" name="testCharacterEqIgnoreCaseString_Generated"/>
  <testcase time="0.008" classname="com.runwaysdk.query.AttributeQueryTest" name="testCharacterInStringArray"/>
  <testcase time="0.01" classname="com.runwaysdk.query.AttributeQueryTest" name="testCharacterInStringArray_Generated"/>
  <testcase time="0.008" classname="com.runwaysdk.query.AttributeQueryTest" name="testCharacterInIgnoreCaseStringArray"/>
  <testcase time="0.01" classname="com.runwaysdk.query.AttributeQueryTest" name="testCharacterInIgnoreCaseStringArray_Generated"/>
  <testcase time="0.008" classname="com.runwaysdk.query.AttributeQueryTest" name="testCharacterLikeString"/>
  <testcase time="0.009" classname="com.runwaysdk.query.AttributeQueryTest" name="testCharacterLikeString_Generated"/>
  <testcase time="0.008" classname="com.runwaysdk.query.AttributeQueryTest" name="testCharacterLikeIgnoreCaseString"/>
  <testcase time="0.01" classname="com.runwaysdk.query.AttributeQueryTest" name="testCharacterLikeIgnoreCaseString_Generated"/>
  <testcase time="0.008" classname="com.runwaysdk.query.AttributeQueryTest" name="testCharacterNotEqString"/>
  <testcase time="0.01" classname="com.runwaysdk.query.AttributeQueryTest" name="testCharacterNotEqString_Generated"/>
  <testcase time="0.008" classname="com.runwaysdk.query.AttributeQueryTest" name="testCharacterNotEqIgnoreCaseString"/>
  <testcase time="0.009" classname="com.runwaysdk.query.AttributeQueryTest" name="testCharacterNotEqIgnoreCaseString_Generated"/>
  <testcase time="0.008" classname="com.runwaysdk.query.AttributeQueryTest" name="testCharacterNotInStringArray"/>
  <testcase time="0.009" classname="com.runwaysdk.query.AttributeQueryTest" name="testCharacterNotInStringArray_Generated"/>
  <testcase time="0.008" classname="com.runwaysdk.query.AttributeQueryTest" name="testCharacterNotInIgnoreCaseStringArray"/>
  <testcase time="0.01" classname="com.runwaysdk.query.AttributeQueryTest" name="testCharacterNotInIgnoreCaseStringArray_Generated"/>
  <testcase time="0.008" classname="com.runwaysdk.query.AttributeQueryTest" name="testCharacterNotLikeString"/>
  <testcase time="0.01" classname="com.runwaysdk.query.AttributeQueryTest" name="testCharacterNotLikeString_Generated"/>
  <testcase time="0.008" classname="com.runwaysdk.query.AttributeQueryTest" name="testCharacterNotLikeIgnoreCaseString"/>
  <testcase time="0.009" classname="com.runwaysdk.query.AttributeQueryTest" name="testCharacterNotLikeIgnoreCaseString_Generated"/>
  <testcase time="0.031" classname="com.runwaysdk.query.AttributeQueryTest" name="testCharacterIsNull"/>
  <testcase time="0.04" classname="com.runwaysdk.query.AttributeQueryTest" name="testCharacterIsNull_Generated"/>
  <testcase time="0.008" classname="com.runwaysdk.query.AttributeQueryTest" name="testTextEqString"/>
  <testcase time="0.008" classname="com.runwaysdk.query.AttributeQueryTest" name="testClobEqString"/>
  <testcase time="0.009" classname="com.runwaysdk.query.AttributeQueryTest" name="testTextEqString_Generated"/>
  <testcase time="0.01" classname="com.runwaysdk.query.AttributeQueryTest" name="testClobEqString_Generated"/>
  <testcase time="0.008" classname="com.runwaysdk.query.AttributeQueryTest" name="testTextEqIgnoreCaseString"/>
  <testcase time="0.008" classname="com.runwaysdk.query.AttributeQueryTest" name="testClobEqIgnoreCaseString"/>
  <testcase time="0.009" classname="com.runwaysdk.query.AttributeQueryTest" name="testTextEqIgnoreCaseString_Generated"/>
  <testcase time="0.01" classname="com.runwaysdk.query.AttributeQueryTest" name="testClobEqIgnoreCaseString_Generated"/>
  <testcase time="0.008" classname="com.runwaysdk.query.AttributeQueryTest" name="testTextInStringArray"/>
  <testcase time="0.008" classname="com.runwaysdk.query.AttributeQueryTest" name="testClobInStringArray"/>
  <testcase time="0.009" classname="com.runwaysdk.query.AttributeQueryTest" name="testTextInStringArray_Generated"/>
  <testcase time="0.01" classname="com.runwaysdk.query.AttributeQueryTest" name="testClobInStringArray_Generated"/>
  <testcase time="0.008" classname="com.runwaysdk.query.AttributeQueryTest" name="testTextInIgnoreCaseStringArray"/>
  <testcase time="0.008" classname="com.runwaysdk.query.AttributeQueryTest" name="testClobInIgnoreCaseStringArray"/>
  <testcase time="0.01" classname="com.runwaysdk.query.AttributeQueryTest" name="testTextInIgnoreCaseStringArray_Generated"/>
  <testcase time="0.01" classname="com.runwaysdk.query.AttributeQueryTest" name="testClobInIgnoreCaseStringArray_Generated"/>
  <testcase time="0.008" classname="com.runwaysdk.query.AttributeQueryTest" name="testTextLikeString"/>
  <testcase time="0.082" classname="com.runwaysdk.query.AttributeQueryTest" name="testClobLikeString"/>
  <testcase time="0.01" classname="com.runwaysdk.query.AttributeQueryTest" name="testTextLikeString_Generated"/>
  <testcase time="0.01" classname="com.runwaysdk.query.AttributeQueryTest" name="testClobLikeString_Generated"/>
  <testcase time="0.007" classname="com.runwaysdk.query.AttributeQueryTest" name="testTextLikeIgnoreCaseString"/>
  <testcase time="0.008" classname="com.runwaysdk.query.AttributeQueryTest" name="testClobLikeIgnoreCaseString"/>
  <testcase time="0.01" classname="com.runwaysdk.query.AttributeQueryTest" name="testTextLikeIgnoreCaseString_Generated"/>
  <testcase time="0.009" classname="com.runwaysdk.query.AttributeQueryTest" name="testClobLikeIgnoreCaseString_Generated"/>
  <testcase time="0.008" classname="com.runwaysdk.query.AttributeQueryTest" name="testTextNotEqString"/>
  <testcase time="0.008" classname="com.runwaysdk.query.AttributeQueryTest" name="testClobNotEqString"/>
  <testcase time="0.009" classname="com.runwaysdk.query.AttributeQueryTest" name="testTextNotEqString_Generated"/>
  <testcase time="0.009" classname="com.runwaysdk.query.AttributeQueryTest" name="testClobNotEqString_Generated"/>
  <testcase time="0.008" classname="com.runwaysdk.query.AttributeQueryTest" name="testTextNotEqIgnoreCaseString"/>
  <testcase time="0.008" classname="com.runwaysdk.query.AttributeQueryTest" name="testClobNotEqIgnoreCaseString"/>
  <testcase time="0.01" classname="com.runwaysdk.query.AttributeQueryTest" name="testTextNotEqIgnoreCaseString_Generated"/>
  <testcase time="0.009" classname="com.runwaysdk.query.AttributeQueryTest" name="testClobNotEqIgnoreCaseString_Generated"/>
  <testcase time="0.008" classname="com.runwaysdk.query.AttributeQueryTest" name="testTextNotInStringArray"/>
  <testcase time="0.008" classname="com.runwaysdk.query.AttributeQueryTest" name="testClobNotInStringArray"/>
  <testcase time="0.01" classname="com.runwaysdk.query.AttributeQueryTest" name="testTextNotInStringArray_Generated"/>
  <testcase time="0.009" classname="com.runwaysdk.query.AttributeQueryTest" name="testClobNotInStringArray_Generated"/>
  <testcase time="0.008" classname="com.runwaysdk.query.AttributeQueryTest" name="testTextNotInIgnoreCaseStringArray"/>
  <testcase time="0.008" classname="com.runwaysdk.query.AttributeQueryTest" name="testClobNotInIgnoreCaseStringArray"/>
  <testcase time="0.01" classname="com.runwaysdk.query.AttributeQueryTest" name="testTextNotInIgnoreCaseStringArray_Generated"/>
  <testcase time="0.01" classname="com.runwaysdk.query.AttributeQueryTest" name="testClobNotInIgnoreCaseStringArray_Generated"/>
  <testcase time="0.008" classname="com.runwaysdk.query.AttributeQueryTest" name="testTextNotLikeString"/>
  <testcase time="0.007" classname="com.runwaysdk.query.AttributeQueryTest" name="testClobNotLikeString"/>
  <testcase time="0.01" classname="com.runwaysdk.query.AttributeQueryTest" name="testTextNotLikeString_Generated"/>
  <testcase time="0.009" classname="com.runwaysdk.query.AttributeQueryTest" name="testClobNotLikeString_Generated"/>
  <testcase time="0.008" classname="com.runwaysdk.query.AttributeQueryTest" name="testTextNotLikeIgnoreCaseString"/>
  <testcase time="0.008" classname="com.runwaysdk.query.AttributeQueryTest" name="testClobNotLikeIgnoreCaseString"/>
  <testcase time="0.009" classname="com.runwaysdk.query.AttributeQueryTest" name="testTextNotLikeIgnoreCaseString_Generated"/>
  <testcase time="0.01" classname="com.runwaysdk.query.AttributeQueryTest" name="testClobNotLikeIgnoreCaseString_Generated"/>
  <testcase time="0.045" classname="com.runwaysdk.query.AttributeQueryTest" name="testTextIsNull"/>
  <testcase time="0.042" classname="com.runwaysdk.query.AttributeQueryTest" name="testClobIsNull"/>
  <testcase time="0.042" classname="com.runwaysdk.query.AttributeQueryTest" name="testTextIsNull_Generated"/>
  <testcase time="0.042" classname="com.runwaysdk.query.AttributeQueryTest" name="testClobIsNull_Generated"/>
  <testcase time="0.007" classname="com.runwaysdk.query.AttributeQueryTest" name="testDateTimeEqString"/>
  <testcase time="0.008" classname="com.runwaysdk.query.AttributeQueryTest" name="testDateTimeEq"/>
  <testcase time="0.01" classname="com.runwaysdk.query.AttributeQueryTest" name="testDateTimeEq_Generated"/>
  <testcase time="0.008" classname="com.runwaysdk.query.AttributeQueryTest" name="testDateTimeGtString"/>
  <testcase time="0.008" classname="com.runwaysdk.query.AttributeQueryTest" name="testDateTimeGt"/>
  <testcase time="0.01" classname="com.runwaysdk.query.AttributeQueryTest" name="testDateTimeGt_Generated"/>
  <testcase time="0.012" classname="com.runwaysdk.query.AttributeQueryTest" name="testDateTimeGtEqString"/>
  <testcase time="0.013" classname="com.runwaysdk.query.AttributeQueryTest" name="testDateTimeGtEq"/>
  <testcase time="0.016" classname="com.runwaysdk.query.AttributeQueryTest" name="testDateTimeGtEq_Generated"/>
  <testcase time="0.008" classname="com.runwaysdk.query.AttributeQueryTest" name="testDateTimeLtString"/>
  <testcase time="0.008" classname="com.runwaysdk.query.AttributeQueryTest" name="testDateTimeLt"/>
  <testcase time="0.01" classname="com.runwaysdk.query.AttributeQueryTest" name="testDateTimeLt_Generation"/>
  <testcase time="0.012" classname="com.runwaysdk.query.AttributeQueryTest" name="testDateTimeLtEqString"/>
  <testcase time="0.013" classname="com.runwaysdk.query.AttributeQueryTest" name="testDateTimeLtEq"/>
  <testcase time="0.016" classname="com.runwaysdk.query.AttributeQueryTest" name="testDateTimeLtEq_Generated"/>
  <testcase time="0.007" classname="com.runwaysdk.query.AttributeQueryTest" name="testDateTimeNotEqString"/>
  <testcase time="0.008" classname="com.runwaysdk.query.AttributeQueryTest" name="testDateTimeNotEq"/>
  <testcase time="0.01" classname="com.runwaysdk.query.AttributeQueryTest" name="testDateTimeNotEq_Generated"/>
  <testcase time="0.056" classname="com.runwaysdk.query.AttributeQueryTest" name="testDateTimeIsNull"/>
  <testcase time="0.039" classname="com.runwaysdk.query.AttributeQueryTest" name="testDateTimeIsNull_Generated"/>
  <testcase time="0.009" classname="com.runwaysdk.query.AttributeQueryTest" name="testDateEqString"/>
  <testcase time="0.008" classname="com.runwaysdk.query.AttributeQueryTest" name="testDateEq"/>
  <testcase time="0.01" classname="com.runwaysdk.query.AttributeQueryTest" name="testDateEq_Generated"/>
  <testcase time="0.008" classname="com.runwaysdk.query.AttributeQueryTest" name="testDateGtString"/>
  <testcase time="0.008" classname="com.runwaysdk.query.AttributeQueryTest" name="testDateGt"/>
  <testcase time="0.012" classname="com.runwaysdk.query.AttributeQueryTest" name="testDateGt_Generated"/>
  <testcase time="0.012" classname="com.runwaysdk.query.AttributeQueryTest" name="testDateGtEqString"/>
  <testcase time="0.013" classname="com.runwaysdk.query.AttributeQueryTest" name="testDateGtEq"/>
  <testcase time="0.017" classname="com.runwaysdk.query.AttributeQueryTest" name="testDateGtEq_Generated"/>
  <testcase time="0.008" classname="com.runwaysdk.query.AttributeQueryTest" name="testDateLtString"/>
  <testcase time="0.008" classname="com.runwaysdk.query.AttributeQueryTest" name="testDateLt"/>
  <testcase time="0.011" classname="com.runwaysdk.query.AttributeQueryTest" name="testDateLt_Generated"/>
  <testcase time="0.013" classname="com.runwaysdk.query.AttributeQueryTest" name="testDateLtEqString"/>
  <testcase time="0.013" classname="com.runwaysdk.query.AttributeQueryTest" name="testDateLtEq"/>
  <testcase time="0.017" classname="com.runwaysdk.query.AttributeQueryTest" name="testDateLtEq_Generated"/>
  <testcase time="0.009" classname="com.runwaysdk.query.AttributeQueryTest" name="testDateNotEqString"/>
  <testcase time="0.009" classname="com.runwaysdk.query.AttributeQueryTest" name="testDateNotEq"/>
  <testcase time="0.01" classname="com.runwaysdk.query.AttributeQueryTest" name="testDateNotEq_Generated"/>
  <testcase time="0.085" classname="com.runwaysdk.query.AttributeQueryTest" name="testDateIsNull"/>
  <testcase time="0.042" classname="com.runwaysdk.query.AttributeQueryTest" name="testDateIsNull_Generated"/>
  <testcase time="0.008" classname="com.runwaysdk.query.AttributeQueryTest" name="testTimeEqString"/>
  <testcase time="0.008" classname="com.runwaysdk.query.AttributeQueryTest" name="testTimeEq"/>
  <testcase time="0.01" classname="com.runwaysdk.query.AttributeQueryTest" name="testTimeEq_Generated"/>
  <testcase time="0.008" classname="com.runwaysdk.query.AttributeQueryTest" name="testTimeGtString"/>
  <testcase time="0.008" classname="com.runwaysdk.query.AttributeQueryTest" name="testTimeGt"/>
  <testcase time="0.01" classname="com.runwaysdk.query.AttributeQueryTest" name="testTimeGt_Generated"/>
  <testcase time="0.011" classname="com.runwaysdk.query.AttributeQueryTest" name="testTimeGtEqString"/>
  <testcase time="0.013" classname="com.runwaysdk.query.AttributeQueryTest" name="testTimeGtEq"/>
  <testcase time="0.016" classname="com.runwaysdk.query.AttributeQueryTest" name="testTimeGtEq_Generated"/>
  <testcase time="0.007" classname="com.runwaysdk.query.AttributeQueryTest" name="testTimeLtString"/>
  <testcase time="0.008" classname="com.runwaysdk.query.AttributeQueryTest" name="testTimeLt"/>
  <testcase time="0.009" classname="com.runwaysdk.query.AttributeQueryTest" name="testTimeLt_Generated"/>
  <testcase time="0.013" classname="com.runwaysdk.query.AttributeQueryTest" name="testTimeLtEqString"/>
  <testcase time="0.013" classname="com.runwaysdk.query.AttributeQueryTest" name="testTimeLtEq"/>
  <testcase time="0.017" classname="com.runwaysdk.query.AttributeQueryTest" name="testTimeLtEq_Generated"/>
  <testcase time="0.009" classname="com.runwaysdk.query.AttributeQueryTest" name="testTimeNotEqString"/>
  <testcase time="0.009" classname="com.runwaysdk.query.AttributeQueryTest" name="testTimeNotEq"/>
  <testcase time="0.01" classname="com.runwaysdk.query.AttributeQueryTest" name="testTimeNotEq_Generated"/>
  <testcase time="0.038" classname="com.runwaysdk.query.AttributeQueryTest" name="testTimeIsNull"/>
  <testcase time="0.042" classname="com.runwaysdk.query.AttributeQueryTest" name="testTimeIsNull_Generated"/>
  <testcase time="0.008" classname="com.runwaysdk.query.AttributeQueryTest" name="testIntegerEqString"/>
  <testcase time="0.008" classname="com.runwaysdk.query.AttributeQueryTest" name="testIntegerEq"/>
  <testcase time="0.009" classname="com.runwaysdk.query.AttributeQueryTest" name="testIntegerEq_Generated"/>
  <testcase time="0.009" classname="com.runwaysdk.query.AttributeQueryTest" name="testIntegerGtString"/>
  <testcase time="0.008" classname="com.runwaysdk.query.AttributeQueryTest" name="testIntegerGt"/>
  <testcase time="0.01" classname="com.runwaysdk.query.AttributeQueryTest" name="testIntegerGt_Generated"/>
  <testcase time="0.012" classname="com.runwaysdk.query.AttributeQueryTest" name="testIntegerGtEqString"/>
  <testcase time="0.013" classname="com.runwaysdk.query.AttributeQueryTest" name="testIntegerGtEq"/>
  <testcase time="0.016" classname="com.runwaysdk.query.AttributeQueryTest" name="testIntegerGtEq_Generated"/>
  <testcase time="0.008" classname="com.runwaysdk.query.AttributeQueryTest" name="testIntegerLtString"/>
  <testcase time="0.008" classname="com.runwaysdk.query.AttributeQueryTest" name="testIntegerLt"/>
  <testcase time="0.01" classname="com.runwaysdk.query.AttributeQueryTest" name="testIntegerLt_Generated"/>
  <testcase time="0.012" classname="com.runwaysdk.query.AttributeQueryTest" name="testIntegerLtEqString"/>
  <testcase time="0.012" classname="com.runwaysdk.query.AttributeQueryTest" name="testIntegerLtEq"/>
  <testcase time="0.017" classname="com.runwaysdk.query.AttributeQueryTest" name="testIntegerLtEq_Generated"/>
  <testcase time="0.008" classname="com.runwaysdk.query.AttributeQueryTest" name="testIntegerNotEqString"/>
  <testcase time="0.008" classname="com.runwaysdk.query.AttributeQueryTest" name="testIntegerNotEq"/>
  <testcase time="0.009" classname="com.runwaysdk.query.AttributeQueryTest" name="testIntegerNotEq_Generated"/>
  <testcase time="0.038" classname="com.runwaysdk.query.AttributeQueryTest" name="testIntegerIsNull"/>
  <testcase time="0.042" classname="com.runwaysdk.query.AttributeQueryTest" name="testIntegerIsNull_Generated"/>
  <testcase time="0.008" classname="com.runwaysdk.query.AttributeQueryTest" name="testLongEqString"/>
  <testcase time="0.007" classname="com.runwaysdk.query.AttributeQueryTest" name="testLongEq"/>
  <testcase time="0.01" classname="com.runwaysdk.query.AttributeQueryTest" name="testLongEq_Generated"/>
  <testcase time="0.008" classname="com.runwaysdk.query.AttributeQueryTest" name="testLongGtString"/>
  <testcase time="0.008" classname="com.runwaysdk.query.AttributeQueryTest" name="testLongGt"/>
  <testcase time="0.01" classname="com.runwaysdk.query.AttributeQueryTest" name="testLongGt_Generated"/>
  <testcase time="0.013" classname="com.runwaysdk.query.AttributeQueryTest" name="testLongGtEqString"/>
  <testcase time="0.012" classname="com.runwaysdk.query.AttributeQueryTest" name="testLongGtEq"/>
  <testcase time="0.017" classname="com.runwaysdk.query.AttributeQueryTest" name="testLongGtEq_Generated"/>
  <testcase time="0.008" classname="com.runwaysdk.query.AttributeQueryTest" name="testLongLtString"/>
  <testcase time="0.008" classname="com.runwaysdk.query.AttributeQueryTest" name="testLongLt"/>
  <testcase time="0.011" classname="com.runwaysdk.query.AttributeQueryTest" name="testLongLt_Generated"/>
  <testcase time="0.013" classname="com.runwaysdk.query.AttributeQueryTest" name="testLongLtEqString"/>
  <testcase time="0.012" classname="com.runwaysdk.query.AttributeQueryTest" name="testLongLtEq"/>
  <testcase time="0.016" classname="com.runwaysdk.query.AttributeQueryTest" name="testLongLtEq_Generated"/>
  <testcase time="0.008" classname="com.runwaysdk.query.AttributeQueryTest" name="testLongNotEqString"/>
  <testcase time="0.008" classname="com.runwaysdk.query.AttributeQueryTest" name="testLongNotEq"/>
  <testcase time="0.009" classname="com.runwaysdk.query.AttributeQueryTest" name="testLongNotEq_Generated"/>
  <testcase time="0.036" classname="com.runwaysdk.query.AttributeQueryTest" name="testLongIsNull"/>
  <testcase time="0.042" classname="com.runwaysdk.query.AttributeQueryTest" name="testLongIsNull_Generated"/>
  <testcase time="0.008" classname="com.runwaysdk.query.AttributeQueryTest" name="testFloatEqString"/>
  <testcase time="0.008" classname="com.runwaysdk.query.AttributeQueryTest" name="testFloatEq"/>
  <testcase time="0.01" classname="com.runwaysdk.query.AttributeQueryTest" name="testFloatEq_Generated"/>
  <testcase time="0.008" classname="com.runwaysdk.query.AttributeQueryTest" name="testFloatGtString"/>
  <testcase time="0.008" classname="com.runwaysdk.query.AttributeQueryTest" name="testFloatGt"/>
  <testcase time="0.01" classname="com.runwaysdk.query.AttributeQueryTest" name="testFloatGt_Generated"/>
  <testcase time="0.013" classname="com.runwaysdk.query.AttributeQueryTest" name="testFloatGtEqString"/>
  <testcase time="0.012" classname="com.runwaysdk.query.AttributeQueryTest" name="testFloatGtEq"/>
  <testcase time="0.017" classname="com.runwaysdk.query.AttributeQueryTest" name="testFloatGtEq_Generated"/>
  <testcase time="0.008" classname="com.runwaysdk.query.AttributeQueryTest" name="testFloatLtString"/>
  <testcase time="0.008" classname="com.runwaysdk.query.AttributeQueryTest" name="testFloatLt"/>
  <testcase time="0.01" classname="com.runwaysdk.query.AttributeQueryTest" name="testFloatLt_Generated"/>
  <testcase time="0.013" classname="com.runwaysdk.query.AttributeQueryTest" name="testFloatLtEqString"/>
  <testcase time="0.012" classname="com.runwaysdk.query.AttributeQueryTest" name="testFloatLtEq"/>
  <testcase time="0.016" classname="com.runwaysdk.query.AttributeQueryTest" name="testFloatLtEq_Generated"/>
  <testcase time="0.008" classname="com.runwaysdk.query.AttributeQueryTest" name="testFloatNotEqString"/>
  <testcase time="0.008" classname="com.runwaysdk.query.AttributeQueryTest" name="testFloatNotEq"/>
  <testcase time="0.01" classname="com.runwaysdk.query.AttributeQueryTest" name="testFloatNotEq_Generated"/>
  <testcase time="0.038" classname="com.runwaysdk.query.AttributeQueryTest" name="testFloatIsNull"/>
  <testcase time="0.042" classname="com.runwaysdk.query.AttributeQueryTest" name="testFloatIsNull_Generated"/>
  <testcase time="0.008" classname="com.runwaysdk.query.AttributeQueryTest" name="testDecimalEqString"/>
  <testcase time="0.008" classname="com.runwaysdk.query.AttributeQueryTest" name="testDecimalEq"/>
  <testcase time="0.01" classname="com.runwaysdk.query.AttributeQueryTest" name="testDecimalEq_Generated"/>
  <testcase time="0.009" classname="com.runwaysdk.query.AttributeQueryTest" name="testDecimalGtString"/>
  <testcase time="0.008" classname="com.runwaysdk.query.AttributeQueryTest" name="testDecimalGt"/>
  <testcase time="0.01" classname="com.runwaysdk.query.AttributeQueryTest" name="testDecimalGt_Generated"/>
  <testcase time="0.013" classname="com.runwaysdk.query.AttributeQueryTest" name="testDecimalGtEqString"/>
  <testcase time="0.013" classname="com.runwaysdk.query.AttributeQueryTest" name="testDecimalGtEq"/>
  <testcase time="0.016" classname="com.runwaysdk.query.AttributeQueryTest" name="testDecimalGtEq_Generated"/>
  <testcase time="0.008" classname="com.runwaysdk.query.AttributeQueryTest" name="testDecimalLtString"/>
  <testcase time="0.009" classname="com.runwaysdk.query.AttributeQueryTest" name="testDecimalLt"/>
  <testcase time="0.01" classname="com.runwaysdk.query.AttributeQueryTest" name="testDecimalLt_Generated"/>
  <testcase time="0.013" classname="com.runwaysdk.query.AttributeQueryTest" name="testDecimalLtEqString"/>
  <testcase time="0.013" classname="com.runwaysdk.query.AttributeQueryTest" name="testDecimalLtEq"/>
  <testcase time="0.017" classname="com.runwaysdk.query.AttributeQueryTest" name="testDecimalLtEq_Generated"/>
  <testcase time="0.008" classname="com.runwaysdk.query.AttributeQueryTest" name="testDecimalNotEqString"/>
  <testcase time="0.008" classname="com.runwaysdk.query.AttributeQueryTest" name="testDecimalNotEq"/>
  <testcase time="0.01" classname="com.runwaysdk.query.AttributeQueryTest" name="testDecimalNotEq_Generated"/>
  <testcase time="0.039" classname="com.runwaysdk.query.AttributeQueryTest" name="testDecimalIsNull"/>
  <testcase time="0.042" classname="com.runwaysdk.query.AttributeQueryTest" name="testDecimalIsNull_Generated"/>
  <testcase time="0.008" classname="com.runwaysdk.query.AttributeQueryTest" name="testDoubleEqString"/>
  <testcase time="0.008" classname="com.runwaysdk.query.AttributeQueryTest" name="testDoubleEq"/>
  <testcase time="0.007" classname="com.runwaysdk.query.AttributeQueryTest" name="testDoubleEq_Generated"/>
  <testcase time="0.006" classname="com.runwaysdk.query.AttributeQueryTest" name="testDoubleGtString"/>
  <testcase time="0.008" classname="com.runwaysdk.query.AttributeQueryTest" name="testDoubleGt"/>
  <testcase time="0.01" classname="com.runwaysdk.query.AttributeQueryTest" name="testDoubleGt_Generated"/>
  <testcase time="0.013" classname="com.runwaysdk.query.AttributeQueryTest" name="testDoubleGtEqString"/>
  <testcase time="0.012" classname="com.runwaysdk.query.AttributeQueryTest" name="testDoubleGtEq"/>
  <testcase time="0.016" classname="com.runwaysdk.query.AttributeQueryTest" name="testDoubleGtEq_Generated"/>
  <testcase time="0.009" classname="com.runwaysdk.query.AttributeQueryTest" name="testDoubleLtString"/>
  <testcase time="0.008" classname="com.runwaysdk.query.AttributeQueryTest" name="testDoubleLt"/>
  <testcase time="0.01" classname="com.runwaysdk.query.AttributeQueryTest" name="testDoubleLt_Generated"/>
  <testcase time="0.013" classname="com.runwaysdk.query.AttributeQueryTest" name="testDoubleLtEqString"/>
  <testcase time="0.013" classname="com.runwaysdk.query.AttributeQueryTest" name="testDoubleLtEq"/>
  <testcase time="0.016" classname="com.runwaysdk.query.AttributeQueryTest" name="testDoubleLtEq_Generated"/>
  <testcase time="0.008" classname="com.runwaysdk.query.AttributeQueryTest" name="testDoubleNotEqString"/>
  <testcase time="0.009" classname="com.runwaysdk.query.AttributeQueryTest" name="testDoubleNotEq"/>
  <testcase time="0.01" classname="com.runwaysdk.query.AttributeQueryTest" name="testDoubleNotEq_Generated"/>
  <testcase time="0.041" classname="com.runwaysdk.query.AttributeQueryTest" name="testDoubleIsNull"/>
  <testcase time="0.04" classname="com.runwaysdk.query.AttributeQueryTest" name="testDoubleIsNul_Generated"/>
  <testcase time="0.017" classname="com.runwaysdk.query.EnumerationQueryTest" name="testEnumerationContainsAll"/>
  <testcase time="0.039" classname="com.runwaysdk.query.EnumerationQueryTest" name="testEnumerationContainsAll_Generated"/>
  <testcase time="0.009" classname="com.runwaysdk.query.EnumerationQueryTest" name="testEnumerationContainsAny"/>
  <testcase time="0.016" classname="com.runwaysdk.query.EnumerationQueryTest" name="testEnumerationContainsAny_Generated"/>
  <testcase time="0.018" classname="com.runwaysdk.query.EnumerationQueryTest" name="testEnumerationContainsExactly"/>
  <testcase time="0.026" classname="com.runwaysdk.query.EnumerationQueryTest" name="testEnumerationContainsExactly_Generated"/>
  <testcase time="0.01" classname="com.runwaysdk.query.EnumerationQueryTest" name="testEnumerationNotContainsAll"/>
  <testcase time="0.022" classname="com.runwaysdk.query.EnumerationQueryTest" name="testEnumerationNotContainsAll_Generated"/>
  <testcase time="0.012" classname="com.runwaysdk.query.EnumerationQueryTest" name="testEnumerationNotContainsAny"/>
  <testcase time="0.019" classname="com.runwaysdk.query.EnumerationQueryTest" name="testEnumerationNotContainsAny_Generated"/>
  <testcase time="0.011" classname="com.runwaysdk.query.EnumerationQueryTest" name="testEnumerationBooleanEqString"/>
  <testcase time="0.011" classname="com.runwaysdk.query.EnumerationQueryTest" name="testEnumerationBooleanEqBoolean"/>
  <testcase time="0.014" classname="com.runwaysdk.query.EnumerationQueryTest" name="testEnumerationBooleanEqBoolean_Generated"/>
  <testcase time="0.012" classname="com.runwaysdk.query.EnumerationQueryTest" name="testEnumerationBooleanNotEqString"/>
  <testcase time="0.012" classname="com.runwaysdk.query.EnumerationQueryTest" name="testEnumerationBooleanNotEqBoolean"/>
  <testcase time="0.015" classname="com.runwaysdk.query.EnumerationQueryTest" name="testEnumerationBooleanNotEqBoolean_Generated"/>
  <testcase time="0.012" classname="com.runwaysdk.query.EnumerationQueryTest" name="testEnumerationCharacterEqString"/>
  <testcase time="0.016" classname="com.runwaysdk.query.EnumerationQueryTest" name="testEnumerationCharacterEqString_Generated"/>
  <testcase time="0.012" classname="com.runwaysdk.query.EnumerationQueryTest" name="testEnumerationCharacterEqIgnoreCaseString"/>
  <testcase time="0.015" classname="com.runwaysdk.query.EnumerationQueryTest" name="testEnumerationCharacterEqIgnoreCaseString_Generated"/>
  <testcase time="0.011" classname="com.runwaysdk.query.EnumerationQueryTest" name="testEnumerationCharacterInIgnoreCaseStringArray"/>
  <testcase time="0.014" classname="com.runwaysdk.query.EnumerationQueryTest" name="testEnumerationCharacterInIgnoreCaseStringArray_Generated"/>
  <testcase time="0.011" classname="com.runwaysdk.query.EnumerationQueryTest" name="testEnumerationCharacterInStringArray"/>
  <testcase time="0.015" classname="com.runwaysdk.query.EnumerationQueryTest" name="testEnumerationCharacterInStringArray_Generated"/>
  <testcase time="0.012" classname="com.runwaysdk.query.EnumerationQueryTest" name="testEnumerationCharacterLikeIgnoreCaseString"/>
  <testcase time="0.015" classname="com.runwaysdk.query.EnumerationQueryTest" name="testEnumerationCharacterLikeIgnoreCaseString_Generated"/>
  <testcase time="0.011" classname="com.runwaysdk.query.EnumerationQueryTest" name="testEnumerationCharacterLikeString"/>
  <testcase time="0.015" classname="com.runwaysdk.query.EnumerationQueryTest" name="testEnumerationCharacterLikeString_Generated"/>
  <testcase time="0.013" classname="com.runwaysdk.query.EnumerationQueryTest" name="testEnumerationCharacterNotEqIgnoreCaseString"/>
  <testcase time="0.015" classname="com.runwaysdk.query.EnumerationQueryTest" name="testEnumerationCharacterNotEqIgnoreCaseString_Generated"/>
  <testcase time="0.013" classname="com.runwaysdk.query.EnumerationQueryTest" name="testEnumerationCharacterNotEqString"/>
  <testcase time="0.016" classname="com.runwaysdk.query.EnumerationQueryTest" name="testEnumerationCharacterNotEqString_Generated"/>
  <testcase time="0.013" classname="com.runwaysdk.query.EnumerationQueryTest" name="testEnumerationCharacterNotInIgnoreCaseStringArray"/>
  <testcase time="0.017" classname="com.runwaysdk.query.EnumerationQueryTest" name="testEnumerationCharacterNotInIgnoreCaseStringArray_Generated"/>
  <testcase time="0.013" classname="com.runwaysdk.query.EnumerationQueryTest" name="testEnumerationCharacterNotInStringArray"/>
  <testcase time="0.015" classname="com.runwaysdk.query.EnumerationQueryTest" name="testEnumerationCharacterNotInStringArray_Generated"/>
  <testcase time="0.013" classname="com.runwaysdk.query.EnumerationQueryTest" name="testEnumerationCharacterNotLikeIgnoreCaseString"/>
  <testcase time="0.016" classname="com.runwaysdk.query.EnumerationQueryTest" name="testEnumerationCharacterNotLikeIgnoreCaseString_Generated"/>
  <testcase time="0.012" classname="com.runwaysdk.query.EnumerationQueryTest" name="testEnumerationCharacterNotLikeString"/>
  <testcase time="0.016" classname="com.runwaysdk.query.EnumerationQueryTest" name="testEnumerationCharacterNotLikeString_Generated"/>
  <testcase time="0.013" classname="com.runwaysdk.query.EnumerationQueryTest" name="testEnumerationDateEqString"/>
  <testcase time="0.013" classname="com.runwaysdk.query.EnumerationQueryTest" name="testEnumerationDateEq"/>
  <testcase time="0.015" classname="com.runwaysdk.query.EnumerationQueryTest" name="testEnumerationDateEq_Generated"/>
  <testcase time="0.018" classname="com.runwaysdk.query.EnumerationQueryTest" name="testEnumerationDateGtEqString"/>
  <testcase time="0.02" classname="com.runwaysdk.query.EnumerationQueryTest" name="testEnumerationDateGtEq"/>
  <testcase time="0.025" classname="com.runwaysdk.query.EnumerationQueryTest" name="testEnumerationDateGtEq_Generated"/>
  <testcase time="0.012" classname="com.runwaysdk.query.EnumerationQueryTest" name="testEnumerationDateGtString"/>
  <testcase time="0.012" classname="com.runwaysdk.query.EnumerationQueryTest" name="testEnumerationDateGt"/>
  <testcase time="0.015" classname="com.runwaysdk.query.EnumerationQueryTest" name="testEnumerationDateGt_Generated"/>
  <testcase time="0.025" classname="com.runwaysdk.query.EnumerationQueryTest" name="testEnumerationDateLtEqString"/>
  <testcase time="0.018" classname="com.runwaysdk.query.EnumerationQueryTest" name="testEnumerationDateLtEq"/>
  <testcase time="0.025" classname="com.runwaysdk.query.EnumerationQueryTest" name="testEnumerationDateLtEq_Generated"/>
  <testcase time="0.011" classname="com.runwaysdk.query.EnumerationQueryTest" name="testEnumerationDateLtString"/>
  <testcase time="0.012" classname="com.runwaysdk.query.EnumerationQueryTest" name="testEnumerationDateLt"/>
  <testcase time="0.015" classname="com.runwaysdk.query.EnumerationQueryTest" name="testEnumerationDateLt_Generated"/>
  <testcase time="0.011" classname="com.runwaysdk.query.EnumerationQueryTest" name="testEnumerationDateNotEqString"/>
  <testcase time="0.012" classname="com.runwaysdk.query.EnumerationQueryTest" name="testEnumerationDateNotEq"/>
  <testcase time="0.016" classname="com.runwaysdk.query.EnumerationQueryTest" name="testEnumerationDateNotEq_Generated"/>
  <testcase time="0.011" classname="com.runwaysdk.query.EnumerationQueryTest" name="testEnumerationDateTimeEqString"/>
  <testcase time="0.012" classname="com.runwaysdk.query.EnumerationQueryTest" name="testEnumerationDateTimeEq"/>
  <testcase time="0.015" classname="com.runwaysdk.query.EnumerationQueryTest" name="testEnumerationDateTimeEq_Generated"/>
  <testcase time="0.017" classname="com.runwaysdk.query.EnumerationQueryTest" name="testEnumerationDateTimeGtEqString"/>
  <testcase time="0.019" classname="com.runwaysdk.query.EnumerationQueryTest" name="testEnumerationDateTimeGtEq"/>
  <testcase time="0.024" classname="com.runwaysdk.query.EnumerationQueryTest" name="testEnumerationDateTimeGtEq_Generated"/>
  <testcase time="0.01" classname="com.runwaysdk.query.EnumerationQueryTest" name="testEnumerationDateTimeGtString"/>
  <testcase time="0.011" classname="com.runwaysdk.query.EnumerationQueryTest" name="testEnumerationDateTimeGt"/>
  <testcase time="0.015" classname="com.runwaysdk.query.EnumerationQueryTest" name="testEnumerationDateTimeGt_Generated"/>
  <testcase time="0.017" classname="com.runwaysdk.query.EnumerationQueryTest" name="testEnumerationDateTimeLtEqString"/>
  <testcase time="0.019" classname="com.runwaysdk.query.EnumerationQueryTest" name="testEnumerationDateTimeLtEq"/>
  <testcase time="0.024" classname="com.runwaysdk.query.EnumerationQueryTest" name="testEnumerationDateTimeLtEq_Generated"/>
  <testcase time="0.011" classname="com.runwaysdk.query.EnumerationQueryTest" name="testEnumerationDateTimeLtString"/>
  <testcase time="0.011" classname="com.runwaysdk.query.EnumerationQueryTest" name="testEnumerationDateTimeLt"/>
  <testcase time="0.015" classname="com.runwaysdk.query.EnumerationQueryTest" name="testEnumerationDateTimeLt_Generated"/>
  <testcase time="0.012" classname="com.runwaysdk.query.EnumerationQueryTest" name="testEnumerationDateTimeNotEqString"/>
  <testcase time="0.012" classname="com.runwaysdk.query.EnumerationQueryTest" name="testEnumerationDateTimeNotEq"/>
  <testcase time="0.015" classname="com.runwaysdk.query.EnumerationQueryTest" name="testEnumerationDateTimeNotEq_Generated"/>
  <testcase time="0.011" classname="com.runwaysdk.query.EnumerationQueryTest" name="testEnumerationDecimalEqString"/>
  <testcase time="0.011" classname="com.runwaysdk.query.EnumerationQueryTest" name="testEnumerationDecimalEq"/>
  <testcase time="0.014" classname="com.runwaysdk.query.EnumerationQueryTest" name="testEnumerationDecimalEq_Generated"/>
  <testcase time="0.011" classname="com.runwaysdk.query.EnumerationQueryTest" name="testEnumerationDecimalGtString"/>
  <testcase time="0.011" classname="com.runwaysdk.query.EnumerationQueryTest" name="testEnumerationDecimalGt"/>
  <testcase time="0.014" classname="com.runwaysdk.query.EnumerationQueryTest" name="testEnumerationDecimalGt_Generated"/>
  <testcase time="0.017" classname="com.runwaysdk.query.EnumerationQueryTest" name="testEnumerationDecimalGtEqString"/>
  <testcase time="0.018" classname="com.runwaysdk.query.EnumerationQueryTest" name="testEnumerationDecimalGtEq"/>
  <testcase time="0.023" classname="com.runwaysdk.query.EnumerationQueryTest" name="testEnumerationDecimalGtEq_Generated"/>
  <testcase time="0.011" classname="com.runwaysdk.query.EnumerationQueryTest" name="testEnumerationDecimalLtString"/>
  <testcase time="0.012" classname="com.runwaysdk.query.EnumerationQueryTest" name="testEnumerationDecimalLt"/>
  <testcase time="0.015" classname="com.runwaysdk.query.EnumerationQueryTest" name="testEnumerationDecimalLt_Generated"/>
  <testcase time="0.018" classname="com.runwaysdk.query.EnumerationQueryTest" name="testEnumerationDecimalLtEqString"/>
  <testcase time="0.018" classname="com.runwaysdk.query.EnumerationQueryTest" name="testEnumerationDecimalLtEq"/>
  <testcase time="0.024" classname="com.runwaysdk.query.EnumerationQueryTest" name="testEnumerationDecimalLtEq_Generated"/>
  <testcase time="0.011" classname="com.runwaysdk.query.EnumerationQueryTest" name="testEnumerationDecimalNotEqString"/>
  <testcase time="0.012" classname="com.runwaysdk.query.EnumerationQueryTest" name="testEnumerationDecimalNotEq"/>
  <testcase time="0.015" classname="com.runwaysdk.query.EnumerationQueryTest" name="testEnumerationDecimalNotEq_Generated"/>
  <testcase time="0.011" classname="com.runwaysdk.query.EnumerationQueryTest" name="testEnumerationDoubleEqString"/>
  <testcase time="0.011" classname="com.runwaysdk.query.EnumerationQueryTest" name="testEnumerationDoubleEq"/>
  <testcase time="0.015" classname="com.runwaysdk.query.EnumerationQueryTest" name="testEnumerationDoubleEq_Generated"/>
  <testcase time="0.011" classname="com.runwaysdk.query.EnumerationQueryTest" name="testEnumerationDoubleGtString"/>
  <testcase time="0.011" classname="com.runwaysdk.query.EnumerationQueryTest" name="testEnumerationDoubleGt"/>
  <testcase time="0.015" classname="com.runwaysdk.query.EnumerationQueryTest" name="testEnumerationDoubleGt_Generated"/>
  <testcase time="0.017" classname="com.runwaysdk.query.EnumerationQueryTest" name="testEnumerationDoubleGtEqString"/>
  <testcase time="0.017" classname="com.runwaysdk.query.EnumerationQueryTest" name="testEnumerationDoubleGtEq"/>
  <testcase time="0.024" classname="com.runwaysdk.query.EnumerationQueryTest" name="testEnumerationDoubleGtEq_Generated"/>
  <testcase time="0.011" classname="com.runwaysdk.query.EnumerationQueryTest" name="testEnumerationDoubleLtString"/>
  <testcase time="0.011" classname="com.runwaysdk.query.EnumerationQueryTest" name="testEnumerationDoubleLt"/>
  <testcase time="0.015" classname="com.runwaysdk.query.EnumerationQueryTest" name="testEnumerationDoubleLt_Generated"/>
  <testcase time="0.017" classname="com.runwaysdk.query.EnumerationQueryTest" name="testEnumerationDoubleLtEqString"/>
  <testcase time="0.018" classname="com.runwaysdk.query.EnumerationQueryTest" name="testEnumerationDoubleLtEq"/>
  <testcase time="0.024" classname="com.runwaysdk.query.EnumerationQueryTest" name="testEnumerationDoubleLtEq_Generated"/>
  <testcase time="0.012" classname="com.runwaysdk.query.EnumerationQueryTest" name="testEnumerationDoubleNotEqString"/>
  <testcase time="0.011" classname="com.runwaysdk.query.EnumerationQueryTest" name="testEnumerationDoubleNotEq"/>
  <testcase time="0.015" classname="com.runwaysdk.query.EnumerationQueryTest" name="testEnumerationDoubleNotEq_Generated"/>
  <testcase time="0.012" classname="com.runwaysdk.query.EnumerationQueryTest" name="testEnumerationFloatEqString"/>
  <testcase time="0.011" classname="com.runwaysdk.query.EnumerationQueryTest" name="testEnumerationFloatEq"/>
  <testcase time="0.015" classname="com.runwaysdk.query.EnumerationQueryTest" name="testEnumerationFloatEq_Generated"/>
  <testcase time="0.011" classname="com.runwaysdk.query.EnumerationQueryTest" name="testEnumerationFloatGtString"/>
  <testcase time="0.011" classname="com.runwaysdk.query.EnumerationQueryTest" name="testEnumerationFloatGt"/>
  <testcase time="0.014" classname="com.runwaysdk.query.EnumerationQueryTest" name="testEnumerationFloatGt_Generated"/>
  <testcase time="0.018" classname="com.runwaysdk.query.EnumerationQueryTest" name="testEnumerationFloatGtEqString"/>
  <testcase time="0.017" classname="com.runwaysdk.query.EnumerationQueryTest" name="testEnumerationFloatGtEq"/>
  <testcase time="0.024" classname="com.runwaysdk.query.EnumerationQueryTest" name="testEnumerationFloatGtEq_Generated"/>
  <testcase time="0.011" classname="com.runwaysdk.query.EnumerationQueryTest" name="testEnumerationFloatLtString"/>
  <testcase time="0.011" classname="com.runwaysdk.query.EnumerationQueryTest" name="testEnumerationFloatLt"/>
  <testcase time="0.014" classname="com.runwaysdk.query.EnumerationQueryTest" name="testEnumerationFloatLt_Generated"/>
  <testcase time="0.017" classname="com.runwaysdk.query.EnumerationQueryTest" name="testEnumerationFloatLtEqString"/>
  <testcase time="0.011" classname="com.runwaysdk.query.EnumerationQueryTest" name="testEnumerationFloatLtEq"/>
  <testcase time="0.015" classname="com.runwaysdk.query.EnumerationQueryTest" name="testEnumerationFloatLtEq_Generated"/>
  <testcase time="0.011" classname="com.runwaysdk.query.EnumerationQueryTest" name="testEnumerationFloatNotEqString"/>
  <testcase time="0.012" classname="com.runwaysdk.query.EnumerationQueryTest" name="testEnumerationFloatNotEq"/>
  <testcase time="0.015" classname="com.runwaysdk.query.EnumerationQueryTest" name="testEnumerationFloatNotEq_Generated"/>
  <testcase time="0.011" classname="com.runwaysdk.query.EnumerationQueryTest" name="testEnumerationIntegerEqString"/>
  <testcase time="0.011" classname="com.runwaysdk.query.EnumerationQueryTest" name="testEnumerationIntegerEq"/>
  <testcase time="0.014" classname="com.runwaysdk.query.EnumerationQueryTest" name="testEnumerationIntegerEq_Generated"/>
  <testcase time="0.011" classname="com.runwaysdk.query.EnumerationQueryTest" name="testEnumerationIntegerGtString"/>
  <testcase time="0.011" classname="com.runwaysdk.query.EnumerationQueryTest" name="testEnumerationIntegerGt"/>
  <testcase time="0.015" classname="com.runwaysdk.query.EnumerationQueryTest" name="testEnumerationIntegerGt_Generated"/>
  <testcase time="0.016" classname="com.runwaysdk.query.EnumerationQueryTest" name="testEnumerationIntegerGtEqString"/>
  <testcase time="0.017" classname="com.runwaysdk.query.EnumerationQueryTest" name="testEnumerationIntegerGtEq"/>
  <testcase time="0.023" classname="com.runwaysdk.query.EnumerationQueryTest" name="testEnumerationIntegerGtEq_Generated"/>
  <testcase time="0.011" classname="com.runwaysdk.query.EnumerationQueryTest" name="testEnumerationIntegerLtString"/>
  <testcase time="0.011" classname="com.runwaysdk.query.EnumerationQueryTest" name="testEnumerationIntegerLt"/>
  <testcase time="0.015" classname="com.runwaysdk.query.EnumerationQueryTest" name="testEnumerationIntegerLt_Generated"/>
  <testcase time="0.017" classname="com.runwaysdk.query.EnumerationQueryTest" name="testEnumerationIntegerLtEqString"/>
  <testcase time="0.017" classname="com.runwaysdk.query.EnumerationQueryTest" name="testEnumerationIntegerLtEq"/>
  <testcase time="0.023" classname="com.runwaysdk.query.EnumerationQueryTest" name="testEnumerationIntegerLtEq_Generated"/>
  <testcase time="0.012" classname="com.runwaysdk.query.EnumerationQueryTest" name="testEnumerationIntegerNotEqString"/>
  <testcase time="0.011" classname="com.runwaysdk.query.EnumerationQueryTest" name="testEnumerationIntegerNotEq"/>
  <testcase time="0.015" classname="com.runwaysdk.query.EnumerationQueryTest" name="testEnumerationIntegerNotEq_Generated"/>
  <testcase time="0.011" classname="com.runwaysdk.query.EnumerationQueryTest" name="testEnumerationLongEqString"/>
  <testcase time="0.011" classname="com.runwaysdk.query.EnumerationQueryTest" name="testEnumerationLongEq"/>
  <testcase time="0.015" classname="com.runwaysdk.query.EnumerationQueryTest" name="testEnumerationLongEq_Generated"/>
  <testcase time="0.011" classname="com.runwaysdk.query.EnumerationQueryTest" name="testEnumerationLongGtString"/>
  <testcase time="0.011" classname="com.runwaysdk.query.EnumerationQueryTest" name="testEnumerationLongGt"/>
  <testcase time="0.014" classname="com.runwaysdk.query.EnumerationQueryTest" name="testEnumerationLongGt_Generated"/>
  <testcase time="0.017" classname="com.runwaysdk.query.EnumerationQueryTest" name="testEnumerationLongGtEqString"/>
  <testcase time="0.017" classname="com.runwaysdk.query.EnumerationQueryTest" name="testEnumerationLongGtEq"/>
  <testcase time="0.023" classname="com.runwaysdk.query.EnumerationQueryTest" name="testEnumerationLongGtEq_Generated"/>
  <testcase time="0.011" classname="com.runwaysdk.query.EnumerationQueryTest" name="testEnumerationLongLtString"/>
  <testcase time="0.011" classname="com.runwaysdk.query.EnumerationQueryTest" name="testEnumerationLongLt"/>
  <testcase time="0.014" classname="com.runwaysdk.query.EnumerationQueryTest" name="testEnumerationLongLt_Generated"/>
  <testcase time="0.017" classname="com.runwaysdk.query.EnumerationQueryTest" name="testEnumerationLongLtEqString"/>
  <testcase time="0.018" classname="com.runwaysdk.query.EnumerationQueryTest" name="testEnumerationLongLtEq"/>
  <testcase time="0.023" classname="com.runwaysdk.query.EnumerationQueryTest" name="testEnumerationLongLtEq_Generated"/>
  <testcase time="0.012" classname="com.runwaysdk.query.EnumerationQueryTest" name="testEnumerationLongNotEqString"/>
  <testcase time="0.011" classname="com.runwaysdk.query.EnumerationQueryTest" name="testEnumerationLongNotEq"/>
  <testcase time="0.014" classname="com.runwaysdk.query.EnumerationQueryTest" name="testEnumerationLongNotEq_Generated"/>
  <testcase time="0.011" classname="com.runwaysdk.query.EnumerationQueryTest" name="testEnumerationTextEqString"/>
  <testcase time="0.011" classname="com.runwaysdk.query.EnumerationQueryTest" name="testEnumerationClobEqString"/>
  <testcase time="0.012" classname="com.runwaysdk.query.EnumerationQueryTest" name="testEnumerationTextEq_Generated"/>
  <testcase time="0.014" classname="com.runwaysdk.query.EnumerationQueryTest" name="testEnumerationClobEq_Generated"/>
  <testcase time="0.011" classname="com.runwaysdk.query.EnumerationQueryTest" name="testEnumerationTextEqIgnoreCaseString"/>
  <testcase time="0.012" classname="com.runwaysdk.query.EnumerationQueryTest" name="testEnumerationClobEqIgnoreCaseString"/>
  <testcase time="0.014" classname="com.runwaysdk.query.EnumerationQueryTest" name="testEnumerationTextEqIgnoreCase_Generated"/>
  <testcase time="0.014" classname="com.runwaysdk.query.EnumerationQueryTest" name="testEnumerationClobEqIgnoreCase_Generated"/>
  <testcase time="0.011" classname="com.runwaysdk.query.EnumerationQueryTest" name="testEnumerationTextInStringArray"/>
  <testcase time="0.011" classname="com.runwaysdk.query.EnumerationQueryTest" name="testEnumerationClobInStringArray"/>
  <testcase time="0.014" classname="com.runwaysdk.query.EnumerationQueryTest" name="testEnumerationTextInStringArray_Generated"/>
  <testcase time="0.015" classname="com.runwaysdk.query.EnumerationQueryTest" name="testEnumerationClobInStringArray_Generated"/>
  <testcase time="0.011" classname="com.runwaysdk.query.EnumerationQueryTest" name="testEnumerationTextInIgnoreCaseStringArray"/>
  <testcase time="0.012" classname="com.runwaysdk.query.EnumerationQueryTest" name="testEnumerationClobInIgnoreCaseStringArray"/>
  <testcase time="0.015" classname="com.runwaysdk.query.EnumerationQueryTest" name="testEnumerationTextInIgnoreCaseStringArray_Generated"/>
  <testcase time="0.015" classname="com.runwaysdk.query.EnumerationQueryTest" name="testEnumerationClobInIgnoreCaseStringArray_Generated"/>
  <testcase time="0.011" classname="com.runwaysdk.query.EnumerationQueryTest" name="testEnumerationTextLikeString"/>
  <testcase time="0.011" classname="com.runwaysdk.query.EnumerationQueryTest" name="testEnumerationClobLikeString"/>
  <testcase time="0.015" classname="com.runwaysdk.query.EnumerationQueryTest" name="testEnumerationTextLikeString_Generated"/>
  <testcase time="0.014" classname="com.runwaysdk.query.EnumerationQueryTest" name="testEnumerationClobLikeString_Generated"/>
  <testcase time="0.011" classname="com.runwaysdk.query.EnumerationQueryTest" name="testEnumerationClobLikeIgnoreCaseString"/>
  <testcase time="0.011" classname="com.runwaysdk.query.EnumerationQueryTest" name="testEnumerationTextLikeIgnoreCaseString"/>
  <testcase time="0.015" classname="com.runwaysdk.query.EnumerationQueryTest" name="testEnumerationTextLikeIgnoreCaseString_Generated"/>
  <testcase time="0.014" classname="com.runwaysdk.query.EnumerationQueryTest" name="testEnumerationClobLikeIgnoreCaseString_Generated"/>
  <testcase time="0.012" classname="com.runwaysdk.query.EnumerationQueryTest" name="testEnumerationTextNotEqString"/>
  <testcase time="0.011" classname="com.runwaysdk.query.EnumerationQueryTest" name="testEnumerationClobNotEqString"/>
  <testcase time="0.015" classname="com.runwaysdk.query.EnumerationQueryTest" name="testEnumerationTextNotEqString_Generated"/>
  <testcase time="0.015" classname="com.runwaysdk.query.EnumerationQueryTest" name="testEnumerationClobNotEqString_Generated"/>
  <testcase time="0.012" classname="com.runwaysdk.query.EnumerationQueryTest" name="testEnumerationTextNotEqIgnoreCaseString"/>
  <testcase time="0.012" classname="com.runwaysdk.query.EnumerationQueryTest" name="testEnumerationClobNotEqIgnoreCaseString"/>
  <testcase time="0.015" classname="com.runwaysdk.query.EnumerationQueryTest" name="testEnumerationTextNotEqIgnoreCaseString_Generated"/>
  <testcase time="0.015" classname="com.runwaysdk.query.EnumerationQueryTest" name="testEnumerationClobNotEqIgnoreCaseString_Generated"/>
  <testcase time="0.012" classname="com.runwaysdk.query.EnumerationQueryTest" name="testEnumerationTextNotInStringArray"/>
  <testcase time="0.012" classname="com.runwaysdk.query.EnumerationQueryTest" name="testEnumerationClobNotInStringArray"/>
  <testcase time="0.016" classname="com.runwaysdk.query.EnumerationQueryTest" name="testEnumerationTextNotInStringArray_Generated"/>
  <testcase time="0.015" classname="com.runwaysdk.query.EnumerationQueryTest" name="testEnumerationClobNotInStringArray_Generated"/>
  <testcase time="0.012" classname="com.runwaysdk.query.EnumerationQueryTest" name="testEnumerationTextNotInIgnoreCaseStringArray"/>
  <testcase time="0.012" classname="com.runwaysdk.query.EnumerationQueryTest" name="testEnumerationClobNotInIgnoreCaseStringArray"/>
  <testcase time="0.015" classname="com.runwaysdk.query.EnumerationQueryTest" name="testEnumerationTextNotInIgnoreCaseStringArray_Generated"/>
  <testcase time="0.015" classname="com.runwaysdk.query.EnumerationQueryTest" name="testEnumerationClobNotInIgnoreCaseStringArray_Generated"/>
  <testcase time="0.011" classname="com.runwaysdk.query.EnumerationQueryTest" name="testEnumerationTextNotLikeString"/>
  <testcase time="0.012" classname="com.runwaysdk.query.EnumerationQueryTest" name="testEnumerationClobNotLikeString"/>
  <testcase time="0.015" classname="com.runwaysdk.query.EnumerationQueryTest" name="testEnumerationTextNotLikeString_Generated"/>
  <testcase time="0.014" classname="com.runwaysdk.query.EnumerationQueryTest" name="testEnumerationClobNotLikeString_Generated"/>
  <testcase time="0.011" classname="com.runwaysdk.query.EnumerationQueryTest" name="testEnumerationTextNotLikeIgnoreCaseString"/>
  <testcase time="0.012" classname="com.runwaysdk.query.EnumerationQueryTest" name="testEnumerationClobNotLikeIgnoreCaseString"/>
  <testcase time="0.014" classname="com.runwaysdk.query.EnumerationQueryTest" name="testEnumerationTextNotLikeIgnoreCaseString_Generated"/>
  <testcase time="0.014" classname="com.runwaysdk.query.EnumerationQueryTest" name="testEnumerationClobNotLikeIgnoreCaseString_Generated"/>
  <testcase time="0.011" classname="com.runwaysdk.query.EnumerationQueryTest" name="testEnumerationTimeEqString"/>
  <testcase time="0.012" classname="com.runwaysdk.query.EnumerationQueryTest" name="testEnumerationTimeEq"/>
  <testcase time="0.014" classname="com.runwaysdk.query.EnumerationQueryTest" name="testEnumerationTimeEq_Generated"/>
  <testcase time="0.011" classname="com.runwaysdk.query.EnumerationQueryTest" name="testEnumerationTimeGtString"/>
  <testcase time="0.011" classname="com.runwaysdk.query.EnumerationQueryTest" name="testEnumerationTimeGt"/>
  <testcase time="0.015" classname="com.runwaysdk.query.EnumerationQueryTest" name="testEnumerationTimeGt_Generated"/>
  <testcase time="0.017" classname="com.runwaysdk.query.EnumerationQueryTest" name="testEnumerationTimeGtEqString"/>
  <testcase time="0.018" classname="com.runwaysdk.query.EnumerationQueryTest" name="testEnumerationTimeGtEq"/>
  <testcase time="0.026" classname="com.runwaysdk.query.EnumerationQueryTest" name="testEnumerationTimeGtEq_Generated"/>
  <testcase time="0.011" classname="com.runwaysdk.query.EnumerationQueryTest" name="testEnumerationTimeLtString"/>
  <testcase time="0.012" classname="com.runwaysdk.query.EnumerationQueryTest" name="testEnumerationTimeLt"/>
  <testcase time="0.015" classname="com.runwaysdk.query.EnumerationQueryTest" name="testEnumerationTimeLt_Generated"/>
  <testcase time="0.017" classname="com.runwaysdk.query.EnumerationQueryTest" name="testEnumerationTimeLtEqString"/>
  <testcase time="0.018" classname="com.runwaysdk.query.EnumerationQueryTest" name="testEnumerationTimeLtEq"/>
  <testcase time="0.024" classname="com.runwaysdk.query.EnumerationQueryTest" name="testEnumerationTimeLtEq_Generated"/>
  <testcase time="0.011" classname="com.runwaysdk.query.EnumerationQueryTest" name="testEnumerationTimeNotEqString"/>
  <testcase time="0.012" classname="com.runwaysdk.query.EnumerationQueryTest" name="testEnumerationTimeNotEq"/>
  <testcase time="0.015" classname="com.runwaysdk.query.EnumerationQueryTest" name="testEnumerationTimeNotEq_Generated"/>
  <testcase time="0.017" classname="com.runwaysdk.query.EnumerationQueryTest" name="testEnumerationReferenceEqString"/>
  <testcase time="0.026" classname="com.runwaysdk.query.EnumerationQueryTest" name="testEnumerationReferenceEqString_Generated"/>
  <testcase time="0.029" classname="com.runwaysdk.query.EnumerationQueryTest" name="testEnumerationRefEq_Generated"/>
  <testcase time="0.005" classname="com.runwaysdk.query.ReferenceQueryTest" name="testNullReference"/>
  <testcase time="0.004" classname="com.runwaysdk.query.ReferenceQueryTest" name="testNotNullReference"/>
  <testcase time="0.025" classname="com.runwaysdk.query.ReferenceQueryTest" name="testReferenceEnumerationContainsAll"/>
  <testcase time="0.032" classname="com.runwaysdk.query.ReferenceQueryTest" name="testReferenceEnumerationContainsAll_Generated"/>
  <testcase time="0.014" classname="com.runwaysdk.query.ReferenceQueryTest" name="testReferenceEnumerationContainsAny"/>
  <testcase time="0.024" classname="com.runwaysdk.query.ReferenceQueryTest" name="testReferenceEnumerationContainsAny_Generated"/>
  <testcase time="0.022" classname="com.runwaysdk.query.ReferenceQueryTest" name="testReferenceEnumerationContainsExactly"/>
  <testcase time="0.03" classname="com.runwaysdk.query.ReferenceQueryTest" name="testReferenceEnumerationContainsExactly_Generated"/>
  <testcase time="0.017" classname="com.runwaysdk.query.ReferenceQueryTest" name="testReferenceEnumerationNotContainsAll"/>
  <testcase time="0.027" classname="com.runwaysdk.query.ReferenceQueryTest" name="testReferenceEnumerationNotContainsAll_Generated"/>
  <testcase time="0.019" classname="com.runwaysdk.query.ReferenceQueryTest" name="testReferenceEnumerationNotContainsAny"/>
  <testcase time="0.027" classname="com.runwaysdk.query.ReferenceQueryTest" name="testReferenceEnumerationNotContainsAny_Generated"/>
  <testcase time="0.104" classname="com.runwaysdk.query.ReferenceQueryTest" name="testReferenceEqString"/>
  <testcase time="0.008" classname="com.runwaysdk.query.ReferenceQueryTest" name="testReferenceEqString_Generated"/>
  <testcase time="0.006" classname="com.runwaysdk.query.ReferenceQueryTest" name="testReferenceEqComponent"/>
  <testcase time="0.017" classname="com.runwaysdk.query.ReferenceQueryTest" name="testReferenceEqComponent_Generated"/>
  <testcase time="0.007" classname="com.runwaysdk.query.ReferenceQueryTest" name="testReferenceNotEqString"/>
  <testcase time="0.009" classname="com.runwaysdk.query.ReferenceQueryTest" name="testReferenceNotEqString_Generated"/>
  <testcase time="0.008" classname="com.runwaysdk.query.ReferenceQueryTest" name="testReferenceNotEqComponent"/>
  <testcase time="0.021" classname="com.runwaysdk.query.ReferenceQueryTest" name="testReferenceNotEqComponent_Generated"/>
  <testcase time="0.01" classname="com.runwaysdk.query.ReferenceQueryTest" name="testReferenceStructBooleanEq"/>
  <testcase time="0.013" classname="com.runwaysdk.query.ReferenceQueryTest" name="testReferenceStructBooleanEq_Generated"/>
  <testcase time="0.014" classname="com.runwaysdk.query.ReferenceQueryTest" name="testReferenceReferenceEqString"/>
  <testcase time="0.014" classname="com.runwaysdk.query.ReferenceQueryTest" name="testReferenceReferenceEqString_Generated"/>
  <testcase time="0.012" classname="com.runwaysdk.query.ReferenceQueryTest" name="testReferenceBooleanEqBoolean"/>
  <testcase time="0.013" classname="com.runwaysdk.query.ReferenceQueryTest" name="testReferenceBooleanEqBoolean_Generated"/>
  <testcase time="0.012" classname="com.runwaysdk.query.ReferenceQueryTest" name="testReferenceBooleanEqString"/>
  <testcase time="0.013" classname="com.runwaysdk.query.ReferenceQueryTest" name="testReferenceBooleanNotEqString"/>
  <testcase time="0.013" classname="com.runwaysdk.query.ReferenceQueryTest" name="testReferenceBooleanNotEqBoolean"/>
  <testcase time="0.015" classname="com.runwaysdk.query.ReferenceQueryTest" name="testReferenceBooleanNotEqBoolean_Generated"/>
  <testcase time="0.011" classname="com.runwaysdk.query.ReferenceQueryTest" name="testReferenceCharacterEqString"/>
  <testcase time="0.014" classname="com.runwaysdk.query.ReferenceQueryTest" name="testReferenceCharacterEqString_Generated"/>
  <testcase time="0.012" classname="com.runwaysdk.query.ReferenceQueryTest" name="testReferenceCharacterEqIgnoreCaseString"/>
  <testcase time="0.014" classname="com.runwaysdk.query.ReferenceQueryTest" name="testReferenceCharacterEqIgnoreCaseString_Generated"/>
  <testcase time="0.012" classname="com.runwaysdk.query.ReferenceQueryTest" name="testReferenceCharacterInIgnoreCaseStringArray"/>
  <testcase time="0.015" classname="com.runwaysdk.query.ReferenceQueryTest" name="testReferenceCharacterInIgnoreCaseStringArray_Generated"/>
  <testcase time="0.012" classname="com.runwaysdk.query.ReferenceQueryTest" name="testReferenceCharacterInStringArray"/>
  <testcase time="0.014" classname="com.runwaysdk.query.ReferenceQueryTest" name="testReferenceCharacterInStringArray_Generated"/>
  <testcase time="0.012" classname="com.runwaysdk.query.ReferenceQueryTest" name="testReferenceCharacterLikeIgnoreCaseString"/>
  <testcase time="0.013" classname="com.runwaysdk.query.ReferenceQueryTest" name="testReferenceCharacterLikeIgnoreCaseString_Generated"/>
  <testcase time="0.012" classname="com.runwaysdk.query.ReferenceQueryTest" name="testReferenceCharacterLikeString"/>
  <testcase time="0.014" classname="com.runwaysdk.query.ReferenceQueryTest" name="testReferenceCharacterLikeString_Generated"/>
  <testcase time="0.013" classname="com.runwaysdk.query.ReferenceQueryTest" name="testReferenceCharacterNotEqIgnoreCaseString"/>
  <testcase time="0.015" classname="com.runwaysdk.query.ReferenceQueryTest" name="testReferenceCharacterNotEqIgnoreCaseString_Generated"/>
  <testcase time="0.013" classname="com.runwaysdk.query.ReferenceQueryTest" name="testReferenceCharacterNotEqString"/>
  <testcase time="0.016" classname="com.runwaysdk.query.ReferenceQueryTest" name="testReferenceCharacterNotEqString_Generated"/>
  <testcase time="0.013" classname="com.runwaysdk.query.ReferenceQueryTest" name="testReferenceCharacterNotInIgnoreCaseStringArray"/>
  <testcase time="0.015" classname="com.runwaysdk.query.ReferenceQueryTest" name="testReferenceCharacterNotInIgnoreCaseStringArray_Generated"/>
  <testcase time="0.013" classname="com.runwaysdk.query.ReferenceQueryTest" name="testReferenceCharacterNotInStringArray"/>
  <testcase time="0.015" classname="com.runwaysdk.query.ReferenceQueryTest" name="testReferenceCharacterNotInStringArray_Generated"/>
  <testcase time="0.013" classname="com.runwaysdk.query.ReferenceQueryTest" name="testReferenceCharacterNotLikeIgnoreCaseString"/>
  <testcase time="0.015" classname="com.runwaysdk.query.ReferenceQueryTest" name="testReferenceCharacterNotLikeIgnoreCaseString_Generated"/>
  <testcase time="0.013" classname="com.runwaysdk.query.ReferenceQueryTest" name="testReferenceCharacterNotLikeString"/>
  <testcase time="0.015" classname="com.runwaysdk.query.ReferenceQueryTest" name="testReferenceCharacterNotLikeString_Generated"/>
  <testcase time="0.012" classname="com.runwaysdk.query.ReferenceQueryTest" name="testReferenceDateEqString"/>
  <testcase time="0.012" classname="com.runwaysdk.query.ReferenceQueryTest" name="testReferenceDateEq"/>
  <testcase time="0.015" classname="com.runwaysdk.query.ReferenceQueryTest" name="testReferenceDateEq_Generated"/>
  <testcase time="0.019" classname="com.runwaysdk.query.ReferenceQueryTest" name="testReferenceDateGtEqString"/>
  <testcase time="0.021" classname="com.runwaysdk.query.ReferenceQueryTest" name="testReferenceDateGtEq"/>
  <testcase time="0.024" classname="com.runwaysdk.query.ReferenceQueryTest" name="testReferenceDateGtEq_Generated"/>
  <testcase time="0.013" classname="com.runwaysdk.query.ReferenceQueryTest" name="testReferenceDateGtString"/>
  <testcase time="0.013" classname="com.runwaysdk.query.ReferenceQueryTest" name="testReferenceDateGt"/>
  <testcase time="0.016" classname="com.runwaysdk.query.ReferenceQueryTest" name="testReferenceDateGt_Generated"/>
  <testcase time="0.019" classname="com.runwaysdk.query.ReferenceQueryTest" name="testReferenceDateLtEqString"/>
  <testcase time="0.021" classname="com.runwaysdk.query.ReferenceQueryTest" name="testReferenceDateLtEq"/>
  <testcase time="0.024" classname="com.runwaysdk.query.ReferenceQueryTest" name="testReferenceDateLtEq_Generated"/>
  <testcase time="0.013" classname="com.runwaysdk.query.ReferenceQueryTest" name="testReferenceDateLtString"/>
  <testcase time="0.014" classname="com.runwaysdk.query.ReferenceQueryTest" name="testReferenceDateLt"/>
  <testcase time="0.015" classname="com.runwaysdk.query.ReferenceQueryTest" name="testReferenceDateLt_Generated"/>
  <testcase time="0.013" classname="com.runwaysdk.query.ReferenceQueryTest" name="testReferenceDateNotEqString"/>
  <testcase time="0.014" classname="com.runwaysdk.query.ReferenceQueryTest" name="testReferenceDateNotEq"/>
  <testcase time="0.015" classname="com.runwaysdk.query.ReferenceQueryTest" name="testReferenceDateNotEq_Generated"/>
  <testcase time="0.012" classname="com.runwaysdk.query.ReferenceQueryTest" name="testReferenceDateTimeEqString"/>
  <testcase time="0.013" classname="com.runwaysdk.query.ReferenceQueryTest" name="testReferenceDateTimeEq"/>
  <testcase time="0.015" classname="com.runwaysdk.query.ReferenceQueryTest" name="testReferenceDateTimeEq_Generated"/>
  <testcase time="0.02" classname="com.runwaysdk.query.ReferenceQueryTest" name="testReferenceDateTimeGtEqString"/>
  <testcase time="0.02" classname="com.runwaysdk.query.ReferenceQueryTest" name="testReferenceDateTimeGtEq"/>
  <testcase time="0.023" classname="com.runwaysdk.query.ReferenceQueryTest" name="testReferenceDateTimeGtEq_Generated"/>
  <testcase time="0.01" classname="com.runwaysdk.query.ReferenceQueryTest" name="testReferenceDateTimeGtString"/>
  <testcase time="0.013" classname="com.runwaysdk.query.ReferenceQueryTest" name="testReferenceDateTimeGt"/>
  <testcase time="0.016" classname="com.runwaysdk.query.ReferenceQueryTest" name="testReferenceDateTimeGt_Generated"/>
  <testcase time="0.02" classname="com.runwaysdk.query.ReferenceQueryTest" name="testReferenceDateTimeLtEqString"/>
  <testcase time="0.02" classname="com.runwaysdk.query.ReferenceQueryTest" name="testReferenceDateTimeLtEq"/>
  <testcase time="0.025" classname="com.runwaysdk.query.ReferenceQueryTest" name="testReferenceDateTimeLtEq_Generated"/>
  <testcase time="0.013" classname="com.runwaysdk.query.ReferenceQueryTest" name="testReferenceDateTimeLtString"/>
  <testcase time="0.013" classname="com.runwaysdk.query.ReferenceQueryTest" name="testReferenceDateTimeLt"/>
  <testcase time="0.015" classname="com.runwaysdk.query.ReferenceQueryTest" name="testReferenceDateTimeLt_Generated"/>
  <testcase time="0.011" classname="com.runwaysdk.query.ReferenceQueryTest" name="testReferenceDateTimeNotEqString"/>
  <testcase time="0.014" classname="com.runwaysdk.query.ReferenceQueryTest" name="testReferenceDateTimeNotEq"/>
  <testcase time="0.016" classname="com.runwaysdk.query.ReferenceQueryTest" name="testReferenceDateTimeNotEq_Generated"/>
  <testcase time="0.012" classname="com.runwaysdk.query.ReferenceQueryTest" name="testReferenceDecimalEqString"/>
  <testcase time="0.012" classname="com.runwaysdk.query.ReferenceQueryTest" name="testReferenceDecimalEq"/>
  <testcase time="0.014" classname="com.runwaysdk.query.ReferenceQueryTest" name="testReferenceDecimalEq_Generated"/>
  <testcase time="0.013" classname="com.runwaysdk.query.ReferenceQueryTest" name="testReferenceDecimalGtString"/>
  <testcase time="0.013" classname="com.runwaysdk.query.ReferenceQueryTest" name="testReferenceDecimalGt"/>
  <testcase time="0.014" classname="com.runwaysdk.query.ReferenceQueryTest" name="testReferenceDecimalGt_Generated"/>
  <testcase time="0.02" classname="com.runwaysdk.query.ReferenceQueryTest" name="testReferenceDecimalGtEqString"/>
  <testcase time="0.02" classname="com.runwaysdk.query.ReferenceQueryTest" name="testReferenceDecimalGtEq"/>
  <testcase time="0.023" classname="com.runwaysdk.query.ReferenceQueryTest" name="testReferenceDecimalGtEq_Generated"/>
  <testcase time="0.012" classname="com.runwaysdk.query.ReferenceQueryTest" name="testReferenceDecimalLtString"/>
  <testcase time="0.012" classname="com.runwaysdk.query.ReferenceQueryTest" name="testReferenceDecimalLt"/>
  <testcase time="0.015" classname="com.runwaysdk.query.ReferenceQueryTest" name="testReferenceDecimalLt_Generated"/>
  <testcase time="0.02" classname="com.runwaysdk.query.ReferenceQueryTest" name="testReferenceDecimalLtEqString"/>
  <testcase time="0.019" classname="com.runwaysdk.query.ReferenceQueryTest" name="testReferenceDecimalLtEq"/>
  <testcase time="0.024" classname="com.runwaysdk.query.ReferenceQueryTest" name="testReferenceDecimalLtEq_Generated"/>
  <testcase time="0.012" classname="com.runwaysdk.query.ReferenceQueryTest" name="testReferenceDecimalNotEqString"/>
  <testcase time="0.013" classname="com.runwaysdk.query.ReferenceQueryTest" name="testReferenceDecimalNotEq"/>
  <testcase time="0.015" classname="com.runwaysdk.query.ReferenceQueryTest" name="testReferenceDecimalNotEq_Generated"/>
  <testcase time="0.012" classname="com.runwaysdk.query.ReferenceQueryTest" name="testReferenceDoubleEqString"/>
  <testcase time="0.012" classname="com.runwaysdk.query.ReferenceQueryTest" name="testReferenceDoubleEq"/>
  <testcase time="0.014" classname="com.runwaysdk.query.ReferenceQueryTest" name="testReferenceDoubleEq_Generated"/>
  <testcase time="0.013" classname="com.runwaysdk.query.ReferenceQueryTest" name="testReferenceDoubleGtString"/>
  <testcase time="0.013" classname="com.runwaysdk.query.ReferenceQueryTest" name="testReferenceDoubleGt"/>
  <testcase time="0.015" classname="com.runwaysdk.query.ReferenceQueryTest" name="testReferenceDoubleGt_Generated"/>
  <testcase time="0.019" classname="com.runwaysdk.query.ReferenceQueryTest" name="testReferenceDoubleGtEqString"/>
  <testcase time="0.019" classname="com.runwaysdk.query.ReferenceQueryTest" name="testReferenceDoubleGtEq"/>
  <testcase time="0.024" classname="com.runwaysdk.query.ReferenceQueryTest" name="testReferenceDoubleGtEq_Generated"/>
  <testcase time="0.013" classname="com.runwaysdk.query.ReferenceQueryTest" name="testReferenceDoubleLtString"/>
  <testcase time="0.013" classname="com.runwaysdk.query.ReferenceQueryTest" name="testReferenceDoubleLt"/>
  <testcase time="0.015" classname="com.runwaysdk.query.ReferenceQueryTest" name="testReferenceDoubleLt_Generated"/>
  <testcase time="0.019" classname="com.runwaysdk.query.ReferenceQueryTest" name="testReferenceDoubleLtEqString"/>
  <testcase time="0.019" classname="com.runwaysdk.query.ReferenceQueryTest" name="testReferenceDoubleLtEq"/>
  <testcase time="0.023" classname="com.runwaysdk.query.ReferenceQueryTest" name="testReferenceDoubleLtEq_Generated"/>
  <testcase time="0.013" classname="com.runwaysdk.query.ReferenceQueryTest" name="testReferenceDoubleNotEqString"/>
  <testcase time="0.013" classname="com.runwaysdk.query.ReferenceQueryTest" name="testReferenceDoubleNotEq"/>
  <testcase time="0.015" classname="com.runwaysdk.query.ReferenceQueryTest" name="testReferenceDoubleNotEq_Generated"/>
  <testcase time="0.011" classname="com.runwaysdk.query.ReferenceQueryTest" name="testReferenceFloatEqString"/>
  <testcase time="0.012" classname="com.runwaysdk.query.ReferenceQueryTest" name="testReferenceFloatEq"/>
  <testcase time="0.014" classname="com.runwaysdk.query.ReferenceQueryTest" name="testReferenceFloatEq_Generated"/>
  <testcase time="0.013" classname="com.runwaysdk.query.ReferenceQueryTest" name="testReferenceFloatGtString"/>
  <testcase time="0.012" classname="com.runwaysdk.query.ReferenceQueryTest" name="testReferenceFloatGt"/>
  <testcase time="0.014" classname="com.runwaysdk.query.ReferenceQueryTest" name="testReferenceFloatGt_Generated"/>
  <testcase time="0.019" classname="com.runwaysdk.query.ReferenceQueryTest" name="testReferenceFloatGtEqString"/>
  <testcase time="0.02" classname="com.runwaysdk.query.ReferenceQueryTest" name="testReferenceFloatGtEq"/>
  <testcase time="0.023" classname="com.runwaysdk.query.ReferenceQueryTest" name="testReferenceFloatGtEq_Generated"/>
  <testcase time="0.013" classname="com.runwaysdk.query.ReferenceQueryTest" name="testReferenceFloatLtString"/>
  <testcase time="0.013" classname="com.runwaysdk.query.ReferenceQueryTest" name="testReferenceFloatLt"/>
  <testcase time="0.015" classname="com.runwaysdk.query.ReferenceQueryTest" name="testReferenceFloatLt_Generated"/>
  <testcase time="0.02" classname="com.runwaysdk.query.ReferenceQueryTest" name="testReferenceFloatLtEqString"/>
  <testcase time="0.02" classname="com.runwaysdk.query.ReferenceQueryTest" name="testReferenceFloatLtEq"/>
  <testcase time="0.023" classname="com.runwaysdk.query.ReferenceQueryTest" name="testReferenceFloatLtEq_Generated"/>
  <testcase time="0.013" classname="com.runwaysdk.query.ReferenceQueryTest" name="testReferenceFloatNotEqString"/>
  <testcase time="0.013" classname="com.runwaysdk.query.ReferenceQueryTest" name="testReferenceFloatNotEq"/>
  <testcase time="0.015" classname="com.runwaysdk.query.ReferenceQueryTest" name="testReferenceFloatNotEq_Generated"/>
  <testcase time="0.012" classname="com.runwaysdk.query.ReferenceQueryTest" name="testReferenceIntegerEqString"/>
  <testcase time="0.012" classname="com.runwaysdk.query.ReferenceQueryTest" name="testReferenceIntegerEq"/>
  <testcase time="0.014" classname="com.runwaysdk.query.ReferenceQueryTest" name="testReferenceIntegerEq_Generated"/>
  <testcase time="0.012" classname="com.runwaysdk.query.ReferenceQueryTest" name="testReferenceIntegerGtString"/>
  <testcase time="0.013" classname="com.runwaysdk.query.ReferenceQueryTest" name="testReferenceIntegerGt"/>
  <testcase time="0.016" classname="com.runwaysdk.query.ReferenceQueryTest" name="testReferenceIntegerGt_Generated"/>
  <testcase time="0.019" classname="com.runwaysdk.query.ReferenceQueryTest" name="testReferenceIntegerGtEqString"/>
  <testcase time="0.02" classname="com.runwaysdk.query.ReferenceQueryTest" name="testReferenceIntegerGtEq"/>
  <testcase time="0.023" classname="com.runwaysdk.query.ReferenceQueryTest" name="testReferenceIntegerGtEq_Generated"/>
  <testcase time="0.013" classname="com.runwaysdk.query.ReferenceQueryTest" name="testReferenceIntegerLtString"/>
  <testcase time="0.013" classname="com.runwaysdk.query.ReferenceQueryTest" name="testReferenceIntegerLt"/>
  <testcase time="0.015" classname="com.runwaysdk.query.ReferenceQueryTest" name="testReferenceIntegerLt_Generated"/>
  <testcase time="0.019" classname="com.runwaysdk.query.ReferenceQueryTest" name="testReferenceIntegerLtEqString"/>
  <testcase time="0.02" classname="com.runwaysdk.query.ReferenceQueryTest" name="testReferenceIntegerLtEq"/>
  <testcase time="0.022" classname="com.runwaysdk.query.ReferenceQueryTest" name="testReferenceIntegerLtEq_Generated"/>
  <testcase time="0.012" classname="com.runwaysdk.query.ReferenceQueryTest" name="testReferenceIntegerNotEqString"/>
  <testcase time="0.013" classname="com.runwaysdk.query.ReferenceQueryTest" name="testReferenceIntegerNotEq"/>
  <testcase time="0.015" classname="com.runwaysdk.query.ReferenceQueryTest" name="testReferenceIntegerNotEq_Generrated"/>
  <testcase time="0.012" classname="com.runwaysdk.query.ReferenceQueryTest" name="testReferenceLongEqString"/>
  <testcase time="0.011" classname="com.runwaysdk.query.ReferenceQueryTest" name="testReferenceLongEq"/>
  <testcase time="0.013" classname="com.runwaysdk.query.ReferenceQueryTest" name="testReferenceLongEq_Generated"/>
  <testcase time="0.013" classname="com.runwaysdk.query.ReferenceQueryTest" name="testReferenceLongGtString"/>
  <testcase time="0.013" classname="com.runwaysdk.query.ReferenceQueryTest" name="testReferenceLongGt"/>
  <testcase time="0.015" classname="com.runwaysdk.query.ReferenceQueryTest" name="testReferenceLongGt_Generated"/>
  <testcase time="0.019" classname="com.runwaysdk.query.ReferenceQueryTest" name="testReferenceLongGtEqString"/>
  <testcase time="0.019" classname="com.runwaysdk.query.ReferenceQueryTest" name="testReferenceLongGtEq"/>
  <testcase time="0.023" classname="com.runwaysdk.query.ReferenceQueryTest" name="testReferenceLongGtEq_Generated"/>
  <testcase time="0.013" classname="com.runwaysdk.query.ReferenceQueryTest" name="testReferenceLongLtString"/>
  <testcase time="0.013" classname="com.runwaysdk.query.ReferenceQueryTest" name="testReferenceLongLt"/>
  <testcase time="0.015" classname="com.runwaysdk.query.ReferenceQueryTest" name="testReferenceLongLt_Generated"/>
  <testcase time="0.019" classname="com.runwaysdk.query.ReferenceQueryTest" name="testReferenceLongLtEqString"/>
  <testcase time="0.019" classname="com.runwaysdk.query.ReferenceQueryTest" name="testReferenceLongLtEq"/>
  <testcase time="0.022" classname="com.runwaysdk.query.ReferenceQueryTest" name="testReferenceLongLtEq_Generated"/>
  <testcase time="0.013" classname="com.runwaysdk.query.ReferenceQueryTest" name="testReferenceLongNotEqString"/>
  <testcase time="0.013" classname="com.runwaysdk.query.ReferenceQueryTest" name="testReferenceLongNotEq"/>
  <testcase time="0.015" classname="com.runwaysdk.query.ReferenceQueryTest" name="testReferenceLongNotEq_Generated"/>
  <testcase time="0.011" classname="com.runwaysdk.query.ReferenceQueryTest" name="testReferenceTextEqString"/>
  <testcase time="0.011" classname="com.runwaysdk.query.ReferenceQueryTest" name="testReferenceClobEqString"/>
  <testcase time="0.014" classname="com.runwaysdk.query.ReferenceQueryTest" name="testReferenceTextEqString_Generated"/>
  <testcase time="0.013" classname="com.runwaysdk.query.ReferenceQueryTest" name="testReferenceClobEqString_Generated"/>
  <testcase time="0.012" classname="com.runwaysdk.query.ReferenceQueryTest" name="testReferenceTextEqIgnoreCaseString"/>
  <testcase time="0.012" classname="com.runwaysdk.query.ReferenceQueryTest" name="testReferenceClobEqIgnoreCaseString"/>
  <testcase time="0.014" classname="com.runwaysdk.query.ReferenceQueryTest" name="testReferenceTextEqIgnoreCaseString_Generated"/>
  <testcase time="0.014" classname="com.runwaysdk.query.ReferenceQueryTest" name="testReferenceClobEqIgnoreCaseString_Generated"/>
  <testcase time="0.012" classname="com.runwaysdk.query.ReferenceQueryTest" name="testReferenceTextInStringArray"/>
  <testcase time="0.013" classname="com.runwaysdk.query.ReferenceQueryTest" name="testReferenceClobInStringArray"/>
  <testcase time="0.014" classname="com.runwaysdk.query.ReferenceQueryTest" name="testReferenceTextInStringArray_Generated"/>
  <testcase time="0.014" classname="com.runwaysdk.query.ReferenceQueryTest" name="testReferenceClobInStringArray_Generated"/>
  <testcase time="0.012" classname="com.runwaysdk.query.ReferenceQueryTest" name="testReferenceTextInIgnoreCaseStringArray"/>
  <testcase time="0.013" classname="com.runwaysdk.query.ReferenceQueryTest" name="testReferenceClobInIgnoreCaseStringArray"/>
  <testcase time="0.015" classname="com.runwaysdk.query.ReferenceQueryTest" name="testReferenceTextInIgnoreCaseStringArray_Generated"/>
  <testcase time="0.014" classname="com.runwaysdk.query.ReferenceQueryTest" name="testReferenceClobInIgnoreCaseStringArray_Generated"/>
  <testcase time="0.012" classname="com.runwaysdk.query.ReferenceQueryTest" name="testReferenceTextLikeString"/>
  <testcase time="0.012" classname="com.runwaysdk.query.ReferenceQueryTest" name="testReferenceClobLikeString"/>
  <testcase time="0.014" classname="com.runwaysdk.query.ReferenceQueryTest" name="testReferenceTextLikeString_Generated"/>
  <testcase time="0.013" classname="com.runwaysdk.query.ReferenceQueryTest" name="testReferenceClobLikeString_Generated"/>
  <testcase time="0.011" classname="com.runwaysdk.query.ReferenceQueryTest" name="testReferenceTextLikeIgnoreCaseString"/>
  <testcase time="0.012" classname="com.runwaysdk.query.ReferenceQueryTest" name="testReferenceClobLikeIgnoreCaseString"/>
  <testcase time="0.013" classname="com.runwaysdk.query.ReferenceQueryTest" name="testReferenceTextLikeIgnoreCaseString_Generated"/>
  <testcase time="0.014" classname="com.runwaysdk.query.ReferenceQueryTest" name="testReferenceClobLikeIgnoreCaseString_Generated"/>
  <testcase time="0.013" classname="com.runwaysdk.query.ReferenceQueryTest" name="testReferenceTextNotEqString"/>
  <testcase time="0.013" classname="com.runwaysdk.query.ReferenceQueryTest" name="testReferenceClobNotEqString"/>
  <testcase time="0.015" classname="com.runwaysdk.query.ReferenceQueryTest" name="testReferenceTextNotEqString_Generated"/>
  <testcase time="0.015" classname="com.runwaysdk.query.ReferenceQueryTest" name="testReferenceClobNotEqString_Generated"/>
  <testcase time="0.013" classname="com.runwaysdk.query.ReferenceQueryTest" name="testReferenceTextNotEqIgnoreCaseString"/>
  <testcase time="0.013" classname="com.runwaysdk.query.ReferenceQueryTest" name="testReferenceClobNotEqIgnoreCaseString"/>
  <testcase time="0.016" classname="com.runwaysdk.query.ReferenceQueryTest" name="testReferenceTextNotEqIgnoreCaseString_Generated"/>
  <testcase time="0.015" classname="com.runwaysdk.query.ReferenceQueryTest" name="testReferenceClobNotEqIgnoreCaseString_Generated"/>
  <testcase time="0.013" classname="com.runwaysdk.query.ReferenceQueryTest" name="testReferenceTextNotInStringArray"/>
  <testcase time="0.013" classname="com.runwaysdk.query.ReferenceQueryTest" name="testReferenceClobNotInStringArray"/>
  <testcase time="0.015" classname="com.runwaysdk.query.ReferenceQueryTest" name="testReferenceTextNotInStringArray_Generated"/>
  <testcase time="0.015" classname="com.runwaysdk.query.ReferenceQueryTest" name="testReferenceClobNotInStringArray_Generated"/>
  <testcase time="0.013" classname="com.runwaysdk.query.ReferenceQueryTest" name="testReferenceTextNotInIgnoreCaseStringArray"/>
  <testcase time="0.014" classname="com.runwaysdk.query.ReferenceQueryTest" name="testReferenceClobNotInIgnoreCaseStringArray"/>
  <testcase time="0.015" classname="com.runwaysdk.query.ReferenceQueryTest" name="testReferenceTextNotInIgnoreCaseStringArray_Generated"/>
  <testcase time="0.015" classname="com.runwaysdk.query.ReferenceQueryTest" name="testReferenceClobNotInIgnoreCaseStringArray_Generated"/>
  <testcase time="0.013" classname="com.runwaysdk.query.ReferenceQueryTest" name="testReferenceTextNotLikeString"/>
  <testcase time="0.013" classname="com.runwaysdk.query.ReferenceQueryTest" name="testReferenceClobNotLikeString"/>
  <testcase time="0.015" classname="com.runwaysdk.query.ReferenceQueryTest" name="testReferenceTextNotLikeString_Generated"/>
  <testcase time="0.015" classname="com.runwaysdk.query.ReferenceQueryTest" name="testReferenceClobNotLikeString_Generated"/>
  <testcase time="0.012" classname="com.runwaysdk.query.ReferenceQueryTest" name="testReferenceTextNotLikeIgnoreCaseString"/>
  <testcase time="0.012" classname="com.runwaysdk.query.ReferenceQueryTest" name="testReferenceClobNotLikeIgnoreCaseString"/>
  <testcase time="0.015" classname="com.runwaysdk.query.ReferenceQueryTest" name="testReferenceTextNotLikeIgnoreCaseString_Generated"/>
  <testcase time="0.015" classname="com.runwaysdk.query.ReferenceQueryTest" name="testReferenceClobNotLikeIgnoreCaseString_Generated"/>
  <testcase time="0.012" classname="com.runwaysdk.query.ReferenceQueryTest" name="testReferenceTimeEqString"/>
  <testcase time="0.012" classname="com.runwaysdk.query.ReferenceQueryTest" name="testReferenceTimeEq"/>
  <testcase time="0.014" classname="com.runwaysdk.query.ReferenceQueryTest" name="testReferenceTimeEq_Generated"/>
  <testcase time="0.013" classname="com.runwaysdk.query.ReferenceQueryTest" name="testReferenceTimeGtString"/>
  <testcase time="0.013" classname="com.runwaysdk.query.ReferenceQueryTest" name="testReferenceTimeGt"/>
  <testcase time="0.016" classname="com.runwaysdk.query.ReferenceQueryTest" name="testReferenceTimeGt_Generated"/>
  <testcase time="0.019" classname="com.runwaysdk.query.ReferenceQueryTest" name="testReferenceTimeGtEqString"/>
  <testcase time="0.02" classname="com.runwaysdk.query.ReferenceQueryTest" name="testReferenceTimeGtEq"/>
  <testcase time="0.024" classname="com.runwaysdk.query.ReferenceQueryTest" name="testReferenceTimeGtEq_Generated"/>
  <testcase time="0.013" classname="com.runwaysdk.query.ReferenceQueryTest" name="testReferenceTimeLtString"/>
  <testcase time="0.014" classname="com.runwaysdk.query.ReferenceQueryTest" name="testReferenceTimeLt"/>
  <testcase time="0.015" classname="com.runwaysdk.query.ReferenceQueryTest" name="testReferenceTimeLt_Generated"/>
  <testcase time="0.02" classname="com.runwaysdk.query.ReferenceQueryTest" name="testReferenceTimeLtEqString"/>
  <testcase time="0.021" classname="com.runwaysdk.query.ReferenceQueryTest" name="testReferenceTimeLtEq"/>
  <testcase time="0.025" classname="com.runwaysdk.query.ReferenceQueryTest" name="testReferenceTimeLtEq_Generated"/>
  <testcase time="0.013" classname="com.runwaysdk.query.ReferenceQueryTest" name="testReferenceTimeNotEqString"/>
  <testcase time="0.014" classname="com.runwaysdk.query.ReferenceQueryTest" name="testReferenceTimeNotEq"/>
  <testcase time="0.016" classname="com.runwaysdk.query.ReferenceQueryTest" name="testReferenceTimeNotEq_Generated"/>
  <testcase time="0.012" classname="com.runwaysdk.query.StructQueryTest" name="testStructEnumerationContainsAll"/>
  <testcase time="0.021" classname="com.runwaysdk.query.StructQueryTest" name="testStructEnumerationContainsAll_Generated"/>
  <testcase time="0.01" classname="com.runwaysdk.query.StructQueryTest" name="testStructEnumerationContainsAny"/>
  <testcase time="0.015" classname="com.runwaysdk.query.StructQueryTest" name="testStructEnumerationContainsAny_Generated"/>
  <testcase time="0.013" classname="com.runwaysdk.query.StructQueryTest" name="testStructEnumerationContainsExactly"/>
  <testcase time="0.02" classname="com.runwaysdk.query.StructQueryTest" name="testStructEnumerationContainsExactly_Generated"/>
  <testcase time="0.01" classname="com.runwaysdk.query.StructQueryTest" name="testStructEnumerationNotContainsAll"/>
  <testcase time="0.018" classname="com.runwaysdk.query.StructQueryTest" name="testStructEnumerationNotContainsAll_Generated"/>
  <testcase time="0.01" classname="com.runwaysdk.query.StructQueryTest" name="testStructEnumerationNotContainsAny"/>
  <testcase time="0.018" classname="com.runwaysdk.query.StructQueryTest" name="testStructEnumerationNotContainsAny_Generated"/>
  <testcase time="0.008" classname="com.runwaysdk.query.StructQueryTest" name="testStructBooleanEqBoolean"/>
  <testcase time="0.008" classname="com.runwaysdk.query.StructQueryTest" name="testStructBooleanEqString"/>
  <testcase time="0.009" classname="com.runwaysdk.query.StructQueryTest" name="testStructBooleanEqBoolean_Generated"/>
  <testcase time="0.007" classname="com.runwaysdk.query.StructQueryTest" name="testStructBooleanNotEqString"/>
  <testcase time="0.007" classname="com.runwaysdk.query.StructQueryTest" name="testStructBooleanNotEqBoolean"/>
  <testcase time="0.009" classname="com.runwaysdk.query.StructQueryTest" name="testStructBooleanNotEqBoolean_Generated"/>
  <testcase time="0.008" classname="com.runwaysdk.query.StructQueryTest" name="testStructCharacterEqString"/>
  <testcase time="0.01" classname="com.runwaysdk.query.StructQueryTest" name="testStructCharacterEqString_Generated"/>
  <testcase time="0.007" classname="com.runwaysdk.query.StructQueryTest" name="testStructCharacterEqIgnoreCaseString"/>
  <testcase time="0.009" classname="com.runwaysdk.query.StructQueryTest" name="testStructCharacterEqIgnoreCaseString_Generated"/>
  <testcase time="0.008" classname="com.runwaysdk.query.StructQueryTest" name="testStructCharacterInIgnoreCaseStringArray"/>
  <testcase time="0.01" classname="com.runwaysdk.query.StructQueryTest" name="testStructCharacterInIgnoreCaseStringArray_Generated"/>
  <testcase time="0.008" classname="com.runwaysdk.query.StructQueryTest" name="testStructCharacterInStringArray"/>
  <testcase time="0.01" classname="com.runwaysdk.query.StructQueryTest" name="testStructCharacterInStringArray_Generated"/>
  <testcase time="0.008" classname="com.runwaysdk.query.StructQueryTest" name="testStructCharacterLikeIgnoreCaseString"/>
  <testcase time="0.009" classname="com.runwaysdk.query.StructQueryTest" name="testStructCharacterLikeIgnoreCaseString_Generated"/>
  <testcase time="0.008" classname="com.runwaysdk.query.StructQueryTest" name="testStructCharacterLikeString"/>
  <testcase time="0.01" classname="com.runwaysdk.query.StructQueryTest" name="testStructCharacterLikeString_Generated"/>
  <testcase time="0.008" classname="com.runwaysdk.query.StructQueryTest" name="testStructCharacterNotEqIgnoreCaseString"/>
  <testcase time="0.009" classname="com.runwaysdk.query.StructQueryTest" name="testStructCharacterNotEqIgnoreCaseString_Generated"/>
  <testcase time="0.008" classname="com.runwaysdk.query.StructQueryTest" name="testStructCharacterNotEqString"/>
  <testcase time="0.01" classname="com.runwaysdk.query.StructQueryTest" name="testStructCharacterNotEqString_Generated"/>
  <testcase time="0.008" classname="com.runwaysdk.query.StructQueryTest" name="testStructCharacterNotInIgnoreCaseStringArray"/>
  <testcase time="0.01" classname="com.runwaysdk.query.StructQueryTest" name="testStructCharacterNotInIgnoreCaseStringArray_Generated"/>
  <testcase time="0.008" classname="com.runwaysdk.query.StructQueryTest" name="testStructCharacterNotInStringArray"/>
  <testcase time="0.01" classname="com.runwaysdk.query.StructQueryTest" name="testStructCharacterNotInStringArray_Generated"/>
  <testcase time="0.008" classname="com.runwaysdk.query.StructQueryTest" name="testStructCharacterNotLikeIgnoreCaseString"/>
  <testcase time="0.009" classname="com.runwaysdk.query.StructQueryTest" name="testStructCharacterNotLikeIgnoreCaseString_Generated"/>
  <testcase time="0.007" classname="com.runwaysdk.query.StructQueryTest" name="testStructCharacterNotLikeString"/>
  <testcase time="0.009" classname="com.runwaysdk.query.StructQueryTest" name="testStructCharacterNotLikeString_Generated"/>
  <testcase time="0.008" classname="com.runwaysdk.query.StructQueryTest" name="testStructDateEqString"/>
  <testcase time="0.008" classname="com.runwaysdk.query.StructQueryTest" name="testStructDateEq"/>
  <testcase time="0.011" classname="com.runwaysdk.query.StructQueryTest" name="testStructDateEq_Generated"/>
  <testcase time="0.012" classname="com.runwaysdk.query.StructQueryTest" name="testStructDateGtEqString"/>
  <testcase time="0.013" classname="com.runwaysdk.query.StructQueryTest" name="testStructDateGtEq"/>
  <testcase time="0.017" classname="com.runwaysdk.query.StructQueryTest" name="testStructDateGtEq_Generated"/>
  <testcase time="0.008" classname="com.runwaysdk.query.StructQueryTest" name="testStructDateGtString"/>
  <testcase time="0.009" classname="com.runwaysdk.query.StructQueryTest" name="testStructDateGt"/>
  <testcase time="0.01" classname="com.runwaysdk.query.StructQueryTest" name="testStructDateGt_Generated"/>
  <testcase time="0.013" classname="com.runwaysdk.query.StructQueryTest" name="testStructDateLtEqString"/>
  <testcase time="0.013" classname="com.runwaysdk.query.StructQueryTest" name="testStructDateLtEq"/>
  <testcase time="0.017" classname="com.runwaysdk.query.StructQueryTest" name="testStructDateLtEq_Generated"/>
  <testcase time="0.008" classname="com.runwaysdk.query.StructQueryTest" name="testStructDateLtString"/>
  <testcase time="0.008" classname="com.runwaysdk.query.StructQueryTest" name="testStructDateLt"/>
  <testcase time="0.01" classname="com.runwaysdk.query.StructQueryTest" name="testStructDateLt_Generated"/>
  <testcase time="0.008" classname="com.runwaysdk.query.StructQueryTest" name="testStructDateNotEqString"/>
  <testcase time="0.009" classname="com.runwaysdk.query.StructQueryTest" name="testStructDateNotEq"/>
  <testcase time="0.01" classname="com.runwaysdk.query.StructQueryTest" name="testStructDateNotEq_Generated"/>
  <testcase time="0.008" classname="com.runwaysdk.query.StructQueryTest" name="testStructDateTimeEqString"/>
  <testcase time="0.008" classname="com.runwaysdk.query.StructQueryTest" name="testStructDateTimeEq"/>
  <testcase time="0.011" classname="com.runwaysdk.query.StructQueryTest" name="testStructDateTimeEq_Generated"/>
  <testcase time="0.012" classname="com.runwaysdk.query.StructQueryTest" name="testStructDateTimeGtEqString"/>
  <testcase time="0.013" classname="com.runwaysdk.query.StructQueryTest" name="testStructDateTimeGtEq"/>
  <testcase time="0.017" classname="com.runwaysdk.query.StructQueryTest" name="testStructDateTimeGtEq_Generated"/>
  <testcase time="0.008" classname="com.runwaysdk.query.StructQueryTest" name="testStructDateTimeGtString"/>
  <testcase time="0.008" classname="com.runwaysdk.query.StructQueryTest" name="testStructDateTimeGt"/>
  <testcase time="0.01" classname="com.runwaysdk.query.StructQueryTest" name="testStructDateTimeGt_Generated"/>
  <testcase time="0.012" classname="com.runwaysdk.query.StructQueryTest" name="testStructDateTimeLtEqString"/>
  <testcase time="0.013" classname="com.runwaysdk.query.StructQueryTest" name="testStructDateTimeLtEq"/>
  <testcase time="0.017" classname="com.runwaysdk.query.StructQueryTest" name="testStructDateTimeLtEq_Generated"/>
  <testcase time="0.008" classname="com.runwaysdk.query.StructQueryTest" name="testStructDateTimeLtString"/>
  <testcase time="0.008" classname="com.runwaysdk.query.StructQueryTest" name="testStructDateTimeLt"/>
  <testcase time="0.011" classname="com.runwaysdk.query.StructQueryTest" name="testStructDateTimeLt_Generated"/>
  <testcase time="0.008" classname="com.runwaysdk.query.StructQueryTest" name="testStructDateTimeNotEqString"/>
  <testcase time="0.008" classname="com.runwaysdk.query.StructQueryTest" name="testStructDateTimeNotEq"/>
  <testcase time="0.011" classname="com.runwaysdk.query.StructQueryTest" name="testStructDateTimeNotEq_Generated"/>
  <testcase time="0.007" classname="com.runwaysdk.query.StructQueryTest" name="testStructDecimalEqString"/>
  <testcase time="0.008" classname="com.runwaysdk.query.StructQueryTest" name="testStructDecimalEq"/>
  <testcase time="0.01" classname="com.runwaysdk.query.StructQueryTest" name="testStructDecimalEq_Generated"/>
  <testcase time="0.008" classname="com.runwaysdk.query.StructQueryTest" name="testStructDecimalGtString"/>
  <testcase time="0.008" classname="com.runwaysdk.query.StructQueryTest" name="testStructDecimalGt"/>
  <testcase time="0.009" classname="com.runwaysdk.query.StructQueryTest" name="testStructDecimalGt_Generated"/>
  <testcase time="0.013" classname="com.runwaysdk.query.StructQueryTest" name="testStructDecimalGtEqString"/>
  <testcase time="0.012" classname="com.runwaysdk.query.StructQueryTest" name="testStructDecimalGtEq"/>
  <testcase time="0.015" classname="com.runwaysdk.query.StructQueryTest" name="testStructDecimalGtEq_Generated"/>
  <testcase time="0.008" classname="com.runwaysdk.query.StructQueryTest" name="testStructDecimalLtString"/>
  <testcase time="0.008" classname="com.runwaysdk.query.StructQueryTest" name="testStructDecimalLt"/>
  <testcase time="0.01" classname="com.runwaysdk.query.StructQueryTest" name="testStructDecimalLt_Generated"/>
  <testcase time="0.012" classname="com.runwaysdk.query.StructQueryTest" name="testStructDecimalLtEqString"/>
  <testcase time="0.012" classname="com.runwaysdk.query.StructQueryTest" name="testStructDecimalLtEq"/>
  <testcase time="0.016" classname="com.runwaysdk.query.StructQueryTest" name="testStructDecimalLtEq_Generated"/>
  <testcase time="0.008" classname="com.runwaysdk.query.StructQueryTest" name="testStructDecimalNotEqString"/>
  <testcase time="0.008" classname="com.runwaysdk.query.StructQueryTest" name="testStructDecimalNotEq"/>
  <testcase time="0.01" classname="com.runwaysdk.query.StructQueryTest" name="testStructDecimalNotEq_Generated"/>
  <testcase time="0.008" classname="com.runwaysdk.query.StructQueryTest" name="testStructDoubleEqString"/>
  <testcase time="0.007" classname="com.runwaysdk.query.StructQueryTest" name="testStructDoubleEq"/>
  <testcase time="0.01" classname="com.runwaysdk.query.StructQueryTest" name="testStructDoubleEq_Generated"/>
  <testcase time="0.008" classname="com.runwaysdk.query.StructQueryTest" name="testStructDoubleGtString"/>
  <testcase time="0.008" classname="com.runwaysdk.query.StructQueryTest" name="testStructDoubleGt"/>
  <testcase time="0.009" classname="com.runwaysdk.query.StructQueryTest" name="testStructDoubleGt_Generated"/>
  <testcase time="0.012" classname="com.runwaysdk.query.StructQueryTest" name="testStructDoubleGtEqString"/>
  <testcase time="0.012" classname="com.runwaysdk.query.StructQueryTest" name="testStructDoubleGtEq"/>
  <testcase time="0.015" classname="com.runwaysdk.query.StructQueryTest" name="testStructDoubleGtEq_Generated"/>
  <testcase time="0.008" classname="com.runwaysdk.query.StructQueryTest" name="testStructDoubleLtString"/>
  <testcase time="0.008" classname="com.runwaysdk.query.StructQueryTest" name="testStructDoubleLt_Generated"/>
  <testcase time="0.012" classname="com.runwaysdk.query.StructQueryTest" name="testStructDoubleLtEqString"/>
  <testcase time="0.012" classname="com.runwaysdk.query.StructQueryTest" name="testStructDoubleLtEq"/>
  <testcase time="0.015" classname="com.runwaysdk.query.StructQueryTest" name="testStructDoubleLtEq_Generated"/>
  <testcase time="0.008" classname="com.runwaysdk.query.StructQueryTest" name="testStructDoubleNotEqString"/>
  <testcase time="0.008" classname="com.runwaysdk.query.StructQueryTest" name="testStructDoubleNotEq"/>
  <testcase time="0.01" classname="com.runwaysdk.query.StructQueryTest" name="testStructDoubleNotEq_Generated"/>
  <testcase time="0.007" classname="com.runwaysdk.query.StructQueryTest" name="testStructFloatEqString"/>
  <testcase time="0.007" classname="com.runwaysdk.query.StructQueryTest" name="testStructFloatEq"/>
  <testcase time="0.01" classname="com.runwaysdk.query.StructQueryTest" name="testStructFloatEq_Generated"/>
  <testcase time="0.008" classname="com.runwaysdk.query.StructQueryTest" name="testStructFloatGtString"/>
  <testcase time="0.008" classname="com.runwaysdk.query.StructQueryTest" name="testStructFloatGt"/>
  <testcase time="0.009" classname="com.runwaysdk.query.StructQueryTest" name="testStructFloatGt_Generated"/>
  <testcase time="0.012" classname="com.runwaysdk.query.StructQueryTest" name="testStructFloatGtEqString"/>
  <testcase time="0.013" classname="com.runwaysdk.query.StructQueryTest" name="testStructFloatGtEq"/>
  <testcase time="0.016" classname="com.runwaysdk.query.StructQueryTest" name="testStructFloatGtEq_Generated"/>
  <testcase time="0.008" classname="com.runwaysdk.query.StructQueryTest" name="testStructFloatLtString"/>
  <testcase time="0.008" classname="com.runwaysdk.query.StructQueryTest" name="testStructFloatLt"/>
  <testcase time="0.01" classname="com.runwaysdk.query.StructQueryTest" name="testStructFloatLt_Generated"/>
  <testcase time="0.012" classname="com.runwaysdk.query.StructQueryTest" name="testStructFloatLtEqString"/>
  <testcase time="0.013" classname="com.runwaysdk.query.StructQueryTest" name="testStructFloatLtEq"/>
  <testcase time="0.016" classname="com.runwaysdk.query.StructQueryTest" name="testStructFloatLtEq_Generated"/>
  <testcase time="0.008" classname="com.runwaysdk.query.StructQueryTest" name="testStructFloatNotEqString"/>
  <testcase time="0.008" classname="com.runwaysdk.query.StructQueryTest" name="testStructFloatNotEq"/>
  <testcase time="0.009" classname="com.runwaysdk.query.StructQueryTest" name="testStructFloatNotEq_Generated"/>
  <testcase time="0.008" classname="com.runwaysdk.query.StructQueryTest" name="testStructIntegerEqString"/>
  <testcase time="0.008" classname="com.runwaysdk.query.StructQueryTest" name="testStructIntegerEq"/>
  <testcase time="0.009" classname="com.runwaysdk.query.StructQueryTest" name="testStructIntegerEq_Generated"/>
  <testcase time="0.008" classname="com.runwaysdk.query.StructQueryTest" name="testStructIntegerGtString"/>
  <testcase time="0.008" classname="com.runwaysdk.query.StructQueryTest" name="testStructIntegerGt"/>
  <testcase time="0.009" classname="com.runwaysdk.query.StructQueryTest" name="testStructIntegerGt_Generated"/>
  <testcase time="0.012" classname="com.runwaysdk.query.StructQueryTest" name="testStructIntegerGtEqString"/>
  <testcase time="0.012" classname="com.runwaysdk.query.StructQueryTest" name="testStructIntegerGtEq"/>
  <testcase time="0.015" classname="com.runwaysdk.query.StructQueryTest" name="testStructIntegerGtEq_Generated"/>
  <testcase time="0.008" classname="com.runwaysdk.query.StructQueryTest" name="testStructIntegerLtString"/>
  <testcase time="0.008" classname="com.runwaysdk.query.StructQueryTest" name="testStructIntegerLt"/>
  <testcase time="0.01" classname="com.runwaysdk.query.StructQueryTest" name="testStructIntegerLt_Generated"/>
  <testcase time="0.012" classname="com.runwaysdk.query.StructQueryTest" name="testStructIntegerLtEqString"/>
  <testcase time="0.013" classname="com.runwaysdk.query.StructQueryTest" name="testStructIntegerLtEq"/>
  <testcase time="0.016" classname="com.runwaysdk.query.StructQueryTest" name="testStructIntegerLtEq_Generated"/>
  <testcase time="0.008" classname="com.runwaysdk.query.StructQueryTest" name="testStructIntegerNotEqString"/>
  <testcase time="0.008" classname="com.runwaysdk.query.StructQueryTest" name="testStructIntegerNotEq"/>
  <testcase time="0.01" classname="com.runwaysdk.query.StructQueryTest" name="testStructIntegerNotEq_Generated"/>
  <testcase time="0.008" classname="com.runwaysdk.query.StructQueryTest" name="testStructLongEqString"/>
  <testcase time="0.008" classname="com.runwaysdk.query.StructQueryTest" name="testStructLongEq"/>
  <testcase time="0.009" classname="com.runwaysdk.query.StructQueryTest" name="testStructLongEq_Generated"/>
  <testcase time="0.008" classname="com.runwaysdk.query.StructQueryTest" name="testStructLongGtString"/>
  <testcase time="0.008" classname="com.runwaysdk.query.StructQueryTest" name="testStructLongGt"/>
  <testcase time="0.011" classname="com.runwaysdk.query.StructQueryTest" name="testStructLongGt_Generated"/>
  <testcase time="0.012" classname="com.runwaysdk.query.StructQueryTest" name="testStructLongGtEqString"/>
  <testcase time="0.013" classname="com.runwaysdk.query.StructQueryTest" name="testStructLongGtEq"/>
  <testcase time="0.014" classname="com.runwaysdk.query.StructQueryTest" name="testStructLongGtEq_Generated"/>
  <testcase time="0.008" classname="com.runwaysdk.query.StructQueryTest" name="testStructLongLtString"/>
  <testcase time="0.008" classname="com.runwaysdk.query.StructQueryTest" name="testStructLongLt"/>
  <testcase time="0.009" classname="com.runwaysdk.query.StructQueryTest" name="testStructLongLt_Generated"/>
  <testcase time="0.013" classname="com.runwaysdk.query.StructQueryTest" name="testStructLongLtEqString"/>
  <testcase time="0.012" classname="com.runwaysdk.query.StructQueryTest" name="testStructLongLtEq"/>
  <testcase time="0.017" classname="com.runwaysdk.query.StructQueryTest" name="testStructLongLtEq_Generated"/>
  <testcase time="0.008" classname="com.runwaysdk.query.StructQueryTest" name="testStructLongNotEqString"/>
  <testcase time="0.008" classname="com.runwaysdk.query.StructQueryTest" name="testStructLongNotEq"/>
  <testcase time="0.01" classname="com.runwaysdk.query.StructQueryTest" name="testStructLongNotEq_Generated"/>
  <testcase time="0.008" classname="com.runwaysdk.query.StructQueryTest" name="testStructTextEqString"/>
  <testcase time="0.007" classname="com.runwaysdk.query.StructQueryTest" name="testStructClobEqString"/>
  <testcase time="0.01" classname="com.runwaysdk.query.StructQueryTest" name="testStructTextEqString_Generated"/>
  <testcase time="0.009" classname="com.runwaysdk.query.StructQueryTest" name="testStructClobEqString_Generated"/>
  <testcase time="0.007" classname="com.runwaysdk.query.StructQueryTest" name="testStructTextEqIgnoreCaseString"/>
  <testcase time="0.007" classname="com.runwaysdk.query.StructQueryTest" name="testStructClobEqIgnoreCaseString"/>
  <testcase time="0.01" classname="com.runwaysdk.query.StructQueryTest" name="testStructTextEqIgnoreCaseString_Generated"/>
  <testcase time="0.009" classname="com.runwaysdk.query.StructQueryTest" name="testStructClobEqIgnoreCaseString_Generated"/>
  <testcase time="0.008" classname="com.runwaysdk.query.StructQueryTest" name="testStructTextInStringArray"/>
  <testcase time="0.008" classname="com.runwaysdk.query.StructQueryTest" name="testStructClobInStringArray"/>
  <testcase time="0.01" classname="com.runwaysdk.query.StructQueryTest" name="testStructTextInStringArray_Generated"/>
  <testcase time="0.01" classname="com.runwaysdk.query.StructQueryTest" name="testStructClobInStringArray_Generated"/>
  <testcase time="0.008" classname="com.runwaysdk.query.StructQueryTest" name="testStructTextInIgnoreCaseStringArray"/>
  <testcase time="0.008" classname="com.runwaysdk.query.StructQueryTest" name="testStructClobInIgnoreCaseStringArray"/>
  <testcase time="0.01" classname="com.runwaysdk.query.StructQueryTest" name="testStructTextInIgnoreCaseStringArray_Generated"/>
  <testcase time="0.01" classname="com.runwaysdk.query.StructQueryTest" name="testStructClobInIgnoreCaseStringArray_Generated"/>
  <testcase time="0.008" classname="com.runwaysdk.query.StructQueryTest" name="testStructTextLikeString"/>
  <testcase time="0.008" classname="com.runwaysdk.query.StructQueryTest" name="testStructClobLikeString"/>
  <testcase time="0.009" classname="com.runwaysdk.query.StructQueryTest" name="testStructTextLikeString_Generated"/>
  <testcase time="0.01" classname="com.runwaysdk.query.StructQueryTest" name="testStructClobLikeString_Generated"/>
  <testcase time="0.008" classname="com.runwaysdk.query.StructQueryTest" name="testStructTextLikeIgnoreCaseString"/>
  <testcase time="0.007" classname="com.runwaysdk.query.StructQueryTest" name="testStructClobLikeIgnoreCaseString"/>
  <testcase time="0.01" classname="com.runwaysdk.query.StructQueryTest" name="testStructTextLikeIgnoreCaseString_Generated"/>
  <testcase time="0.01" classname="com.runwaysdk.query.StructQueryTest" name="testStructClobLikeIgnoreCaseString_Generated"/>
  <testcase time="0.008" classname="com.runwaysdk.query.StructQueryTest" name="testStructTextNotEqString"/>
  <testcase time="0.008" classname="com.runwaysdk.query.StructQueryTest" name="testStructClobNotEqString"/>
  <testcase time="0.009" classname="com.runwaysdk.query.StructQueryTest" name="testStructTextNotEqString_Generated"/>
  <testcase time="0.009" classname="com.runwaysdk.query.StructQueryTest" name="testStructClobNotEqString_Generated"/>
  <testcase time="0.008" classname="com.runwaysdk.query.StructQueryTest" name="testStructTextNotEqIgnoreCaseString"/>
  <testcase time="0.008" classname="com.runwaysdk.query.StructQueryTest" name="testStructClobNotEqIgnoreCaseString"/>
  <testcase time="0.01" classname="com.runwaysdk.query.StructQueryTest" name="testStructTextNotEqIgnoreCaseString_Generated"/>
  <testcase time="0.01" classname="com.runwaysdk.query.StructQueryTest" name="testStructClobNotEqIgnoreCaseString_Generated"/>
  <testcase time="0.008" classname="com.runwaysdk.query.StructQueryTest" name="testStructTextNotInStringArray"/>
  <testcase time="0.009" classname="com.runwaysdk.query.StructQueryTest" name="testStructClobNotInStringArray"/>
  <testcase time="0.009" classname="com.runwaysdk.query.StructQueryTest" name="testStructTextNotInStringArray_Generated"/>
  <testcase time="0.01" classname="com.runwaysdk.query.StructQueryTest" name="testStructClobNotInStringArray_Generated"/>
  <testcase time="0.008" classname="com.runwaysdk.query.StructQueryTest" name="testStructTextNotInIgnoreCaseStringArray"/>
  <testcase time="0.008" classname="com.runwaysdk.query.StructQueryTest" name="testStructClobNotInIgnoreCaseStringArray"/>
  <testcase time="0.01" classname="com.runwaysdk.query.StructQueryTest" name="testStructTextNotInIgnoreCaseStringArray_Generated"/>
  <testcase time="0.009" classname="com.runwaysdk.query.StructQueryTest" name="testStructClobNotInIgnoreCaseStringArray_Generated"/>
  <testcase time="0.007" classname="com.runwaysdk.query.StructQueryTest" name="testStructTextNotLikeString"/>
  <testcase time="0.008" classname="com.runwaysdk.query.StructQueryTest" name="testStructClobNotLikeString"/>
  <testcase time="0.01" classname="com.runwaysdk.query.StructQueryTest" name="testStructTextNotLikeString_Generated"/>
  <testcase time="0.009" classname="com.runwaysdk.query.StructQueryTest" name="testStructClobNotLikeString_Generated"/>
  <testcase time="0.008" classname="com.runwaysdk.query.StructQueryTest" name="testStructTextNotLikeIgnoreCaseString"/>
  <testcase time="0.008" classname="com.runwaysdk.query.StructQueryTest" name="testStructClobNotLikeIgnoreCaseString"/>
  <testcase time="0.01" classname="com.runwaysdk.query.StructQueryTest" name="testStructTextNotLikeIgnoreCaseString_Generated"/>
  <testcase time="0.009" classname="com.runwaysdk.query.StructQueryTest" name="testStructClobNotLikeIgnoreCaseString_Generated"/>
  <testcase time="0.008" classname="com.runwaysdk.query.StructQueryTest" name="testStructTimeEqString"/>
  <testcase time="0.008" classname="com.runwaysdk.query.StructQueryTest" name="testStructTimeEq"/>
  <testcase time="0.01" classname="com.runwaysdk.query.StructQueryTest" name="testStructTimeEq_Generated"/>
  <testcase time="0.008" classname="com.runwaysdk.query.StructQueryTest" name="testStructTimeGtString"/>
  <testcase time="0.009" classname="com.runwaysdk.query.StructQueryTest" name="testStructTimeGt"/>
  <testcase time="0.01" classname="com.runwaysdk.query.StructQueryTest" name="testStructTimeGt_Generated"/>
  <testcase time="0.012" classname="com.runwaysdk.query.StructQueryTest" name="testStructTimeGtEqString"/>
  <testcase time="0.013" classname="com.runwaysdk.query.StructQueryTest" name="testStructTimeGtEq"/>
  <testcase time="0.016" classname="com.runwaysdk.query.StructQueryTest" name="testStructTimeGtEq_Generated"/>
  <testcase time="0.008" classname="com.runwaysdk.query.StructQueryTest" name="testStructTimeLtString"/>
  <testcase time="0.009" classname="com.runwaysdk.query.StructQueryTest" name="testStructTimeLt"/>
  <testcase time="0.01" classname="com.runwaysdk.query.StructQueryTest" name="testStructTimeLt_Generated"/>
  <testcase time="0.012" classname="com.runwaysdk.query.StructQueryTest" name="testStructTimeLtEqString"/>
  <testcase time="0.013" classname="com.runwaysdk.query.StructQueryTest" name="testStructTimeLtEq"/>
  <testcase time="0.016" classname="com.runwaysdk.query.StructQueryTest" name="testStructTimeLtEq_Generated"/>
  <testcase time="0.008" classname="com.runwaysdk.query.StructQueryTest" name="testStructTimeNotEqString"/>
  <testcase time="0.009" classname="com.runwaysdk.query.StructQueryTest" name="testStructTimeNotEq"/>
  <testcase time="0.01" classname="com.runwaysdk.query.StructQueryTest" name="testStructTimeNotEq_Generated"/>
  <testcase time="0.002" classname="com.runwaysdk.query.RelationshipQueryTest" name="testQueryRelationshipDAO"/>
  <testcase time="0.005" classname="com.runwaysdk.query.RelationshipQueryTest" name="testQueryRelationship"/>
  <testcase time="0.006" classname="com.runwaysdk.query.RelationshipQueryTest" name="testQueryRelationship_Generated"/>
  <testcase time="0.003" classname="com.runwaysdk.query.RelationshipQueryTest" name="testQueryGetRelationship"/>
  <testcase time="0.002" classname="com.runwaysdk.query.RelationshipQueryTest" name="testQueryGetRelationshipId"/>
  <testcase time="0.004" classname="com.runwaysdk.query.RelationshipQueryTest" name="testQueryHasChild"/>
  <testcase time="0.01" classname="com.runwaysdk.query.RelationshipQueryTest" name="testQueryHasChild_Generated"/>
  <testcase time="0.005" classname="com.runwaysdk.query.RelationshipQueryTest" name="testQueryDoesNotHaveChild"/>
  <testcase time="0.006" classname="com.runwaysdk.query.RelationshipQueryTest" name="testQueryDoesNotHaveChild_Generated"/>
  <testcase time="0.004" classname="com.runwaysdk.query.RelationshipQueryTest" name="testQueryHasParent"/>
  <testcase time="0.006" classname="com.runwaysdk.query.RelationshipQueryTest" name="testQueryHasParent_Generated"/>
  <testcase time="0.005" classname="com.runwaysdk.query.RelationshipQueryTest" name="testQueryDoesNotHaveParent"/>
  <testcase time="0.106" classname="com.runwaysdk.query.RelationshipQueryTest" name="testQueryDoesNotHaveParent_Generated"/>
  <testcase time="0.004" classname="com.runwaysdk.query.RelationshipQueryTest" name="testQueryChildId"/>
  <testcase time="0.004" classname="com.runwaysdk.query.RelationshipQueryTest" name="testQueryChildId_Generated"/>
  <testcase time="0.004" classname="com.runwaysdk.query.RelationshipQueryTest" name="testQueryParentId"/>
  <testcase time="0.004" classname="com.runwaysdk.query.RelationshipQueryTest" name="testQueryParentId_Generated"/>
  <testcase time="0.005" classname="com.runwaysdk.query.RelationshipQueryTest" name="testQueryIsChildIn"/>
  <testcase time="0.007" classname="com.runwaysdk.query.RelationshipQueryTest" name="testQueryIsChildIn_Generated"/>
  <testcase time="0.004" classname="com.runwaysdk.query.RelationshipQueryTest" name="testQueryIsNotChildIn"/>
  <testcase time="0.006" classname="com.runwaysdk.query.RelationshipQueryTest" name="testQueryIsNotChildIn_Generated"/>
  <testcase time="0.005" classname="com.runwaysdk.query.RelationshipQueryTest" name="testQueryIsChildInRelationshipAttribute"/>
  <testcase time="0.005" classname="com.runwaysdk.query.RelationshipQueryTest" name="testQueryIsChildInRelationshipAttribute_Generated"/>
  <testcase time="0.003" classname="com.runwaysdk.query.RelationshipQueryTest" name="testQueryIsNotChildInRelationshipAttribute"/>
  <testcase time="0.006" classname="com.runwaysdk.query.RelationshipQueryTest" name="testQueryIsNotChildInRelationshipAttribute_Generated"/>
  <testcase time="0.006" classname="com.runwaysdk.query.RelationshipQueryTest" name="testQueryIsChildInRelationshipAndParentAttribute"/>
  <testcase time="0.008" classname="com.runwaysdk.query.RelationshipQueryTest" name="testQueryIsChildInRelationshipAndParentAttribute_Generated"/>
  <testcase time="0.006" classname="com.runwaysdk.query.RelationshipQueryTest" name="testQueryIsNotChildInParentAttribute"/>
  <testcase time="0.008" classname="com.runwaysdk.query.RelationshipQueryTest" name="testQueryIsNotChildInParentAttribute_Generated"/>
  <testcase time="0.006" classname="com.runwaysdk.query.RelationshipQueryTest" name="testQueryIsNotChildInRelationshipAndParentAttribute"/>
  <testcase time="0.008" classname="com.runwaysdk.query.RelationshipQueryTest" name="testQueryIsNotChildInRelationshipAndParentAttribute_Generated"/>
  <testcase time="0.009" classname="com.runwaysdk.query.RelationshipQueryTest" name="testQueryIsParentIn"/>
  <testcase time="0.012" classname="com.runwaysdk.query.RelationshipQueryTest" name="testQueryIsParentIn_Generated"/>
  <testcase time="0.009" classname="com.runwaysdk.query.RelationshipQueryTest" name="testQueryIsNotParentIn"/>
  <testcase time="0.011" classname="com.runwaysdk.query.RelationshipQueryTest" name="testQueryIsNotParentIn_Generated"/>
  <testcase time="0.009" classname="com.runwaysdk.query.RelationshipQueryTest" name="testQueryIsParentInRelationshipAndChildAttribute"/>
  <testcase time="0.011" classname="com.runwaysdk.query.RelationshipQueryTest" name="testQueryIsParentInRelationshipAndChildAttribute_Generated"/>
  <testcase time="0.009" classname="com.runwaysdk.query.RelationshipQueryTest" name="testQueryIsParentNotInRelationshipAttribute"/>
  <testcase time="0.011" classname="com.runwaysdk.query.RelationshipQueryTest" name="testQueryIsNotParentInRelationshipAttribute_Generated"/>
  <testcase time="0.01" classname="com.runwaysdk.query.RelationshipQueryTest" name="testQueryIsParentNotInChildAttribute"/>
  <testcase time="0.011" classname="com.runwaysdk.query.RelationshipQueryTest" name="testQueryIsParentNotInChildAttribute_Generated"/>
  <testcase time="0.01" classname="com.runwaysdk.query.RelationshipQueryTest" name="testQueryIsParentNotInRelationshipAndChildAttribute"/>
  <testcase time="0.012" classname="com.runwaysdk.query.RelationshipQueryTest" name="testQueryIsNotParentInRelationshipAndChildAttribute_Generated"/>
  <testcase time="0.011" classname="com.runwaysdk.query.RelationshipAttributeQuery" name="testEnumerationNotContainsAll"/>
  <testcase time="0.017" classname="com.runwaysdk.query.RelationshipAttributeQuery" name="testEnumerationNotContainsAll_Generated"/>
  <testcase time="0.009" classname="com.runwaysdk.query.RelationshipAttributeQuery" name="testEnumerationNotContainsAny"/>
  <testcase time="0.017" classname="com.runwaysdk.query.RelationshipAttributeQuery" name="testEnumerationNotContainsAny_Generated"/>
  <testcase time="0.01" classname="com.runwaysdk.query.RelationshipAttributeQuery" name="testQueryIsParentInEnumerationContainsAll"/>
  <testcase time="0.018" classname="com.runwaysdk.query.RelationshipAttributeQuery" name="testQueryIsParentInEnumerationContainsAll_Generated"/>
  <testcase time="0.01" classname="com.runwaysdk.query.RelationshipAttributeQuery" name="testQueryIsParentInEnumerationContainsAny"/>
  <testcase time="0.016" classname="com.runwaysdk.query.RelationshipAttributeQuery" name="testQueryIsParentInEnumerationContainsAny_Generated"/>
  <testcase time="0.011" classname="com.runwaysdk.query.RelationshipAttributeQuery" name="testQueryIsParentInEnumerationContainsExactly"/>
  <testcase time="0.02" classname="com.runwaysdk.query.RelationshipAttributeQuery" name="testQueryIsParentInEnumerationContainsExactly_Generated"/>
  <testcase time="0.009" classname="com.runwaysdk.query.RelationshipAttributeQuery" name="testQueryIsParentInBooleanEqString"/>
  <testcase time="0.009" classname="com.runwaysdk.query.RelationshipAttributeQuery" name="testQueryIsParentInBooleanEq"/>
  <testcase time="0.011" classname="com.runwaysdk.query.RelationshipAttributeQuery" name="testQueryIsParentInBooleanEq_Generated"/>
  <testcase time="0.009" classname="com.runwaysdk.query.RelationshipAttributeQuery" name="testQueryIsParentInBooleanNotEqString"/>
  <testcase time="0.008" classname="com.runwaysdk.query.RelationshipAttributeQuery" name="testQueryIsParentInBooleanNotEq"/>
  <testcase time="0.011" classname="com.runwaysdk.query.RelationshipAttributeQuery" name="testQueryIsParentInBooleanNotEq_Generated"/>
  <testcase time="0.008" classname="com.runwaysdk.query.RelationshipAttributeQuery" name="testQueryIsParentInCharacterEqString"/>
  <testcase time="0.011" classname="com.runwaysdk.query.RelationshipAttributeQuery" name="testQueryIsParentInCharacterEqString_Generated"/>
  <testcase time="0.009" classname="com.runwaysdk.query.RelationshipAttributeQuery" name="testQueryIsParentInCharacterEqIgnoreCaseString"/>
  <testcase time="0.01" classname="com.runwaysdk.query.RelationshipAttributeQuery" name="testQueryIsParentInCharacterEqIgnoreCaseString_Generated"/>
  <testcase time="0.009" classname="com.runwaysdk.query.RelationshipAttributeQuery" name="testQueryIsParentInCharacterInStringArray"/>
  <testcase time="0.011" classname="com.runwaysdk.query.RelationshipAttributeQuery" name="testQueryIsParentInCharacterInStringArray_Generated"/>
  <testcase time="0.009" classname="com.runwaysdk.query.RelationshipAttributeQuery" name="testQueryIsParentInIgnoreCaseCharacterInStringArray"/>
  <testcase time="0.011" classname="com.runwaysdk.query.RelationshipAttributeQuery" name="testQueryIsParentInCharacterInIngoreCaseStringArray_Generated"/>
  <testcase time="0.009" classname="com.runwaysdk.query.RelationshipAttributeQuery" name="testQueryIsParentInCharacterLikeString"/>
  <testcase time="0.01" classname="com.runwaysdk.query.RelationshipAttributeQuery" name="testQueryIsParentInCharacterLikeString_Generated"/>
  <testcase time="0.009" classname="com.runwaysdk.query.RelationshipAttributeQuery" name="testQueryIsParentInCharacterLikeIgnoreCaseString"/>
  <testcase time="0.011" classname="com.runwaysdk.query.RelationshipAttributeQuery" name="testQueryIsParentInCharacterLikeIgnoreCaseString_Generated"/>
  <testcase time="0.009" classname="com.runwaysdk.query.RelationshipAttributeQuery" name="testQueryIsParentInCharacterNotEqString"/>
  <testcase time="0.01" classname="com.runwaysdk.query.RelationshipAttributeQuery" name="testQueryIsParentInCharacterNotEqString_Generated"/>
  <testcase time="0.008" classname="com.runwaysdk.query.RelationshipAttributeQuery" name="testQueryIsParentInCharacterNotEqIgnoreCaseString"/>
  <testcase time="0.011" classname="com.runwaysdk.query.RelationshipAttributeQuery" name="testQueryIsParentInCharacterNotEqIgnoreCaseString_Generated"/>
  <testcase time="0.009" classname="com.runwaysdk.query.RelationshipAttributeQuery" name="testQueryIsParentInCharacterNotInStringArray"/>
  <testcase time="0.011" classname="com.runwaysdk.query.RelationshipAttributeQuery" name="testQueryIsParentInCharacterNotInStringArray_Generated"/>
  <testcase time="0.009" classname="com.runwaysdk.query.RelationshipAttributeQuery" name="testQueryIsParentInCharacterNotInIgnoreCaseStringArray"/>
  <testcase time="0.011" classname="com.runwaysdk.query.RelationshipAttributeQuery" name="testQueryIsParentInCharacterNotInIgnoreCaseStringArray_Generated"/>
  <testcase time="0.009" classname="com.runwaysdk.query.RelationshipAttributeQuery" name="testQueryIsParentInCharacterNotLikeString"/>
  <testcase time="0.01" classname="com.runwaysdk.query.RelationshipAttributeQuery" name="testQueryIsParentInCharacterNotLikeString_Generated"/>
  <testcase time="0.008" classname="com.runwaysdk.query.RelationshipAttributeQuery" name="testQueryIsParentInCharacterNotLikeIgnoreCaseString"/>
  <testcase time="0.011" classname="com.runwaysdk.query.RelationshipAttributeQuery" name="testQueryIsParentInCharacterNotLikeIgnoreCaseString_Generated"/>
  <testcase time="0.009" classname="com.runwaysdk.query.RelationshipAttributeQuery" name="testQueryIsParentInTextEqString"/>
  <testcase time="0.011" classname="com.runwaysdk.query.RelationshipAttributeQuery" name="testQueryIsParentInTextEqString_Generated"/>
  <testcase time="0.008" classname="com.runwaysdk.query.RelationshipAttributeQuery" name="testQueryIsParentInTextEqIgnoreCaseString"/>
  <testcase time="0.01" classname="com.runwaysdk.query.RelationshipAttributeQuery" name="testQueryIsParentInTextEqIgnoreCaseString_Generated"/>
  <testcase time="0.009" classname="com.runwaysdk.query.RelationshipAttributeQuery" name="testQueryIsParentInTextInStringArray"/>
  <testcase time="0.01" classname="com.runwaysdk.query.RelationshipAttributeQuery" name="testQueryIsParentInTextInStringArray_Generated"/>
  <testcase time="0.009" classname="com.runwaysdk.query.RelationshipAttributeQuery" name="testQueryIsParentInTextInIgnoreCaseStringArray"/>
  <testcase time="0.011" classname="com.runwaysdk.query.RelationshipAttributeQuery" name="testQueryIsParentInTextInIgnoreCaseStringArray_Generated"/>
  <testcase time="0.009" classname="com.runwaysdk.query.RelationshipAttributeQuery" name="testQueryIsParentInTextLikeString"/>
  <testcase time="0.01" classname="com.runwaysdk.query.RelationshipAttributeQuery" name="testQueryIsParentInTextLikeStringGenerated"/>
  <testcase time="0.009" classname="com.runwaysdk.query.RelationshipAttributeQuery" name="testQueryIsParentInTextIgnoreCaseString"/>
  <testcase time="0.011" classname="com.runwaysdk.query.RelationshipAttributeQuery" name="testQueryIsParentInTextLikeIgnoreCaseString_Generated"/>
  <testcase time="0.009" classname="com.runwaysdk.query.RelationshipAttributeQuery" name="testQueryIsParentInTextNotEqString"/>
  <testcase time="0.011" classname="com.runwaysdk.query.RelationshipAttributeQuery" name="testQueryIsParentInTextNotEqString_Generated"/>
  <testcase time="0.009" classname="com.runwaysdk.query.RelationshipAttributeQuery" name="testQueryIsParentInTextNotEqIgnoreCaseString"/>
  <testcase time="0.011" classname="com.runwaysdk.query.RelationshipAttributeQuery" name="testQueryIsParentInTextNotEqIgnoreCaseString_Generated"/>
  <testcase time="0.009" classname="com.runwaysdk.query.RelationshipAttributeQuery" name="testQueryIsParentInTextNotInStringArray"/>
  <testcase time="0.011" classname="com.runwaysdk.query.RelationshipAttributeQuery" name="testQueryIsParentInTextNotInStringArray_Generated"/>
  <testcase time="0.009" classname="com.runwaysdk.query.RelationshipAttributeQuery" name="testQueryIsParentInTextNotInIgnoreCaseStringArray"/>
  <testcase time="0.011" classname="com.runwaysdk.query.RelationshipAttributeQuery" name="testQueryIsParentInTextNotInIgnoreCaseStringArray_Generated"/>
  <testcase time="0.009" classname="com.runwaysdk.query.RelationshipAttributeQuery" name="testQueryIsParentInTextNotLikeString"/>
  <testcase time="0.01" classname="com.runwaysdk.query.RelationshipAttributeQuery" name="testQueryIsParentInTextNotLikeString_Generated"/>
  <testcase time="0.008" classname="com.runwaysdk.query.RelationshipAttributeQuery" name="testQueryIsParentInTextNotLikeIgnoreCaseString"/>
  <testcase time="0.011" classname="com.runwaysdk.query.RelationshipAttributeQuery" name="testQueryIsParentInTextNotLikeIgnoreCaseString_Generated"/>
  <testcase time="0.009" classname="com.runwaysdk.query.RelationshipAttributeQuery" name="testQueryIsParentInDateTimeEqString"/>
  <testcase time="0.009" classname="com.runwaysdk.query.RelationshipAttributeQuery" name="testQueryIsParentInDateTimeEq"/>
  <testcase time="0.012" classname="com.runwaysdk.query.RelationshipAttributeQuery" name="testQueryIsParentInDateTimeEq_Generated"/>
  <testcase time="0.009" classname="com.runwaysdk.query.RelationshipAttributeQuery" name="testQueryIsParentInDateTimeGtString"/>
  <testcase time="0.009" classname="com.runwaysdk.query.RelationshipAttributeQuery" name="testQueryIsParentInDateTimeGt"/>
  <testcase time="0.011" classname="com.runwaysdk.query.RelationshipAttributeQuery" name="testQueryIsParentInDateTimeGt_Generated"/>
  <testcase time="0.013" classname="com.runwaysdk.query.RelationshipAttributeQuery" name="testQueryIsParentInDateTimeGtEqString"/>
  <testcase time="0.014" classname="com.runwaysdk.query.RelationshipAttributeQuery" name="testQueryIsParentInDateTimeGtEq"/>
  <testcase time="0.018" classname="com.runwaysdk.query.RelationshipAttributeQuery" name="testQueryIsParentInDateTimeGtEq_Generated"/>
  <testcase time="0.009" classname="com.runwaysdk.query.RelationshipAttributeQuery" name="testQueryIsParentInDateTimeLtString"/>
  <testcase time="0.009" classname="com.runwaysdk.query.RelationshipAttributeQuery" name="testQueryIsParentInDateTimeLt"/>
  <testcase time="0.011" classname="com.runwaysdk.query.RelationshipAttributeQuery" name="testQueryIsParentInDateTimeLt_Generated"/>
  <testcase time="0.014" classname="com.runwaysdk.query.RelationshipAttributeQuery" name="testQueryIsParentInDateTimeltEqString"/>
  <testcase time="0.015" classname="com.runwaysdk.query.RelationshipAttributeQuery" name="testQueryIsParentInDateTimeltEq"/>
  <testcase time="0.018" classname="com.runwaysdk.query.RelationshipAttributeQuery" name="testQueryIsParentInDateTimeltEq_Generated"/>
  <testcase time="0.01" classname="com.runwaysdk.query.RelationshipAttributeQuery" name="testQueryIsParentInDateTimeNotEqString"/>
  <testcase time="0.009" classname="com.runwaysdk.query.RelationshipAttributeQuery" name="testQueryIsParentInDateTimeNotEq"/>
  <testcase time="0.011" classname="com.runwaysdk.query.RelationshipAttributeQuery" name="testQueryIsParentInDateTimeNotEq_Generated"/>
  <testcase time="0.009" classname="com.runwaysdk.query.RelationshipAttributeQuery" name="testQueryIsParentInDateEqString"/>
  <testcase time="0.009" classname="com.runwaysdk.query.RelationshipAttributeQuery" name="testQueryIsParentInDateEq"/>
  <testcase time="0.011" classname="com.runwaysdk.query.RelationshipAttributeQuery" name="testQueryIsParentInDateEq_Generated"/>
  <testcase time="0.009" classname="com.runwaysdk.query.RelationshipAttributeQuery" name="testQueryIsParentInDateGtString"/>
  <testcase time="0.009" classname="com.runwaysdk.query.RelationshipAttributeQuery" name="testQueryIsParentInDateGt"/>
  <testcase time="0.011" classname="com.runwaysdk.query.RelationshipAttributeQuery" name="testQueryIsParentInDateGt_Generated"/>
  <testcase time="0.014" classname="com.runwaysdk.query.RelationshipAttributeQuery" name="testQueryIsParentInDateGtEqString"/>
  <testcase time="0.014" classname="com.runwaysdk.query.RelationshipAttributeQuery" name="testQueryIsParentInDateGtEq"/>
  <testcase time="0.017" classname="com.runwaysdk.query.RelationshipAttributeQuery" name="testQueryIsParentInDateGtEq_Generated"/>
  <testcase time="0.009" classname="com.runwaysdk.query.RelationshipAttributeQuery" name="testQueryIsParentInDateLtString"/>
  <testcase time="0.009" classname="com.runwaysdk.query.RelationshipAttributeQuery" name="testQueryIsParentInDateLt"/>
  <testcase time="0.011" classname="com.runwaysdk.query.RelationshipAttributeQuery" name="testQueryIsParentInDateLt_Generated"/>
  <testcase time="0.013" classname="com.runwaysdk.query.RelationshipAttributeQuery" name="testQueryIsParentInDateltEqString"/>
  <testcase time="0.014" classname="com.runwaysdk.query.RelationshipAttributeQuery" name="testQueryIsParentInDateltEq"/>
  <testcase time="0.018" classname="com.runwaysdk.query.RelationshipAttributeQuery" name="testQueryIsParentInDateltEq_Generated"/>
  <testcase time="0.008" classname="com.runwaysdk.query.RelationshipAttributeQuery" name="testQueryIsParentInDateNotEqString"/>
  <testcase time="0.009" classname="com.runwaysdk.query.RelationshipAttributeQuery" name="testQueryIsParentInDateNotEq"/>
  <testcase time="0.011" classname="com.runwaysdk.query.RelationshipAttributeQuery" name="testQueryIsParentInDateNotEq_Generated"/>
  <testcase time="0.008" classname="com.runwaysdk.query.RelationshipAttributeQuery" name="testQueryIsParentInTimeEqString"/>
  <testcase time="0.009" classname="com.runwaysdk.query.RelationshipAttributeQuery" name="testQueryIsParentInTimeEq"/>
  <testcase time="0.01" classname="com.runwaysdk.query.RelationshipAttributeQuery" name="testQueryIsParentInTimeEq_Generated"/>
  <testcase time="0.008" classname="com.runwaysdk.query.RelationshipAttributeQuery" name="testQueryIsParentInTimeGtString"/>
  <testcase time="0.009" classname="com.runwaysdk.query.RelationshipAttributeQuery" name="testQueryIsParentInTimeGt"/>
  <testcase time="0.01" classname="com.runwaysdk.query.RelationshipAttributeQuery" name="testQueryIsParentInTimeGt_Generated"/>
  <testcase time="0.014" classname="com.runwaysdk.query.RelationshipAttributeQuery" name="testQueryIsParentInTimeGtEqString"/>
  <testcase time="0.014" classname="com.runwaysdk.query.RelationshipAttributeQuery" name="testQueryIsParentInTimeGtEq"/>
  <testcase time="0.017" classname="com.runwaysdk.query.RelationshipAttributeQuery" name="testQueryIsParentInTimeGtEq_Generated"/>
  <testcase time="0.009" classname="com.runwaysdk.query.RelationshipAttributeQuery" name="testQueryIsParentInTimeLtString"/>
  <testcase time="0.009" classname="com.runwaysdk.query.RelationshipAttributeQuery" name="testQueryIsParentInTimeLt"/>
  <testcase time="0.011" classname="com.runwaysdk.query.RelationshipAttributeQuery" name="testQueryIsParentInTimeLt_Generated"/>
  <testcase time="0.014" classname="com.runwaysdk.query.RelationshipAttributeQuery" name="testQueryIsParentInTimeltEqString"/>
  <testcase time="0.014" classname="com.runwaysdk.query.RelationshipAttributeQuery" name="testQueryIsParentInTimeltEq"/>
  <testcase time="0.018" classname="com.runwaysdk.query.RelationshipAttributeQuery" name="testQueryIsParentInTimeltEq_Generated"/>
  <testcase time="0.009" classname="com.runwaysdk.query.RelationshipAttributeQuery" name="testQueryIsParentInTimeNotEqString"/>
  <testcase time="0.009" classname="com.runwaysdk.query.RelationshipAttributeQuery" name="testQueryIsParentInTimeNotEq"/>
  <testcase time="0.012" classname="com.runwaysdk.query.RelationshipAttributeQuery" name="testQueryIsParentInTimeNotEq_Generated"/>
  <testcase time="0.008" classname="com.runwaysdk.query.RelationshipAttributeQuery" name="testQueryIsParentInIntegerEqString"/>
  <testcase time="0.009" classname="com.runwaysdk.query.RelationshipAttributeQuery" name="testQueryIsParentInIntegerEq"/>
  <testcase time="0.011" classname="com.runwaysdk.query.RelationshipAttributeQuery" name="testQueryIsParentInIntegerEq_Generated"/>
  <testcase time="0.008" classname="com.runwaysdk.query.RelationshipAttributeQuery" name="testQueryIsParentInIntegerGtString"/>
  <testcase time="0.009" classname="com.runwaysdk.query.RelationshipAttributeQuery" name="testQueryIsParentInIntegerGt"/>
  <testcase time="0.01" classname="com.runwaysdk.query.RelationshipAttributeQuery" name="testQueryIsParentInIntegerGt_Generated"/>
  <testcase time="0.013" classname="com.runwaysdk.query.RelationshipAttributeQuery" name="testQueryIsParentInIntegerGtEqString"/>
  <testcase time="0.013" classname="com.runwaysdk.query.RelationshipAttributeQuery" name="testQueryIsParentInIntegerGtEq"/>
  <testcase time="0.017" classname="com.runwaysdk.query.RelationshipAttributeQuery" name="testQueryIsParentInIntegerGtEq_Generated"/>
  <testcase time="0.008" classname="com.runwaysdk.query.RelationshipAttributeQuery" name="testQueryIsParentInIntegerLtString"/>
  <testcase time="0.009" classname="com.runwaysdk.query.RelationshipAttributeQuery" name="testQueryIsParentInIntegerLt"/>
  <testcase time="0.011" classname="com.runwaysdk.query.RelationshipAttributeQuery" name="testQueryIsParentInIntegerLt_Generated"/>
  <testcase time="0.013" classname="com.runwaysdk.query.RelationshipAttributeQuery" name="testQueryIsParentInIntegerLtEqString"/>
  <testcase time="0.013" classname="com.runwaysdk.query.RelationshipAttributeQuery" name="testQueryIsParentInIntegerLtEq"/>
  <testcase time="0.017" classname="com.runwaysdk.query.RelationshipAttributeQuery" name="testQueryIsParentInIntegerLtEq_Generated"/>
  <testcase time="0.009" classname="com.runwaysdk.query.RelationshipAttributeQuery" name="testQueryIsParentInIntegerNotEqString"/>
  <testcase time="0.009" classname="com.runwaysdk.query.RelationshipAttributeQuery" name="testQueryIsParentInIntegerNotEq"/>
  <testcase time="0.01" classname="com.runwaysdk.query.RelationshipAttributeQuery" name="testQueryIsParentInIntegerNotEq_Generated"/>
  <testcase time="0.009" classname="com.runwaysdk.query.RelationshipAttributeQuery" name="testQueryIsParentInLongEqString"/>
  <testcase time="0.009" classname="com.runwaysdk.query.RelationshipAttributeQuery" name="testQueryIsParentInLongEq"/>
  <testcase time="0.01" classname="com.runwaysdk.query.RelationshipAttributeQuery" name="testQueryIsParentInLongEq_Generated"/>
  <testcase time="0.009" classname="com.runwaysdk.query.RelationshipAttributeQuery" name="testQueryIsParentInLongGtString"/>
  <testcase time="0.009" classname="com.runwaysdk.query.RelationshipAttributeQuery" name="testQueryIsParentInLongGt"/>
  <testcase time="0.01" classname="com.runwaysdk.query.RelationshipAttributeQuery" name="testQueryIsParentInLongGt_Generated"/>
  <testcase time="0.013" classname="com.runwaysdk.query.RelationshipAttributeQuery" name="testQueryIsParentInLongGtEqString"/>
  <testcase time="0.014" classname="com.runwaysdk.query.RelationshipAttributeQuery" name="testQueryIsParentInLongGtEq"/>
  <testcase time="0.017" classname="com.runwaysdk.query.RelationshipAttributeQuery" name="testQueryIsParentInLongGtEq_Generated"/>
  <testcase time="0.008" classname="com.runwaysdk.query.RelationshipAttributeQuery" name="testQueryIsParentInLongLtString"/>
  <testcase time="0.009" classname="com.runwaysdk.query.RelationshipAttributeQuery" name="testQueryIsParentInLongLt"/>
  <testcase time="0.011" classname="com.runwaysdk.query.RelationshipAttributeQuery" name="testQueryIsParentInLongLt_Generated"/>
  <testcase time="0.013" classname="com.runwaysdk.query.RelationshipAttributeQuery" name="testQueryIsParentInLongLtEqString"/>
  <testcase time="0.013" classname="com.runwaysdk.query.RelationshipAttributeQuery" name="testQueryIsParentInLongLtEq"/>
  <testcase time="0.017" classname="com.runwaysdk.query.RelationshipAttributeQuery" name="testQueryIsParentInLongLtEq_Generated"/>
  <testcase time="0.009" classname="com.runwaysdk.query.RelationshipAttributeQuery" name="testQueryIsParentInLongNotEqString"/>
  <testcase time="0.009" classname="com.runwaysdk.query.RelationshipAttributeQuery" name="testQueryIsParentInLongNotEq"/>
  <testcase time="0.01" classname="com.runwaysdk.query.RelationshipAttributeQuery" name="testQueryIsParentInLongNotEq_Generated"/>
  <testcase time="0.009" classname="com.runwaysdk.query.RelationshipAttributeQuery" name="testQueryIsParentInFloatEqString"/>
  <testcase time="0.009" classname="com.runwaysdk.query.RelationshipAttributeQuery" name="testQueryIsParentInFloatEq"/>
  <testcase time="0.01" classname="com.runwaysdk.query.RelationshipAttributeQuery" name="testQueryIsParentInFloatEq_Generated"/>
  <testcase time="0.009" classname="com.runwaysdk.query.RelationshipAttributeQuery" name="testQueryIsParentInFloatGtString"/>
  <testcase time="0.009" classname="com.runwaysdk.query.RelationshipAttributeQuery" name="testQueryIsParentInFloatGt"/>
  <testcase time="0.01" classname="com.runwaysdk.query.RelationshipAttributeQuery" name="testQueryIsParentInFloatGt_Generated"/>
  <testcase time="0.014" classname="com.runwaysdk.query.RelationshipAttributeQuery" name="testQueryIsParentInFloatGtEqString"/>
  <testcase time="0.013" classname="com.runwaysdk.query.RelationshipAttributeQuery" name="testQueryIsParentInFloatGtEq"/>
  <testcase time="0.017" classname="com.runwaysdk.query.RelationshipAttributeQuery" name="testQueryIsParentInFloatGtEq_Generated"/>
  <testcase time="0.009" classname="com.runwaysdk.query.RelationshipAttributeQuery" name="testQueryIsParentInFloatLtString"/>
  <testcase time="0.009" classname="com.runwaysdk.query.RelationshipAttributeQuery" name="testQueryIsParentInFloatLt"/>
  <testcase time="0.01" classname="com.runwaysdk.query.RelationshipAttributeQuery" name="testQueryIsParentInFloatLt_Generated"/>
  <testcase time="0.014" classname="com.runwaysdk.query.RelationshipAttributeQuery" name="testQueryIsParentInFloatLtEqString"/>
  <testcase time="0.013" classname="com.runwaysdk.query.RelationshipAttributeQuery" name="testQueryIsParentInFloatLtEq"/>
  <testcase time="0.017" classname="com.runwaysdk.query.RelationshipAttributeQuery" name="testQueryIsParentInFloatLtEq_Generated"/>
  <testcase time="0.009" classname="com.runwaysdk.query.RelationshipAttributeQuery" name="testQueryIsParentInFloatNotEqString"/>
  <testcase time="0.009" classname="com.runwaysdk.query.RelationshipAttributeQuery" name="testQueryIsParentInFloatNotEq"/>
  <testcase time="0.011" classname="com.runwaysdk.query.RelationshipAttributeQuery" name="testQueryIsParentInFloatNotEq_Generated"/>
  <testcase time="0.008" classname="com.runwaysdk.query.RelationshipAttributeQuery" name="testQueryIsParentInDecimalEqString"/>
  <testcase time="0.009" classname="com.runwaysdk.query.RelationshipAttributeQuery" name="testQueryIsParentInDecimalEq"/>
  <testcase time="0.011" classname="com.runwaysdk.query.RelationshipAttributeQuery" name="testQueryIsParentInDecimalEq_Generated"/>
  <testcase time="0.009" classname="com.runwaysdk.query.RelationshipAttributeQuery" name="testQueryIsParentInDecimalGtString"/>
  <testcase time="0.008" classname="com.runwaysdk.query.RelationshipAttributeQuery" name="testQueryIsParentInDecimalGt"/>
  <testcase time="0.01" classname="com.runwaysdk.query.RelationshipAttributeQuery" name="testQueryIsParentInDecimalGt_Generated"/>
  <testcase time="0.013" classname="com.runwaysdk.query.RelationshipAttributeQuery" name="testQueryIsParentInDecimalGtEqString"/>
  <testcase time="0.014" classname="com.runwaysdk.query.RelationshipAttributeQuery" name="testQueryIsParentInDecimalGtEq"/>
  <testcase time="0.017" classname="com.runwaysdk.query.RelationshipAttributeQuery" name="testQueryIsParentInDecimalGtEq_Generated"/>
  <testcase time="0.009" classname="com.runwaysdk.query.RelationshipAttributeQuery" name="testQueryIsParentInDecimalLtString"/>
  <testcase time="0.009" classname="com.runwaysdk.query.RelationshipAttributeQuery" name="testQueryIsParentInDecimalLt"/>
  <testcase time="0.01" classname="com.runwaysdk.query.RelationshipAttributeQuery" name="testQueryIsParentInDecimalLt_Generated"/>
  <testcase time="0.014" classname="com.runwaysdk.query.RelationshipAttributeQuery" name="testQueryIsParentInDecimalLtEqString"/>
  <testcase time="0.013" classname="com.runwaysdk.query.RelationshipAttributeQuery" name="testQueryIsParentInDecimalLtEq"/>
  <testcase time="0.017" classname="com.runwaysdk.query.RelationshipAttributeQuery" name="testQueryIsParentInDecimalLtEq_Generated"/>
  <testcase time="0.009" classname="com.runwaysdk.query.RelationshipAttributeQuery" name="testQueryIsParentInDecimalNotEqString"/>
  <testcase time="0.009" classname="com.runwaysdk.query.RelationshipAttributeQuery" name="testQueryIsParentInDecimalNotEq"/>
  <testcase time="0.01" classname="com.runwaysdk.query.RelationshipAttributeQuery" name="testQueryIsParentInDecimalNotEq_Generated"/>
  <testcase time="0.009" classname="com.runwaysdk.query.RelationshipAttributeQuery" name="testQueryIsParentInDoubleEqString"/>
  <testcase time="0.009" classname="com.runwaysdk.query.RelationshipAttributeQuery" name="testQueryIsParentInDoubleEq"/>
  <testcase time="0.01" classname="com.runwaysdk.query.RelationshipAttributeQuery" name="testQueryIsParentInDoubleEq_Generated"/>
  <testcase time="0.008" classname="com.runwaysdk.query.RelationshipAttributeQuery" name="testQueryIsParentInDoubleGtString"/>
  <testcase time="0.009" classname="com.runwaysdk.query.RelationshipAttributeQuery" name="testQueryIsParentInDoubleGt"/>
  <testcase time="0.01" classname="com.runwaysdk.query.RelationshipAttributeQuery" name="testQueryIsParentInDoubleGt_Generated"/>
  <testcase time="0.014" classname="com.runwaysdk.query.RelationshipAttributeQuery" name="testQueryIsParentInDoubleGtEqString"/>
  <testcase time="0.014" classname="com.runwaysdk.query.RelationshipAttributeQuery" name="testQueryIsParentInDoubleGtEq"/>
  <testcase time="0.018" classname="com.runwaysdk.query.RelationshipAttributeQuery" name="testQueryIsParentInDoubleGtEq_Generated"/>
  <testcase time="0.009" classname="com.runwaysdk.query.RelationshipAttributeQuery" name="testQueryIsParentInDoubleLtString"/>
  <testcase time="0.01" classname="com.runwaysdk.query.RelationshipAttributeQuery" name="testQueryIsParentInDoubleLt"/>
  <testcase time="0.011" classname="com.runwaysdk.query.RelationshipAttributeQuery" name="testQueryIsParentInDoubleLt_Generated"/>
  <testcase time="0.013" classname="com.runwaysdk.query.RelationshipAttributeQuery" name="testQueryIsParentInDoubleLtEqString"/>
  <testcase time="0.014" classname="com.runwaysdk.query.RelationshipAttributeQuery" name="testQueryIsParentInDoubleLtEq"/>
  <testcase time="0.016" classname="com.runwaysdk.query.RelationshipAttributeQuery" name="testQueryIsParentInDoubleLtEq_Generated"/>
  <testcase time="0.008" classname="com.runwaysdk.query.RelationshipAttributeQuery" name="testQueryIsParentInDoubleNotEqString"/>
  <testcase time="0.009" classname="com.runwaysdk.query.RelationshipAttributeQuery" name="testQueryIsParentInDoubleNotEq"/>
  <testcase time="0.01" classname="com.runwaysdk.query.RelationshipAttributeQuery" name="testQueryIsParentInDoubleNotEq_Generated"/>
  <testcase time="0.009" classname="com.runwaysdk.query.RelationshipAttributeQuery" name="testQueryIsParentInReferenceEqString"/>
  <testcase time="0.011" classname="com.runwaysdk.query.RelationshipAttributeQuery" name="testQueryIsParentInReferenceEqString_Generated"/>
  <testcase time="0.015" classname="com.runwaysdk.query.RelationshipAttributeQuery" name="testQueryIsParentInReferenceEq_Generated"/>
  <testcase time="0.012" classname="com.runwaysdk.query.ChildAttributeRelationshipQueryTest" name="testEnumerationNotContainsAll"/>
  <testcase time="0.017" classname="com.runwaysdk.query.ChildAttributeRelationshipQueryTest" name="testEnumerationNotContainsAll_Generated"/>
  <testcase time="0.011" classname="com.runwaysdk.query.ChildAttributeRelationshipQueryTest" name="testEnumerationNotContainsAny"/>
  <testcase time="0.019" classname="com.runwaysdk.query.ChildAttributeRelationshipQueryTest" name="testEnumerationNotContainsAny_Generated"/>
  <testcase time="0.012" classname="com.runwaysdk.query.ChildAttributeRelationshipQueryTest" name="testQueryIsParentInEnumerationContainsAll"/>
  <testcase time="0.02" classname="com.runwaysdk.query.ChildAttributeRelationshipQueryTest" name="testQueryIsParentInEnumerationContainsAll_Generated"/>
  <testcase time="0.011" classname="com.runwaysdk.query.ChildAttributeRelationshipQueryTest" name="testQueryIsParentInEnumerationContainsAny"/>
  <testcase time="0.017" classname="com.runwaysdk.query.ChildAttributeRelationshipQueryTest" name="testQueryIsParentInEnumerationContainsAny_Generated"/>
  <testcase time="0.012" classname="com.runwaysdk.query.ChildAttributeRelationshipQueryTest" name="testQueryIsParentInEnumerationContainsExactly"/>
  <testcase time="0.021" classname="com.runwaysdk.query.ChildAttributeRelationshipQueryTest" name="testQueryIsParentInEnumerationContainsExactly_Generated"/>
  <testcase time="0.01" classname="com.runwaysdk.query.ChildAttributeRelationshipQueryTest" name="testQueryIsParentInBooleanEqString"/>
  <testcase time="0.01" classname="com.runwaysdk.query.ChildAttributeRelationshipQueryTest" name="testQueryIsParentInBooleanEq"/>
  <testcase time="0.012" classname="com.runwaysdk.query.ChildAttributeRelationshipQueryTest" name="testQueryIsParentInBooleanEq_Generated"/>
  <testcase time="0.009" classname="com.runwaysdk.query.ChildAttributeRelationshipQueryTest" name="testQueryIsParentInBooleanNotEqString"/>
  <testcase time="0.01" classname="com.runwaysdk.query.ChildAttributeRelationshipQueryTest" name="testQueryIsParentInBooleanNotEq"/>
  <testcase time="0.011" classname="com.runwaysdk.query.ChildAttributeRelationshipQueryTest" name="testQueryIsParentInBooleanNotEq_Generated"/>
  <testcase time="0.01" classname="com.runwaysdk.query.ChildAttributeRelationshipQueryTest" name="testQueryIsParentInCharacterEqString"/>
  <testcase time="0.012" classname="com.runwaysdk.query.ChildAttributeRelationshipQueryTest" name="testQueryIsParentInCharacterEqString_Generated"/>
  <testcase time="0.01" classname="com.runwaysdk.query.ChildAttributeRelationshipQueryTest" name="testQueryIsParentInCharacterEqIgnoreCaseString"/>
  <testcase time="0.012" classname="com.runwaysdk.query.ChildAttributeRelationshipQueryTest" name="testQueryIsParentInCharacterEqIgnoreCaseString_Generated"/>
  <testcase time="0.01" classname="com.runwaysdk.query.ChildAttributeRelationshipQueryTest" name="testQueryIsParentInCharacterInStringArray"/>
  <testcase time="0.012" classname="com.runwaysdk.query.ChildAttributeRelationshipQueryTest" name="testQueryIsParentInCharacterInStringArray_Generated"/>
  <testcase time="0.01" classname="com.runwaysdk.query.ChildAttributeRelationshipQueryTest" name="testQueryIsParentInIgnoreCaseCharacterInStringArray"/>
  <testcase time="0.011" classname="com.runwaysdk.query.ChildAttributeRelationshipQueryTest" name="testQueryIsParentInCharacterInIngoreCaseStringArray_Generated"/>
  <testcase time="0.01" classname="com.runwaysdk.query.ChildAttributeRelationshipQueryTest" name="testQueryIsParentInCharacterLikeString"/>
  <testcase time="0.012" classname="com.runwaysdk.query.ChildAttributeRelationshipQueryTest" name="testQueryIsParentInCharacterLikeString_Generated"/>
  <testcase time="0.01" classname="com.runwaysdk.query.ChildAttributeRelationshipQueryTest" name="testQueryIsParentInCharacterLikeIgnoreCaseString"/>
  <testcase time="0.013" classname="com.runwaysdk.query.ChildAttributeRelationshipQueryTest" name="testQueryIsParentInCharacterLikeIgnoreCaseString_Generated"/>
  <testcase time="0.01" classname="com.runwaysdk.query.ChildAttributeRelationshipQueryTest" name="testQueryIsParentInCharacterNotEqString"/>
  <testcase time="0.011" classname="com.runwaysdk.query.ChildAttributeRelationshipQueryTest" name="testQueryIsParentInCharacterNotEqString_Generated"/>
  <testcase time="0.01" classname="com.runwaysdk.query.ChildAttributeRelationshipQueryTest" name="testQueryIsParentInCharacterNotEqIgnoreCaseString"/>
  <testcase time="0.013" classname="com.runwaysdk.query.ChildAttributeRelationshipQueryTest" name="testQueryIsParentInCharacterNotEqIgnoreCaseString_Generated"/>
  <testcase time="0.01" classname="com.runwaysdk.query.ChildAttributeRelationshipQueryTest" name="testQueryIsParentInCharacterNotInStringArray"/>
  <testcase time="0.012" classname="com.runwaysdk.query.ChildAttributeRelationshipQueryTest" name="testQueryIsParentInCharacterNotInStringArray_Generated"/>
  <testcase time="0.009" classname="com.runwaysdk.query.ChildAttributeRelationshipQueryTest" name="testQueryIsParentInCharacterNotInIgnoreCaseStringArray"/>
  <testcase time="0.011" classname="com.runwaysdk.query.ChildAttributeRelationshipQueryTest" name="testQueryIsParentInCharacterNotInIgnoreCaseStringArray_Generated"/>
  <testcase time="0.01" classname="com.runwaysdk.query.ChildAttributeRelationshipQueryTest" name="testQueryIsParentInCharacterNotLikeString"/>
  <testcase time="0.012" classname="com.runwaysdk.query.ChildAttributeRelationshipQueryTest" name="testQueryIsParentInCharacterNotLikeString_Generated"/>
  <testcase time="0.009" classname="com.runwaysdk.query.ChildAttributeRelationshipQueryTest" name="testQueryIsParentInCharacterNotLikeIgnoreCaseString"/>
  <testcase time="0.012" classname="com.runwaysdk.query.ChildAttributeRelationshipQueryTest" name="testQueryIsParentInCharacterNotLikeIgnoreCaseString_Generated"/>
  <testcase time="0.01" classname="com.runwaysdk.query.ChildAttributeRelationshipQueryTest" name="testQueryIsParentInTextEqString"/>
  <testcase time="0.011" classname="com.runwaysdk.query.ChildAttributeRelationshipQueryTest" name="testQueryIsParentInTextEqString_Generated"/>
  <testcase time="0.01" classname="com.runwaysdk.query.ChildAttributeRelationshipQueryTest" name="testQueryIsParentInTextEqIgnoreCaseString"/>
  <testcase time="0.012" classname="com.runwaysdk.query.ChildAttributeRelationshipQueryTest" name="testQueryIsParentInTextEqIgnoreCaseString_Generated"/>
  <testcase time="0.011" classname="com.runwaysdk.query.ChildAttributeRelationshipQueryTest" name="testQueryIsParentInTextInStringArray"/>
  <testcase time="0.012" classname="com.runwaysdk.query.ChildAttributeRelationshipQueryTest" name="testQueryIsParentInTextInStringArray_Generated"/>
  <testcase time="0.01" classname="com.runwaysdk.query.ChildAttributeRelationshipQueryTest" name="testQueryIsParentInTextInIgnoreCaseStringArray"/>
  <testcase time="0.012" classname="com.runwaysdk.query.ChildAttributeRelationshipQueryTest" name="testQueryIsParentInTextInIgnoreCaseStringArray_Generated"/>
  <testcase time="0.009" classname="com.runwaysdk.query.ChildAttributeRelationshipQueryTest" name="testQueryIsParentInTextLikeString"/>
  <testcase time="0.012" classname="com.runwaysdk.query.ChildAttributeRelationshipQueryTest" name="testQueryIsParentInTextLikeStringGenerated"/>
  <testcase time="0.01" classname="com.runwaysdk.query.ChildAttributeRelationshipQueryTest" name="testQueryIsParentInTextIgnoreCaseString"/>
  <testcase time="0.011" classname="com.runwaysdk.query.ChildAttributeRelationshipQueryTest" name="testQueryIsParentInTextLikeIgnoreCaseString_Generated"/>
  <testcase time="0.009" classname="com.runwaysdk.query.ChildAttributeRelationshipQueryTest" name="testQueryIsParentInTextNotEqString"/>
  <testcase time="0.013" classname="com.runwaysdk.query.ChildAttributeRelationshipQueryTest" name="testQueryIsParentInTextNotEqString_Generated"/>
  <testcase time="0.01" classname="com.runwaysdk.query.ChildAttributeRelationshipQueryTest" name="testQueryIsParentInTextNotEqIgnoreCaseString"/>
  <testcase time="0.012" classname="com.runwaysdk.query.ChildAttributeRelationshipQueryTest" name="testQueryIsParentInTextNotEqIgnoreCaseString_Generated"/>
  <testcase time="0.01" classname="com.runwaysdk.query.ChildAttributeRelationshipQueryTest" name="testQueryIsParentInTextNotInStringArray"/>
  <testcase time="0.012" classname="com.runwaysdk.query.ChildAttributeRelationshipQueryTest" name="testQueryIsParentInTextNotInStringArray_Generated"/>
  <testcase time="0.01" classname="com.runwaysdk.query.ChildAttributeRelationshipQueryTest" name="testQueryIsParentInTextNotInIgnoreCaseStringArray"/>
  <testcase time="0.011" classname="com.runwaysdk.query.ChildAttributeRelationshipQueryTest" name="testQueryIsParentInTextNotInIgnoreCaseStringArray_Generated"/>
  <testcase time="0.01" classname="com.runwaysdk.query.ChildAttributeRelationshipQueryTest" name="testQueryIsParentInTextNotLikeString"/>
  <testcase time="0.013" classname="com.runwaysdk.query.ChildAttributeRelationshipQueryTest" name="testQueryIsParentInTextNotLikeString_Generated"/>
  <testcase time="0.012" classname="com.runwaysdk.query.ChildAttributeRelationshipQueryTest" name="testQueryIsParentInTextNotLikeIgnoreCaseString"/>
  <testcase time="0.012" classname="com.runwaysdk.query.ChildAttributeRelationshipQueryTest" name="testQueryIsParentInTextNotLikeIgnoreCaseString_Generated"/>
  <testcase time="0.01" classname="com.runwaysdk.query.ChildAttributeRelationshipQueryTest" name="testQueryIsParentInDateTimeEqString"/>
  <testcase time="0.01" classname="com.runwaysdk.query.ChildAttributeRelationshipQueryTest" name="testQueryIsParentInDateTimeEq"/>
  <testcase time="0.012" classname="com.runwaysdk.query.ChildAttributeRelationshipQueryTest" name="testQueryIsParentInDateTimeEq_Generated"/>
  <testcase time="0.009" classname="com.runwaysdk.query.ChildAttributeRelationshipQueryTest" name="testQueryIsParentInDateTimeGtString"/>
  <testcase time="0.011" classname="com.runwaysdk.query.ChildAttributeRelationshipQueryTest" name="testQueryIsParentInDateTimeGt"/>
  <testcase time="0.012" classname="com.runwaysdk.query.ChildAttributeRelationshipQueryTest" name="testQueryIsParentInDateTimeGt_Generated"/>
  <testcase time="0.016" classname="com.runwaysdk.query.ChildAttributeRelationshipQueryTest" name="testQueryIsParentInDateTimeGtEqString"/>
  <testcase time="0.015" classname="com.runwaysdk.query.ChildAttributeRelationshipQueryTest" name="testQueryIsParentInDateTimeGtEq"/>
  <testcase time="0.02" classname="com.runwaysdk.query.ChildAttributeRelationshipQueryTest" name="testQueryIsParentInDateTimeGtEq_Generated"/>
  <testcase time="0.01" classname="com.runwaysdk.query.ChildAttributeRelationshipQueryTest" name="testQueryIsParentInDateTimeLtString"/>
  <testcase time="0.011" classname="com.runwaysdk.query.ChildAttributeRelationshipQueryTest" name="testQueryIsParentInDateTimeLt"/>
  <testcase time="0.012" classname="com.runwaysdk.query.ChildAttributeRelationshipQueryTest" name="testQueryIsParentInDateTimeLt_Generated"/>
  <testcase time="0.02" classname="com.runwaysdk.query.ChildAttributeRelationshipQueryTest" name="testQueryIsParentInDateTimeltEq_Generated"/>
  <testcase time="0.01" classname="com.runwaysdk.query.ChildAttributeRelationshipQueryTest" name="testQueryIsParentInDateTimeNotEqString"/>
  <testcase time="0.01" classname="com.runwaysdk.query.ChildAttributeRelationshipQueryTest" name="testQueryIsParentInDateTimeNotEq"/>
  <testcase time="0.012" classname="com.runwaysdk.query.ChildAttributeRelationshipQueryTest" name="testQueryIsParentInDateTimeNotEq_Generated"/>
  <testcase time="0.009" classname="com.runwaysdk.query.ChildAttributeRelationshipQueryTest" name="testQueryIsParentInDateEqString"/>
  <testcase time="0.01" classname="com.runwaysdk.query.ChildAttributeRelationshipQueryTest" name="testQueryIsParentInDateEq"/>
  <testcase time="0.012" classname="com.runwaysdk.query.ChildAttributeRelationshipQueryTest" name="testQueryIsParentInDateEq_Generated"/>
  <testcase time="0.009" classname="com.runwaysdk.query.ChildAttributeRelationshipQueryTest" name="testQueryIsParentInDateGtString"/>
  <testcase time="0.011" classname="com.runwaysdk.query.ChildAttributeRelationshipQueryTest" name="testQueryIsParentInDateGt"/>
  <testcase time="0.012" classname="com.runwaysdk.query.ChildAttributeRelationshipQueryTest" name="testQueryIsParentInDateGt_Generated"/>
  <testcase time="0.015" classname="com.runwaysdk.query.ChildAttributeRelationshipQueryTest" name="testQueryIsParentInDateGtEqString"/>
  <testcase time="0.015" classname="com.runwaysdk.query.ChildAttributeRelationshipQueryTest" name="testQueryIsParentInDateGtEq"/>
  <testcase time="0.019" classname="com.runwaysdk.query.ChildAttributeRelationshipQueryTest" name="testQueryIsParentInDateGtEq_Generated"/>
  <testcase time="0.011" classname="com.runwaysdk.query.ChildAttributeRelationshipQueryTest" name="testQueryIsParentInDateLt"/>
  <testcase time="0.012" classname="com.runwaysdk.query.ChildAttributeRelationshipQueryTest" name="testQueryIsParentInDateLt_Generated"/>
  <testcase time="0.009" classname="com.runwaysdk.query.ChildAttributeRelationshipQueryTest" name="testQueryIsParentInDateNotEqString"/>
  <testcase time="0.01" classname="com.runwaysdk.query.ChildAttributeRelationshipQueryTest" name="testQueryIsParentInDateNotEq"/>
  <testcase time="0.012" classname="com.runwaysdk.query.ChildAttributeRelationshipQueryTest" name="testQueryIsParentInDateNotEq_Generated"/>
  <testcase time="0.01" classname="com.runwaysdk.query.ChildAttributeRelationshipQueryTest" name="testQueryIsParentInTimeEqString"/>
  <testcase time="0.01" classname="com.runwaysdk.query.ChildAttributeRelationshipQueryTest" name="testQueryIsParentInTimeEq"/>
  <testcase time="0.012" classname="com.runwaysdk.query.ChildAttributeRelationshipQueryTest" name="testQueryIsParentInTimeEq_Generated"/>
  <testcase time="0.009" classname="com.runwaysdk.query.ChildAttributeRelationshipQueryTest" name="testQueryIsParentInTimeGtString"/>
  <testcase time="0.01" classname="com.runwaysdk.query.ChildAttributeRelationshipQueryTest" name="testQueryIsParentInTimeGt"/>
  <testcase time="0.012" classname="com.runwaysdk.query.ChildAttributeRelationshipQueryTest" name="testQueryIsParentInTimeGt_Generated"/>
  <testcase time="0.015" classname="com.runwaysdk.query.ChildAttributeRelationshipQueryTest" name="testQueryIsParentInTimeGtEqString"/>
  <testcase time="0.015" classname="com.runwaysdk.query.ChildAttributeRelationshipQueryTest" name="testQueryIsParentInTimeGtEq"/>
  <testcase time="0.019" classname="com.runwaysdk.query.ChildAttributeRelationshipQueryTest" name="testQueryIsParentInTimeGtEq_Generated"/>
  <testcase time="0.01" classname="com.runwaysdk.query.ChildAttributeRelationshipQueryTest" name="testQueryIsParentInTimeLtString"/>
  <testcase time="0.01" classname="com.runwaysdk.query.ChildAttributeRelationshipQueryTest" name="testQueryIsParentInTimeLt"/>
  <testcase time="0.012" classname="com.runwaysdk.query.ChildAttributeRelationshipQueryTest" name="testQueryIsParentInTimeLt_Generated"/>
  <testcase time="0.01" classname="com.runwaysdk.query.ChildAttributeRelationshipQueryTest" name="testQueryIsParentInTimeNotEqString"/>
  <testcase time="0.01" classname="com.runwaysdk.query.ChildAttributeRelationshipQueryTest" name="testQueryIsParentInTimeNotEq"/>
  <testcase time="0.012" classname="com.runwaysdk.query.ChildAttributeRelationshipQueryTest" name="testQueryIsParentInTimeNotEq_Generated"/>
  <testcase time="0.01" classname="com.runwaysdk.query.ChildAttributeRelationshipQueryTest" name="testQueryIsParentInIntegerEqString"/>
  <testcase time="0.009" classname="com.runwaysdk.query.ChildAttributeRelationshipQueryTest" name="testQueryIsParentInIntegerEq"/>
  <testcase time="0.012" classname="com.runwaysdk.query.ChildAttributeRelationshipQueryTest" name="testQueryIsParentInIntegerEq_Generated"/>
  <testcase time="0.01" classname="com.runwaysdk.query.ChildAttributeRelationshipQueryTest" name="testQueryIsParentInIntegerGtString"/>
  <testcase time="0.01" classname="com.runwaysdk.query.ChildAttributeRelationshipQueryTest" name="testQueryIsParentInIntegerGt"/>
  <testcase time="0.012" classname="com.runwaysdk.query.ChildAttributeRelationshipQueryTest" name="testQueryIsParentInIntegerGt_Generated"/>
  <testcase time="0.014" classname="com.runwaysdk.query.ChildAttributeRelationshipQueryTest" name="testQueryIsParentInIntegerGtEqString"/>
  <testcase time="0.015" classname="com.runwaysdk.query.ChildAttributeRelationshipQueryTest" name="testQueryIsParentInIntegerGtEq"/>
  <testcase time="0.018" classname="com.runwaysdk.query.ChildAttributeRelationshipQueryTest" name="testQueryIsParentInIntegerGtEq_Generated"/>
  <testcase time="0.01" classname="com.runwaysdk.query.ChildAttributeRelationshipQueryTest" name="testQueryIsParentInIntegerLtString"/>
  <testcase time="0.009" classname="com.runwaysdk.query.ChildAttributeRelationshipQueryTest" name="testQueryIsParentInIntegerLt"/>
  <testcase time="0.012" classname="com.runwaysdk.query.ChildAttributeRelationshipQueryTest" name="testQueryIsParentInIntegerLt_Generated"/>
  <testcase time="0.015" classname="com.runwaysdk.query.ChildAttributeRelationshipQueryTest" name="testQueryIsParentInIntegerLtEqString"/>
  <testcase time="0.015" classname="com.runwaysdk.query.ChildAttributeRelationshipQueryTest" name="testQueryIsParentInIntegerLtEq"/>
  <testcase time="0.018" classname="com.runwaysdk.query.ChildAttributeRelationshipQueryTest" name="testQueryIsParentInIntegerLtEq_Generated"/>
  <testcase time="0.009" classname="com.runwaysdk.query.ChildAttributeRelationshipQueryTest" name="testQueryIsParentInIntegerNotEqString"/>
  <testcase time="0.01" classname="com.runwaysdk.query.ChildAttributeRelationshipQueryTest" name="testQueryIsParentInIntegerNotEq"/>
  <testcase time="0.012" classname="com.runwaysdk.query.ChildAttributeRelationshipQueryTest" name="testQueryIsParentInIntegerNotEq_Generated"/>
  <testcase time="0.01" classname="com.runwaysdk.query.ChildAttributeRelationshipQueryTest" name="testQueryIsParentInLongEqString"/>
  <testcase time="0.01" classname="com.runwaysdk.query.ChildAttributeRelationshipQueryTest" name="testQueryIsParentInLongEq"/>
  <testcase time="0.011" classname="com.runwaysdk.query.ChildAttributeRelationshipQueryTest" name="testQueryIsParentInLongEq_Generated"/>
  <testcase time="0.01" classname="com.runwaysdk.query.ChildAttributeRelationshipQueryTest" name="testQueryIsParentInLongGtString"/>
  <testcase time="0.009" classname="com.runwaysdk.query.ChildAttributeRelationshipQueryTest" name="testQueryIsParentInLongGt"/>
  <testcase time="0.012" classname="com.runwaysdk.query.ChildAttributeRelationshipQueryTest" name="testQueryIsParentInLongGt_Generated"/>
  <testcase time="0.015" classname="com.runwaysdk.query.ChildAttributeRelationshipQueryTest" name="testQueryIsParentInLongGtEqString"/>
  <testcase time="0.014" classname="com.runwaysdk.query.ChildAttributeRelationshipQueryTest" name="testQueryIsParentInLongGtEq"/>
  <testcase time="0.018" classname="com.runwaysdk.query.ChildAttributeRelationshipQueryTest" name="testQueryIsParentInLongGtEq_Generated"/>
  <testcase time="0.01" classname="com.runwaysdk.query.ChildAttributeRelationshipQueryTest" name="testQueryIsParentInLongLtString"/>
  <testcase time="0.01" classname="com.runwaysdk.query.ChildAttributeRelationshipQueryTest" name="testQueryIsParentInLongLt"/>
  <testcase time="0.011" classname="com.runwaysdk.query.ChildAttributeRelationshipQueryTest" name="testQueryIsParentInLongLt_Generated"/>
  <testcase time="0.015" classname="com.runwaysdk.query.ChildAttributeRelationshipQueryTest" name="testQueryIsParentInLongLtEqString"/>
  <testcase time="0.015" classname="com.runwaysdk.query.ChildAttributeRelationshipQueryTest" name="testQueryIsParentInLongLtEq"/>
  <testcase time="0.018" classname="com.runwaysdk.query.ChildAttributeRelationshipQueryTest" name="testQueryIsParentInLongLtEq_Generated"/>
  <testcase time="0.009" classname="com.runwaysdk.query.ChildAttributeRelationshipQueryTest" name="testQueryIsParentInLongNotEqString"/>
  <testcase time="0.009" classname="com.runwaysdk.query.ChildAttributeRelationshipQueryTest" name="testQueryIsParentInLongNotEq"/>
  <testcase time="0.011" classname="com.runwaysdk.query.ChildAttributeRelationshipQueryTest" name="testQueryIsParentInLongNotEq_Generated"/>
  <testcase time="0.01" classname="com.runwaysdk.query.ChildAttributeRelationshipQueryTest" name="testQueryIsParentInFloatEqString"/>
  <testcase time="0.01" classname="com.runwaysdk.query.ChildAttributeRelationshipQueryTest" name="testQueryIsParentInFloatEq"/>
  <testcase time="0.011" classname="com.runwaysdk.query.ChildAttributeRelationshipQueryTest" name="testQueryIsParentInFloatEq_Generated"/>
  <testcase time="0.01" classname="com.runwaysdk.query.ChildAttributeRelationshipQueryTest" name="testQueryIsParentInFloatGtString"/>
  <testcase time="0.01" classname="com.runwaysdk.query.ChildAttributeRelationshipQueryTest" name="testQueryIsParentInFloatGt"/>
  <testcase time="0.011" classname="com.runwaysdk.query.ChildAttributeRelationshipQueryTest" name="testQueryIsParentInFloatGt_Generated"/>
  <testcase time="0.015" classname="com.runwaysdk.query.ChildAttributeRelationshipQueryTest" name="testQueryIsParentInFloatGtEqString"/>
  <testcase time="0.015" classname="com.runwaysdk.query.ChildAttributeRelationshipQueryTest" name="testQueryIsParentInFloatGtEq"/>
  <testcase time="0.018" classname="com.runwaysdk.query.ChildAttributeRelationshipQueryTest" name="testQueryIsParentInFloatGtEq_Generated"/>
  <testcase time="0.01" classname="com.runwaysdk.query.ChildAttributeRelationshipQueryTest" name="testQueryIsParentInFloatLtString"/>
  <testcase time="0.009" classname="com.runwaysdk.query.ChildAttributeRelationshipQueryTest" name="testQueryIsParentInFloatLt"/>
  <testcase time="0.012" classname="com.runwaysdk.query.ChildAttributeRelationshipQueryTest" name="testQueryIsParentInFloatLt_Generated"/>
  <testcase time="0.015" classname="com.runwaysdk.query.ChildAttributeRelationshipQueryTest" name="testQueryIsParentInFloatLtEqString"/>
  <testcase time="0.014" classname="com.runwaysdk.query.ChildAttributeRelationshipQueryTest" name="testQueryIsParentInFloatLtEq"/>
  <testcase time="0.019" classname="com.runwaysdk.query.ChildAttributeRelationshipQueryTest" name="testQueryIsParentInFloatLtEq_Generated"/>
  <testcase time="0.009" classname="com.runwaysdk.query.ChildAttributeRelationshipQueryTest" name="testQueryIsParentInFloatNotEqString"/>
  <testcase time="0.01" classname="com.runwaysdk.query.ChildAttributeRelationshipQueryTest" name="testQueryIsParentInFloatNotEq"/>
  <testcase time="0.012" classname="com.runwaysdk.query.ChildAttributeRelationshipQueryTest" name="testQueryIsParentInFloatNotEq_Generated"/>
  <testcase time="0.01" classname="com.runwaysdk.query.ChildAttributeRelationshipQueryTest" name="testQueryIsParentInDecimalEqString"/>
  <testcase time="0.009" classname="com.runwaysdk.query.ChildAttributeRelationshipQueryTest" name="testQueryIsParentInDecimalEq"/>
  <testcase time="0.012" classname="com.runwaysdk.query.ChildAttributeRelationshipQueryTest" name="testQueryIsParentInDecimalEq_Generated"/>
  <testcase time="0.01" classname="com.runwaysdk.query.ChildAttributeRelationshipQueryTest" name="testQueryIsParentInDecimalGtString"/>
  <testcase time="0.009" classname="com.runwaysdk.query.ChildAttributeRelationshipQueryTest" name="testQueryIsParentInDecimalGt"/>
  <testcase time="0.012" classname="com.runwaysdk.query.ChildAttributeRelationshipQueryTest" name="testQueryIsParentInDecimalGt_Generated"/>
  <testcase time="0.014" classname="com.runwaysdk.query.ChildAttributeRelationshipQueryTest" name="testQueryIsParentInDecimalGtEqString"/>
  <testcase time="0.014" classname="com.runwaysdk.query.ChildAttributeRelationshipQueryTest" name="testQueryIsParentInDecimalGtEq"/>
  <testcase time="0.018" classname="com.runwaysdk.query.ChildAttributeRelationshipQueryTest" name="testQueryIsParentInDecimalGtEq_Generated"/>
  <testcase time="0.01" classname="com.runwaysdk.query.ChildAttributeRelationshipQueryTest" name="testQueryIsParentInDecimalLtString"/>
  <testcase time="0.01" classname="com.runwaysdk.query.ChildAttributeRelationshipQueryTest" name="testQueryIsParentInDecimalLt"/>
  <testcase time="0.012" classname="com.runwaysdk.query.ChildAttributeRelationshipQueryTest" name="testQueryIsParentInDecimalLt_Generated"/>
  <testcase time="0.015" classname="com.runwaysdk.query.ChildAttributeRelationshipQueryTest" name="testQueryIsParentInDecimalLtEqString"/>
  <testcase time="0.015" classname="com.runwaysdk.query.ChildAttributeRelationshipQueryTest" name="testQueryIsParentInDecimalLtEq"/>
  <testcase time="0.018" classname="com.runwaysdk.query.ChildAttributeRelationshipQueryTest" name="testQueryIsParentInDecimalLtEq_Generated"/>
  <testcase time="0.009" classname="com.runwaysdk.query.ChildAttributeRelationshipQueryTest" name="testQueryIsParentInDecimalNotEqString"/>
  <testcase time="0.01" classname="com.runwaysdk.query.ChildAttributeRelationshipQueryTest" name="testQueryIsParentInDecimalNotEq"/>
  <testcase time="0.012" classname="com.runwaysdk.query.ChildAttributeRelationshipQueryTest" name="testQueryIsParentInDecimalNotEq_Generated"/>
  <testcase time="0.01" classname="com.runwaysdk.query.ChildAttributeRelationshipQueryTest" name="testQueryIsParentInDoubleEqString"/>
  <testcase time="0.009" classname="com.runwaysdk.query.ChildAttributeRelationshipQueryTest" name="testQueryIsParentInDoubleEq"/>
  <testcase time="0.012" classname="com.runwaysdk.query.ChildAttributeRelationshipQueryTest" name="testQueryIsParentInDoubleEq_Generated"/>
  <testcase time="0.009" classname="com.runwaysdk.query.ChildAttributeRelationshipQueryTest" name="testQueryIsParentInDoubleGtString"/>
  <testcase time="0.01" classname="com.runwaysdk.query.ChildAttributeRelationshipQueryTest" name="testQueryIsParentInDoubleGt"/>
  <testcase time="0.012" classname="com.runwaysdk.query.ChildAttributeRelationshipQueryTest" name="testQueryIsParentInDoubleGt_Generated"/>
  <testcase time="0.014" classname="com.runwaysdk.query.ChildAttributeRelationshipQueryTest" name="testQueryIsParentInDoubleGtEqString"/>
  <testcase time="0.016" classname="com.runwaysdk.query.ChildAttributeRelationshipQueryTest" name="testQueryIsParentInDoubleGtEq"/>
  <testcase time="0.019" classname="com.runwaysdk.query.ChildAttributeRelationshipQueryTest" name="testQueryIsParentInDoubleGtEq_Generated"/>
  <testcase time="0.009" classname="com.runwaysdk.query.ChildAttributeRelationshipQueryTest" name="testQueryIsParentInDoubleLtString"/>
  <testcase time="0.009" classname="com.runwaysdk.query.ChildAttributeRelationshipQueryTest" name="testQueryIsParentInDoubleLt"/>
  <testcase time="0.012" classname="com.runwaysdk.query.ChildAttributeRelationshipQueryTest" name="testQueryIsParentInDoubleLt_Generated"/>
  <testcase time="0.015" classname="com.runwaysdk.query.ChildAttributeRelationshipQueryTest" name="testQueryIsParentInDoubleLtEqString"/>
  <testcase time="0.015" classname="com.runwaysdk.query.ChildAttributeRelationshipQueryTest" name="testQueryIsParentInDoubleLtEq"/>
  <testcase time="0.019" classname="com.runwaysdk.query.ChildAttributeRelationshipQueryTest" name="testQueryIsParentInDoubleLtEq_Generated"/>
  <testcase time="0.009" classname="com.runwaysdk.query.ChildAttributeRelationshipQueryTest" name="testQueryIsParentInDoubleNotEqString"/>
  <testcase time="0.01" classname="com.runwaysdk.query.ChildAttributeRelationshipQueryTest" name="testQueryIsParentInDoubleNotEq"/>
  <testcase time="0.012" classname="com.runwaysdk.query.ChildAttributeRelationshipQueryTest" name="testQueryIsParentInDoubleNotEq_Generated"/>
  <testcase time="0.009" classname="com.runwaysdk.query.ChildAttributeRelationshipQueryTest" name="testQueryIsParentInReferenceEqString"/>
  <testcase time="0.012" classname="com.runwaysdk.query.ChildAttributeRelationshipQueryTest" name="testQueryIsParentInReferenceEqString_Generated"/>
  <testcase time="0.016" classname="com.runwaysdk.query.ChildAttributeRelationshipQueryTest" name="testQueryIsParentInReferenceEq_Generated"/>
  <testcase time="0.015" classname="com.runwaysdk.query.ChildAttributeRelationshipQueryTest" name="testQueryIsParentInDateTimeLtEqString"/>
  <testcase time="0.105" classname="com.runwaysdk.query.ChildAttributeRelationshipQueryTest" name="testQueryIsParentInDateTimeLtEq"/>
  <testcase time="0.007" classname="com.runwaysdk.query.ChildAttributeRelationshipQueryTest" name="testQueryIsParentInDateStringLt"/>
  <testcase time="0.012" classname="com.runwaysdk.query.ChildAttributeRelationshipQueryTest" name="testQueryIsParentInDateLtEqString"/>
  <testcase time="0.013" classname="com.runwaysdk.query.ChildAttributeRelationshipQueryTest" name="testQueryIsParentInDateLtEq"/>
  <testcase time="0.015" classname="com.runwaysdk.query.ChildAttributeRelationshipQueryTest" name="testQueryIsParentInDateLtEq_Generated"/>
  <testcase time="0.012" classname="com.runwaysdk.query.ChildAttributeRelationshipQueryTest" name="testQueryIsParentInTimeLtEqString"/>
  <testcase time="0.013" classname="com.runwaysdk.query.ChildAttributeRelationshipQueryTest" name="testQueryIsParentInTimeLtEq"/>
  <testcase time="0.015" classname="com.runwaysdk.query.ChildAttributeRelationshipQueryTest" name="testQueryIsParentInTimeLtEq_Generated"/>
  <testcase time="2.916" classname="com.runwaysdk.query.EnumerationMasterQueryTest" name="testEnumMasterAllItems"/>
  <testcase time="0.034" classname="com.runwaysdk.query.EnumerationMasterQueryTest" name="testEnumMasterAllItems_Generated"/>
  <testcase time="0.021" classname="com.runwaysdk.query.EnumerationMasterQueryTest" name="testEnumMasterSomeItems1"/>
  <testcase time="0.025" classname="com.runwaysdk.query.EnumerationMasterQueryTest" name="testEnumMasterSomeItems1_Generated"/>
  <testcase time="0.021" classname="com.runwaysdk.query.EnumerationMasterQueryTest" name="testEnumMasterSomeItems2"/>
  <testcase time="0.025" classname="com.runwaysdk.query.EnumerationMasterQueryTest" name="testEnumMasterSomeItems2_Generated"/>
  <testcase time="0.025" classname="com.runwaysdk.query.ValueQueryTest" name="testCharacterLikeString"/>
  <testcase time="0.023" classname="com.runwaysdk.query.ValueQueryTest" name="testCharacterNotLikeString"/>
  <testcase time="0.003" classname="com.runwaysdk.query.ValueQueryTest" name="testTextLikeString"/>
  <testcase time="0.036" classname="com.runwaysdk.query.ValueQueryTest" name="testUnion"/>
  <testcase time="0.003" classname="com.runwaysdk.query.ValueQueryTest" name="testUnionAll"/>
  <testcase time="0.004" classname="com.runwaysdk.query.ValueQueryTest" name="testLeftJoinEqualSelectable"/>
  <testcase time="0.003" classname="com.runwaysdk.query.ValueQueryTest" name="testLeftJoinEqualQuery"/>
  <testcase time="0.003" classname="com.runwaysdk.query.ValueQueryTest" name="testLeftJoinNotEqualSelectable"/>
  <testcase time="0.002" classname="com.runwaysdk.query.ValueQueryTest" name="testLeftJoinNotEqualQuery"/>
  <testcase time="0.003" classname="com.runwaysdk.query.ValueQueryTest" name="testLeftJoinGreaterOrEqualSelectable"/>
  <testcase time="0.003" classname="com.runwaysdk.query.ValueQueryTest" name="testLeftJoinGreaterOrEqualQuery"/>
  <testcase time="0.003" classname="com.runwaysdk.query.ValueQueryTest" name="testLeftJoinGreaterThanSelectable"/>
  <testcase time="0.002" classname="com.runwaysdk.query.ValueQueryTest" name="testLeftJoinGreaterThanQuery"/>
  <testcase time="0.003" classname="com.runwaysdk.query.ValueQueryTest" name="testLeftJoinLessOrEqualSelectable"/>
  <testcase time="0.003" classname="com.runwaysdk.query.ValueQueryTest" name="testLeftJoinLessOrEqualQuery"/>
  <testcase time="0.003" classname="com.runwaysdk.query.ValueQueryTest" name="testLeftJoinLessThanSelectable"/>
  <testcase time="0.002" classname="com.runwaysdk.query.ValueQueryTest" name="testLeftJoinLessThanQuery"/>
  <testcase time="0.044" classname="com.runwaysdk.query.ValueQueryTest" name="testBooleanEqualBoolean"/>
  <testcase time="0.043" classname="com.runwaysdk.query.ValueQueryTest" name="testBooleanEqualString"/>
  <testcase time="0.078" classname="com.runwaysdk.query.ValueQueryTest" name="testBooleanEqualNull"/>
  <testcase time="0.044" classname="com.runwaysdk.query.ValueQueryTest" name="testBooleanNotEqualBoolean"/>
  <testcase time="0.043" classname="com.runwaysdk.query.ValueQueryTest" name="testBooleanNotEqualString"/>
  <testcase time="0.084" classname="com.runwaysdk.query.ValueQueryTest" name="testCharacterEqualString"/>
  <testcase time="0.02" classname="com.runwaysdk.query.ValueQueryTest" name="testCharacterEqualString_IgnoreCase"/>
  <testcase time="0.018" classname="com.runwaysdk.query.ValueQueryTest" name="testCharacterEqualStringInArray"/>
  <testcase time="0.023" classname="com.runwaysdk.query.ValueQueryTest" name="testCharacterEqualStringInArray_IgnoreCase"/>
  <testcase time="0.051" classname="com.runwaysdk.query.ValueQueryTest" name="testCharacterEqualNull"/>
  <testcase time="0.023" classname="com.runwaysdk.query.ValueQueryTest" name="testCharacterLikeString_IgnoreCase"/>
  <testcase time="0.023" classname="com.runwaysdk.query.ValueQueryTest" name="testCharacterNotEqualString"/>
  <testcase time="0.023" classname="com.runwaysdk.query.ValueQueryTest" name="testCharacterNotEqualString_IgnoreCase"/>
  <testcase time="0.023" classname="com.runwaysdk.query.ValueQueryTest" name="testCharacterNotEqualStringInArray"/>
  <testcase time="0.024" classname="com.runwaysdk.query.ValueQueryTest" name="testCharacterNotEqualStringInArray_IgnoreCase"/>
  <testcase time="0.024" classname="com.runwaysdk.query.ValueQueryTest" name="testCharacterNotLikeString_IgnoreCase"/>
  <testcase time="0.003" classname="com.runwaysdk.query.ValueQueryTest" name="testDateEqualDate"/>
  <testcase time="0.002" classname="com.runwaysdk.query.ValueQueryTest" name="testDateEqualString"/>
  <testcase time="0.002" classname="com.runwaysdk.query.ValueQueryTest" name="testDateGTDate"/>
  <testcase time="0.002" classname="com.runwaysdk.query.ValueQueryTest" name="testDateGTString"/>
  <testcase time="0.003" classname="com.runwaysdk.query.ValueQueryTest" name="testDateGEDate"/>
  <testcase time="0.003" classname="com.runwaysdk.query.ValueQueryTest" name="testDateGEString"/>
  <testcase time="0.05" classname="com.runwaysdk.query.ValueQueryTest" name="testDateEqualNull"/>
  <testcase time="0.002" classname="com.runwaysdk.query.ValueQueryTest" name="testDateLTDate"/>
  <testcase time="0.002" classname="com.runwaysdk.query.ValueQueryTest" name="testDateLTString"/>
  <testcase time="0.003" classname="com.runwaysdk.query.ValueQueryTest" name="testDateLEDate"/>
  <testcase time="0.003" classname="com.runwaysdk.query.ValueQueryTest" name="testDateLEString"/>
  <testcase time="0.002" classname="com.runwaysdk.query.ValueQueryTest" name="testDateNotEqualDate"/>
  <testcase time="0.002" classname="com.runwaysdk.query.ValueQueryTest" name="testDateNotEqualString"/>
  <testcase time="0.003" classname="com.runwaysdk.query.ValueQueryTest" name="testDateTimeEqualDateTime"/>
  <testcase time="0.002" classname="com.runwaysdk.query.ValueQueryTest" name="testDateTimeEqualString"/>
  <testcase time="0.002" classname="com.runwaysdk.query.ValueQueryTest" name="testDateTimeGTDateTime"/>
  <testcase time="0.002" classname="com.runwaysdk.query.ValueQueryTest" name="testDateTimeGTString"/>
  <testcase time="0.003" classname="com.runwaysdk.query.ValueQueryTest" name="testDateTimeGEDateTime"/>
  <testcase time="0.003" classname="com.runwaysdk.query.ValueQueryTest" name="testDateTimeGEString"/>
  <testcase time="0.054" classname="com.runwaysdk.query.ValueQueryTest" name="testDateTimeEqualNull"/>
  <testcase time="0.003" classname="com.runwaysdk.query.ValueQueryTest" name="testDateTimeLTDateTime"/>
  <testcase time="0.002" classname="com.runwaysdk.query.ValueQueryTest" name="testDateTimeLTString"/>
  <testcase time="0.004" classname="com.runwaysdk.query.ValueQueryTest" name="testDateTimeLEDateTime"/>
  <testcase time="0.002" classname="com.runwaysdk.query.ValueQueryTest" name="testDateTimeLEString"/>
  <testcase time="0.002" classname="com.runwaysdk.query.ValueQueryTest" name="testDateTimeNotEqualDateTime"/>
  <testcase time="0.002" classname="com.runwaysdk.query.ValueQueryTest" name="testDateTimeNotEqualString"/>
  <testcase time="0.003" classname="com.runwaysdk.query.ValueQueryTest" name="testDecimalEqualDecimal"/>
  <testcase time="0.002" classname="com.runwaysdk.query.ValueQueryTest" name="testDecimalEqualString"/>
  <testcase time="0.002" classname="com.runwaysdk.query.ValueQueryTest" name="testDecimalGTDecimal"/>
  <testcase time="0.002" classname="com.runwaysdk.query.ValueQueryTest" name="testDecimalGTString"/>
  <testcase time="0.003" classname="com.runwaysdk.query.ValueQueryTest" name="testDecimalGEDecimal"/>
  <testcase time="0.002" classname="com.runwaysdk.query.ValueQueryTest" name="testDecimalGEString"/>
  <testcase time="0.045" classname="com.runwaysdk.query.ValueQueryTest" name="testDecimalEqualNull"/>
  <testcase time="0.013" classname="com.runwaysdk.query.ValueQueryTest" name="testDecimalLTDecimal"/>
  <testcase time="0.002" classname="com.runwaysdk.query.ValueQueryTest" name="testDecimalLTString"/>
  <testcase time="0.002" classname="com.runwaysdk.query.ValueQueryTest" name="testDecimalLEDecimal"/>
  <testcase time="0.003" classname="com.runwaysdk.query.ValueQueryTest" name="testDecimalLEString"/>
  <testcase time="0.002" classname="com.runwaysdk.query.ValueQueryTest" name="testDecimalNotEqualDecimal"/>
  <testcase time="0.002" classname="com.runwaysdk.query.ValueQueryTest" name="testDecimalNotEqualString"/>
  <testcase time="0.003" classname="com.runwaysdk.query.ValueQueryTest" name="testDoubleEqualDouble"/>
  <testcase time="0.002" classname="com.runwaysdk.query.ValueQueryTest" name="testDoubleEqualString"/>
  <testcase time="0.002" classname="com.runwaysdk.query.ValueQueryTest" name="testDoubleGTDouble"/>
  <testcase time="0.002" classname="com.runwaysdk.query.ValueQueryTest" name="testDoubleGTString"/>
  <testcase time="0.002" classname="com.runwaysdk.query.ValueQueryTest" name="testDoubleGEDouble"/>
  <testcase time="0.002" classname="com.runwaysdk.query.ValueQueryTest" name="testDoubleGEString"/>
  <testcase time="0.05" classname="com.runwaysdk.query.ValueQueryTest" name="testDoubleEqualNull"/>
  <testcase time="0.003" classname="com.runwaysdk.query.ValueQueryTest" name="testDoubleLTDouble"/>
  <testcase time="0.002" classname="com.runwaysdk.query.ValueQueryTest" name="testDoubleLTString"/>
  <testcase time="0.002" classname="com.runwaysdk.query.ValueQueryTest" name="testDoubleLEDouble"/>
  <testcase time="0.003" classname="com.runwaysdk.query.ValueQueryTest" name="testDoubleLEString"/>
  <testcase time="0.002" classname="com.runwaysdk.query.ValueQueryTest" name="testDoubleNotEqualDouble"/>
  <testcase time="0.002" classname="com.runwaysdk.query.ValueQueryTest" name="testDoubleNotEqualString"/>
  <testcase time="0.002" classname="com.runwaysdk.query.ValueQueryTest" name="testFloatEqualFloat"/>
  <testcase time="0.002" classname="com.runwaysdk.query.ValueQueryTest" name="testFloatEqualString"/>
  <testcase time="0.002" classname="com.runwaysdk.query.ValueQueryTest" name="testFloatGTFloat"/>
  <testcase time="0.002" classname="com.runwaysdk.query.ValueQueryTest" name="testFloatGTString"/>
  <testcase time="0.002" classname="com.runwaysdk.query.ValueQueryTest" name="testFloatGEFloat"/>
  <testcase time="0.003" classname="com.runwaysdk.query.ValueQueryTest" name="testFloatGEString"/>
  <testcase time="0.049" classname="com.runwaysdk.query.ValueQueryTest" name="testFloatEqualNull"/>
  <testcase time="0.003" classname="com.runwaysdk.query.ValueQueryTest" name="testFloatLTFloat"/>
  <testcase time="0.002" classname="com.runwaysdk.query.ValueQueryTest" name="testFloatLTString"/>
  <testcase time="0.003" classname="com.runwaysdk.query.ValueQueryTest" name="testFloatLEFloat"/>
  <testcase time="0.002" classname="com.runwaysdk.query.ValueQueryTest" name="testFloatLEString"/>
  <testcase time="0.002" classname="com.runwaysdk.query.ValueQueryTest" name="testFloatNotEqualFloat"/>
  <testcase time="0.002" classname="com.runwaysdk.query.ValueQueryTest" name="testFloatNotEqualString"/>
  <testcase time="0.002" classname="com.runwaysdk.query.ValueQueryTest" name="testIntegerEqualInteger"/>
  <testcase time="0.002" classname="com.runwaysdk.query.ValueQueryTest" name="testIntegerEqualString"/>
  <testcase time="0.002" classname="com.runwaysdk.query.ValueQueryTest" name="testIntegerGTInteger"/>
  <testcase time="0.003" classname="com.runwaysdk.query.ValueQueryTest" name="testIntegerGTString"/>
  <testcase time="0.003" classname="com.runwaysdk.query.ValueQueryTest" name="testIntegerGEInteger"/>
  <testcase time="0.003" classname="com.runwaysdk.query.ValueQueryTest" name="testIntegerGEString"/>
  <testcase time="0.068" classname="com.runwaysdk.query.ValueQueryTest" name="testIntegerEqualNull"/>
  <testcase time="0.002" classname="com.runwaysdk.query.ValueQueryTest" name="testIntegerLTInteger"/>
  <testcase time="0.003" classname="com.runwaysdk.query.ValueQueryTest" name="testIntegerLTString"/>
  <testcase time="0.002" classname="com.runwaysdk.query.ValueQueryTest" name="testIntegerLEInteger"/>
  <testcase time="0.003" classname="com.runwaysdk.query.ValueQueryTest" name="testIntegerLEString"/>
  <testcase time="0.002" classname="com.runwaysdk.query.ValueQueryTest" name="testIntegerNotEqualInteger"/>
  <testcase time="0.003" classname="com.runwaysdk.query.ValueQueryTest" name="testIntegerNotEqualString"/>
  <testcase time="0.005" classname="com.runwaysdk.query.ValueQueryTest" name="testReplaceSelectable"/>
  <testcase time="0.002" classname="com.runwaysdk.query.ValueQueryTest" name="testLongEqualLong"/>
  <testcase time="0.002" classname="com.runwaysdk.query.ValueQueryTest" name="testLongEqualString"/>
  <testcase time="0.002" classname="com.runwaysdk.query.ValueQueryTest" name="testLongGTLong"/>
  <testcase time="0.002" classname="com.runwaysdk.query.ValueQueryTest" name="testLongGTString"/>
  <testcase time="0.003" classname="com.runwaysdk.query.ValueQueryTest" name="testLongGELong"/>
  <testcase time="0.002" classname="com.runwaysdk.query.ValueQueryTest" name="testLongGEString"/>
  <testcase time="0.051" classname="com.runwaysdk.query.ValueQueryTest" name="testLongEqualNull"/>
  <testcase time="0.003" classname="com.runwaysdk.query.ValueQueryTest" name="testLongLTLong"/>
  <testcase time="0.002" classname="com.runwaysdk.query.ValueQueryTest" name="testLongLTString"/>
  <testcase time="0.002" classname="com.runwaysdk.query.ValueQueryTest" name="testLongLELong"/>
  <testcase time="0.002" classname="com.runwaysdk.query.ValueQueryTest" name="testLongLEString"/>
  <testcase time="0.002" classname="com.runwaysdk.query.ValueQueryTest" name="testLongNotEqualLong"/>
  <testcase time="0.002" classname="com.runwaysdk.query.ValueQueryTest" name="testLongNotEqualString"/>
  <testcase time="0.002" classname="com.runwaysdk.query.ValueQueryTest" name="testTextEqualString"/>
  <testcase time="0.002" classname="com.runwaysdk.query.ValueQueryTest" name="testTextEqualString_IgnoreCase"/>
  <testcase time="0.003" classname="com.runwaysdk.query.ValueQueryTest" name="testTextEqualStringInArray"/>
  <testcase time="0.002" classname="com.runwaysdk.query.ValueQueryTest" name="testTextEqualStringInArray_IgnoreCase"/>
  <testcase time="0.045" classname="com.runwaysdk.query.ValueQueryTest" name="testTextEqualNull"/>
  <testcase time="0.016" classname="com.runwaysdk.query.ValueQueryTest" name="testTextLikeString_IgnoreCase"/>
  <testcase time="0.002" classname="com.runwaysdk.query.ValueQueryTest" name="testTextNotEqualString"/>
  <testcase time="0.002" classname="com.runwaysdk.query.ValueQueryTest" name="testTextNotEqualString_IgnoreCase"/>
  <testcase time="0.002" classname="com.runwaysdk.query.ValueQueryTest" name="testTextNotEqualStringInArray"/>
  <testcase time="0.002" classname="com.runwaysdk.query.ValueQueryTest" name="testTextNotEqualStringInArray_IgnoreCase"/>
  <testcase time="0.002" classname="com.runwaysdk.query.ValueQueryTest" name="testTextNotLikeString_IgnoreCase"/>
  <testcase time="0.003" classname="com.runwaysdk.query.ValueQueryTest" name="testTimeEqualTime"/>
  <testcase time="0.002" classname="com.runwaysdk.query.ValueQueryTest" name="testTimeEqualString"/>
  <testcase time="0.002" classname="com.runwaysdk.query.ValueQueryTest" name="testTimeGTTime"/>
  <testcase time="0.002" classname="com.runwaysdk.query.ValueQueryTest" name="testTimeGTString"/>
  <testcase time="0.003" classname="com.runwaysdk.query.ValueQueryTest" name="testTimeGETime"/>
  <testcase time="0.003" classname="com.runwaysdk.query.ValueQueryTest" name="testTimeGEString"/>
  <testcase time="0.051" classname="com.runwaysdk.query.ValueQueryTest" name="testTimeEqualNull"/>
  <testcase time="0.003" classname="com.runwaysdk.query.ValueQueryTest" name="testTimeLTTime"/>
  <testcase time="0.003" classname="com.runwaysdk.query.ValueQueryTest" name="testTimeLTString"/>
  <testcase time="0.003" classname="com.runwaysdk.query.ValueQueryTest" name="testTimeLETime"/>
  <testcase time="0.002" classname="com.runwaysdk.query.ValueQueryTest" name="testTimeLEString"/>
  <testcase time="0.003" classname="com.runwaysdk.query.ValueQueryTest" name="testTimeNotEqualTime"/>
  <testcase time="0.002" classname="com.runwaysdk.query.ValueQueryTest" name="testTimeNotEqualString"/>
  <testcase time="0.003" classname="com.runwaysdk.query.ValueQueryTest" name="testInvalidSubSelectInSelectClause"/>
  <testcase time="0.029" classname="com.runwaysdk.query.ValueQueryTest" name="testValidSubSelectInSelectClause"/>
  <testcase time="0.001" classname="com.runwaysdk.query.ValueQueryTest" name="testUsingEntityQueryForValueQuery"/>
  <testcase time="0.001" classname="com.runwaysdk.query.ValueQueryTest" name="testFalseContainsSQLSelectable"/>
  <testcase time="0.003" classname="com.runwaysdk.query.ValueQueryTest" name="testContainsSQLSelectableInSelectStatement"/>
  <testcase time="0.003" classname="com.runwaysdk.query.ValueQueryTest" name="testContainsSQLSelectableInWhere"/>
  <testcase time="0.002" classname="com.runwaysdk.query.ValueQueryTest" name="testCountBasic"/>
  <testcase time="0.002" classname="com.runwaysdk.query.ValueQueryTest" name="testCountExplicitGroupBy"/>
  <testcase time="0.03" classname="com.runwaysdk.query.ValueQueryTest" name="testCountImplicitGroupBy"/>
  <testcase time="0.005" classname="com.runwaysdk.query.ValueQueryReferenceTest" name="testCharacterLikeString"/>
  <testcase time="0.003" classname="com.runwaysdk.query.ValueQueryReferenceTest" name="testCharacterNotLikeString"/>
  <testcase time="0.003" classname="com.runwaysdk.query.ValueQueryReferenceTest" name="testTextLikeString"/>
  <testcase time="0.006" classname="com.runwaysdk.query.ValueQueryReferenceTest" name="testReferenceEnumerationContainsAll"/>
  <testcase time="0.005" classname="com.runwaysdk.query.ValueQueryReferenceTest" name="testReferenceEnumerationContainsAny"/>
  <testcase time="0.006" classname="com.runwaysdk.query.ValueQueryReferenceTest" name="testReferenceEnumerationContainsExactly"/>
  <testcase time="0.004" classname="com.runwaysdk.query.ValueQueryReferenceTest" name="testReferenceEnumerationNotContainsAll"/>
  <testcase time="0.004" classname="com.runwaysdk.query.ValueQueryReferenceTest" name="testReferenceEnumerationNotContainsAny"/>
  <testcase time="0.003" classname="com.runwaysdk.query.ValueQueryReferenceTest" name="testBooleanEqualBoolean"/>
  <testcase time="0.003" classname="com.runwaysdk.query.ValueQueryReferenceTest" name="testBooleanEqualString"/>
  <testcase time="0.033" classname="com.runwaysdk.query.ValueQueryReferenceTest" name="testBooleanEqualNull"/>
  <testcase time="0.003" classname="com.runwaysdk.query.ValueQueryReferenceTest" name="testBooleanNotEqualBoolean"/>
  <testcase time="0.002" classname="com.runwaysdk.query.ValueQueryReferenceTest" name="testBooleanNotEqualString"/>
  <testcase time="0.003" classname="com.runwaysdk.query.ValueQueryReferenceTest" name="testCharacterEqualString"/>
  <testcase time="0.003" classname="com.runwaysdk.query.ValueQueryReferenceTest" name="testCharacterEqualString_IgnoreCase"/>
  <testcase time="0.003" classname="com.runwaysdk.query.ValueQueryReferenceTest" name="testCharacterEqualStringInArray"/>
  <testcase time="0.004" classname="com.runwaysdk.query.ValueQueryReferenceTest" name="testCharacterEqualStringInArray_IgnoreCase"/>
  <testcase time="0.032" classname="com.runwaysdk.query.ValueQueryReferenceTest" name="testCharacterEqualNull"/>
  <testcase time="0.003" classname="com.runwaysdk.query.ValueQueryReferenceTest" name="testCharacterLikeString_IgnoreCase"/>
  <testcase time="0.004" classname="com.runwaysdk.query.ValueQueryReferenceTest" name="testCharacterNotEqualString"/>
  <testcase time="0.004" classname="com.runwaysdk.query.ValueQueryReferenceTest" name="testCharacterNotEqualString_IgnoreCase"/>
  <testcase time="0.003" classname="com.runwaysdk.query.ValueQueryReferenceTest" name="testCharacterNotEqualStringInArray"/>
  <testcase time="0.004" classname="com.runwaysdk.query.ValueQueryReferenceTest" name="testCharacterNotEqualStringInArray_IgnoreCase"/>
  <testcase time="0.004" classname="com.runwaysdk.query.ValueQueryReferenceTest" name="testCharacterNotLikeString_IgnoreCase"/>
  <testcase time="0.004" classname="com.runwaysdk.query.ValueQueryReferenceTest" name="testDateEqualDate"/>
  <testcase time="0.003" classname="com.runwaysdk.query.ValueQueryReferenceTest" name="testDateEqualString"/>
  <testcase time="0.004" classname="com.runwaysdk.query.ValueQueryReferenceTest" name="testDateGTDate"/>
  <testcase time="0.003" classname="com.runwaysdk.query.ValueQueryReferenceTest" name="testDateGTString"/>
  <testcase time="0.005" classname="com.runwaysdk.query.ValueQueryReferenceTest" name="testDateGEDate"/>
  <testcase time="0.005" classname="com.runwaysdk.query.ValueQueryReferenceTest" name="testDateGEString"/>
  <testcase time="0.028" classname="com.runwaysdk.query.ValueQueryReferenceTest" name="testDateEqualNull"/>
  <testcase time="0.004" classname="com.runwaysdk.query.ValueQueryReferenceTest" name="testDateLTDate"/>
  <testcase time="0.003" classname="com.runwaysdk.query.ValueQueryReferenceTest" name="testDateLTString"/>
  <testcase time="0.006" classname="com.runwaysdk.query.ValueQueryReferenceTest" name="testDateLEDate"/>
  <testcase time="0.004" classname="com.runwaysdk.query.ValueQueryReferenceTest" name="testDateLEString"/>
  <testcase time="0.004" classname="com.runwaysdk.query.ValueQueryReferenceTest" name="testDateNotEqualDate"/>
  <testcase time="0.004" classname="com.runwaysdk.query.ValueQueryReferenceTest" name="testDateNotEqualString"/>
  <testcase time="0.004" classname="com.runwaysdk.query.ValueQueryReferenceTest" name="testDateTimeEqualDateTime"/>
  <testcase time="0.003" classname="com.runwaysdk.query.ValueQueryReferenceTest" name="testDateTimeEqualString"/>
  <testcase time="0.004" classname="com.runwaysdk.query.ValueQueryReferenceTest" name="testDateTimeGTDateTime"/>
  <testcase time="0.003" classname="com.runwaysdk.query.ValueQueryReferenceTest" name="testDateTimeGTString"/>
  <testcase time="0.006" classname="com.runwaysdk.query.ValueQueryReferenceTest" name="testDateTimeGEDateTime"/>
  <testcase time="0.005" classname="com.runwaysdk.query.ValueQueryReferenceTest" name="testDateTimeGEString"/>
  <testcase time="0.033" classname="com.runwaysdk.query.ValueQueryReferenceTest" name="testDateTimeEqualNull"/>
  <testcase time="0.004" classname="com.runwaysdk.query.ValueQueryReferenceTest" name="testDateTimeLTDateTime"/>
  <testcase time="0.003" classname="com.runwaysdk.query.ValueQueryReferenceTest" name="testDateTimeLTString"/>
  <testcase time="0.005" classname="com.runwaysdk.query.ValueQueryReferenceTest" name="testDateTimeLEDateTime"/>
  <testcase time="0.004" classname="com.runwaysdk.query.ValueQueryReferenceTest" name="testDateTimeLEString"/>
  <testcase time="0.005" classname="com.runwaysdk.query.ValueQueryReferenceTest" name="testDateTimeNotEqualDateTime"/>
  <testcase time="0.003" classname="com.runwaysdk.query.ValueQueryReferenceTest" name="testDateTimeNotEqualString"/>
  <testcase time="0.004" classname="com.runwaysdk.query.ValueQueryReferenceTest" name="testDecimalEqualDecimal"/>
  <testcase time="0.003" classname="com.runwaysdk.query.ValueQueryReferenceTest" name="testDecimalEqualString"/>
  <testcase time="0.004" classname="com.runwaysdk.query.ValueQueryReferenceTest" name="testDecimalGTDecimal"/>
  <testcase time="0.003" classname="com.runwaysdk.query.ValueQueryReferenceTest" name="testDecimalGTString"/>
  <testcase time="0.005" classname="com.runwaysdk.query.ValueQueryReferenceTest" name="testDecimalGEDecimal"/>
  <testcase time="0.005" classname="com.runwaysdk.query.ValueQueryReferenceTest" name="testDecimalGEString"/>
  <testcase time="0.034" classname="com.runwaysdk.query.ValueQueryReferenceTest" name="testDecimalEqualNull"/>
  <testcase time="0.004" classname="com.runwaysdk.query.ValueQueryReferenceTest" name="testDecimalLTDecimal"/>
  <testcase time="0.003" classname="com.runwaysdk.query.ValueQueryReferenceTest" name="testDecimalLTString"/>
  <testcase time="0.004" classname="com.runwaysdk.query.ValueQueryReferenceTest" name="testDecimalLEDecimal"/>
  <testcase time="0.004" classname="com.runwaysdk.query.ValueQueryReferenceTest" name="testDecimalLEString"/>
  <testcase time="0.003" classname="com.runwaysdk.query.ValueQueryReferenceTest" name="testDecimalNotEqualDecimal"/>
  <testcase time="0.002" classname="com.runwaysdk.query.ValueQueryReferenceTest" name="testDecimalNotEqualString"/>
  <testcase time="0.003" classname="com.runwaysdk.query.ValueQueryReferenceTest" name="testDoubleEqualDouble"/>
  <testcase time="0.003" classname="com.runwaysdk.query.ValueQueryReferenceTest" name="testDoubleEqualString"/>
  <testcase time="0.003" classname="com.runwaysdk.query.ValueQueryReferenceTest" name="testDoubleGTDouble"/>
  <testcase time="0.003" classname="com.runwaysdk.query.ValueQueryReferenceTest" name="testDoubleGTString"/>
  <testcase time="0.005" classname="com.runwaysdk.query.ValueQueryReferenceTest" name="testDoubleGEDouble"/>
  <testcase time="0.004" classname="com.runwaysdk.query.ValueQueryReferenceTest" name="testDoubleGEString"/>
  <testcase time="0.031" classname="com.runwaysdk.query.ValueQueryReferenceTest" name="testDoubleEqualNull"/>
  <testcase time="0.004" classname="com.runwaysdk.query.ValueQueryReferenceTest" name="testDoubleLTDouble"/>
  <testcase time="0.003" classname="com.runwaysdk.query.ValueQueryReferenceTest" name="testDoubleLTString"/>
  <testcase time="0.004" classname="com.runwaysdk.query.ValueQueryReferenceTest" name="testDoubleLEDouble"/>
  <testcase time="0.004" classname="com.runwaysdk.query.ValueQueryReferenceTest" name="testDoubleLEString"/>
  <testcase time="0.003" classname="com.runwaysdk.query.ValueQueryReferenceTest" name="testDoubleNotEqualDouble"/>
  <testcase time="0.003" classname="com.runwaysdk.query.ValueQueryReferenceTest" name="testDoubleNotEqualString"/>
  <testcase time="0.003" classname="com.runwaysdk.query.ValueQueryReferenceTest" name="testFloatEqualFloat"/>
  <testcase time="0.003" classname="com.runwaysdk.query.ValueQueryReferenceTest" name="testFloatEqualString"/>
  <testcase time="0.003" classname="com.runwaysdk.query.ValueQueryReferenceTest" name="testFloatGTFloat"/>
  <testcase time="0.003" classname="com.runwaysdk.query.ValueQueryReferenceTest" name="testFloatGTString"/>
  <testcase time="0.005" classname="com.runwaysdk.query.ValueQueryReferenceTest" name="testFloatGEFloat"/>
  <testcase time="0.004" classname="com.runwaysdk.query.ValueQueryReferenceTest" name="testFloatGEString"/>
  <testcase time="0.196" classname="com.runwaysdk.query.ValueQueryReferenceTest" name="testFloatEqualNull"/>
  <testcase time="0.004" classname="com.runwaysdk.query.ValueQueryReferenceTest" name="testFloatLTFloat"/>
  <testcase time="0.003" classname="com.runwaysdk.query.ValueQueryReferenceTest" name="testFloatLTString"/>
  <testcase time="0.004" classname="com.runwaysdk.query.ValueQueryReferenceTest" name="testFloatLEFloat"/>
  <testcase time="0.004" classname="com.runwaysdk.query.ValueQueryReferenceTest" name="testFloatLEString"/>
  <testcase time="0.004" classname="com.runwaysdk.query.ValueQueryReferenceTest" name="testFloatNotEqualFloat"/>
  <testcase time="0.003" classname="com.runwaysdk.query.ValueQueryReferenceTest" name="testFloatNotEqualString"/>
  <testcase time="0.004" classname="com.runwaysdk.query.ValueQueryReferenceTest" name="testIntegerEqualInteger"/>
  <testcase time="0.003" classname="com.runwaysdk.query.ValueQueryReferenceTest" name="testIntegerEqualString"/>
  <testcase time="0.003" classname="com.runwaysdk.query.ValueQueryReferenceTest" name="testIntegerGTInteger"/>
  <testcase time="0.003" classname="com.runwaysdk.query.ValueQueryReferenceTest" name="testIntegerGTString"/>
  <testcase time="0.004" classname="com.runwaysdk.query.ValueQueryReferenceTest" name="testIntegerGEInteger"/>
  <testcase time="0.004" classname="com.runwaysdk.query.ValueQueryReferenceTest" name="testIntegerGEString"/>
  <testcase time="0.061" classname="com.runwaysdk.query.ValueQueryReferenceTest" name="testIntegerEqualNull"/>
  <testcase time="0.003" classname="com.runwaysdk.query.ValueQueryReferenceTest" name="testIntegerLTInteger"/>
  <testcase time="0.003" classname="com.runwaysdk.query.ValueQueryReferenceTest" name="testIntegerLTString"/>
  <testcase time="0.004" classname="com.runwaysdk.query.ValueQueryReferenceTest" name="testIntegerLEInteger"/>
  <testcase time="0.004" classname="com.runwaysdk.query.ValueQueryReferenceTest" name="testIntegerLEString"/>
  <testcase time="0.004" classname="com.runwaysdk.query.ValueQueryReferenceTest" name="testIntegerNotEqualInteger"/>
  <testcase time="0.003" classname="com.runwaysdk.query.ValueQueryReferenceTest" name="testIntegerNotEqualString"/>
  <testcase time="0.003" classname="com.runwaysdk.query.ValueQueryReferenceTest" name="testLongEqualLong"/>
  <testcase time="0.003" classname="com.runwaysdk.query.ValueQueryReferenceTest" name="testLongEqualString"/>
  <testcase time="0.004" classname="com.runwaysdk.query.ValueQueryReferenceTest" name="testLongGTLong"/>
  <testcase time="0.003" classname="com.runwaysdk.query.ValueQueryReferenceTest" name="testLongGTString"/>
  <testcase time="0.004" classname="com.runwaysdk.query.ValueQueryReferenceTest" name="testLongGELong"/>
  <testcase time="0.004" classname="com.runwaysdk.query.ValueQueryReferenceTest" name="testLongGEString"/>
  <testcase time="0.13" classname="com.runwaysdk.query.ValueQueryReferenceTest" name="testLongEqualNull"/>
  <testcase time="0.003" classname="com.runwaysdk.query.ValueQueryReferenceTest" name="testLongLTLong"/>
  <testcase time="0.003" classname="com.runwaysdk.query.ValueQueryReferenceTest" name="testLongLTString"/>
  <testcase time="0.004" classname="com.runwaysdk.query.ValueQueryReferenceTest" name="testLongLELong"/>
  <testcase time="0.005" classname="com.runwaysdk.query.ValueQueryReferenceTest" name="testLongLEString"/>
  <testcase time="0.003" classname="com.runwaysdk.query.ValueQueryReferenceTest" name="testLongNotEqualLong"/>
  <testcase time="0.004" classname="com.runwaysdk.query.ValueQueryReferenceTest" name="testLongNotEqualString"/>
  <testcase time="0.003" classname="com.runwaysdk.query.ValueQueryReferenceTest" name="testTextEqualString"/>
  <testcase time="0.004" classname="com.runwaysdk.query.ValueQueryReferenceTest" name="testTextEqualString_IgnoreCase"/>
  <testcase time="0.003" classname="com.runwaysdk.query.ValueQueryReferenceTest" name="testTextEqualStringInArray"/>
  <testcase time="0.003" classname="com.runwaysdk.query.ValueQueryReferenceTest" name="testTextEqualStringInArray_IgnoreCase"/>
  <testcase time="0.19" classname="com.runwaysdk.query.ValueQueryReferenceTest" name="testTextEqualNull"/>
  <testcase time="0.003" classname="com.runwaysdk.query.ValueQueryReferenceTest" name="testTextLikeString_IgnoreCase"/>
  <testcase time="0.003" classname="com.runwaysdk.query.ValueQueryReferenceTest" name="testTextNotEqualString"/>
  <testcase time="0.003" classname="com.runwaysdk.query.ValueQueryReferenceTest" name="testTextNotEqualString_IgnoreCase"/>
  <testcase time="0.003" classname="com.runwaysdk.query.ValueQueryReferenceTest" name="testTextNotEqualStringInArray"/>
  <testcase time="0.004" classname="com.runwaysdk.query.ValueQueryReferenceTest" name="testTextNotEqualStringInArray_IgnoreCase"/>
  <testcase time="0.003" classname="com.runwaysdk.query.ValueQueryReferenceTest" name="testTextNotLikeString_IgnoreCase"/>
  <testcase time="0.004" classname="com.runwaysdk.query.ValueQueryReferenceTest" name="testTimeEqualTime"/>
  <testcase time="0.003" classname="com.runwaysdk.query.ValueQueryReferenceTest" name="testTimeEqualString"/>
  <testcase time="0.004" classname="com.runwaysdk.query.ValueQueryReferenceTest" name="testTimeGTTime"/>
  <testcase time="0.003" classname="com.runwaysdk.query.ValueQueryReferenceTest" name="testTimeGTString"/>
  <testcase time="0.004" classname="com.runwaysdk.query.ValueQueryReferenceTest" name="testTimeGETime"/>
  <testcase time="0.004" classname="com.runwaysdk.query.ValueQueryReferenceTest" name="testTimeGEString"/>
  <testcase time="0.033" classname="com.runwaysdk.query.ValueQueryReferenceTest" name="testTimeEqualNull"/>
  <testcase time="0.003" classname="com.runwaysdk.query.ValueQueryReferenceTest" name="testTimeLTTime"/>
  <testcase time="0.003" classname="com.runwaysdk.query.ValueQueryReferenceTest" name="testTimeLTString"/>
  <testcase time="0.005" classname="com.runwaysdk.query.ValueQueryReferenceTest" name="testTimeLETime"/>
  <testcase time="0.004" classname="com.runwaysdk.query.ValueQueryReferenceTest" name="testTimeLEString"/>
  <testcase time="0.003" classname="com.runwaysdk.query.ValueQueryReferenceTest" name="testTimeNotEqualTime"/>
  <testcase time="0.003" classname="com.runwaysdk.query.ValueQueryReferenceTest" name="testTimeNotEqualString"/>
  <testcase time="0.002" classname="com.runwaysdk.query.ValueQueryReferenceTest" name="testReferenceEqualID"/>
  <testcase time="0.002" classname="com.runwaysdk.query.ValueQueryReferenceTest" name="testReferenceNotEqualID"/>
  <testcase time="0.002" classname="com.runwaysdk.query.ValueQueryReferenceTest" name="testReferenceInID"/>
  <testcase time="0.003" classname="com.runwaysdk.query.ValueQueryReferenceTest" name="testReferenceNiID"/>
  <testcase time="0.005" classname="com.runwaysdk.query.ValueQueryEnumTest" name="testCharacterLikeString"/>
  <testcase time="0.004" classname="com.runwaysdk.query.ValueQueryEnumTest" name="testCharacterNotLikeString"/>
  <testcase time="0.003" classname="com.runwaysdk.query.ValueQueryEnumTest" name="testTextLikeString"/>
  <testcase time="0.003" classname="com.runwaysdk.query.ValueQueryEnumTest" name="testEnumerationContainsAll"/>
  <testcase time="0.003" classname="com.runwaysdk.query.ValueQueryEnumTest" name="testEnumerationContainsAny"/>
  <testcase time="0.004" classname="com.runwaysdk.query.ValueQueryEnumTest" name="testEnumerationContainsExactly"/>
  <testcase time="0.003" classname="com.runwaysdk.query.ValueQueryEnumTest" name="testEnumerationNotContainsAll"/>
  <testcase time="0.004" classname="com.runwaysdk.query.ValueQueryEnumTest" name="testEnumerationNotContainsAny"/>
  <testcase time="0.003" classname="com.runwaysdk.query.ValueQueryEnumTest" name="testBooleanEqualBoolean"/>
  <testcase time="0.003" classname="com.runwaysdk.query.ValueQueryEnumTest" name="testBooleanEqualString"/>
  <testcase time="0.061" classname="com.runwaysdk.query.ValueQueryEnumTest" name="testBooleanEqualNull"/>
  <testcase time="0.004" classname="com.runwaysdk.query.ValueQueryEnumTest" name="testBooleanNotEqualBoolean"/>
  <testcase time="0.004" classname="com.runwaysdk.query.ValueQueryEnumTest" name="testBooleanNotEqualString"/>
  <testcase time="0.004" classname="com.runwaysdk.query.ValueQueryEnumTest" name="testCharacterEqualString"/>
  <testcase time="0.003" classname="com.runwaysdk.query.ValueQueryEnumTest" name="testCharacterEqualString_IgnoreCase"/>
  <testcase time="0.004" classname="com.runwaysdk.query.ValueQueryEnumTest" name="testCharacterEqualStringInArray"/>
  <testcase time="0.004" classname="com.runwaysdk.query.ValueQueryEnumTest" name="testCharacterEqualStringInArray_IgnoreCase"/>
  <testcase time="0.061" classname="com.runwaysdk.query.ValueQueryEnumTest" name="testCharacterEqualNull"/>
  <testcase time="0.004" classname="com.runwaysdk.query.ValueQueryEnumTest" name="testCharacterLikeString_IgnoreCase"/>
  <testcase time="0.004" classname="com.runwaysdk.query.ValueQueryEnumTest" name="testCharacterNotEqualString"/>
  <testcase time="0.004" classname="com.runwaysdk.query.ValueQueryEnumTest" name="testCharacterNotEqualString_IgnoreCase"/>
  <testcase time="0.004" classname="com.runwaysdk.query.ValueQueryEnumTest" name="testCharacterNotEqualStringInArray"/>
  <testcase time="0.004" classname="com.runwaysdk.query.ValueQueryEnumTest" name="testCharacterNotEqualStringInArray_IgnoreCase"/>
  <testcase time="0.005" classname="com.runwaysdk.query.ValueQueryEnumTest" name="testCharacterNotLikeString_IgnoreCase"/>
  <testcase time="0.004" classname="com.runwaysdk.query.ValueQueryEnumTest" name="testDateEqualDate"/>
  <testcase time="0.004" classname="com.runwaysdk.query.ValueQueryEnumTest" name="testDateEqualString"/>
  <testcase time="0.005" classname="com.runwaysdk.query.ValueQueryEnumTest" name="testDateGTDate"/>
  <testcase time="0.003" classname="com.runwaysdk.query.ValueQueryEnumTest" name="testDateGTString"/>
  <testcase time="0.006" classname="com.runwaysdk.query.ValueQueryEnumTest" name="testDateGEDate"/>
  <testcase time="0.006" classname="com.runwaysdk.query.ValueQueryEnumTest" name="testDateGEString"/>
  <testcase time="0.062" classname="com.runwaysdk.query.ValueQueryEnumTest" name="testDateEqualNull"/>
  <testcase time="0.005" classname="com.runwaysdk.query.ValueQueryEnumTest" name="testDateLTDate"/>
  <testcase time="0.004" classname="com.runwaysdk.query.ValueQueryEnumTest" name="testDateLTString"/>
  <testcase time="0.006" classname="com.runwaysdk.query.ValueQueryEnumTest" name="testDateLEDate"/>
  <testcase time="0.006" classname="com.runwaysdk.query.ValueQueryEnumTest" name="testDateLEString"/>
  <testcase time="0.004" classname="com.runwaysdk.query.ValueQueryEnumTest" name="testDateNotEqualDate"/>
  <testcase time="0.004" classname="com.runwaysdk.query.ValueQueryEnumTest" name="testDateNotEqualString"/>
  <testcase time="0.004" classname="com.runwaysdk.query.ValueQueryEnumTest" name="testDateTimeEqualDateTime"/>
  <testcase time="0.004" classname="com.runwaysdk.query.ValueQueryEnumTest" name="testDateTimeEqualString"/>
  <testcase time="0.005" classname="com.runwaysdk.query.ValueQueryEnumTest" name="testDateTimeGTDateTime"/>
  <testcase time="0.004" classname="com.runwaysdk.query.ValueQueryEnumTest" name="testDateTimeGTString"/>
  <testcase time="0.007" classname="com.runwaysdk.query.ValueQueryEnumTest" name="testDateTimeGEDateTime"/>
  <testcase time="0.005" classname="com.runwaysdk.query.ValueQueryEnumTest" name="testDateTimeGEString"/>
  <testcase time="0.067" classname="com.runwaysdk.query.ValueQueryEnumTest" name="testDateTimeEqualNull"/>
  <testcase time="0.005" classname="com.runwaysdk.query.ValueQueryEnumTest" name="testDateTimeLTDateTime"/>
  <testcase time="0.003" classname="com.runwaysdk.query.ValueQueryEnumTest" name="testDateTimeLTString"/>
  <testcase time="0.006" classname="com.runwaysdk.query.ValueQueryEnumTest" name="testDateTimeLEDateTime"/>
  <testcase time="0.006" classname="com.runwaysdk.query.ValueQueryEnumTest" name="testDateTimeLEString"/>
  <testcase time="0.004" classname="com.runwaysdk.query.ValueQueryEnumTest" name="testDateTimeNotEqualDateTime"/>
  <testcase time="0.004" classname="com.runwaysdk.query.ValueQueryEnumTest" name="testDateTimeNotEqualString"/>
  <testcase time="0.004" classname="com.runwaysdk.query.ValueQueryEnumTest" name="testDecimalEqualDecimal"/>
  <testcase time="0.004" classname="com.runwaysdk.query.ValueQueryEnumTest" name="testDecimalEqualString"/>
  <testcase time="0.003" classname="com.runwaysdk.query.ValueQueryEnumTest" name="testDecimalGTDecimal"/>
  <testcase time="0.004" classname="com.runwaysdk.query.ValueQueryEnumTest" name="testDecimalGTString"/>
  <testcase time="0.005" classname="com.runwaysdk.query.ValueQueryEnumTest" name="testDecimalGEDecimal"/>
  <testcase time="0.005" classname="com.runwaysdk.query.ValueQueryEnumTest" name="testDecimalGEString"/>
  <testcase time="0.063" classname="com.runwaysdk.query.ValueQueryEnumTest" name="testDecimalEqualNull"/>
  <testcase time="0.004" classname="com.runwaysdk.query.ValueQueryEnumTest" name="testDecimalLTDecimal"/>
  <testcase time="0.004" classname="com.runwaysdk.query.ValueQueryEnumTest" name="testDecimalLTString"/>
  <testcase time="0.005" classname="com.runwaysdk.query.ValueQueryEnumTest" name="testDecimalLEDecimal"/>
  <testcase time="0.005" classname="com.runwaysdk.query.ValueQueryEnumTest" name="testDecimalLEString"/>
  <testcase time="0.004" classname="com.runwaysdk.query.ValueQueryEnumTest" name="testDecimalNotEqualDecimal"/>
  <testcase time="0.003" classname="com.runwaysdk.query.ValueQueryEnumTest" name="testDecimalNotEqualString"/>
  <testcase time="0.003" classname="com.runwaysdk.query.ValueQueryEnumTest" name="testDoubleEqualDouble"/>
  <testcase time="0.004" classname="com.runwaysdk.query.ValueQueryEnumTest" name="testDoubleEqualString"/>
  <testcase time="0.004" classname="com.runwaysdk.query.ValueQueryEnumTest" name="testDoubleGTDouble"/>
  <testcase time="0.003" classname="com.runwaysdk.query.ValueQueryEnumTest" name="testDoubleGTString"/>
  <testcase time="0.005" classname="com.runwaysdk.query.ValueQueryEnumTest" name="testDoubleGEDouble"/>
  <testcase time="0.005" classname="com.runwaysdk.query.ValueQueryEnumTest" name="testDoubleGEString"/>
  <testcase time="0.067" classname="com.runwaysdk.query.ValueQueryEnumTest" name="testDoubleEqualNull"/>
  <testcase time="0.004" classname="com.runwaysdk.query.ValueQueryEnumTest" name="testDoubleLTDouble"/>
  <testcase time="0.003" classname="com.runwaysdk.query.ValueQueryEnumTest" name="testDoubleLTString"/>
  <testcase time="0.005" classname="com.runwaysdk.query.ValueQueryEnumTest" name="testDoubleLEDouble"/>
  <testcase time="0.005" classname="com.runwaysdk.query.ValueQueryEnumTest" name="testDoubleLEString"/>
  <testcase time="0.003" classname="com.runwaysdk.query.ValueQueryEnumTest" name="testDoubleNotEqualDouble"/>
  <testcase time="0.004" classname="com.runwaysdk.query.ValueQueryEnumTest" name="testDoubleNotEqualString"/>
  <testcase time="0.004" classname="com.runwaysdk.query.ValueQueryEnumTest" name="testFloatEqualFloat"/>
  <testcase time="0.003" classname="com.runwaysdk.query.ValueQueryEnumTest" name="testFloatEqualString"/>
  <testcase time="0.003" classname="com.runwaysdk.query.ValueQueryEnumTest" name="testFloatGTFloat"/>
  <testcase time="0.004" classname="com.runwaysdk.query.ValueQueryEnumTest" name="testFloatGTString"/>
  <testcase time="0.005" classname="com.runwaysdk.query.ValueQueryEnumTest" name="testFloatGEFloat"/>
  <testcase time="0.005" classname="com.runwaysdk.query.ValueQueryEnumTest" name="testFloatGEString"/>
  <testcase time="0.066" classname="com.runwaysdk.query.ValueQueryEnumTest" name="testFloatEqualNull"/>
  <testcase time="0.004" classname="com.runwaysdk.query.ValueQueryEnumTest" name="testFloatLTFloat"/>
  <testcase time="0.004" classname="com.runwaysdk.query.ValueQueryEnumTest" name="testFloatLTString"/>
  <testcase time="0.006" classname="com.runwaysdk.query.ValueQueryEnumTest" name="testFloatLEFloat"/>
  <testcase time="0.005" classname="com.runwaysdk.query.ValueQueryEnumTest" name="testFloatLEString"/>
  <testcase time="0.004" classname="com.runwaysdk.query.ValueQueryEnumTest" name="testFloatNotEqualFloat"/>
  <testcase time="0.004" classname="com.runwaysdk.query.ValueQueryEnumTest" name="testFloatNotEqualString"/>
  <testcase time="0.004" classname="com.runwaysdk.query.ValueQueryEnumTest" name="testIntegerEqualInteger"/>
  <testcase time="0.004" classname="com.runwaysdk.query.ValueQueryEnumTest" name="testIntegerEqualString"/>
  <testcase time="0.003" classname="com.runwaysdk.query.ValueQueryEnumTest" name="testIntegerGTInteger"/>
  <testcase time="0.004" classname="com.runwaysdk.query.ValueQueryEnumTest" name="testIntegerGTString"/>
  <testcase time="0.006" classname="com.runwaysdk.query.ValueQueryEnumTest" name="testIntegerGEInteger"/>
  <testcase time="0.005" classname="com.runwaysdk.query.ValueQueryEnumTest" name="testIntegerGEString"/>
  <testcase time="0.063" classname="com.runwaysdk.query.ValueQueryEnumTest" name="testIntegerEqualNull"/>
  <testcase time="0.004" classname="com.runwaysdk.query.ValueQueryEnumTest" name="testIntegerLTInteger"/>
  <testcase time="0.004" classname="com.runwaysdk.query.ValueQueryEnumTest" name="testIntegerLTString"/>
  <testcase time="0.005" classname="com.runwaysdk.query.ValueQueryEnumTest" name="testIntegerLEInteger"/>
  <testcase time="0.005" classname="com.runwaysdk.query.ValueQueryEnumTest" name="testIntegerLEString"/>
  <testcase time="0.003" classname="com.runwaysdk.query.ValueQueryEnumTest" name="testIntegerNotEqualInteger"/>
  <testcase time="0.004" classname="com.runwaysdk.query.ValueQueryEnumTest" name="testIntegerNotEqualString"/>
  <testcase time="0.004" classname="com.runwaysdk.query.ValueQueryEnumTest" name="testLongEqualLong"/>
  <testcase time="0.004" classname="com.runwaysdk.query.ValueQueryEnumTest" name="testLongEqualString"/>
  <testcase time="0.003" classname="com.runwaysdk.query.ValueQueryEnumTest" name="testLongGTLong"/>
  <testcase time="0.004" classname="com.runwaysdk.query.ValueQueryEnumTest" name="testLongGTString"/>
  <testcase time="0.005" classname="com.runwaysdk.query.ValueQueryEnumTest" name="testLongGELong"/>
  <testcase time="0.005" classname="com.runwaysdk.query.ValueQueryEnumTest" name="testLongGEString"/>
  <testcase time="0.065" classname="com.runwaysdk.query.ValueQueryEnumTest" name="testLongEqualNull"/>
  <testcase time="0.004" classname="com.runwaysdk.query.ValueQueryEnumTest" name="testLongLTLong"/>
  <testcase time="0.004" classname="com.runwaysdk.query.ValueQueryEnumTest" name="testLongLTString"/>
  <testcase time="0.005" classname="com.runwaysdk.query.ValueQueryEnumTest" name="testLongLELong"/>
  <testcase time="0.005" classname="com.runwaysdk.query.ValueQueryEnumTest" name="testLongLEString"/>
  <testcase time="0.004" classname="com.runwaysdk.query.ValueQueryEnumTest" name="testLongNotEqualLong"/>
  <testcase time="0.004" classname="com.runwaysdk.query.ValueQueryEnumTest" name="testLongNotEqualString"/>
  <testcase time="0.004" classname="com.runwaysdk.query.ValueQueryEnumTest" name="testTextEqualString"/>
  <testcase time="0.004" classname="com.runwaysdk.query.ValueQueryEnumTest" name="testTextEqualString_IgnoreCase"/>
  <testcase time="0.004" classname="com.runwaysdk.query.ValueQueryEnumTest" name="testTextEqualStringInArray"/>
  <testcase time="0.004" classname="com.runwaysdk.query.ValueQueryEnumTest" name="testTextEqualStringInArray_IgnoreCase"/>
  <testcase time="0.065" classname="com.runwaysdk.query.ValueQueryEnumTest" name="testTextEqualNull"/>
  <testcase time="0.004" classname="com.runwaysdk.query.ValueQueryEnumTest" name="testTextLikeString_IgnoreCase"/>
  <testcase time="0.004" classname="com.runwaysdk.query.ValueQueryEnumTest" name="testTextNotEqualString"/>
  <testcase time="0.004" classname="com.runwaysdk.query.ValueQueryEnumTest" name="testTextNotEqualString_IgnoreCase"/>
  <testcase time="0.005" classname="com.runwaysdk.query.ValueQueryEnumTest" name="testTextNotEqualStringInArray"/>
  <testcase time="0.005" classname="com.runwaysdk.query.ValueQueryEnumTest" name="testTextNotEqualStringInArray_IgnoreCase"/>
  <testcase time="0.004" classname="com.runwaysdk.query.ValueQueryEnumTest" name="testTextNotLikeString_IgnoreCase"/>
  <testcase time="0.005" classname="com.runwaysdk.query.ValueQueryEnumTest" name="testTimeEqualTime"/>
  <testcase time="0.004" classname="com.runwaysdk.query.ValueQueryEnumTest" name="testTimeEqualString"/>
  <testcase time="0.004" classname="com.runwaysdk.query.ValueQueryEnumTest" name="testTimeGTTime"/>
  <testcase time="0.004" classname="com.runwaysdk.query.ValueQueryEnumTest" name="testTimeGTString"/>
  <testcase time="0.006" classname="com.runwaysdk.query.ValueQueryEnumTest" name="testTimeGETime"/>
  <testcase time="0.005" classname="com.runwaysdk.query.ValueQueryEnumTest" name="testTimeGEString"/>
  <testcase time="0.06" classname="com.runwaysdk.query.ValueQueryEnumTest" name="testTimeEqualNull"/>
  <testcase time="0.005" classname="com.runwaysdk.query.ValueQueryEnumTest" name="testTimeLTTime"/>
  <testcase time="0.004" classname="com.runwaysdk.query.ValueQueryEnumTest" name="testTimeLTString"/>
  <testcase time="0.006" classname="com.runwaysdk.query.ValueQueryEnumTest" name="testTimeLETime"/>
  <testcase time="0.006" classname="com.runwaysdk.query.ValueQueryEnumTest" name="testTimeLEString"/>
  <testcase time="0.004" classname="com.runwaysdk.query.ValueQueryEnumTest" name="testTimeNotEqualTime"/>
  <testcase time="0.004" classname="com.runwaysdk.query.ValueQueryEnumTest" name="testTimeNotEqualString"/>
  <testcase time="0.004" classname="com.runwaysdk.query.ValueQueryStructTest" name="testCharacterLikeString"/>
  <testcase time="0.003" classname="com.runwaysdk.query.ValueQueryStructTest" name="testCharacterNotLikeString"/>
  <testcase time="0.004" classname="com.runwaysdk.query.ValueQueryStructTest" name="testTextLikeString"/>
  <testcase time="0.006" classname="com.runwaysdk.query.ValueQueryStructTest" name="testStructEnumerationContainsAll"/>
  <testcase time="0.005" classname="com.runwaysdk.query.ValueQueryStructTest" name="testStructEnumerationContainsAny"/>
  <testcase time="0.008" classname="com.runwaysdk.query.ValueQueryStructTest" name="testStructEnumerationContainsExactly"/>
  <testcase time="0.004" classname="com.runwaysdk.query.ValueQueryStructTest" name="testStructEnumerationNotContainsAll"/>
  <testcase time="0.005" classname="com.runwaysdk.query.ValueQueryStructTest" name="testStructEnumerationNotContainsAny"/>
  <testcase time="0.003" classname="com.runwaysdk.query.ValueQueryStructTest" name="testBooleanEqualBoolean"/>
  <testcase time="0.003" classname="com.runwaysdk.query.ValueQueryStructTest" name="testBooleanEqualString"/>
  <testcase time="0.031" classname="com.runwaysdk.query.ValueQueryStructTest" name="testBooleanEqualNull"/>
  <testcase time="0.004" classname="com.runwaysdk.query.ValueQueryStructTest" name="testBooleanNotEqualBoolean"/>
  <testcase time="0.003" classname="com.runwaysdk.query.ValueQueryStructTest" name="testBooleanNotEqualString"/>
  <testcase time="0.004" classname="com.runwaysdk.query.ValueQueryStructTest" name="testCharacterEqualString"/>
  <testcase time="0.003" classname="com.runwaysdk.query.ValueQueryStructTest" name="testCharacterEqualString_IgnoreCase"/>
  <testcase time="0.004" classname="com.runwaysdk.query.ValueQueryStructTest" name="testCharacterEqualStringInArray"/>
  <testcase time="0.004" classname="com.runwaysdk.query.ValueQueryStructTest" name="testCharacterEqualStringInArray_IgnoreCase"/>
  <testcase time="0.028" classname="com.runwaysdk.query.ValueQueryStructTest" name="testCharacterEqualNull"/>
  <testcase time="0.004" classname="com.runwaysdk.query.ValueQueryStructTest" name="testCharacterLikeString_IgnoreCase"/>
  <testcase time="0.004" classname="com.runwaysdk.query.ValueQueryStructTest" name="testCharacterNotEqualString"/>
  <testcase time="0.004" classname="com.runwaysdk.query.ValueQueryStructTest" name="testCharacterNotEqualString_IgnoreCase"/>
  <testcase time="0.003" classname="com.runwaysdk.query.ValueQueryStructTest" name="testCharacterNotEqualStringInArray"/>
  <testcase time="0.003" classname="com.runwaysdk.query.ValueQueryStructTest" name="testCharacterNotEqualStringInArray_IgnoreCase"/>
  <testcase time="0.003" classname="com.runwaysdk.query.ValueQueryStructTest" name="testCharacterNotLikeString_IgnoreCase"/>
  <testcase time="0.004" classname="com.runwaysdk.query.ValueQueryStructTest" name="testDateEqualDate"/>
  <testcase time="0.004" classname="com.runwaysdk.query.ValueQueryStructTest" name="testDateEqualString"/>
  <testcase time="0.004" classname="com.runwaysdk.query.ValueQueryStructTest" name="testDateGTDate"/>
  <testcase time="0.003" classname="com.runwaysdk.query.ValueQueryStructTest" name="testDateGTString"/>
  <testcase time="0.006" classname="com.runwaysdk.query.ValueQueryStructTest" name="testDateGEDate"/>
  <testcase time="0.004" classname="com.runwaysdk.query.ValueQueryStructTest" name="testDateGEString"/>
  <testcase time="0.029" classname="com.runwaysdk.query.ValueQueryStructTest" name="testDateEqualNull"/>
  <testcase time="0.004" classname="com.runwaysdk.query.ValueQueryStructTest" name="testDateLTDate"/>
  <testcase time="0.004" classname="com.runwaysdk.query.ValueQueryStructTest" name="testDateLTString"/>
  <testcase time="0.005" classname="com.runwaysdk.query.ValueQueryStructTest" name="testDateLEDate"/>
  <testcase time="0.005" classname="com.runwaysdk.query.ValueQueryStructTest" name="testDateLEString"/>
  <testcase time="0.004" classname="com.runwaysdk.query.ValueQueryStructTest" name="testDateNotEqualDate"/>
  <testcase time="0.004" classname="com.runwaysdk.query.ValueQueryStructTest" name="testDateNotEqualString"/>
  <testcase time="0.004" classname="com.runwaysdk.query.ValueQueryStructTest" name="testDateTimeEqualDateTime"/>
  <testcase time="0.004" classname="com.runwaysdk.query.ValueQueryStructTest" name="testDateTimeEqualString"/>
  <testcase time="0.003" classname="com.runwaysdk.query.ValueQueryStructTest" name="testDateTimeGTDateTime"/>
  <testcase time="0.003" classname="com.runwaysdk.query.ValueQueryStructTest" name="testDateTimeGTString"/>
  <testcase time="0.005" classname="com.runwaysdk.query.ValueQueryStructTest" name="testDateTimeGEDateTime"/>
  <testcase time="0.004" classname="com.runwaysdk.query.ValueQueryStructTest" name="testDateTimeGEString"/>
  <testcase time="0.032" classname="com.runwaysdk.query.ValueQueryStructTest" name="testDateTimeEqualNull"/>
  <testcase time="0.016" classname="com.runwaysdk.query.ValueQueryStructTest" name="testDateTimeLTDateTime"/>
  <testcase time="0.003" classname="com.runwaysdk.query.ValueQueryStructTest" name="testDateTimeLTString"/>
  <testcase time="0.005" classname="com.runwaysdk.query.ValueQueryStructTest" name="testDateTimeLEDateTime"/>
  <testcase time="0.004" classname="com.runwaysdk.query.ValueQueryStructTest" name="testDateTimeLEString"/>
  <testcase time="0.004" classname="com.runwaysdk.query.ValueQueryStructTest" name="testDateTimeNotEqualDateTime"/>
  <testcase time="0.003" classname="com.runwaysdk.query.ValueQueryStructTest" name="testDateTimeNotEqualString"/>
  <testcase time="0.004" classname="com.runwaysdk.query.ValueQueryStructTest" name="testDecimalEqualDecimal"/>
  <testcase time="0.003" classname="com.runwaysdk.query.ValueQueryStructTest" name="testDecimalEqualString"/>
  <testcase time="0.003" classname="com.runwaysdk.query.ValueQueryStructTest" name="testDecimalGTDecimal"/>
  <testcase time="0.003" classname="com.runwaysdk.query.ValueQueryStructTest" name="testDecimalGTString"/>
  <testcase time="0.004" classname="com.runwaysdk.query.ValueQueryStructTest" name="testDecimalGEDecimal"/>
  <testcase time="0.004" classname="com.runwaysdk.query.ValueQueryStructTest" name="testDecimalGEString"/>
  <testcase time="0.034" classname="com.runwaysdk.query.ValueQueryStructTest" name="testDecimalEqualNull"/>
  <testcase time="0.004" classname="com.runwaysdk.query.ValueQueryStructTest" name="testDecimalLTDecimal"/>
  <testcase time="0.003" classname="com.runwaysdk.query.ValueQueryStructTest" name="testDecimalLTString"/>
  <testcase time="0.004" classname="com.runwaysdk.query.ValueQueryStructTest" name="testDecimalLEDecimal"/>
  <testcase time="0.004" classname="com.runwaysdk.query.ValueQueryStructTest" name="testDecimalLEString"/>
  <testcase time="0.004" classname="com.runwaysdk.query.ValueQueryStructTest" name="testDecimalNotEqualDecimal"/>
  <testcase time="0.003" classname="com.runwaysdk.query.ValueQueryStructTest" name="testDecimalNotEqualString"/>
  <testcase time="0.003" classname="com.runwaysdk.query.ValueQueryStructTest" name="testDoubleEqualDouble"/>
  <testcase time="0.003" classname="com.runwaysdk.query.ValueQueryStructTest" name="testDoubleEqualString"/>
  <testcase time="0.003" classname="com.runwaysdk.query.ValueQueryStructTest" name="testDoubleGTDouble"/>
  <testcase time="0.003" classname="com.runwaysdk.query.ValueQueryStructTest" name="testDoubleGTString"/>
  <testcase time="0.005" classname="com.runwaysdk.query.ValueQueryStructTest" name="testDoubleGEDouble"/>
  <testcase time="0.004" classname="com.runwaysdk.query.ValueQueryStructTest" name="testDoubleGEString"/>
  <testcase time="0.032" classname="com.runwaysdk.query.ValueQueryStructTest" name="testDoubleEqualNull"/>
  <testcase time="0.003" classname="com.runwaysdk.query.ValueQueryStructTest" name="testDoubleLTDouble"/>
  <testcase time="0.003" classname="com.runwaysdk.query.ValueQueryStructTest" name="testDoubleLTString"/>
  <testcase time="0.005" classname="com.runwaysdk.query.ValueQueryStructTest" name="testDoubleLEDouble"/>
  <testcase time="0.004" classname="com.runwaysdk.query.ValueQueryStructTest" name="testDoubleLEString"/>
  <testcase time="0.003" classname="com.runwaysdk.query.ValueQueryStructTest" name="testDoubleNotEqualDouble"/>
  <testcase time="0.003" classname="com.runwaysdk.query.ValueQueryStructTest" name="testDoubleNotEqualString"/>
  <testcase time="0.003" classname="com.runwaysdk.query.ValueQueryStructTest" name="testFloatEqualFloat"/>
  <testcase time="0.003" classname="com.runwaysdk.query.ValueQueryStructTest" name="testFloatEqualString"/>
  <testcase time="0.003" classname="com.runwaysdk.query.ValueQueryStructTest" name="testFloatGTFloat"/>
  <testcase time="0.004" classname="com.runwaysdk.query.ValueQueryStructTest" name="testFloatGTString"/>
  <testcase time="0.004" classname="com.runwaysdk.query.ValueQueryStructTest" name="testFloatGEFloat"/>
  <testcase time="0.005" classname="com.runwaysdk.query.ValueQueryStructTest" name="testFloatGEString"/>
  <testcase time="0.032" classname="com.runwaysdk.query.ValueQueryStructTest" name="testFloatEqualNull"/>
  <testcase time="0.003" classname="com.runwaysdk.query.ValueQueryStructTest" name="testFloatLTFloat"/>
  <testcase time="0.003" classname="com.runwaysdk.query.ValueQueryStructTest" name="testFloatLTString"/>
  <testcase time="0.004" classname="com.runwaysdk.query.ValueQueryStructTest" name="testFloatLEFloat"/>
  <testcase time="0.004" classname="com.runwaysdk.query.ValueQueryStructTest" name="testFloatLEString"/>
  <testcase time="0.003" classname="com.runwaysdk.query.ValueQueryStructTest" name="testFloatNotEqualFloat"/>
  <testcase time="0.003" classname="com.runwaysdk.query.ValueQueryStructTest" name="testFloatNotEqualString"/>
  <testcase time="0.003" classname="com.runwaysdk.query.ValueQueryStructTest" name="testIntegerEqualInteger"/>
  <testcase time="0.004" classname="com.runwaysdk.query.ValueQueryStructTest" name="testIntegerEqualString"/>
  <testcase time="0.003" classname="com.runwaysdk.query.ValueQueryStructTest" name="testIntegerGTInteger"/>
  <testcase time="0.004" classname="com.runwaysdk.query.ValueQueryStructTest" name="testIntegerGTString"/>
  <testcase time="0.005" classname="com.runwaysdk.query.ValueQueryStructTest" name="testIntegerGEInteger"/>
  <testcase time="0.004" classname="com.runwaysdk.query.ValueQueryStructTest" name="testIntegerGEString"/>
  <testcase time="0.03" classname="com.runwaysdk.query.ValueQueryStructTest" name="testIntegerEqualNull"/>
  <testcase time="0.003" classname="com.runwaysdk.query.ValueQueryStructTest" name="testIntegerLTInteger"/>
  <testcase time="0.003" classname="com.runwaysdk.query.ValueQueryStructTest" name="testIntegerLTString"/>
  <testcase time="0.004" classname="com.runwaysdk.query.ValueQueryStructTest" name="testIntegerLEInteger"/>
  <testcase time="0.004" classname="com.runwaysdk.query.ValueQueryStructTest" name="testIntegerLEString"/>
  <testcase time="0.003" classname="com.runwaysdk.query.ValueQueryStructTest" name="testIntegerNotEqualInteger"/>
  <testcase time="0.003" classname="com.runwaysdk.query.ValueQueryStructTest" name="testIntegerNotEqualString"/>
  <testcase time="0.003" classname="com.runwaysdk.query.ValueQueryStructTest" name="testLongEqualLong"/>
  <testcase time="0.003" classname="com.runwaysdk.query.ValueQueryStructTest" name="testLongEqualString"/>
  <testcase time="0.003" classname="com.runwaysdk.query.ValueQueryStructTest" name="testLongGTLong"/>
  <testcase time="0.004" classname="com.runwaysdk.query.ValueQueryStructTest" name="testLongGTString"/>
  <testcase time="0.004" classname="com.runwaysdk.query.ValueQueryStructTest" name="testLongGELong"/>
  <testcase time="0.004" classname="com.runwaysdk.query.ValueQueryStructTest" name="testLongGEString"/>
  <testcase time="0.035" classname="com.runwaysdk.query.ValueQueryStructTest" name="testLongEqualNull"/>
  <testcase time="0.003" classname="com.runwaysdk.query.ValueQueryStructTest" name="testLongLTLong"/>
  <testcase time="0.003" classname="com.runwaysdk.query.ValueQueryStructTest" name="testLongLTString"/>
  <testcase time="0.004" classname="com.runwaysdk.query.ValueQueryStructTest" name="testLongLELong"/>
  <testcase time="0.004" classname="com.runwaysdk.query.ValueQueryStructTest" name="testLongLEString"/>
  <testcase time="0.002" classname="com.runwaysdk.query.ValueQueryStructTest" name="testLongNotEqualLong"/>
  <testcase time="0.002" classname="com.runwaysdk.query.ValueQueryStructTest" name="testLongNotEqualString"/>
  <testcase time="0.002" classname="com.runwaysdk.query.ValueQueryStructTest" name="testTextEqualString"/>
  <testcase time="0.003" classname="com.runwaysdk.query.ValueQueryStructTest" name="testTextEqualString_IgnoreCase"/>
  <testcase time="0.003" classname="com.runwaysdk.query.ValueQueryStructTest" name="testTextEqualStringInArray"/>
  <testcase time="0.003" classname="com.runwaysdk.query.ValueQueryStructTest" name="testTextEqualStringInArray_IgnoreCase"/>
  <testcase time="0.033" classname="com.runwaysdk.query.ValueQueryStructTest" name="testTextEqualNull"/>
  <testcase time="0.015" classname="com.runwaysdk.query.ValueQueryStructTest" name="testTextLikeString_IgnoreCase"/>
  <testcase time="0.003" classname="com.runwaysdk.query.ValueQueryStructTest" name="testTextNotEqualString"/>
  <testcase time="0.003" classname="com.runwaysdk.query.ValueQueryStructTest" name="testTextNotEqualString_IgnoreCase"/>
  <testcase time="0.003" classname="com.runwaysdk.query.ValueQueryStructTest" name="testTextNotEqualStringInArray"/>
  <testcase time="0.004" classname="com.runwaysdk.query.ValueQueryStructTest" name="testTextNotEqualStringInArray_IgnoreCase"/>
  <testcase time="0.003" classname="com.runwaysdk.query.ValueQueryStructTest" name="testTextNotLikeString_IgnoreCase"/>
  <testcase time="0.004" classname="com.runwaysdk.query.ValueQueryStructTest" name="testTimeEqualTime"/>
  <testcase time="0.003" classname="com.runwaysdk.query.ValueQueryStructTest" name="testTimeEqualString"/>
  <testcase time="0.003" classname="com.runwaysdk.query.ValueQueryStructTest" name="testTimeGTTime"/>
  <testcase time="0.003" classname="com.runwaysdk.query.ValueQueryStructTest" name="testTimeGTString"/>
  <testcase time="0.006" classname="com.runwaysdk.query.ValueQueryStructTest" name="testTimeGETime"/>
  <testcase time="0.004" classname="com.runwaysdk.query.ValueQueryStructTest" name="testTimeGEString"/>
  <testcase time="0.028" classname="com.runwaysdk.query.ValueQueryStructTest" name="testTimeEqualNull"/>
  <testcase time="0.015" classname="com.runwaysdk.query.ValueQueryStructTest" name="testTimeLTTime"/>
  <testcase time="0.004" classname="com.runwaysdk.query.ValueQueryStructTest" name="testTimeLTString"/>
  <testcase time="0.005" classname="com.runwaysdk.query.ValueQueryStructTest" name="testTimeLETime"/>
  <testcase time="0.004" classname="com.runwaysdk.query.ValueQueryStructTest" name="testTimeLEString"/>
  <testcase time="0.004" classname="com.runwaysdk.query.ValueQueryStructTest" name="testTimeNotEqualTime"/>
  <testcase time="0.003" classname="com.runwaysdk.query.ValueQueryStructTest" name="testTimeNotEqualString"/>
  <testcase time="0.197" classname="com.runwaysdk.query.ViewQueryTest" name="testSomething"/>
  <testcase time="0.008" classname="com.runwaysdk.query.ExtraQueryTest" name="testQueryAnd_Condition"/>
  <testcase time="0.024" classname="com.runwaysdk.query.ExtraQueryTest" name="testQueryAnd_Condition_Generated"/>
  <testcase time="0.007" classname="com.runwaysdk.query.ExtraQueryTest" name="testQueryOr_Condition"/>
  <testcase time="0.01" classname="com.runwaysdk.query.ExtraQueryTest" name="testQueryOr_Condition_Generated"/>
  <testcase time="0.009" classname="com.runwaysdk.query.AttributeComparisonTest" name="testBooleanEqAttributeBoolean"/>
  <testcase time="0.017" classname="com.runwaysdk.query.AttributeComparisonTest" name="testBooleanEqAttributeBoolean_Generated"/>
  <testcase time="0.008" classname="com.runwaysdk.query.AttributeComparisonTest" name="testBooleanNotEqAttributeBoolean"/>
  <testcase time="0.01" classname="com.runwaysdk.query.AttributeComparisonTest" name="testBooleanNotEqAttributeBoolean_Generated"/>
  <testcase time="0.008" classname="com.runwaysdk.query.AttributeComparisonTest" name="testCharacterEqAttribute"/>
  <testcase time="0.011" classname="com.runwaysdk.query.AttributeComparisonTest" name="testCharacterEqAttribute_Generated"/>
  <testcase time="0.035" classname="com.runwaysdk.query.AttributeComparisonTest" name="testCharacterEqIgnoreCaseAttribute"/>
  <testcase time="0.042" classname="com.runwaysdk.query.AttributeComparisonTest" name="testCharacterEqIgnoreCaseAttribute_Generated"/>
  <testcase time="0.008" classname="com.runwaysdk.query.AttributeComparisonTest" name="testCharacterNotEqAttribute"/>
  <testcase time="0.01" classname="com.runwaysdk.query.AttributeComparisonTest" name="testCharacterNotEqAttribute_Generated"/>
  <testcase time="0.008" classname="com.runwaysdk.query.AttributeComparisonTest" name="testCharacterNotEqIgnoreCaseAttribute"/>
  <testcase time="0.013" classname="com.runwaysdk.query.AttributeComparisonTest" name="testCharacterNotEqIgnoreCaseAttribute_Generated"/>
  <testcase time="0.008" classname="com.runwaysdk.query.AttributeComparisonTest" name="testTextEqAttribute"/>
  <testcase time="0.008" classname="com.runwaysdk.query.AttributeComparisonTest" name="testClobEqAttribute"/>
  <testcase time="0.01" classname="com.runwaysdk.query.AttributeComparisonTest" name="testTextEqAttribute_Generated"/>
  <testcase time="0.011" classname="com.runwaysdk.query.AttributeComparisonTest" name="testClobEqAttribute_Generated"/>
  <testcase time="0.039" classname="com.runwaysdk.query.AttributeComparisonTest" name="testTextNotEqAttribute"/>
  <testcase time="0.042" classname="com.runwaysdk.query.AttributeComparisonTest" name="testClobNotEqAttribute"/>
  <testcase time="0.042" classname="com.runwaysdk.query.AttributeComparisonTest" name="testTextNotEqAttribute_Generated"/>
  <testcase time="0.042" classname="com.runwaysdk.query.AttributeComparisonTest" name="testClobNotEqAttribute_Generated"/>
  <testcase time="0.042" classname="com.runwaysdk.query.AttributeComparisonTest" name="testTextEqIgnoreCaseAttribute"/>
  <testcase time="0.042" classname="com.runwaysdk.query.AttributeComparisonTest" name="testClobEqIgnoreCaseAttribute"/>
  <testcase time="0.042" classname="com.runwaysdk.query.AttributeComparisonTest" name="testTextEqIgnoreCaseAttribute_Generated"/>
  <testcase time="0.04" classname="com.runwaysdk.query.AttributeComparisonTest" name="testClobEqIgnoreCaseAttribute_Generated"/>
  <testcase time="0.008" classname="com.runwaysdk.query.AttributeComparisonTest" name="testDateTimeEqAttribute"/>
  <testcase time="0.01" classname="com.runwaysdk.query.AttributeComparisonTest" name="testDateTimeEqAttribute_Generated"/>
  <testcase time="0.009" classname="com.runwaysdk.query.AttributeComparisonTest" name="testDateTimeGtAttribute"/>
  <testcase time="0.012" classname="com.runwaysdk.query.AttributeComparisonTest" name="testDateTimeGtAttribute_Generated"/>
  <testcase time="0.036" classname="com.runwaysdk.query.AttributeComparisonTest" name="testDateTimeGtEqAttribute"/>
  <testcase time="0.041" classname="com.runwaysdk.query.AttributeComparisonTest" name="testDateTimeGtEqAttribute_Generated"/>
  <testcase time="0.041" classname="com.runwaysdk.query.AttributeComparisonTest" name="testDateTimeLtAttribute"/>
  <testcase time="0.039" classname="com.runwaysdk.query.AttributeComparisonTest" name="testDateTimeLtAttribute_Generated"/>
  <testcase time="0.049" classname="com.runwaysdk.query.AttributeComparisonTest" name="testDateTimeLtEqAttribute"/>
  <testcase time="0.052" classname="com.runwaysdk.query.AttributeComparisonTest" name="testDateTimeLtEqAttribute_Generated"/>
  <testcase time="0.009" classname="com.runwaysdk.query.AttributeComparisonTest" name="testDateTimeNotEqAttribute"/>
  <testcase time="0.01" classname="com.runwaysdk.query.AttributeComparisonTest" name="testDateTimeNotEqAttribute_Generated"/>
  <testcase time="0.008" classname="com.runwaysdk.query.AttributeComparisonTest" name="testDateEqAttribute"/>
  <testcase time="0.01" classname="com.runwaysdk.query.AttributeComparisonTest" name="testDateEqAttribute_Generated"/>
  <testcase time="0.008" classname="com.runwaysdk.query.AttributeComparisonTest" name="testDateGtAttribute"/>
  <testcase time="0.01" classname="com.runwaysdk.query.AttributeComparisonTest" name="testDateGtAttribute_Generated"/>
  <testcase time="0.029" classname="com.runwaysdk.query.AttributeComparisonTest" name="testDateGtEqAttribute"/>
  <testcase time="0.034" classname="com.runwaysdk.query.AttributeComparisonTest" name="testDateGtEqAttribute_Generated"/>
  <testcase time="0.032" classname="com.runwaysdk.query.AttributeComparisonTest" name="testDateLtAttribute"/>
  <testcase time="0.04" classname="com.runwaysdk.query.AttributeComparisonTest" name="testDateLtAttribute_Generated"/>
  <testcase time="0.068" classname="com.runwaysdk.query.AttributeComparisonTest" name="testDateLtEqAttribute"/>
  <testcase time="0.074" classname="com.runwaysdk.query.AttributeComparisonTest" name="testDateLtEqAttribute_Generated"/>
  <testcase time="0.008" classname="com.runwaysdk.query.AttributeComparisonTest" name="testDateNotEqAttribute"/>
  <testcase time="0.01" classname="com.runwaysdk.query.AttributeComparisonTest" name="testDateNotEqAttribute_Generated"/>
  <testcase time="0.008" classname="com.runwaysdk.query.AttributeComparisonTest" name="testTimeEqAttribute"/>
  <testcase time="0.01" classname="com.runwaysdk.query.AttributeComparisonTest" name="testTimeEqAttribute_Generatted"/>
  <testcase time="0.04" classname="com.runwaysdk.query.AttributeComparisonTest" name="testTimeGtAttribute"/>
  <testcase time="0.04" classname="com.runwaysdk.query.AttributeComparisonTest" name="testTimeGtAttribute_Generated"/>
  <testcase time="0.042" classname="com.runwaysdk.query.AttributeComparisonTest" name="testTimeGtEqAttribute"/>
  <testcase time="0.042" classname="com.runwaysdk.query.AttributeComparisonTest" name="testTimeGtEqAttribute_Generated"/>
  <testcase time="0.042" classname="com.runwaysdk.query.AttributeComparisonTest" name="testTimeLtAttribute"/>
  <testcase time="0.042" classname="com.runwaysdk.query.AttributeComparisonTest" name="testTimeLtAttribute_Generated"/>
  <testcase time="0.042" classname="com.runwaysdk.query.AttributeComparisonTest" name="testTimeLtEqAttribute"/>
  <testcase time="0.042" classname="com.runwaysdk.query.AttributeComparisonTest" name="testTimeLtEqAttribute_Grenerated"/>
  <testcase time="0.008" classname="com.runwaysdk.query.AttributeComparisonTest" name="testTimeNotEqAttribute"/>
  <testcase time="0.01" classname="com.runwaysdk.query.AttributeComparisonTest" name="testTimeNotEqAttribute_Generated"/>
  <testcase time="0.008" classname="com.runwaysdk.query.AttributeComparisonTest" name="testIntegerEqAttribute"/>
  <testcase time="0.01" classname="com.runwaysdk.query.AttributeComparisonTest" name="testIntegerEqAttribute_Generated"/>
  <testcase time="0.008" classname="com.runwaysdk.query.AttributeComparisonTest" name="testIntegerGtAttribute"/>
  <testcase time="0.038" classname="com.runwaysdk.query.AttributeComparisonTest" name="testIntegerGtAttribute_Generated"/>
  <testcase time="0.041" classname="com.runwaysdk.query.AttributeComparisonTest" name="testIntegerGtEqAttribute"/>
  <testcase time="0.041" classname="com.runwaysdk.query.AttributeComparisonTest" name="testIntegerGtEqAttribute_Generated"/>
  <testcase time="0.05" classname="com.runwaysdk.query.AttributeComparisonTest" name="testIntegerLtEqAttribute"/>
  <testcase time="0.041" classname="com.runwaysdk.query.AttributeComparisonTest" name="testIntegerLtEqAttribute_Generated"/>
  <testcase time="0.009" classname="com.runwaysdk.query.AttributeComparisonTest" name="testIntegerNotEqAttribute"/>
  <testcase time="0.01" classname="com.runwaysdk.query.AttributeComparisonTest" name="testIntegerNotEqAttribute_Generated"/>
  <testcase time="0.008" classname="com.runwaysdk.query.AttributeComparisonTest" name="testLongEqAttribute"/>
  <testcase time="0.009" classname="com.runwaysdk.query.AttributeComparisonTest" name="testLongEqAttribute_Generated"/>
  <testcase time="0.038" classname="com.runwaysdk.query.AttributeComparisonTest" name="testLongGtAttribute"/>
  <testcase time="0.042" classname="com.runwaysdk.query.AttributeComparisonTest" name="testLongGtAttribute_Generated"/>
  <testcase time="0.042" classname="com.runwaysdk.query.AttributeComparisonTest" name="testLongGtEqAttribute"/>
  <testcase time="0.042" classname="com.runwaysdk.query.AttributeComparisonTest" name="testLongGtEqAttribute_Generated"/>
  <testcase time="0.008" classname="com.runwaysdk.query.AttributeComparisonTest" name="testLongLtAttribute"/>
  <testcase time="0.01" classname="com.runwaysdk.query.AttributeComparisonTest" name="testLongLtAttribute_Generated"/>
  <testcase time="0.08" classname="com.runwaysdk.query.AttributeComparisonTest" name="testLongLtEqAttribute"/>
  <testcase time="0.172" classname="com.runwaysdk.query.AttributeComparisonTest" name="testLongLtEqAttribute_Generated"/>
  <testcase time="0.01" classname="com.runwaysdk.query.AttributeComparisonTest" name="testLongNotEqAttribute"/>
  <testcase time="0.01" classname="com.runwaysdk.query.AttributeComparisonTest" name="testLongNotEqAttribute_Generated"/>
  <testcase time="0.008" classname="com.runwaysdk.query.AttributeComparisonTest" name="testFloatEqAttribute"/>
  <testcase time="0.01" classname="com.runwaysdk.query.AttributeComparisonTest" name="testFloatEqAttribute_Generated"/>
  <testcase time="0.142" classname="com.runwaysdk.query.AttributeComparisonTest" name="testFloatGtAttribute"/>
  <testcase time="0.042" classname="com.runwaysdk.query.AttributeComparisonTest" name="testFloatGtAttribute_Generated"/>
  <testcase time="0.034" classname="com.runwaysdk.query.AttributeComparisonTest" name="testFloatGtEqAttribute"/>
  <testcase time="0.04" classname="com.runwaysdk.query.AttributeComparisonTest" name="testFloatGtEqAttribute_Generated"/>
  <testcase time="0.008" classname="com.runwaysdk.query.AttributeComparisonTest" name="testFloatLtAttribute"/>
  <testcase time="0.009" classname="com.runwaysdk.query.AttributeComparisonTest" name="testFloatLtAttribute_Generated"/>
  <testcase time="0.051" classname="com.runwaysdk.query.AttributeComparisonTest" name="testFloatLtEqAttribute"/>
  <testcase time="0.058" classname="com.runwaysdk.query.AttributeComparisonTest" name="testFloatLtEqAttribute_Generated"/>
  <testcase time="0.008" classname="com.runwaysdk.query.AttributeComparisonTest" name="testFloatNotEqAttribute"/>
  <testcase time="0.01" classname="com.runwaysdk.query.AttributeComparisonTest" name="testFloatNotEqAttribute_Generated"/>
  <testcase time="0.008" classname="com.runwaysdk.query.AttributeComparisonTest" name="testDecimalEqAttribute"/>
  <testcase time="0.01" classname="com.runwaysdk.query.AttributeComparisonTest" name="testDecimalEqAttribute_Generated"/>
  <testcase time="0.037" classname="com.runwaysdk.query.AttributeComparisonTest" name="testDecimalGtAttribute"/>
  <testcase time="0.033" classname="com.runwaysdk.query.AttributeComparisonTest" name="testDecimalGtAttribute_Generated"/>
  <testcase time="0.034" classname="com.runwaysdk.query.AttributeComparisonTest" name="testDecimalGtEqAttribute"/>
  <testcase time="0.04" classname="com.runwaysdk.query.AttributeComparisonTest" name="testDecimalGtEqAttribute_Generated"/>
  <testcase time="0.009" classname="com.runwaysdk.query.AttributeComparisonTest" name="testDecimalLtAttribute"/>
  <testcase time="0.009" classname="com.runwaysdk.query.AttributeComparisonTest" name="testDecimalLtAttribute_Generated"/>
  <testcase time="0.05" classname="com.runwaysdk.query.AttributeComparisonTest" name="testDecimalLtEqAttribute"/>
  <testcase time="0.058" classname="com.runwaysdk.query.AttributeComparisonTest" name="testDecimalLtEqAttribute_Generated"/>
  <testcase time="0.009" classname="com.runwaysdk.query.AttributeComparisonTest" name="testDecimalNotEqAttribute"/>
  <testcase time="0.009" classname="com.runwaysdk.query.AttributeComparisonTest" name="testDecimalNotEqAttribute_Generated"/>
  <testcase time="0.007" classname="com.runwaysdk.query.AttributeComparisonTest" name="testDoubleEqAttribute"/>
  <testcase time="0.009" classname="com.runwaysdk.query.AttributeComparisonTest" name="testDoubleEqAttribute_Generated"/>
  <testcase time="0.038" classname="com.runwaysdk.query.AttributeComparisonTest" name="testDoubleGtAttribute"/>
  <testcase time="0.034" classname="com.runwaysdk.query.AttributeComparisonTest" name="testDoubleGtAttribute_Generated"/>
  <testcase time="0.034" classname="com.runwaysdk.query.AttributeComparisonTest" name="testDoubleGtEqAttribute"/>
  <testcase time="0.042" classname="com.runwaysdk.query.AttributeComparisonTest" name="testDoubleGtEqAttribute_Generated"/>
  <testcase time="0.008" classname="com.runwaysdk.query.AttributeComparisonTest" name="testDoubleLtAttribute"/>
  <testcase time="0.01" classname="com.runwaysdk.query.AttributeComparisonTest" name="testDoubleLtAttribute_Generated"/>
  <testcase time="0.05" classname="com.runwaysdk.query.AttributeComparisonTest" name="testDoubleLtEqAttribute"/>
  <testcase time="0.056" classname="com.runwaysdk.query.AttributeComparisonTest" name="testDoubleLtEqAttribute_Generated"/>
  <testcase time="0.008" classname="com.runwaysdk.query.AttributeComparisonTest" name="testDoubleNotEqAttribute"/>
  <testcase time="0.01" classname="com.runwaysdk.query.AttributeComparisonTest" name="testDoubleNotEqAttribute_Generated"/>
  <testcase time="0.007" classname="com.runwaysdk.query.AttributeQueryTest" name="testBooleanEqString"/>
  <testcase time="0.007" classname="com.runwaysdk.query.AttributeQueryTest" name="testBooleanEqBoolean"/>
  <testcase time="0.009" classname="com.runwaysdk.query.AttributeQueryTest" name="testBooleanEqBoolean_Generated"/>
  <testcase time="0.007" classname="com.runwaysdk.query.AttributeQueryTest" name="testBooleanNotEqBoolean"/>
  <testcase time="0.009" classname="com.runwaysdk.query.AttributeQueryTest" name="testBooleanNotEqBoolean_Generated"/>
  <testcase time="0.008" classname="com.runwaysdk.query.AttributeQueryTest" name="testBooleanNotEqString"/>
  <testcase time="0.029" classname="com.runwaysdk.query.AttributeQueryTest" name="testBooleanIsNull"/>
  <testcase time="0.04" classname="com.runwaysdk.query.AttributeQueryTest" name="testBooleanIsNull_Generated"/>
  <testcase time="0.007" classname="com.runwaysdk.query.AttributeQueryTest" name="testCharacterEqString"/>
  <testcase time="0.009" classname="com.runwaysdk.query.AttributeQueryTest" name="testCharacterEqString_Generated"/>
  <testcase time="0.007" classname="com.runwaysdk.query.AttributeQueryTest" name="testCharacterEqIgnoreCaseString"/>
  <testcase time="0.009" classname="com.runwaysdk.query.AttributeQueryTest" name="testCharacterEqIgnoreCaseString_Generated"/>
  <testcase time="0.008" classname="com.runwaysdk.query.AttributeQueryTest" name="testCharacterInStringArray"/>
  <testcase time="0.009" classname="com.runwaysdk.query.AttributeQueryTest" name="testCharacterInStringArray_Generated"/>
  <testcase time="0.007" classname="com.runwaysdk.query.AttributeQueryTest" name="testCharacterInIgnoreCaseStringArray"/>
  <testcase time="0.01" classname="com.runwaysdk.query.AttributeQueryTest" name="testCharacterInIgnoreCaseStringArray_Generated"/>
  <testcase time="0.007" classname="com.runwaysdk.query.AttributeQueryTest" name="testCharacterLikeString"/>
  <testcase time="0.009" classname="com.runwaysdk.query.AttributeQueryTest" name="testCharacterLikeString_Generated"/>
  <testcase time="0.008" classname="com.runwaysdk.query.AttributeQueryTest" name="testCharacterLikeIgnoreCaseString"/>
  <testcase time="0.009" classname="com.runwaysdk.query.AttributeQueryTest" name="testCharacterLikeIgnoreCaseString_Generated"/>
  <testcase time="0.007" classname="com.runwaysdk.query.AttributeQueryTest" name="testCharacterNotEqString"/>
  <testcase time="0.009" classname="com.runwaysdk.query.AttributeQueryTest" name="testCharacterNotEqString_Generated"/>
  <testcase time="0.007" classname="com.runwaysdk.query.AttributeQueryTest" name="testCharacterNotEqIgnoreCaseString"/>
  <testcase time="0.01" classname="com.runwaysdk.query.AttributeQueryTest" name="testCharacterNotEqIgnoreCaseString_Generated"/>
  <testcase time="0.007" classname="com.runwaysdk.query.AttributeQueryTest" name="testCharacterNotInStringArray"/>
  <testcase time="0.009" classname="com.runwaysdk.query.AttributeQueryTest" name="testCharacterNotInStringArray_Generated"/>
  <testcase time="0.007" classname="com.runwaysdk.query.AttributeQueryTest" name="testCharacterNotInIgnoreCaseStringArray"/>
  <testcase time="0.01" classname="com.runwaysdk.query.AttributeQueryTest" name="testCharacterNotInIgnoreCaseStringArray_Generated"/>
  <testcase time="0.007" classname="com.runwaysdk.query.AttributeQueryTest" name="testCharacterNotLikeString"/>
  <testcase time="0.009" classname="com.runwaysdk.query.AttributeQueryTest" name="testCharacterNotLikeString_Generated"/>
  <testcase time="0.007" classname="com.runwaysdk.query.AttributeQueryTest" name="testCharacterNotLikeIgnoreCaseString"/>
  <testcase time="0.009" classname="com.runwaysdk.query.AttributeQueryTest" name="testCharacterNotLikeIgnoreCaseString_Generated"/>
  <testcase time="0.029" classname="com.runwaysdk.query.AttributeQueryTest" name="testCharacterIsNull"/>
  <testcase time="0.04" classname="com.runwaysdk.query.AttributeQueryTest" name="testCharacterIsNull_Generated"/>
  <testcase time="0.007" classname="com.runwaysdk.query.AttributeQueryTest" name="testTextEqString"/>
  <testcase time="0.007" classname="com.runwaysdk.query.AttributeQueryTest" name="testClobEqString"/>
  <testcase time="0.009" classname="com.runwaysdk.query.AttributeQueryTest" name="testTextEqString_Generated"/>
  <testcase time="0.008" classname="com.runwaysdk.query.AttributeQueryTest" name="testClobEqString_Generated"/>
  <testcase time="0.007" classname="com.runwaysdk.query.AttributeQueryTest" name="testTextEqIgnoreCaseString"/>
  <testcase time="0.007" classname="com.runwaysdk.query.AttributeQueryTest" name="testClobEqIgnoreCaseString"/>
  <testcase time="0.009" classname="com.runwaysdk.query.AttributeQueryTest" name="testTextEqIgnoreCaseString_Generated"/>
  <testcase time="0.009" classname="com.runwaysdk.query.AttributeQueryTest" name="testClobEqIgnoreCaseString_Generated"/>
  <testcase time="0.007" classname="com.runwaysdk.query.AttributeQueryTest" name="testTextInStringArray"/>
  <testcase time="0.007" classname="com.runwaysdk.query.AttributeQueryTest" name="testClobInStringArray"/>
  <testcase time="0.009" classname="com.runwaysdk.query.AttributeQueryTest" name="testTextInStringArray_Generated"/>
  <testcase time="0.009" classname="com.runwaysdk.query.AttributeQueryTest" name="testClobInStringArray_Generated"/>
  <testcase time="0.007" classname="com.runwaysdk.query.AttributeQueryTest" name="testTextInIgnoreCaseStringArray"/>
  <testcase time="0.007" classname="com.runwaysdk.query.AttributeQueryTest" name="testClobInIgnoreCaseStringArray"/>
  <testcase time="0.009" classname="com.runwaysdk.query.AttributeQueryTest" name="testTextInIgnoreCaseStringArray_Generated"/>
  <testcase time="0.009" classname="com.runwaysdk.query.AttributeQueryTest" name="testClobInIgnoreCaseStringArray_Generated"/>
  <testcase time="0.007" classname="com.runwaysdk.query.AttributeQueryTest" name="testTextLikeString"/>
  <testcase time="0.007" classname="com.runwaysdk.query.AttributeQueryTest" name="testClobLikeString"/>
  <testcase time="0.009" classname="com.runwaysdk.query.AttributeQueryTest" name="testTextLikeString_Generated"/>
  <testcase time="0.009" classname="com.runwaysdk.query.AttributeQueryTest" name="testClobLikeString_Generated"/>
  <testcase time="0.007" classname="com.runwaysdk.query.AttributeQueryTest" name="testTextLikeIgnoreCaseString"/>
  <testcase time="0.007" classname="com.runwaysdk.query.AttributeQueryTest" name="testClobLikeIgnoreCaseString"/>
  <testcase time="0.009" classname="com.runwaysdk.query.AttributeQueryTest" name="testTextLikeIgnoreCaseString_Generated"/>
  <testcase time="0.008" classname="com.runwaysdk.query.AttributeQueryTest" name="testClobLikeIgnoreCaseString_Generated"/>
  <testcase time="0.007" classname="com.runwaysdk.query.AttributeQueryTest" name="testTextNotEqString"/>
  <testcase time="0.006" classname="com.runwaysdk.query.AttributeQueryTest" name="testClobNotEqString"/>
  <testcase time="0.008" classname="com.runwaysdk.query.AttributeQueryTest" name="testTextNotEqString_Generated"/>
  <testcase time="0.009" classname="com.runwaysdk.query.AttributeQueryTest" name="testClobNotEqString_Generated"/>
  <testcase time="0.007" classname="com.runwaysdk.query.AttributeQueryTest" name="testTextNotEqIgnoreCaseString"/>
  <testcase time="0.007" classname="com.runwaysdk.query.AttributeQueryTest" name="testClobNotEqIgnoreCaseString"/>
  <testcase time="0.009" classname="com.runwaysdk.query.AttributeQueryTest" name="testTextNotEqIgnoreCaseString_Generated"/>
  <testcase time="0.009" classname="com.runwaysdk.query.AttributeQueryTest" name="testClobNotEqIgnoreCaseString_Generated"/>
  <testcase time="0.007" classname="com.runwaysdk.query.AttributeQueryTest" name="testTextNotInStringArray"/>
  <testcase time="0.008" classname="com.runwaysdk.query.AttributeQueryTest" name="testClobNotInStringArray"/>
  <testcase time="0.009" classname="com.runwaysdk.query.AttributeQueryTest" name="testTextNotInStringArray_Generated"/>
  <testcase time="0.008" classname="com.runwaysdk.query.AttributeQueryTest" name="testClobNotInStringArray_Generated"/>
  <testcase time="0.007" classname="com.runwaysdk.query.AttributeQueryTest" name="testTextNotInIgnoreCaseStringArray"/>
  <testcase time="0.007" classname="com.runwaysdk.query.AttributeQueryTest" name="testClobNotInIgnoreCaseStringArray"/>
  <testcase time="0.009" classname="com.runwaysdk.query.AttributeQueryTest" name="testTextNotInIgnoreCaseStringArray_Generated"/>
  <testcase time="0.009" classname="com.runwaysdk.query.AttributeQueryTest" name="testClobNotInIgnoreCaseStringArray_Generated"/>
  <testcase time="0.007" classname="com.runwaysdk.query.AttributeQueryTest" name="testTextNotLikeString"/>
  <testcase time="0.007" classname="com.runwaysdk.query.AttributeQueryTest" name="testClobNotLikeString"/>
  <testcase time="0.009" classname="com.runwaysdk.query.AttributeQueryTest" name="testTextNotLikeString_Generated"/>
  <testcase time="0.009" classname="com.runwaysdk.query.AttributeQueryTest" name="testClobNotLikeString_Generated"/>
  <testcase time="0.007" classname="com.runwaysdk.query.AttributeQueryTest" name="testTextNotLikeIgnoreCaseString"/>
  <testcase time="0.007" classname="com.runwaysdk.query.AttributeQueryTest" name="testClobNotLikeIgnoreCaseString"/>
  <testcase time="0.009" classname="com.runwaysdk.query.AttributeQueryTest" name="testTextNotLikeIgnoreCaseString_Generated"/>
  <testcase time="0.009" classname="com.runwaysdk.query.AttributeQueryTest" name="testClobNotLikeIgnoreCaseString_Generated"/>
  <testcase time="0.031" classname="com.runwaysdk.query.AttributeQueryTest" name="testTextIsNull"/>
  <testcase time="0.04" classname="com.runwaysdk.query.AttributeQueryTest" name="testClobIsNull"/>
  <testcase time="0.034" classname="com.runwaysdk.query.AttributeQueryTest" name="testTextIsNull_Generated"/>
  <testcase time="0.042" classname="com.runwaysdk.query.AttributeQueryTest" name="testClobIsNull_Generated"/>
  <testcase time="0.008" classname="com.runwaysdk.query.AttributeQueryTest" name="testDateTimeEqString"/>
  <testcase time="0.007" classname="com.runwaysdk.query.AttributeQueryTest" name="testDateTimeEq"/>
  <testcase time="0.009" classname="com.runwaysdk.query.AttributeQueryTest" name="testDateTimeEq_Generated"/>
  <testcase time="0.007" classname="com.runwaysdk.query.AttributeQueryTest" name="testDateTimeGtString"/>
  <testcase time="0.008" classname="com.runwaysdk.query.AttributeQueryTest" name="testDateTimeGt"/>
  <testcase time="0.01" classname="com.runwaysdk.query.AttributeQueryTest" name="testDateTimeGt_Generated"/>
  <testcase time="0.011" classname="com.runwaysdk.query.AttributeQueryTest" name="testDateTimeGtEqString"/>
  <testcase time="0.012" classname="com.runwaysdk.query.AttributeQueryTest" name="testDateTimeGtEq"/>
  <testcase time="0.015" classname="com.runwaysdk.query.AttributeQueryTest" name="testDateTimeGtEq_Generated"/>
  <testcase time="0.007" classname="com.runwaysdk.query.AttributeQueryTest" name="testDateTimeLtString"/>
  <testcase time="0.007" classname="com.runwaysdk.query.AttributeQueryTest" name="testDateTimeLt"/>
  <testcase time="0.01" classname="com.runwaysdk.query.AttributeQueryTest" name="testDateTimeLt_Generation"/>
  <testcase time="0.011" classname="com.runwaysdk.query.AttributeQueryTest" name="testDateTimeLtEqString"/>
  <testcase time="0.012" classname="com.runwaysdk.query.AttributeQueryTest" name="testDateTimeLtEq"/>
  <testcase time="0.016" classname="com.runwaysdk.query.AttributeQueryTest" name="testDateTimeLtEq_Generated"/>
  <testcase time="0.007" classname="com.runwaysdk.query.AttributeQueryTest" name="testDateTimeNotEqString"/>
  <testcase time="0.007" classname="com.runwaysdk.query.AttributeQueryTest" name="testDateTimeNotEq"/>
  <testcase time="0.009" classname="com.runwaysdk.query.AttributeQueryTest" name="testDateTimeNotEq_Generated"/>
  <testcase time="0.034" classname="com.runwaysdk.query.AttributeQueryTest" name="testDateTimeIsNull"/>
  <testcase time="0.032" classname="com.runwaysdk.query.AttributeQueryTest" name="testDateTimeIsNull_Generated"/>
  <testcase time="0.007" classname="com.runwaysdk.query.AttributeQueryTest" name="testDateEqString"/>
  <testcase time="0.008" classname="com.runwaysdk.query.AttributeQueryTest" name="testDateEq"/>
  <testcase time="0.009" classname="com.runwaysdk.query.AttributeQueryTest" name="testDateEq_Generated"/>
  <testcase time="0.007" classname="com.runwaysdk.query.AttributeQueryTest" name="testDateGtString"/>
  <testcase time="0.008" classname="com.runwaysdk.query.AttributeQueryTest" name="testDateGt"/>
  <testcase time="0.01" classname="com.runwaysdk.query.AttributeQueryTest" name="testDateGt_Generated"/>
  <testcase time="0.011" classname="com.runwaysdk.query.AttributeQueryTest" name="testDateGtEqString"/>
  <testcase time="0.011" classname="com.runwaysdk.query.AttributeQueryTest" name="testDateGtEq"/>
  <testcase time="0.015" classname="com.runwaysdk.query.AttributeQueryTest" name="testDateGtEq_Generated"/>
  <testcase time="0.007" classname="com.runwaysdk.query.AttributeQueryTest" name="testDateLtString"/>
  <testcase time="0.008" classname="com.runwaysdk.query.AttributeQueryTest" name="testDateLt"/>
  <testcase time="0.009" classname="com.runwaysdk.query.AttributeQueryTest" name="testDateLt_Generated"/>
  <testcase time="0.011" classname="com.runwaysdk.query.AttributeQueryTest" name="testDateLtEqString"/>
  <testcase time="0.012" classname="com.runwaysdk.query.AttributeQueryTest" name="testDateLtEq"/>
  <testcase time="0.016" classname="com.runwaysdk.query.AttributeQueryTest" name="testDateLtEq_Generated"/>
  <testcase time="0.008" classname="com.runwaysdk.query.AttributeQueryTest" name="testDateNotEqString"/>
  <testcase time="0.009" classname="com.runwaysdk.query.AttributeQueryTest" name="testDateNotEq"/>
  <testcase time="0.01" classname="com.runwaysdk.query.AttributeQueryTest" name="testDateNotEq_Generated"/>
  <testcase time="0.039" classname="com.runwaysdk.query.AttributeQueryTest" name="testDateIsNull"/>
  <testcase time="0.042" classname="com.runwaysdk.query.AttributeQueryTest" name="testDateIsNull_Generated"/>
  <testcase time="0.009" classname="com.runwaysdk.query.AttributeQueryTest" name="testTimeEqString"/>
  <testcase time="0.009" classname="com.runwaysdk.query.AttributeQueryTest" name="testTimeEq"/>
  <testcase time="0.011" classname="com.runwaysdk.query.AttributeQueryTest" name="testTimeEq_Generated"/>
  <testcase time="0.009" classname="com.runwaysdk.query.AttributeQueryTest" name="testTimeGtString"/>
  <testcase time="0.008" classname="com.runwaysdk.query.AttributeQueryTest" name="testTimeGt"/>
  <testcase time="0.01" classname="com.runwaysdk.query.AttributeQueryTest" name="testTimeGt_Generated"/>
  <testcase time="0.012" classname="com.runwaysdk.query.AttributeQueryTest" name="testTimeGtEqString"/>
  <testcase time="0.013" classname="com.runwaysdk.query.AttributeQueryTest" name="testTimeGtEq"/>
  <testcase time="0.017" classname="com.runwaysdk.query.AttributeQueryTest" name="testTimeGtEq_Generated"/>
  <testcase time="0.008" classname="com.runwaysdk.query.AttributeQueryTest" name="testTimeLtString"/>
  <testcase time="0.008" classname="com.runwaysdk.query.AttributeQueryTest" name="testTimeLt"/>
  <testcase time="0.011" classname="com.runwaysdk.query.AttributeQueryTest" name="testTimeLt_Generated"/>
  <testcase time="0.012" classname="com.runwaysdk.query.AttributeQueryTest" name="testTimeLtEqString"/>
  <testcase time="0.013" classname="com.runwaysdk.query.AttributeQueryTest" name="testTimeLtEq"/>
  <testcase time="0.016" classname="com.runwaysdk.query.AttributeQueryTest" name="testTimeLtEq_Generated"/>
  <testcase time="0.008" classname="com.runwaysdk.query.AttributeQueryTest" name="testTimeNotEqString"/>
  <testcase time="0.008" classname="com.runwaysdk.query.AttributeQueryTest" name="testTimeNotEq"/>
  <testcase time="0.01" classname="com.runwaysdk.query.AttributeQueryTest" name="testTimeNotEq_Generated"/>
  <testcase time="0.029" classname="com.runwaysdk.query.AttributeQueryTest" name="testTimeIsNull"/>
  <testcase time="0.039" classname="com.runwaysdk.query.AttributeQueryTest" name="testTimeIsNull_Generated"/>
  <testcase time="0.008" classname="com.runwaysdk.query.AttributeQueryTest" name="testIntegerEqString"/>
  <testcase time="0.007" classname="com.runwaysdk.query.AttributeQueryTest" name="testIntegerEq"/>
  <testcase time="0.009" classname="com.runwaysdk.query.AttributeQueryTest" name="testIntegerEq_Generated"/>
  <testcase time="0.007" classname="com.runwaysdk.query.AttributeQueryTest" name="testIntegerGtString"/>
  <testcase time="0.007" classname="com.runwaysdk.query.AttributeQueryTest" name="testIntegerGt"/>
  <testcase time="0.009" classname="com.runwaysdk.query.AttributeQueryTest" name="testIntegerGt_Generated"/>
  <testcase time="0.011" classname="com.runwaysdk.query.AttributeQueryTest" name="testIntegerGtEqString"/>
  <testcase time="0.011" classname="com.runwaysdk.query.AttributeQueryTest" name="testIntegerGtEq"/>
  <testcase time="0.015" classname="com.runwaysdk.query.AttributeQueryTest" name="testIntegerGtEq_Generated"/>
  <testcase time="0.007" classname="com.runwaysdk.query.AttributeQueryTest" name="testIntegerLtString"/>
  <testcase time="0.007" classname="com.runwaysdk.query.AttributeQueryTest" name="testIntegerLt"/>
  <testcase time="0.009" classname="com.runwaysdk.query.AttributeQueryTest" name="testIntegerLt_Generated"/>
  <testcase time="0.011" classname="com.runwaysdk.query.AttributeQueryTest" name="testIntegerLtEqString"/>
  <testcase time="0.011" classname="com.runwaysdk.query.AttributeQueryTest" name="testIntegerLtEq"/>
  <testcase time="0.014" classname="com.runwaysdk.query.AttributeQueryTest" name="testIntegerLtEq_Generated"/>
  <testcase time="0.007" classname="com.runwaysdk.query.AttributeQueryTest" name="testIntegerNotEqString"/>
  <testcase time="0.007" classname="com.runwaysdk.query.AttributeQueryTest" name="testIntegerNotEq"/>
  <testcase time="0.009" classname="com.runwaysdk.query.AttributeQueryTest" name="testIntegerNotEq_Generated"/>
  <testcase time="0.027" classname="com.runwaysdk.query.AttributeQueryTest" name="testIntegerIsNull"/>
  <testcase time="0.032" classname="com.runwaysdk.query.AttributeQueryTest" name="testIntegerIsNull_Generated"/>
  <testcase time="0.008" classname="com.runwaysdk.query.AttributeQueryTest" name="testLongEqString"/>
  <testcase time="0.007" classname="com.runwaysdk.query.AttributeQueryTest" name="testLongEq"/>
  <testcase time="0.009" classname="com.runwaysdk.query.AttributeQueryTest" name="testLongEq_Generated"/>
  <testcase time="0.007" classname="com.runwaysdk.query.AttributeQueryTest" name="testLongGtString"/>
  <testcase time="0.007" classname="com.runwaysdk.query.AttributeQueryTest" name="testLongGt"/>
  <testcase time="0.009" classname="com.runwaysdk.query.AttributeQueryTest" name="testLongGt_Generated"/>
  <testcase time="0.011" classname="com.runwaysdk.query.AttributeQueryTest" name="testLongGtEqString"/>
  <testcase time="0.011" classname="com.runwaysdk.query.AttributeQueryTest" name="testLongGtEq"/>
  <testcase time="0.015" classname="com.runwaysdk.query.AttributeQueryTest" name="testLongGtEq_Generated"/>
  <testcase time="0.007" classname="com.runwaysdk.query.AttributeQueryTest" name="testLongLtString"/>
  <testcase time="0.008" classname="com.runwaysdk.query.AttributeQueryTest" name="testLongLt"/>
  <testcase time="0.009" classname="com.runwaysdk.query.AttributeQueryTest" name="testLongLt_Generated"/>
  <testcase time="0.011" classname="com.runwaysdk.query.AttributeQueryTest" name="testLongLtEqString"/>
  <testcase time="0.011" classname="com.runwaysdk.query.AttributeQueryTest" name="testLongLtEq"/>
  <testcase time="0.015" classname="com.runwaysdk.query.AttributeQueryTest" name="testLongLtEq_Generated"/>
  <testcase time="0.007" classname="com.runwaysdk.query.AttributeQueryTest" name="testLongNotEqString"/>
  <testcase time="0.007" classname="com.runwaysdk.query.AttributeQueryTest" name="testLongNotEq"/>
  <testcase time="0.008" classname="com.runwaysdk.query.AttributeQueryTest" name="testLongNotEq_Generated"/>
  <testcase time="0.032" classname="com.runwaysdk.query.AttributeQueryTest" name="testLongIsNull"/>
  <testcase time="0.042" classname="com.runwaysdk.query.AttributeQueryTest" name="testLongIsNull_Generated"/>
  <testcase time="0.007" classname="com.runwaysdk.query.AttributeQueryTest" name="testFloatEqString"/>
  <testcase time="0.007" classname="com.runwaysdk.query.AttributeQueryTest" name="testFloatEq"/>
  <testcase time="0.01" classname="com.runwaysdk.query.AttributeQueryTest" name="testFloatEq_Generated"/>
  <testcase time="0.007" classname="com.runwaysdk.query.AttributeQueryTest" name="testFloatGtString"/>
  <testcase time="0.008" classname="com.runwaysdk.query.AttributeQueryTest" name="testFloatGt"/>
  <testcase time="0.008" classname="com.runwaysdk.query.AttributeQueryTest" name="testFloatGt_Generated"/>
  <testcase time="0.011" classname="com.runwaysdk.query.AttributeQueryTest" name="testFloatGtEqString"/>
  <testcase time="0.011" classname="com.runwaysdk.query.AttributeQueryTest" name="testFloatGtEq"/>
  <testcase time="0.119" classname="com.runwaysdk.query.AttributeQueryTest" name="testFloatGtEq_Generated"/>
  <testcase time="0.006" classname="com.runwaysdk.query.AttributeQueryTest" name="testFloatLtString"/>
  <testcase time="0.008" classname="com.runwaysdk.query.AttributeQueryTest" name="testFloatLt"/>
  <testcase time="0.009" classname="com.runwaysdk.query.AttributeQueryTest" name="testFloatLt_Generated"/>
  <testcase time="0.011" classname="com.runwaysdk.query.AttributeQueryTest" name="testFloatLtEqString"/>
  <testcase time="0.011" classname="com.runwaysdk.query.AttributeQueryTest" name="testFloatLtEq"/>
  <testcase time="0.014" classname="com.runwaysdk.query.AttributeQueryTest" name="testFloatLtEq_Generated"/>
  <testcase time="0.007" classname="com.runwaysdk.query.AttributeQueryTest" name="testFloatNotEqString"/>
  <testcase time="0.007" classname="com.runwaysdk.query.AttributeQueryTest" name="testFloatNotEq"/>
  <testcase time="0.009" classname="com.runwaysdk.query.AttributeQueryTest" name="testFloatNotEq_Generated"/>
  <testcase time="0.029" classname="com.runwaysdk.query.AttributeQueryTest" name="testFloatIsNull"/>
  <testcase time="0.04" classname="com.runwaysdk.query.AttributeQueryTest" name="testFloatIsNull_Generated"/>
  <testcase time="0.007" classname="com.runwaysdk.query.AttributeQueryTest" name="testDecimalEqString"/>
  <testcase time="0.007" classname="com.runwaysdk.query.AttributeQueryTest" name="testDecimalEq"/>
  <testcase time="0.009" classname="com.runwaysdk.query.AttributeQueryTest" name="testDecimalEq_Generated"/>
  <testcase time="0.008" classname="com.runwaysdk.query.AttributeQueryTest" name="testDecimalGtString"/>
  <testcase time="0.007" classname="com.runwaysdk.query.AttributeQueryTest" name="testDecimalGt"/>
  <testcase time="0.009" classname="com.runwaysdk.query.AttributeQueryTest" name="testDecimalGt_Generated"/>
  <testcase time="0.011" classname="com.runwaysdk.query.AttributeQueryTest" name="testDecimalGtEqString"/>
  <testcase time="0.011" classname="com.runwaysdk.query.AttributeQueryTest" name="testDecimalGtEq"/>
  <testcase time="0.014" classname="com.runwaysdk.query.AttributeQueryTest" name="testDecimalGtEq_Generated"/>
  <testcase time="0.007" classname="com.runwaysdk.query.AttributeQueryTest" name="testDecimalLtString"/>
  <testcase time="0.007" classname="com.runwaysdk.query.AttributeQueryTest" name="testDecimalLt"/>
  <testcase time="0.009" classname="com.runwaysdk.query.AttributeQueryTest" name="testDecimalLt_Generated"/>
  <testcase time="0.011" classname="com.runwaysdk.query.AttributeQueryTest" name="testDecimalLtEqString"/>
  <testcase time="0.011" classname="com.runwaysdk.query.AttributeQueryTest" name="testDecimalLtEq"/>
  <testcase time="0.015" classname="com.runwaysdk.query.AttributeQueryTest" name="testDecimalLtEq_Generated"/>
  <testcase time="0.007" classname="com.runwaysdk.query.AttributeQueryTest" name="testDecimalNotEqString"/>
  <testcase time="0.007" classname="com.runwaysdk.query.AttributeQueryTest" name="testDecimalNotEq"/>
  <testcase time="0.009" classname="com.runwaysdk.query.AttributeQueryTest" name="testDecimalNotEq_Generated"/>
  <testcase time="0.034" classname="com.runwaysdk.query.AttributeQueryTest" name="testDecimalIsNull"/>
  <testcase time="0.04" classname="com.runwaysdk.query.AttributeQueryTest" name="testDecimalIsNull_Generated"/>
  <testcase time="0.007" classname="com.runwaysdk.query.AttributeQueryTest" name="testDoubleEqString"/>
  <testcase time="0.006" classname="com.runwaysdk.query.AttributeQueryTest" name="testDoubleEq"/>
  <testcase time="0.009" classname="com.runwaysdk.query.AttributeQueryTest" name="testDoubleEq_Generated"/>
  <testcase time="0.007" classname="com.runwaysdk.query.AttributeQueryTest" name="testDoubleGtString"/>
  <testcase time="0.007" classname="com.runwaysdk.query.AttributeQueryTest" name="testDoubleGt"/>
  <testcase time="0.009" classname="com.runwaysdk.query.AttributeQueryTest" name="testDoubleGt_Generated"/>
  <testcase time="0.012" classname="com.runwaysdk.query.AttributeQueryTest" name="testDoubleGtEqString"/>
  <testcase time="0.011" classname="com.runwaysdk.query.AttributeQueryTest" name="testDoubleGtEq"/>
  <testcase time="0.014" classname="com.runwaysdk.query.AttributeQueryTest" name="testDoubleGtEq_Generated"/>
  <testcase time="0.007" classname="com.runwaysdk.query.AttributeQueryTest" name="testDoubleLtString"/>
  <testcase time="0.007" classname="com.runwaysdk.query.AttributeQueryTest" name="testDoubleLt"/>
  <testcase time="0.009" classname="com.runwaysdk.query.AttributeQueryTest" name="testDoubleLt_Generated"/>
  <testcase time="0.011" classname="com.runwaysdk.query.AttributeQueryTest" name="testDoubleLtEqString"/>
  <testcase time="0.011" classname="com.runwaysdk.query.AttributeQueryTest" name="testDoubleLtEq"/>
  <testcase time="0.014" classname="com.runwaysdk.query.AttributeQueryTest" name="testDoubleLtEq_Generated"/>
  <testcase time="0.007" classname="com.runwaysdk.query.AttributeQueryTest" name="testDoubleNotEqString"/>
  <testcase time="0.006" classname="com.runwaysdk.query.AttributeQueryTest" name="testDoubleNotEq"/>
  <testcase time="0.009" classname="com.runwaysdk.query.AttributeQueryTest" name="testDoubleNotEq_Generated"/>
  <testcase time="0.032" classname="com.runwaysdk.query.AttributeQueryTest" name="testDoubleIsNull"/>
  <testcase time="0.042" classname="com.runwaysdk.query.AttributeQueryTest" name="testDoubleIsNul_Generated"/>
  <testcase time="0.012" classname="com.runwaysdk.query.EnumerationQueryTest" name="testEnumerationContainsAll"/>
  <testcase time="0.024" classname="com.runwaysdk.query.EnumerationQueryTest" name="testEnumerationContainsAll_Generated"/>
  <testcase time="0.008" classname="com.runwaysdk.query.EnumerationQueryTest" name="testEnumerationContainsAny"/>
  <testcase time="0.015" classname="com.runwaysdk.query.EnumerationQueryTest" name="testEnumerationContainsAny_Generated"/>
  <testcase time="0.014" classname="com.runwaysdk.query.EnumerationQueryTest" name="testEnumerationContainsExactly"/>
  <testcase time="0.023" classname="com.runwaysdk.query.EnumerationQueryTest" name="testEnumerationContainsExactly_Generated"/>
  <testcase time="0.007" classname="com.runwaysdk.query.EnumerationQueryTest" name="testEnumerationNotContainsAll"/>
  <testcase time="0.017" classname="com.runwaysdk.query.EnumerationQueryTest" name="testEnumerationNotContainsAll_Generated"/>
  <testcase time="0.01" classname="com.runwaysdk.query.EnumerationQueryTest" name="testEnumerationNotContainsAny"/>
  <testcase time="0.019" classname="com.runwaysdk.query.EnumerationQueryTest" name="testEnumerationNotContainsAny_Generated"/>
  <testcase time="0.01" classname="com.runwaysdk.query.EnumerationQueryTest" name="testEnumerationBooleanEqString"/>
  <testcase time="0.011" classname="com.runwaysdk.query.EnumerationQueryTest" name="testEnumerationBooleanEqBoolean"/>
  <testcase time="0.014" classname="com.runwaysdk.query.EnumerationQueryTest" name="testEnumerationBooleanEqBoolean_Generated"/>
  <testcase time="0.011" classname="com.runwaysdk.query.EnumerationQueryTest" name="testEnumerationBooleanNotEqString"/>
  <testcase time="0.011" classname="com.runwaysdk.query.EnumerationQueryTest" name="testEnumerationBooleanNotEqBoolean"/>
  <testcase time="0.014" classname="com.runwaysdk.query.EnumerationQueryTest" name="testEnumerationBooleanNotEqBoolean_Generated"/>
  <testcase time="0.011" classname="com.runwaysdk.query.EnumerationQueryTest" name="testEnumerationCharacterEqString"/>
  <testcase time="0.014" classname="com.runwaysdk.query.EnumerationQueryTest" name="testEnumerationCharacterEqString_Generated"/>
  <testcase time="0.011" classname="com.runwaysdk.query.EnumerationQueryTest" name="testEnumerationCharacterEqIgnoreCaseString"/>
  <testcase time="0.013" classname="com.runwaysdk.query.EnumerationQueryTest" name="testEnumerationCharacterEqIgnoreCaseString_Generated"/>
  <testcase time="0.011" classname="com.runwaysdk.query.EnumerationQueryTest" name="testEnumerationCharacterInIgnoreCaseStringArray"/>
  <testcase time="0.014" classname="com.runwaysdk.query.EnumerationQueryTest" name="testEnumerationCharacterInIgnoreCaseStringArray_Generated"/>
  <testcase time="0.011" classname="com.runwaysdk.query.EnumerationQueryTest" name="testEnumerationCharacterInStringArray"/>
  <testcase time="0.014" classname="com.runwaysdk.query.EnumerationQueryTest" name="testEnumerationCharacterInStringArray_Generated"/>
  <testcase time="0.011" classname="com.runwaysdk.query.EnumerationQueryTest" name="testEnumerationCharacterLikeIgnoreCaseString"/>
  <testcase time="0.013" classname="com.runwaysdk.query.EnumerationQueryTest" name="testEnumerationCharacterLikeIgnoreCaseString_Generated"/>
  <testcase time="0.011" classname="com.runwaysdk.query.EnumerationQueryTest" name="testEnumerationCharacterLikeString"/>
  <testcase time="0.014" classname="com.runwaysdk.query.EnumerationQueryTest" name="testEnumerationCharacterLikeString_Generated"/>
  <testcase time="0.011" classname="com.runwaysdk.query.EnumerationQueryTest" name="testEnumerationCharacterNotEqIgnoreCaseString"/>
  <testcase time="0.014" classname="com.runwaysdk.query.EnumerationQueryTest" name="testEnumerationCharacterNotEqIgnoreCaseString_Generated"/>
  <testcase time="0.011" classname="com.runwaysdk.query.EnumerationQueryTest" name="testEnumerationCharacterNotEqString"/>
  <testcase time="0.015" classname="com.runwaysdk.query.EnumerationQueryTest" name="testEnumerationCharacterNotEqString_Generated"/>
  <testcase time="0.011" classname="com.runwaysdk.query.EnumerationQueryTest" name="testEnumerationCharacterNotInIgnoreCaseStringArray"/>
  <testcase time="0.014" classname="com.runwaysdk.query.EnumerationQueryTest" name="testEnumerationCharacterNotInIgnoreCaseStringArray_Generated"/>
  <testcase time="0.011" classname="com.runwaysdk.query.EnumerationQueryTest" name="testEnumerationCharacterNotInStringArray"/>
  <testcase time="0.014" classname="com.runwaysdk.query.EnumerationQueryTest" name="testEnumerationCharacterNotInStringArray_Generated"/>
  <testcase time="0.011" classname="com.runwaysdk.query.EnumerationQueryTest" name="testEnumerationCharacterNotLikeIgnoreCaseString"/>
  <testcase time="0.015" classname="com.runwaysdk.query.EnumerationQueryTest" name="testEnumerationCharacterNotLikeIgnoreCaseString_Generated"/>
  <testcase time="0.011" classname="com.runwaysdk.query.EnumerationQueryTest" name="testEnumerationCharacterNotLikeString"/>
  <testcase time="0.014" classname="com.runwaysdk.query.EnumerationQueryTest" name="testEnumerationCharacterNotLikeString_Generated"/>
  <testcase time="0.01" classname="com.runwaysdk.query.EnumerationQueryTest" name="testEnumerationDateEqString"/>
  <testcase time="0.011" classname="com.runwaysdk.query.EnumerationQueryTest" name="testEnumerationDateEq"/>
  <testcase time="0.014" classname="com.runwaysdk.query.EnumerationQueryTest" name="testEnumerationDateEq_Generated"/>
  <testcase time="0.017" classname="com.runwaysdk.query.EnumerationQueryTest" name="testEnumerationDateGtEqString"/>
  <testcase time="0.018" classname="com.runwaysdk.query.EnumerationQueryTest" name="testEnumerationDateGtEq"/>
  <testcase time="0.023" classname="com.runwaysdk.query.EnumerationQueryTest" name="testEnumerationDateGtEq_Generated"/>
  <testcase time="0.011" classname="com.runwaysdk.query.EnumerationQueryTest" name="testEnumerationDateGtString"/>
  <testcase time="0.011" classname="com.runwaysdk.query.EnumerationQueryTest" name="testEnumerationDateGt"/>
  <testcase time="0.014" classname="com.runwaysdk.query.EnumerationQueryTest" name="testEnumerationDateGt_Generated"/>
  <testcase time="0.017" classname="com.runwaysdk.query.EnumerationQueryTest" name="testEnumerationDateLtEqString"/>
  <testcase time="0.018" classname="com.runwaysdk.query.EnumerationQueryTest" name="testEnumerationDateLtEq"/>
  <testcase time="0.025" classname="com.runwaysdk.query.EnumerationQueryTest" name="testEnumerationDateLtEq_Generated"/>
  <testcase time="0.009" classname="com.runwaysdk.query.EnumerationQueryTest" name="testEnumerationDateLtString"/>
  <testcase time="0.012" classname="com.runwaysdk.query.EnumerationQueryTest" name="testEnumerationDateLt"/>
  <testcase time="0.014" classname="com.runwaysdk.query.EnumerationQueryTest" name="testEnumerationDateLt_Generated"/>
  <testcase time="0.011" classname="com.runwaysdk.query.EnumerationQueryTest" name="testEnumerationDateNotEqString"/>
  <testcase time="0.012" classname="com.runwaysdk.query.EnumerationQueryTest" name="testEnumerationDateNotEq"/>
  <testcase time="0.014" classname="com.runwaysdk.query.EnumerationQueryTest" name="testEnumerationDateNotEq_Generated"/>
  <testcase time="0.011" classname="com.runwaysdk.query.EnumerationQueryTest" name="testEnumerationDateTimeEqString"/>
  <testcase time="0.011" classname="com.runwaysdk.query.EnumerationQueryTest" name="testEnumerationDateTimeEq"/>
  <testcase time="0.014" classname="com.runwaysdk.query.EnumerationQueryTest" name="testEnumerationDateTimeEq_Generated"/>
  <testcase time="0.017" classname="com.runwaysdk.query.EnumerationQueryTest" name="testEnumerationDateTimeGtEqString"/>
  <testcase time="0.018" classname="com.runwaysdk.query.EnumerationQueryTest" name="testEnumerationDateTimeGtEq"/>
  <testcase time="0.025" classname="com.runwaysdk.query.EnumerationQueryTest" name="testEnumerationDateTimeGtEq_Generated"/>
  <testcase time="0.009" classname="com.runwaysdk.query.EnumerationQueryTest" name="testEnumerationDateTimeGtString"/>
  <testcase time="0.01" classname="com.runwaysdk.query.EnumerationQueryTest" name="testEnumerationDateTimeGt"/>
  <testcase time="0.015" classname="com.runwaysdk.query.EnumerationQueryTest" name="testEnumerationDateTimeGt_Generated"/>
  <testcase time="0.017" classname="com.runwaysdk.query.EnumerationQueryTest" name="testEnumerationDateTimeLtEqString"/>
  <testcase time="0.018" classname="com.runwaysdk.query.EnumerationQueryTest" name="testEnumerationDateTimeLtEq"/>
  <testcase time="0.025" classname="com.runwaysdk.query.EnumerationQueryTest" name="testEnumerationDateTimeLtEq_Generated"/>
  <testcase time="0.012" classname="com.runwaysdk.query.EnumerationQueryTest" name="testEnumerationDateTimeLtString"/>
  <testcase time="0.011" classname="com.runwaysdk.query.EnumerationQueryTest" name="testEnumerationDateTimeLt"/>
  <testcase time="0.015" classname="com.runwaysdk.query.EnumerationQueryTest" name="testEnumerationDateTimeLt_Generated"/>
  <testcase time="0.011" classname="com.runwaysdk.query.EnumerationQueryTest" name="testEnumerationDateTimeNotEqString"/>
  <testcase time="0.011" classname="com.runwaysdk.query.EnumerationQueryTest" name="testEnumerationDateTimeNotEq"/>
  <testcase time="0.015" classname="com.runwaysdk.query.EnumerationQueryTest" name="testEnumerationDateTimeNotEq_Generated"/>
  <testcase time="0.01" classname="com.runwaysdk.query.EnumerationQueryTest" name="testEnumerationDecimalEqString"/>
  <testcase time="0.011" classname="com.runwaysdk.query.EnumerationQueryTest" name="testEnumerationDecimalEq"/>
  <testcase time="0.014" classname="com.runwaysdk.query.EnumerationQueryTest" name="testEnumerationDecimalEq_Generated"/>
  <testcase time="0.011" classname="com.runwaysdk.query.EnumerationQueryTest" name="testEnumerationDecimalGtString"/>
  <testcase time="0.011" classname="com.runwaysdk.query.EnumerationQueryTest" name="testEnumerationDecimalGt"/>
  <testcase time="0.014" classname="com.runwaysdk.query.EnumerationQueryTest" name="testEnumerationDecimalGt_Generated"/>
  <testcase time="0.017" classname="com.runwaysdk.query.EnumerationQueryTest" name="testEnumerationDecimalGtEqString"/>
  <testcase time="0.017" classname="com.runwaysdk.query.EnumerationQueryTest" name="testEnumerationDecimalGtEq"/>
  <testcase time="0.022" classname="com.runwaysdk.query.EnumerationQueryTest" name="testEnumerationDecimalGtEq_Generated"/>
  <testcase time="0.011" classname="com.runwaysdk.query.EnumerationQueryTest" name="testEnumerationDecimalLtString"/>
  <testcase time="0.011" classname="com.runwaysdk.query.EnumerationQueryTest" name="testEnumerationDecimalLt"/>
  <testcase time="0.014" classname="com.runwaysdk.query.EnumerationQueryTest" name="testEnumerationDecimalLt_Generated"/>
  <testcase time="0.017" classname="com.runwaysdk.query.EnumerationQueryTest" name="testEnumerationDecimalLtEqString"/>
  <testcase time="0.017" classname="com.runwaysdk.query.EnumerationQueryTest" name="testEnumerationDecimalLtEq"/>
  <testcase time="0.023" classname="com.runwaysdk.query.EnumerationQueryTest" name="testEnumerationDecimalLtEq_Generated"/>
  <testcase time="0.011" classname="com.runwaysdk.query.EnumerationQueryTest" name="testEnumerationDecimalNotEqString"/>
  <testcase time="0.011" classname="com.runwaysdk.query.EnumerationQueryTest" name="testEnumerationDecimalNotEq"/>
  <testcase time="0.014" classname="com.runwaysdk.query.EnumerationQueryTest" name="testEnumerationDecimalNotEq_Generated"/>
  <testcase time="0.01" classname="com.runwaysdk.query.EnumerationQueryTest" name="testEnumerationDoubleEqString"/>
  <testcase time="0.011" classname="com.runwaysdk.query.EnumerationQueryTest" name="testEnumerationDoubleEq"/>
  <testcase time="0.014" classname="com.runwaysdk.query.EnumerationQueryTest" name="testEnumerationDoubleEq_Generated"/>
  <testcase time="0.011" classname="com.runwaysdk.query.EnumerationQueryTest" name="testEnumerationDoubleGtString"/>
  <testcase time="0.011" classname="com.runwaysdk.query.EnumerationQueryTest" name="testEnumerationDoubleGt"/>
  <testcase time="0.014" classname="com.runwaysdk.query.EnumerationQueryTest" name="testEnumerationDoubleGt_Generated"/>
  <testcase time="0.017" classname="com.runwaysdk.query.EnumerationQueryTest" name="testEnumerationDoubleGtEqString"/>
  <testcase time="0.017" classname="com.runwaysdk.query.EnumerationQueryTest" name="testEnumerationDoubleGtEq"/>
  <testcase time="0.023" classname="com.runwaysdk.query.EnumerationQueryTest" name="testEnumerationDoubleGtEq_Generated"/>
  <testcase time="0.011" classname="com.runwaysdk.query.EnumerationQueryTest" name="testEnumerationDoubleLtString"/>
  <testcase time="0.011" classname="com.runwaysdk.query.EnumerationQueryTest" name="testEnumerationDoubleLt"/>
  <testcase time="0.014" classname="com.runwaysdk.query.EnumerationQueryTest" name="testEnumerationDoubleLt_Generated"/>
  <testcase time="0.017" classname="com.runwaysdk.query.EnumerationQueryTest" name="testEnumerationDoubleLtEqString"/>
  <testcase time="0.017" classname="com.runwaysdk.query.EnumerationQueryTest" name="testEnumerationDoubleLtEq"/>
  <testcase time="0.024" classname="com.runwaysdk.query.EnumerationQueryTest" name="testEnumerationDoubleLtEq_Generated"/>
  <testcase time="0.01" classname="com.runwaysdk.query.EnumerationQueryTest" name="testEnumerationDoubleNotEqString"/>
  <testcase time="0.011" classname="com.runwaysdk.query.EnumerationQueryTest" name="testEnumerationDoubleNotEq"/>
  <testcase time="0.014" classname="com.runwaysdk.query.EnumerationQueryTest" name="testEnumerationDoubleNotEq_Generated"/>
  <testcase time="0.011" classname="com.runwaysdk.query.EnumerationQueryTest" name="testEnumerationFloatEqString"/>
  <testcase time="0.01" classname="com.runwaysdk.query.EnumerationQueryTest" name="testEnumerationFloatEq"/>
  <testcase time="0.014" classname="com.runwaysdk.query.EnumerationQueryTest" name="testEnumerationFloatEq_Generated"/>
  <testcase time="0.011" classname="com.runwaysdk.query.EnumerationQueryTest" name="testEnumerationFloatGtString"/>
  <testcase time="0.011" classname="com.runwaysdk.query.EnumerationQueryTest" name="testEnumerationFloatGt"/>
  <testcase time="0.014" classname="com.runwaysdk.query.EnumerationQueryTest" name="testEnumerationFloatGt_Generated"/>
  <testcase time="0.017" classname="com.runwaysdk.query.EnumerationQueryTest" name="testEnumerationFloatGtEqString"/>
  <testcase time="0.018" classname="com.runwaysdk.query.EnumerationQueryTest" name="testEnumerationFloatGtEq"/>
  <testcase time="0.023" classname="com.runwaysdk.query.EnumerationQueryTest" name="testEnumerationFloatGtEq_Generated"/>
  <testcase time="0.011" classname="com.runwaysdk.query.EnumerationQueryTest" name="testEnumerationFloatLtString"/>
  <testcase time="0.011" classname="com.runwaysdk.query.EnumerationQueryTest" name="testEnumerationFloatLt"/>
  <testcase time="0.015" classname="com.runwaysdk.query.EnumerationQueryTest" name="testEnumerationFloatLt_Generated"/>
  <testcase time="0.017" classname="com.runwaysdk.query.EnumerationQueryTest" name="testEnumerationFloatLtEqString"/>
  <testcase time="0.011" classname="com.runwaysdk.query.EnumerationQueryTest" name="testEnumerationFloatLtEq"/>
  <testcase time="0.014" classname="com.runwaysdk.query.EnumerationQueryTest" name="testEnumerationFloatLtEq_Generated"/>
  <testcase time="0.011" classname="com.runwaysdk.query.EnumerationQueryTest" name="testEnumerationFloatNotEqString"/>
  <testcase time="0.011" classname="com.runwaysdk.query.EnumerationQueryTest" name="testEnumerationFloatNotEq"/>
  <testcase time="0.014" classname="com.runwaysdk.query.EnumerationQueryTest" name="testEnumerationFloatNotEq_Generated"/>
  <testcase time="0.011" classname="com.runwaysdk.query.EnumerationQueryTest" name="testEnumerationIntegerEqString"/>
  <testcase time="0.01" classname="com.runwaysdk.query.EnumerationQueryTest" name="testEnumerationIntegerEq"/>
  <testcase time="0.013" classname="com.runwaysdk.query.EnumerationQueryTest" name="testEnumerationIntegerEq_Generated"/>
  <testcase time="0.011" classname="com.runwaysdk.query.EnumerationQueryTest" name="testEnumerationIntegerGtString"/>
  <testcase time="0.011" classname="com.runwaysdk.query.EnumerationQueryTest" name="testEnumerationIntegerGt"/>
  <testcase time="0.015" classname="com.runwaysdk.query.EnumerationQueryTest" name="testEnumerationIntegerGt_Generated"/>
  <testcase time="0.016" classname="com.runwaysdk.query.EnumerationQueryTest" name="testEnumerationIntegerGtEqString"/>
  <testcase time="0.016" classname="com.runwaysdk.query.EnumerationQueryTest" name="testEnumerationIntegerGtEq"/>
  <testcase time="0.022" classname="com.runwaysdk.query.EnumerationQueryTest" name="testEnumerationIntegerGtEq_Generated"/>
  <testcase time="0.011" classname="com.runwaysdk.query.EnumerationQueryTest" name="testEnumerationIntegerLtString"/>
  <testcase time="0.011" classname="com.runwaysdk.query.EnumerationQueryTest" name="testEnumerationIntegerLt"/>
  <testcase time="0.014" classname="com.runwaysdk.query.EnumerationQueryTest" name="testEnumerationIntegerLt_Generated"/>
  <testcase time="0.017" classname="com.runwaysdk.query.EnumerationQueryTest" name="testEnumerationIntegerLtEqString"/>
  <testcase time="0.017" classname="com.runwaysdk.query.EnumerationQueryTest" name="testEnumerationIntegerLtEq"/>
  <testcase time="0.023" classname="com.runwaysdk.query.EnumerationQueryTest" name="testEnumerationIntegerLtEq_Generated"/>
  <testcase time="0.011" classname="com.runwaysdk.query.EnumerationQueryTest" name="testEnumerationIntegerNotEqString"/>
  <testcase time="0.011" classname="com.runwaysdk.query.EnumerationQueryTest" name="testEnumerationIntegerNotEq"/>
  <testcase time="0.015" classname="com.runwaysdk.query.EnumerationQueryTest" name="testEnumerationIntegerNotEq_Generated"/>
  <testcase time="0.01" classname="com.runwaysdk.query.EnumerationQueryTest" name="testEnumerationLongEqString"/>
  <testcase time="0.011" classname="com.runwaysdk.query.EnumerationQueryTest" name="testEnumerationLongEq"/>
  <testcase time="0.014" classname="com.runwaysdk.query.EnumerationQueryTest" name="testEnumerationLongEq_Generated"/>
  <testcase time="0.011" classname="com.runwaysdk.query.EnumerationQueryTest" name="testEnumerationLongGtString"/>
  <testcase time="0.011" classname="com.runwaysdk.query.EnumerationQueryTest" name="testEnumerationLongGt"/>
  <testcase time="0.014" classname="com.runwaysdk.query.EnumerationQueryTest" name="testEnumerationLongGt_Generated"/>
  <testcase time="0.017" classname="com.runwaysdk.query.EnumerationQueryTest" name="testEnumerationLongGtEqString"/>
  <testcase time="0.017" classname="com.runwaysdk.query.EnumerationQueryTest" name="testEnumerationLongGtEq"/>
  <testcase time="0.022" classname="com.runwaysdk.query.EnumerationQueryTest" name="testEnumerationLongGtEq_Generated"/>
  <testcase time="0.01" classname="com.runwaysdk.query.EnumerationQueryTest" name="testEnumerationLongLtString"/>
  <testcase time="0.011" classname="com.runwaysdk.query.EnumerationQueryTest" name="testEnumerationLongLt"/>
  <testcase time="0.014" classname="com.runwaysdk.query.EnumerationQueryTest" name="testEnumerationLongLt_Generated"/>
  <testcase time="0.017" classname="com.runwaysdk.query.EnumerationQueryTest" name="testEnumerationLongLtEqString"/>
  <testcase time="0.017" classname="com.runwaysdk.query.EnumerationQueryTest" name="testEnumerationLongLtEq"/>
  <testcase time="0.023" classname="com.runwaysdk.query.EnumerationQueryTest" name="testEnumerationLongLtEq_Generated"/>
  <testcase time="0.01" classname="com.runwaysdk.query.EnumerationQueryTest" name="testEnumerationLongNotEqString"/>
  <testcase time="0.011" classname="com.runwaysdk.query.EnumerationQueryTest" name="testEnumerationLongNotEq"/>
  <testcase time="0.013" classname="com.runwaysdk.query.EnumerationQueryTest" name="testEnumerationLongNotEq_Generated"/>
  <testcase time="0.011" classname="com.runwaysdk.query.EnumerationQueryTest" name="testEnumerationTextEqString"/>
  <testcase time="0.01" classname="com.runwaysdk.query.EnumerationQueryTest" name="testEnumerationClobEqString"/>
  <testcase time="0.013" classname="com.runwaysdk.query.EnumerationQueryTest" name="testEnumerationTextEq_Generated"/>
  <testcase time="0.013" classname="com.runwaysdk.query.EnumerationQueryTest" name="testEnumerationClobEq_Generated"/>
  <testcase time="0.011" classname="com.runwaysdk.query.EnumerationQueryTest" name="testEnumerationTextEqIgnoreCaseString"/>
  <testcase time="0.011" classname="com.runwaysdk.query.EnumerationQueryTest" name="testEnumerationClobEqIgnoreCaseString"/>
  <testcase time="0.014" classname="com.runwaysdk.query.EnumerationQueryTest" name="testEnumerationTextEqIgnoreCase_Generated"/>
  <testcase time="0.013" classname="com.runwaysdk.query.EnumerationQueryTest" name="testEnumerationClobEqIgnoreCase_Generated"/>
  <testcase time="0.011" classname="com.runwaysdk.query.EnumerationQueryTest" name="testEnumerationTextInStringArray"/>
  <testcase time="0.011" classname="com.runwaysdk.query.EnumerationQueryTest" name="testEnumerationClobInStringArray"/>
  <testcase time="0.013" classname="com.runwaysdk.query.EnumerationQueryTest" name="testEnumerationTextInStringArray_Generated"/>
  <testcase time="0.013" classname="com.runwaysdk.query.EnumerationQueryTest" name="testEnumerationClobInStringArray_Generated"/>
  <testcase time="0.011" classname="com.runwaysdk.query.EnumerationQueryTest" name="testEnumerationTextInIgnoreCaseStringArray"/>
  <testcase time="0.011" classname="com.runwaysdk.query.EnumerationQueryTest" name="testEnumerationClobInIgnoreCaseStringArray"/>
  <testcase time="0.014" classname="com.runwaysdk.query.EnumerationQueryTest" name="testEnumerationTextInIgnoreCaseStringArray_Generated"/>
  <testcase time="0.014" classname="com.runwaysdk.query.EnumerationQueryTest" name="testEnumerationClobInIgnoreCaseStringArray_Generated"/>
  <testcase time="0.011" classname="com.runwaysdk.query.EnumerationQueryTest" name="testEnumerationTextLikeString"/>
  <testcase time="0.01" classname="com.runwaysdk.query.EnumerationQueryTest" name="testEnumerationClobLikeString"/>
  <testcase time="0.014" classname="com.runwaysdk.query.EnumerationQueryTest" name="testEnumerationTextLikeString_Generated"/>
  <testcase time="0.014" classname="com.runwaysdk.query.EnumerationQueryTest" name="testEnumerationClobLikeString_Generated"/>
  <testcase time="0.01" classname="com.runwaysdk.query.EnumerationQueryTest" name="testEnumerationClobLikeIgnoreCaseString"/>
  <testcase time="0.011" classname="com.runwaysdk.query.EnumerationQueryTest" name="testEnumerationTextLikeIgnoreCaseString"/>
  <testcase time="0.014" classname="com.runwaysdk.query.EnumerationQueryTest" name="testEnumerationTextLikeIgnoreCaseString_Generated"/>
  <testcase time="0.013" classname="com.runwaysdk.query.EnumerationQueryTest" name="testEnumerationClobLikeIgnoreCaseString_Generated"/>
  <testcase time="0.011" classname="com.runwaysdk.query.EnumerationQueryTest" name="testEnumerationTextNotEqString"/>
  <testcase time="0.011" classname="com.runwaysdk.query.EnumerationQueryTest" name="testEnumerationClobNotEqString"/>
  <testcase time="0.014" classname="com.runwaysdk.query.EnumerationQueryTest" name="testEnumerationTextNotEqString_Generated"/>
  <testcase time="0.014" classname="com.runwaysdk.query.EnumerationQueryTest" name="testEnumerationClobNotEqString_Generated"/>
  <testcase time="0.011" classname="com.runwaysdk.query.EnumerationQueryTest" name="testEnumerationTextNotEqIgnoreCaseString"/>
  <testcase time="0.011" classname="com.runwaysdk.query.EnumerationQueryTest" name="testEnumerationClobNotEqIgnoreCaseString"/>
  <testcase time="0.014" classname="com.runwaysdk.query.EnumerationQueryTest" name="testEnumerationTextNotEqIgnoreCaseString_Generated"/>
  <testcase time="0.015" classname="com.runwaysdk.query.EnumerationQueryTest" name="testEnumerationClobNotEqIgnoreCaseString_Generated"/>
  <testcase time="0.011" classname="com.runwaysdk.query.EnumerationQueryTest" name="testEnumerationTextNotInStringArray"/>
  <testcase time="0.011" classname="com.runwaysdk.query.EnumerationQueryTest" name="testEnumerationClobNotInStringArray"/>
  <testcase time="0.014" classname="com.runwaysdk.query.EnumerationQueryTest" name="testEnumerationTextNotInStringArray_Generated"/>
  <testcase time="0.014" classname="com.runwaysdk.query.EnumerationQueryTest" name="testEnumerationClobNotInStringArray_Generated"/>
  <testcase time="0.011" classname="com.runwaysdk.query.EnumerationQueryTest" name="testEnumerationTextNotInIgnoreCaseStringArray"/>
  <testcase time="0.011" classname="com.runwaysdk.query.EnumerationQueryTest" name="testEnumerationClobNotInIgnoreCaseStringArray"/>
  <testcase time="0.014" classname="com.runwaysdk.query.EnumerationQueryTest" name="testEnumerationTextNotInIgnoreCaseStringArray_Generated"/>
  <testcase time="0.014" classname="com.runwaysdk.query.EnumerationQueryTest" name="testEnumerationClobNotInIgnoreCaseStringArray_Generated"/>
  <testcase time="0.01" classname="com.runwaysdk.query.EnumerationQueryTest" name="testEnumerationTextNotLikeString"/>
  <testcase time="0.01" classname="com.runwaysdk.query.EnumerationQueryTest" name="testEnumerationClobNotLikeString"/>
  <testcase time="0.014" classname="com.runwaysdk.query.EnumerationQueryTest" name="testEnumerationTextNotLikeString_Generated"/>
  <testcase time="0.015" classname="com.runwaysdk.query.EnumerationQueryTest" name="testEnumerationClobNotLikeString_Generated"/>
  <testcase time="0.011" classname="com.runwaysdk.query.EnumerationQueryTest" name="testEnumerationTextNotLikeIgnoreCaseString"/>
  <testcase time="0.011" classname="com.runwaysdk.query.EnumerationQueryTest" name="testEnumerationClobNotLikeIgnoreCaseString"/>
  <testcase time="0.014" classname="com.runwaysdk.query.EnumerationQueryTest" name="testEnumerationTextNotLikeIgnoreCaseString_Generated"/>
  <testcase time="0.014" classname="com.runwaysdk.query.EnumerationQueryTest" name="testEnumerationClobNotLikeIgnoreCaseString_Generated"/>
  <testcase time="0.011" classname="com.runwaysdk.query.EnumerationQueryTest" name="testEnumerationTimeEqString"/>
  <testcase time="0.011" classname="com.runwaysdk.query.EnumerationQueryTest" name="testEnumerationTimeEq"/>
  <testcase time="0.014" classname="com.runwaysdk.query.EnumerationQueryTest" name="testEnumerationTimeEq_Generated"/>
  <testcase time="0.011" classname="com.runwaysdk.query.EnumerationQueryTest" name="testEnumerationTimeGtString"/>
  <testcase time="0.011" classname="com.runwaysdk.query.EnumerationQueryTest" name="testEnumerationTimeGt"/>
  <testcase time="0.015" classname="com.runwaysdk.query.EnumerationQueryTest" name="testEnumerationTimeGt_Generated"/>
  <testcase time="0.017" classname="com.runwaysdk.query.EnumerationQueryTest" name="testEnumerationTimeGtEqString"/>
  <testcase time="0.018" classname="com.runwaysdk.query.EnumerationQueryTest" name="testEnumerationTimeGtEq"/>
  <testcase time="0.024" classname="com.runwaysdk.query.EnumerationQueryTest" name="testEnumerationTimeGtEq_Generated"/>
  <testcase time="0.011" classname="com.runwaysdk.query.EnumerationQueryTest" name="testEnumerationTimeLtString"/>
  <testcase time="0.011" classname="com.runwaysdk.query.EnumerationQueryTest" name="testEnumerationTimeLt"/>
  <testcase time="0.015" classname="com.runwaysdk.query.EnumerationQueryTest" name="testEnumerationTimeLt_Generated"/>
  <testcase time="0.017" classname="com.runwaysdk.query.EnumerationQueryTest" name="testEnumerationTimeLtEqString"/>
  <testcase time="0.018" classname="com.runwaysdk.query.EnumerationQueryTest" name="testEnumerationTimeLtEq"/>
  <testcase time="0.023" classname="com.runwaysdk.query.EnumerationQueryTest" name="testEnumerationTimeLtEq_Generated"/>
  <testcase time="0.011" classname="com.runwaysdk.query.EnumerationQueryTest" name="testEnumerationTimeNotEqString"/>
  <testcase time="0.012" classname="com.runwaysdk.query.EnumerationQueryTest" name="testEnumerationTimeNotEq"/>
  <testcase time="0.014" classname="com.runwaysdk.query.EnumerationQueryTest" name="testEnumerationTimeNotEq_Generated"/>
  <testcase time="0.016" classname="com.runwaysdk.query.EnumerationQueryTest" name="testEnumerationReferenceEqString"/>
  <testcase time="0.02" classname="com.runwaysdk.query.EnumerationQueryTest" name="testEnumerationReferenceEqString_Generated"/>
  <testcase time="0.024" classname="com.runwaysdk.query.EnumerationQueryTest" name="testEnumerationRefEq_Generated"/>
  <testcase time="0.004" classname="com.runwaysdk.query.ReferenceQueryTest" name="testNullReference"/>
  <testcase time="0.002" classname="com.runwaysdk.query.ReferenceQueryTest" name="testNotNullReference"/>
  <testcase time="0.012" classname="com.runwaysdk.query.ReferenceQueryTest" name="testReferenceEnumerationContainsAll"/>
  <testcase time="0.022" classname="com.runwaysdk.query.ReferenceQueryTest" name="testReferenceEnumerationContainsAll_Generated"/>
  <testcase time="0.011" classname="com.runwaysdk.query.ReferenceQueryTest" name="testReferenceEnumerationContainsAny"/>
  <testcase time="0.016" classname="com.runwaysdk.query.ReferenceQueryTest" name="testReferenceEnumerationContainsAny_Generated"/>
  <testcase time="0.018" classname="com.runwaysdk.query.ReferenceQueryTest" name="testReferenceEnumerationContainsExactly"/>
  <testcase time="0.026" classname="com.runwaysdk.query.ReferenceQueryTest" name="testReferenceEnumerationContainsExactly_Generated"/>
  <testcase time="0.011" classname="com.runwaysdk.query.ReferenceQueryTest" name="testReferenceEnumerationNotContainsAll"/>
  <testcase time="0.019" classname="com.runwaysdk.query.ReferenceQueryTest" name="testReferenceEnumerationNotContainsAll_Generated"/>
  <testcase time="0.012" classname="com.runwaysdk.query.ReferenceQueryTest" name="testReferenceEnumerationNotContainsAny"/>
  <testcase time="0.019" classname="com.runwaysdk.query.ReferenceQueryTest" name="testReferenceEnumerationNotContainsAny_Generated"/>
  <testcase time="0.008" classname="com.runwaysdk.query.ReferenceQueryTest" name="testReferenceEqString"/>
  <testcase time="0.009" classname="com.runwaysdk.query.ReferenceQueryTest" name="testReferenceEqString_Generated"/>
  <testcase time="0.008" classname="com.runwaysdk.query.ReferenceQueryTest" name="testReferenceEqComponent"/>
  <testcase time="0.019" classname="com.runwaysdk.query.ReferenceQueryTest" name="testReferenceEqComponent_Generated"/>
  <testcase time="0.008" classname="com.runwaysdk.query.ReferenceQueryTest" name="testReferenceNotEqString"/>
  <testcase time="0.009" classname="com.runwaysdk.query.ReferenceQueryTest" name="testReferenceNotEqString_Generated"/>
  <testcase time="0.008" classname="com.runwaysdk.query.ReferenceQueryTest" name="testReferenceNotEqComponent"/>
  <testcase time="0.019" classname="com.runwaysdk.query.ReferenceQueryTest" name="testReferenceNotEqComponent_Generated"/>
  <testcase time="0.01" classname="com.runwaysdk.query.ReferenceQueryTest" name="testReferenceStructBooleanEq"/>
  <testcase time="0.014" classname="com.runwaysdk.query.ReferenceQueryTest" name="testReferenceStructBooleanEq_Generated"/>
  <testcase time="0.013" classname="com.runwaysdk.query.ReferenceQueryTest" name="testReferenceReferenceEqString"/>
  <testcase time="0.015" classname="com.runwaysdk.query.ReferenceQueryTest" name="testReferenceReferenceEqString_Generated"/>
  <testcase time="0.008" classname="com.runwaysdk.query.ReferenceQueryTest" name="testReferenceBooleanEqBoolean"/>
  <testcase time="0.011" classname="com.runwaysdk.query.ReferenceQueryTest" name="testReferenceBooleanEqBoolean_Generated"/>
  <testcase time="0.008" classname="com.runwaysdk.query.ReferenceQueryTest" name="testReferenceBooleanEqString"/>
  <testcase time="0.009" classname="com.runwaysdk.query.ReferenceQueryTest" name="testReferenceBooleanNotEqString"/>
  <testcase time="0.008" classname="com.runwaysdk.query.ReferenceQueryTest" name="testReferenceBooleanNotEqBoolean"/>
  <testcase time="0.01" classname="com.runwaysdk.query.ReferenceQueryTest" name="testReferenceBooleanNotEqBoolean_Generated"/>
  <testcase time="0.008" classname="com.runwaysdk.query.ReferenceQueryTest" name="testReferenceCharacterEqString"/>
  <testcase time="0.01" classname="com.runwaysdk.query.ReferenceQueryTest" name="testReferenceCharacterEqString_Generated"/>
  <testcase time="0.009" classname="com.runwaysdk.query.ReferenceQueryTest" name="testReferenceCharacterEqIgnoreCaseString"/>
  <testcase time="0.01" classname="com.runwaysdk.query.ReferenceQueryTest" name="testReferenceCharacterEqIgnoreCaseString_Generated"/>
  <testcase time="0.009" classname="com.runwaysdk.query.ReferenceQueryTest" name="testReferenceCharacterInIgnoreCaseStringArray"/>
  <testcase time="0.011" classname="com.runwaysdk.query.ReferenceQueryTest" name="testReferenceCharacterInIgnoreCaseStringArray_Generated"/>
  <testcase time="0.008" classname="com.runwaysdk.query.ReferenceQueryTest" name="testReferenceCharacterInStringArray"/>
  <testcase time="0.011" classname="com.runwaysdk.query.ReferenceQueryTest" name="testReferenceCharacterInStringArray_Generated"/>
  <testcase time="0.009" classname="com.runwaysdk.query.ReferenceQueryTest" name="testReferenceCharacterLikeIgnoreCaseString"/>
  <testcase time="0.01" classname="com.runwaysdk.query.ReferenceQueryTest" name="testReferenceCharacterLikeIgnoreCaseString_Generated"/>
  <testcase time="0.009" classname="com.runwaysdk.query.ReferenceQueryTest" name="testReferenceCharacterLikeString"/>
  <testcase time="0.01" classname="com.runwaysdk.query.ReferenceQueryTest" name="testReferenceCharacterLikeString_Generated"/>
  <testcase time="0.009" classname="com.runwaysdk.query.ReferenceQueryTest" name="testReferenceCharacterNotEqIgnoreCaseString"/>
  <testcase time="0.011" classname="com.runwaysdk.query.ReferenceQueryTest" name="testReferenceCharacterNotEqIgnoreCaseString_Generated"/>
  <testcase time="0.009" classname="com.runwaysdk.query.ReferenceQueryTest" name="testReferenceCharacterNotEqString"/>
  <testcase time="0.01" classname="com.runwaysdk.query.ReferenceQueryTest" name="testReferenceCharacterNotEqString_Generated"/>
  <testcase time="0.009" classname="com.runwaysdk.query.ReferenceQueryTest" name="testReferenceCharacterNotInIgnoreCaseStringArray"/>
  <testcase time="0.011" classname="com.runwaysdk.query.ReferenceQueryTest" name="testReferenceCharacterNotInIgnoreCaseStringArray_Generated"/>
  <testcase time="0.009" classname="com.runwaysdk.query.ReferenceQueryTest" name="testReferenceCharacterNotInStringArray"/>
  <testcase time="0.01" classname="com.runwaysdk.query.ReferenceQueryTest" name="testReferenceCharacterNotInStringArray_Generated"/>
  <testcase time="0.008" classname="com.runwaysdk.query.ReferenceQueryTest" name="testReferenceCharacterNotLikeIgnoreCaseString"/>
  <testcase time="0.011" classname="com.runwaysdk.query.ReferenceQueryTest" name="testReferenceCharacterNotLikeIgnoreCaseString_Generated"/>
  <testcase time="0.009" classname="com.runwaysdk.query.ReferenceQueryTest" name="testReferenceCharacterNotLikeString"/>
  <testcase time="0.01" classname="com.runwaysdk.query.ReferenceQueryTest" name="testReferenceCharacterNotLikeString_Generated"/>
  <testcase time="0.008" classname="com.runwaysdk.query.ReferenceQueryTest" name="testReferenceDateEqString"/>
  <testcase time="0.009" classname="com.runwaysdk.query.ReferenceQueryTest" name="testReferenceDateEq"/>
  <testcase time="0.011" classname="com.runwaysdk.query.ReferenceQueryTest" name="testReferenceDateEq_Generated"/>
  <testcase time="0.014" classname="com.runwaysdk.query.ReferenceQueryTest" name="testReferenceDateGtEqString"/>
  <testcase time="0.014" classname="com.runwaysdk.query.ReferenceQueryTest" name="testReferenceDateGtEq"/>
  <testcase time="0.017" classname="com.runwaysdk.query.ReferenceQueryTest" name="testReferenceDateGtEq_Generated"/>
  <testcase time="0.009" classname="com.runwaysdk.query.ReferenceQueryTest" name="testReferenceDateGtString"/>
  <testcase time="0.009" classname="com.runwaysdk.query.ReferenceQueryTest" name="testReferenceDateGt"/>
  <testcase time="0.011" classname="com.runwaysdk.query.ReferenceQueryTest" name="testReferenceDateGt_Generated"/>
  <testcase time="0.013" classname="com.runwaysdk.query.ReferenceQueryTest" name="testReferenceDateLtEqString"/>
  <testcase time="0.014" classname="com.runwaysdk.query.ReferenceQueryTest" name="testReferenceDateLtEq"/>
  <testcase time="0.018" classname="com.runwaysdk.query.ReferenceQueryTest" name="testReferenceDateLtEq_Generated"/>
  <testcase time="0.009" classname="com.runwaysdk.query.ReferenceQueryTest" name="testReferenceDateLtString"/>
  <testcase time="0.009" classname="com.runwaysdk.query.ReferenceQueryTest" name="testReferenceDateLt"/>
  <testcase time="0.011" classname="com.runwaysdk.query.ReferenceQueryTest" name="testReferenceDateLt_Generated"/>
  <testcase time="0.008" classname="com.runwaysdk.query.ReferenceQueryTest" name="testReferenceDateNotEqString"/>
  <testcase time="0.009" classname="com.runwaysdk.query.ReferenceQueryTest" name="testReferenceDateNotEq"/>
  <testcase time="0.01" classname="com.runwaysdk.query.ReferenceQueryTest" name="testReferenceDateNotEq_Generated"/>
  <testcase time="0.009" classname="com.runwaysdk.query.ReferenceQueryTest" name="testReferenceDateTimeEqString"/>
  <testcase time="0.009" classname="com.runwaysdk.query.ReferenceQueryTest" name="testReferenceDateTimeEq"/>
  <testcase time="0.011" classname="com.runwaysdk.query.ReferenceQueryTest" name="testReferenceDateTimeEq_Generated"/>
  <testcase time="0.014" classname="com.runwaysdk.query.ReferenceQueryTest" name="testReferenceDateTimeGtEqString"/>
  <testcase time="0.014" classname="com.runwaysdk.query.ReferenceQueryTest" name="testReferenceDateTimeGtEq"/>
  <testcase time="0.018" classname="com.runwaysdk.query.ReferenceQueryTest" name="testReferenceDateTimeGtEq_Generated"/>
  <testcase time="0.008" classname="com.runwaysdk.query.ReferenceQueryTest" name="testReferenceDateTimeGtString"/>
  <testcase time="0.009" classname="com.runwaysdk.query.ReferenceQueryTest" name="testReferenceDateTimeGt"/>
  <testcase time="0.011" classname="com.runwaysdk.query.ReferenceQueryTest" name="testReferenceDateTimeGt_Generated"/>
  <testcase time="0.014" classname="com.runwaysdk.query.ReferenceQueryTest" name="testReferenceDateTimeLtEqString"/>
  <testcase time="0.014" classname="com.runwaysdk.query.ReferenceQueryTest" name="testReferenceDateTimeLtEq"/>
  <testcase time="0.018" classname="com.runwaysdk.query.ReferenceQueryTest" name="testReferenceDateTimeLtEq_Generated"/>
  <testcase time="0.009" classname="com.runwaysdk.query.ReferenceQueryTest" name="testReferenceDateTimeLtString"/>
  <testcase time="0.008" classname="com.runwaysdk.query.ReferenceQueryTest" name="testReferenceDateTimeLt"/>
  <testcase time="0.008" classname="com.runwaysdk.query.ReferenceQueryTest" name="testReferenceDateTimeLt_Generated"/>
  <testcase time="0.007" classname="com.runwaysdk.query.ReferenceQueryTest" name="testReferenceDateTimeNotEqString"/>
  <testcase time="0.007" classname="com.runwaysdk.query.ReferenceQueryTest" name="testReferenceDateTimeNotEq"/>
  <testcase time="0.01" classname="com.runwaysdk.query.ReferenceQueryTest" name="testReferenceDateTimeNotEq_Generated"/>
  <testcase time="0.008" classname="com.runwaysdk.query.ReferenceQueryTest" name="testReferenceDecimalEqString"/>
  <testcase time="0.009" classname="com.runwaysdk.query.ReferenceQueryTest" name="testReferenceDecimalEq"/>
  <testcase time="0.01" classname="com.runwaysdk.query.ReferenceQueryTest" name="testReferenceDecimalEq_Generated"/>
  <testcase time="0.009" classname="com.runwaysdk.query.ReferenceQueryTest" name="testReferenceDecimalGtString"/>
  <testcase time="0.008" classname="com.runwaysdk.query.ReferenceQueryTest" name="testReferenceDecimalGt"/>
  <testcase time="0.01" classname="com.runwaysdk.query.ReferenceQueryTest" name="testReferenceDecimalGt_Generated"/>
  <testcase time="0.013" classname="com.runwaysdk.query.ReferenceQueryTest" name="testReferenceDecimalGtEqString"/>
  <testcase time="0.013" classname="com.runwaysdk.query.ReferenceQueryTest" name="testReferenceDecimalGtEq"/>
  <testcase time="0.017" classname="com.runwaysdk.query.ReferenceQueryTest" name="testReferenceDecimalGtEq_Generated"/>
  <testcase time="0.009" classname="com.runwaysdk.query.ReferenceQueryTest" name="testReferenceDecimalLtString"/>
  <testcase time="0.008" classname="com.runwaysdk.query.ReferenceQueryTest" name="testReferenceDecimalLt"/>
  <testcase time="0.011" classname="com.runwaysdk.query.ReferenceQueryTest" name="testReferenceDecimalLt_Generated"/>
  <testcase time="0.013" classname="com.runwaysdk.query.ReferenceQueryTest" name="testReferenceDecimalLtEqString"/>
  <testcase time="0.013" classname="com.runwaysdk.query.ReferenceQueryTest" name="testReferenceDecimalLtEq"/>
  <testcase time="0.017" classname="com.runwaysdk.query.ReferenceQueryTest" name="testReferenceDecimalLtEq_Generated"/>
  <testcase time="0.008" classname="com.runwaysdk.query.ReferenceQueryTest" name="testReferenceDecimalNotEqString"/>
  <testcase time="0.009" classname="com.runwaysdk.query.ReferenceQueryTest" name="testReferenceDecimalNotEq"/>
  <testcase time="0.01" classname="com.runwaysdk.query.ReferenceQueryTest" name="testReferenceDecimalNotEq_Generated"/>
  <testcase time="0.008" classname="com.runwaysdk.query.ReferenceQueryTest" name="testReferenceDoubleEqString"/>
  <testcase time="0.008" classname="com.runwaysdk.query.ReferenceQueryTest" name="testReferenceDoubleEq"/>
  <testcase time="0.009" classname="com.runwaysdk.query.ReferenceQueryTest" name="testReferenceDoubleEq_Generated"/>
  <testcase time="0.008" classname="com.runwaysdk.query.ReferenceQueryTest" name="testReferenceDoubleGtString"/>
  <testcase time="0.008" classname="com.runwaysdk.query.ReferenceQueryTest" name="testReferenceDoubleGt"/>
  <testcase time="0.01" classname="com.runwaysdk.query.ReferenceQueryTest" name="testReferenceDoubleGt_Generated"/>
  <testcase time="0.014" classname="com.runwaysdk.query.ReferenceQueryTest" name="testReferenceDoubleGtEqString"/>
  <testcase time="0.013" classname="com.runwaysdk.query.ReferenceQueryTest" name="testReferenceDoubleGtEq"/>
  <testcase time="0.017" classname="com.runwaysdk.query.ReferenceQueryTest" name="testReferenceDoubleGtEq_Generated"/>
  <testcase time="0.008" classname="com.runwaysdk.query.ReferenceQueryTest" name="testReferenceDoubleLtString"/>
  <testcase time="0.009" classname="com.runwaysdk.query.ReferenceQueryTest" name="testReferenceDoubleLt"/>
  <testcase time="0.011" classname="com.runwaysdk.query.ReferenceQueryTest" name="testReferenceDoubleLt_Generated"/>
  <testcase time="0.013" classname="com.runwaysdk.query.ReferenceQueryTest" name="testReferenceDoubleLtEqString"/>
  <testcase time="0.014" classname="com.runwaysdk.query.ReferenceQueryTest" name="testReferenceDoubleLtEq"/>
  <testcase time="0.016" classname="com.runwaysdk.query.ReferenceQueryTest" name="testReferenceDoubleLtEq_Generated"/>
  <testcase time="0.009" classname="com.runwaysdk.query.ReferenceQueryTest" name="testReferenceDoubleNotEqString"/>
  <testcase time="0.008" classname="com.runwaysdk.query.ReferenceQueryTest" name="testReferenceDoubleNotEq"/>
  <testcase time="0.011" classname="com.runwaysdk.query.ReferenceQueryTest" name="testReferenceDoubleNotEq_Generated"/>
  <testcase time="0.008" classname="com.runwaysdk.query.ReferenceQueryTest" name="testReferenceFloatEqString"/>
  <testcase time="0.009" classname="com.runwaysdk.query.ReferenceQueryTest" name="testReferenceFloatEq"/>
  <testcase time="0.01" classname="com.runwaysdk.query.ReferenceQueryTest" name="testReferenceFloatEq_Generated"/>
  <testcase time="0.009" classname="com.runwaysdk.query.ReferenceQueryTest" name="testReferenceFloatGtString"/>
  <testcase time="0.008" classname="com.runwaysdk.query.ReferenceQueryTest" name="testReferenceFloatGt"/>
  <testcase time="0.011" classname="com.runwaysdk.query.ReferenceQueryTest" name="testReferenceFloatGt_Generated"/>
  <testcase time="0.013" classname="com.runwaysdk.query.ReferenceQueryTest" name="testReferenceFloatGtEqString"/>
  <testcase time="0.013" classname="com.runwaysdk.query.ReferenceQueryTest" name="testReferenceFloatGtEq"/>
  <testcase time="0.017" classname="com.runwaysdk.query.ReferenceQueryTest" name="testReferenceFloatGtEq_Generated"/>
  <testcase time="0.009" classname="com.runwaysdk.query.ReferenceQueryTest" name="testReferenceFloatLtString"/>
  <testcase time="0.008" classname="com.runwaysdk.query.ReferenceQueryTest" name="testReferenceFloatLt"/>
  <testcase time="0.011" classname="com.runwaysdk.query.ReferenceQueryTest" name="testReferenceFloatLt_Generated"/>
  <testcase time="0.013" classname="com.runwaysdk.query.ReferenceQueryTest" name="testReferenceFloatLtEqString"/>
  <testcase time="0.013" classname="com.runwaysdk.query.ReferenceQueryTest" name="testReferenceFloatLtEq"/>
  <testcase time="0.017" classname="com.runwaysdk.query.ReferenceQueryTest" name="testReferenceFloatLtEq_Generated"/>
  <testcase time="0.008" classname="com.runwaysdk.query.ReferenceQueryTest" name="testReferenceFloatNotEqString"/>
  <testcase time="0.008" classname="com.runwaysdk.query.ReferenceQueryTest" name="testReferenceFloatNotEq"/>
  <testcase time="0.011" classname="com.runwaysdk.query.ReferenceQueryTest" name="testReferenceFloatNotEq_Generated"/>
  <testcase time="0.009" classname="com.runwaysdk.query.ReferenceQueryTest" name="testReferenceIntegerEqString"/>
  <testcase time="0.008" classname="com.runwaysdk.query.ReferenceQueryTest" name="testReferenceIntegerEq"/>
  <testcase time="0.011" classname="com.runwaysdk.query.ReferenceQueryTest" name="testReferenceIntegerEq_Generated"/>
  <testcase time="0.008" classname="com.runwaysdk.query.ReferenceQueryTest" name="testReferenceIntegerGtString"/>
  <testcase time="0.008" classname="com.runwaysdk.query.ReferenceQueryTest" name="testReferenceIntegerGt"/>
  <testcase time="0.01" classname="com.runwaysdk.query.ReferenceQueryTest" name="testReferenceIntegerGt_Generated"/>
  <testcase time="0.014" classname="com.runwaysdk.query.ReferenceQueryTest" name="testReferenceIntegerGtEqString"/>
  <testcase time="0.013" classname="com.runwaysdk.query.ReferenceQueryTest" name="testReferenceIntegerGtEq"/>
  <testcase time="0.017" classname="com.runwaysdk.query.ReferenceQueryTest" name="testReferenceIntegerGtEq_Generated"/>
  <testcase time="0.008" classname="com.runwaysdk.query.ReferenceQueryTest" name="testReferenceIntegerLtString"/>
  <testcase time="0.009" classname="com.runwaysdk.query.ReferenceQueryTest" name="testReferenceIntegerLt"/>
  <testcase time="0.011" classname="com.runwaysdk.query.ReferenceQueryTest" name="testReferenceIntegerLt_Generated"/>
  <testcase time="0.013" classname="com.runwaysdk.query.ReferenceQueryTest" name="testReferenceIntegerLtEqString"/>
  <testcase time="0.013" classname="com.runwaysdk.query.ReferenceQueryTest" name="testReferenceIntegerLtEq"/>
  <testcase time="0.017" classname="com.runwaysdk.query.ReferenceQueryTest" name="testReferenceIntegerLtEq_Generated"/>
  <testcase time="0.009" classname="com.runwaysdk.query.ReferenceQueryTest" name="testReferenceIntegerNotEqString"/>
  <testcase time="0.008" classname="com.runwaysdk.query.ReferenceQueryTest" name="testReferenceIntegerNotEq"/>
  <testcase time="0.011" classname="com.runwaysdk.query.ReferenceQueryTest" name="testReferenceIntegerNotEq_Generrated"/>
  <testcase time="0.008" classname="com.runwaysdk.query.ReferenceQueryTest" name="testReferenceLongEqString"/>
  <testcase time="0.009" classname="com.runwaysdk.query.ReferenceQueryTest" name="testReferenceLongEq"/>
  <testcase time="0.01" classname="com.runwaysdk.query.ReferenceQueryTest" name="testReferenceLongEq_Generated"/>
  <testcase time="0.009" classname="com.runwaysdk.query.ReferenceQueryTest" name="testReferenceLongGtString"/>
  <testcase time="0.009" classname="com.runwaysdk.query.ReferenceQueryTest" name="testReferenceLongGt"/>
  <testcase time="0.01" classname="com.runwaysdk.query.ReferenceQueryTest" name="testReferenceLongGt_Generated"/>
  <testcase time="0.014" classname="com.runwaysdk.query.ReferenceQueryTest" name="testReferenceLongGtEqString"/>
  <testcase time="0.013" classname="com.runwaysdk.query.ReferenceQueryTest" name="testReferenceLongGtEq"/>
  <testcase time="0.017" classname="com.runwaysdk.query.ReferenceQueryTest" name="testReferenceLongGtEq_Generated"/>
  <testcase time="0.009" classname="com.runwaysdk.query.ReferenceQueryTest" name="testReferenceLongLtString"/>
  <testcase time="0.009" classname="com.runwaysdk.query.ReferenceQueryTest" name="testReferenceLongLt"/>
  <testcase time="0.01" classname="com.runwaysdk.query.ReferenceQueryTest" name="testReferenceLongLt_Generated"/>
  <testcase time="0.014" classname="com.runwaysdk.query.ReferenceQueryTest" name="testReferenceLongLtEqString"/>
  <testcase time="0.013" classname="com.runwaysdk.query.ReferenceQueryTest" name="testReferenceLongLtEq"/>
  <testcase time="0.114" classname="com.runwaysdk.query.ReferenceQueryTest" name="testReferenceLongLtEq_Generated"/>
  <testcase time="0.007" classname="com.runwaysdk.query.ReferenceQueryTest" name="testReferenceLongNotEqString"/>
  <testcase time="0.009" classname="com.runwaysdk.query.ReferenceQueryTest" name="testReferenceLongNotEq"/>
  <testcase time="0.01" classname="com.runwaysdk.query.ReferenceQueryTest" name="testReferenceLongNotEq_Generated"/>
  <testcase time="0.009" classname="com.runwaysdk.query.ReferenceQueryTest" name="testReferenceTextEqString"/>
  <testcase time="0.009" classname="com.runwaysdk.query.ReferenceQueryTest" name="testReferenceClobEqString"/>
  <testcase time="0.01" classname="com.runwaysdk.query.ReferenceQueryTest" name="testReferenceTextEqString_Generated"/>
  <testcase time="0.011" classname="com.runwaysdk.query.ReferenceQueryTest" name="testReferenceClobEqString_Generated"/>
  <testcase time="0.008" classname="com.runwaysdk.query.ReferenceQueryTest" name="testReferenceTextEqIgnoreCaseString"/>
  <testcase time="0.009" classname="com.runwaysdk.query.ReferenceQueryTest" name="testReferenceClobEqIgnoreCaseString"/>
  <testcase time="0.01" classname="com.runwaysdk.query.ReferenceQueryTest" name="testReferenceTextEqIgnoreCaseString_Generated"/>
  <testcase time="0.01" classname="com.runwaysdk.query.ReferenceQueryTest" name="testReferenceClobEqIgnoreCaseString_Generated"/>
  <testcase time="0.009" classname="com.runwaysdk.query.ReferenceQueryTest" name="testReferenceTextInStringArray"/>
  <testcase time="0.008" classname="com.runwaysdk.query.ReferenceQueryTest" name="testReferenceClobInStringArray"/>
  <testcase time="0.01" classname="com.runwaysdk.query.ReferenceQueryTest" name="testReferenceTextInStringArray_Generated"/>
  <testcase time="0.01" classname="com.runwaysdk.query.ReferenceQueryTest" name="testReferenceClobInStringArray_Generated"/>
  <testcase time="0.009" classname="com.runwaysdk.query.ReferenceQueryTest" name="testReferenceTextInIgnoreCaseStringArray"/>
  <testcase time="0.008" classname="com.runwaysdk.query.ReferenceQueryTest" name="testReferenceClobInIgnoreCaseStringArray"/>
  <testcase time="0.011" classname="com.runwaysdk.query.ReferenceQueryTest" name="testReferenceTextInIgnoreCaseStringArray_Generated"/>
  <testcase time="0.01" classname="com.runwaysdk.query.ReferenceQueryTest" name="testReferenceClobInIgnoreCaseStringArray_Generated"/>
  <testcase time="0.009" classname="com.runwaysdk.query.ReferenceQueryTest" name="testReferenceTextLikeString"/>
  <testcase time="0.008" classname="com.runwaysdk.query.ReferenceQueryTest" name="testReferenceClobLikeString"/>
  <testcase time="0.01" classname="com.runwaysdk.query.ReferenceQueryTest" name="testReferenceTextLikeString_Generated"/>
  <testcase time="0.01" classname="com.runwaysdk.query.ReferenceQueryTest" name="testReferenceClobLikeString_Generated"/>
  <testcase time="0.009" classname="com.runwaysdk.query.ReferenceQueryTest" name="testReferenceTextLikeIgnoreCaseString"/>
  <testcase time="0.008" classname="com.runwaysdk.query.ReferenceQueryTest" name="testReferenceClobLikeIgnoreCaseString"/>
  <testcase time="0.011" classname="com.runwaysdk.query.ReferenceQueryTest" name="testReferenceTextLikeIgnoreCaseString_Generated"/>
  <testcase time="0.01" classname="com.runwaysdk.query.ReferenceQueryTest" name="testReferenceClobLikeIgnoreCaseString_Generated"/>
  <testcase time="0.009" classname="com.runwaysdk.query.ReferenceQueryTest" name="testReferenceTextNotEqString"/>
  <testcase time="0.008" classname="com.runwaysdk.query.ReferenceQueryTest" name="testReferenceClobNotEqString"/>
  <testcase time="0.01" classname="com.runwaysdk.query.ReferenceQueryTest" name="testReferenceTextNotEqString_Generated"/>
  <testcase time="0.01" classname="com.runwaysdk.query.ReferenceQueryTest" name="testReferenceClobNotEqString_Generated"/>
  <testcase time="0.009" classname="com.runwaysdk.query.ReferenceQueryTest" name="testReferenceTextNotEqIgnoreCaseString"/>
  <testcase time="0.009" classname="com.runwaysdk.query.ReferenceQueryTest" name="testReferenceClobNotEqIgnoreCaseString"/>
  <testcase time="0.011" classname="com.runwaysdk.query.ReferenceQueryTest" name="testReferenceTextNotEqIgnoreCaseString_Generated"/>
  <testcase time="0.011" classname="com.runwaysdk.query.ReferenceQueryTest" name="testReferenceClobNotEqIgnoreCaseString_Generated"/>
  <testcase time="0.009" classname="com.runwaysdk.query.ReferenceQueryTest" name="testReferenceTextNotInStringArray"/>
  <testcase time="0.009" classname="com.runwaysdk.query.ReferenceQueryTest" name="testReferenceClobNotInStringArray"/>
  <testcase time="0.01" classname="com.runwaysdk.query.ReferenceQueryTest" name="testReferenceTextNotInStringArray_Generated"/>
  <testcase time="0.011" classname="com.runwaysdk.query.ReferenceQueryTest" name="testReferenceClobNotInStringArray_Generated"/>
  <testcase time="0.009" classname="com.runwaysdk.query.ReferenceQueryTest" name="testReferenceTextNotInIgnoreCaseStringArray"/>
  <testcase time="0.009" classname="com.runwaysdk.query.ReferenceQueryTest" name="testReferenceClobNotInIgnoreCaseStringArray"/>
  <testcase time="0.011" classname="com.runwaysdk.query.ReferenceQueryTest" name="testReferenceTextNotInIgnoreCaseStringArray_Generated"/>
  <testcase time="0.011" classname="com.runwaysdk.query.ReferenceQueryTest" name="testReferenceClobNotInIgnoreCaseStringArray_Generated"/>
  <testcase time="0.009" classname="com.runwaysdk.query.ReferenceQueryTest" name="testReferenceTextNotLikeString"/>
  <testcase time="0.008" classname="com.runwaysdk.query.ReferenceQueryTest" name="testReferenceClobNotLikeString"/>
  <testcase time="0.01" classname="com.runwaysdk.query.ReferenceQueryTest" name="testReferenceTextNotLikeString_Generated"/>
  <testcase time="0.01" classname="com.runwaysdk.query.ReferenceQueryTest" name="testReferenceClobNotLikeString_Generated"/>
  <testcase time="0.008" classname="com.runwaysdk.query.ReferenceQueryTest" name="testReferenceTextNotLikeIgnoreCaseString"/>
  <testcase time="0.009" classname="com.runwaysdk.query.ReferenceQueryTest" name="testReferenceClobNotLikeIgnoreCaseString"/>
  <testcase time="0.011" classname="com.runwaysdk.query.ReferenceQueryTest" name="testReferenceTextNotLikeIgnoreCaseString_Generated"/>
  <testcase time="0.01" classname="com.runwaysdk.query.ReferenceQueryTest" name="testReferenceClobNotLikeIgnoreCaseString_Generated"/>
  <testcase time="0.009" classname="com.runwaysdk.query.ReferenceQueryTest" name="testReferenceTimeEqString"/>
  <testcase time="0.008" classname="com.runwaysdk.query.ReferenceQueryTest" name="testReferenceTimeEq"/>
  <testcase time="0.01" classname="com.runwaysdk.query.ReferenceQueryTest" name="testReferenceTimeEq_Generated"/>
  <testcase time="0.009" classname="com.runwaysdk.query.ReferenceQueryTest" name="testReferenceTimeGtString"/>
  <testcase time="0.009" classname="com.runwaysdk.query.ReferenceQueryTest" name="testReferenceTimeGt"/>
  <testcase time="0.011" classname="com.runwaysdk.query.ReferenceQueryTest" name="testReferenceTimeGt_Generated"/>
  <testcase time="0.014" classname="com.runwaysdk.query.ReferenceQueryTest" name="testReferenceTimeGtEqString"/>
  <testcase time="0.012" classname="com.runwaysdk.query.ReferenceQueryTest" name="testReferenceTimeGtEq"/>
  <testcase time="0.017" classname="com.runwaysdk.query.ReferenceQueryTest" name="testReferenceTimeGtEq_Generated"/>
  <testcase time="0.009" classname="com.runwaysdk.query.ReferenceQueryTest" name="testReferenceTimeLtString"/>
  <testcase time="0.009" classname="com.runwaysdk.query.ReferenceQueryTest" name="testReferenceTimeLt"/>
  <testcase time="0.011" classname="com.runwaysdk.query.ReferenceQueryTest" name="testReferenceTimeLt_Generated"/>
  <testcase time="0.013" classname="com.runwaysdk.query.ReferenceQueryTest" name="testReferenceTimeLtEqString"/>
  <testcase time="0.014" classname="com.runwaysdk.query.ReferenceQueryTest" name="testReferenceTimeLtEq"/>
  <testcase time="0.017" classname="com.runwaysdk.query.ReferenceQueryTest" name="testReferenceTimeLtEq_Generated"/>
  <testcase time="0.008" classname="com.runwaysdk.query.ReferenceQueryTest" name="testReferenceTimeNotEqString"/>
  <testcase time="0.009" classname="com.runwaysdk.query.ReferenceQueryTest" name="testReferenceTimeNotEq"/>
  <testcase time="0.011" classname="com.runwaysdk.query.ReferenceQueryTest" name="testReferenceTimeNotEq_Generated"/>
  <testcase time="0.011" classname="com.runwaysdk.query.StructQueryTest" name="testStructEnumerationContainsAll"/>
  <testcase time="0.019" classname="com.runwaysdk.query.StructQueryTest" name="testStructEnumerationContainsAll_Generated"/>
  <testcase time="0.011" classname="com.runwaysdk.query.StructQueryTest" name="testStructEnumerationContainsAny"/>
  <testcase time="0.018" classname="com.runwaysdk.query.StructQueryTest" name="testStructEnumerationContainsAny_Generated"/>
  <testcase time="0.014" classname="com.runwaysdk.query.StructQueryTest" name="testStructEnumerationContainsExactly"/>
  <testcase time="0.023" classname="com.runwaysdk.query.StructQueryTest" name="testStructEnumerationContainsExactly_Generated"/>
  <testcase time="0.009" classname="com.runwaysdk.query.StructQueryTest" name="testStructEnumerationNotContainsAll"/>
  <testcase time="0.017" classname="com.runwaysdk.query.StructQueryTest" name="testStructEnumerationNotContainsAll_Generated"/>
  <testcase time="0.01" classname="com.runwaysdk.query.StructQueryTest" name="testStructEnumerationNotContainsAny"/>
  <testcase time="0.018" classname="com.runwaysdk.query.StructQueryTest" name="testStructEnumerationNotContainsAny_Generated"/>
  <testcase time="0.007" classname="com.runwaysdk.query.StructQueryTest" name="testStructBooleanEqBoolean"/>
  <testcase time="0.008" classname="com.runwaysdk.query.StructQueryTest" name="testStructBooleanEqString"/>
  <testcase time="0.009" classname="com.runwaysdk.query.StructQueryTest" name="testStructBooleanEqBoolean_Generated"/>
  <testcase time="0.007" classname="com.runwaysdk.query.StructQueryTest" name="testStructBooleanNotEqString"/>
  <testcase time="0.008" classname="com.runwaysdk.query.StructQueryTest" name="testStructBooleanNotEqBoolean"/>
  <testcase time="0.009" classname="com.runwaysdk.query.StructQueryTest" name="testStructBooleanNotEqBoolean_Generated"/>
  <testcase time="0.007" classname="com.runwaysdk.query.StructQueryTest" name="testStructCharacterEqString"/>
  <testcase time="0.01" classname="com.runwaysdk.query.StructQueryTest" name="testStructCharacterEqString_Generated"/>
  <testcase time="0.007" classname="com.runwaysdk.query.StructQueryTest" name="testStructCharacterEqIgnoreCaseString"/>
  <testcase time="0.009" classname="com.runwaysdk.query.StructQueryTest" name="testStructCharacterEqIgnoreCaseString_Generated"/>
  <testcase time="0.008" classname="com.runwaysdk.query.StructQueryTest" name="testStructCharacterInIgnoreCaseStringArray"/>
  <testcase time="0.009" classname="com.runwaysdk.query.StructQueryTest" name="testStructCharacterInIgnoreCaseStringArray_Generated"/>
  <testcase time="0.008" classname="com.runwaysdk.query.StructQueryTest" name="testStructCharacterInStringArray"/>
  <testcase time="0.009" classname="com.runwaysdk.query.StructQueryTest" name="testStructCharacterInStringArray_Generated"/>
  <testcase time="0.008" classname="com.runwaysdk.query.StructQueryTest" name="testStructCharacterLikeIgnoreCaseString"/>
  <testcase time="0.009" classname="com.runwaysdk.query.StructQueryTest" name="testStructCharacterLikeIgnoreCaseString_Generated"/>
  <testcase time="0.007" classname="com.runwaysdk.query.StructQueryTest" name="testStructCharacterLikeString"/>
  <testcase time="0.009" classname="com.runwaysdk.query.StructQueryTest" name="testStructCharacterLikeString_Generated"/>
  <testcase time="0.007" classname="com.runwaysdk.query.StructQueryTest" name="testStructCharacterNotEqIgnoreCaseString"/>
  <testcase time="0.009" classname="com.runwaysdk.query.StructQueryTest" name="testStructCharacterNotEqIgnoreCaseString_Generated"/>
  <testcase time="0.007" classname="com.runwaysdk.query.StructQueryTest" name="testStructCharacterNotEqString"/>
  <testcase time="0.01" classname="com.runwaysdk.query.StructQueryTest" name="testStructCharacterNotEqString_Generated"/>
  <testcase time="0.007" classname="com.runwaysdk.query.StructQueryTest" name="testStructCharacterNotInIgnoreCaseStringArray"/>
  <testcase time="0.01" classname="com.runwaysdk.query.StructQueryTest" name="testStructCharacterNotInIgnoreCaseStringArray_Generated"/>
  <testcase time="0.007" classname="com.runwaysdk.query.StructQueryTest" name="testStructCharacterNotInStringArray"/>
  <testcase time="0.009" classname="com.runwaysdk.query.StructQueryTest" name="testStructCharacterNotInStringArray_Generated"/>
  <testcase time="0.008" classname="com.runwaysdk.query.StructQueryTest" name="testStructCharacterNotLikeIgnoreCaseString"/>
  <testcase time="0.009" classname="com.runwaysdk.query.StructQueryTest" name="testStructCharacterNotLikeIgnoreCaseString_Generated"/>
  <testcase time="0.008" classname="com.runwaysdk.query.StructQueryTest" name="testStructCharacterNotLikeString"/>
  <testcase time="0.009" classname="com.runwaysdk.query.StructQueryTest" name="testStructCharacterNotLikeString_Generated"/>
  <testcase time="0.007" classname="com.runwaysdk.query.StructQueryTest" name="testStructDateEqString"/>
  <testcase time="0.007" classname="com.runwaysdk.query.StructQueryTest" name="testStructDateEq"/>
  <testcase time="0.009" classname="com.runwaysdk.query.StructQueryTest" name="testStructDateEq_Generated"/>
  <testcase time="0.012" classname="com.runwaysdk.query.StructQueryTest" name="testStructDateGtEqString"/>
  <testcase time="0.012" classname="com.runwaysdk.query.StructQueryTest" name="testStructDateGtEq"/>
  <testcase time="0.016" classname="com.runwaysdk.query.StructQueryTest" name="testStructDateGtEq_Generated"/>
  <testcase time="0.007" classname="com.runwaysdk.query.StructQueryTest" name="testStructDateGtString"/>
  <testcase time="0.009" classname="com.runwaysdk.query.StructQueryTest" name="testStructDateGt"/>
  <testcase time="0.01" classname="com.runwaysdk.query.StructQueryTest" name="testStructDateGt_Generated"/>
  <testcase time="0.011" classname="com.runwaysdk.query.StructQueryTest" name="testStructDateLtEqString"/>
  <testcase time="0.013" classname="com.runwaysdk.query.StructQueryTest" name="testStructDateLtEq"/>
  <testcase time="0.016" classname="com.runwaysdk.query.StructQueryTest" name="testStructDateLtEq_Generated"/>
  <testcase time="0.008" classname="com.runwaysdk.query.StructQueryTest" name="testStructDateLtString"/>
  <testcase time="0.008" classname="com.runwaysdk.query.StructQueryTest" name="testStructDateLt"/>
  <testcase time="0.009" classname="com.runwaysdk.query.StructQueryTest" name="testStructDateLt_Generated"/>
  <testcase time="0.008" classname="com.runwaysdk.query.StructQueryTest" name="testStructDateNotEqString"/>
  <testcase time="0.008" classname="com.runwaysdk.query.StructQueryTest" name="testStructDateNotEq"/>
  <testcase time="0.01" classname="com.runwaysdk.query.StructQueryTest" name="testStructDateNotEq_Generated"/>
  <testcase time="0.007" classname="com.runwaysdk.query.StructQueryTest" name="testStructDateTimeEqString"/>
  <testcase time="0.008" classname="com.runwaysdk.query.StructQueryTest" name="testStructDateTimeEq"/>
  <testcase time="0.01" classname="com.runwaysdk.query.StructQueryTest" name="testStructDateTimeEq_Generated"/>
  <testcase time="0.011" classname="com.runwaysdk.query.StructQueryTest" name="testStructDateTimeGtEqString"/>
  <testcase time="0.013" classname="com.runwaysdk.query.StructQueryTest" name="testStructDateTimeGtEq"/>
  <testcase time="0.015" classname="com.runwaysdk.query.StructQueryTest" name="testStructDateTimeGtEq_Generated"/>
  <testcase time="0.007" classname="com.runwaysdk.query.StructQueryTest" name="testStructDateTimeGtString"/>
  <testcase time="0.008" classname="com.runwaysdk.query.StructQueryTest" name="testStructDateTimeGt"/>
  <testcase time="0.01" classname="com.runwaysdk.query.StructQueryTest" name="testStructDateTimeGt_Generated"/>
  <testcase time="0.011" classname="com.runwaysdk.query.StructQueryTest" name="testStructDateTimeLtEqString"/>
  <testcase time="0.012" classname="com.runwaysdk.query.StructQueryTest" name="testStructDateTimeLtEq"/>
  <testcase time="0.015" classname="com.runwaysdk.query.StructQueryTest" name="testStructDateTimeLtEq_Generated"/>
  <testcase time="0.007" classname="com.runwaysdk.query.StructQueryTest" name="testStructDateTimeLtString"/>
  <testcase time="0.008" classname="com.runwaysdk.query.StructQueryTest" name="testStructDateTimeLt"/>
  <testcase time="0.01" classname="com.runwaysdk.query.StructQueryTest" name="testStructDateTimeLt_Generated"/>
  <testcase time="0.007" classname="com.runwaysdk.query.StructQueryTest" name="testStructDateTimeNotEqString"/>
  <testcase time="0.008" classname="com.runwaysdk.query.StructQueryTest" name="testStructDateTimeNotEq"/>
  <testcase time="0.01" classname="com.runwaysdk.query.StructQueryTest" name="testStructDateTimeNotEq_Generated"/>
  <testcase time="0.007" classname="com.runwaysdk.query.StructQueryTest" name="testStructDecimalEqString"/>
  <testcase time="0.007" classname="com.runwaysdk.query.StructQueryTest" name="testStructDecimalEq"/>
  <testcase time="0.009" classname="com.runwaysdk.query.StructQueryTest" name="testStructDecimalEq_Generated"/>
  <testcase time="0.008" classname="com.runwaysdk.query.StructQueryTest" name="testStructDecimalGtString"/>
  <testcase time="0.007" classname="com.runwaysdk.query.StructQueryTest" name="testStructDecimalGt"/>
  <testcase time="0.009" classname="com.runwaysdk.query.StructQueryTest" name="testStructDecimalGt_Generated"/>
  <testcase time="0.012" classname="com.runwaysdk.query.StructQueryTest" name="testStructDecimalGtEqString"/>
  <testcase time="0.011" classname="com.runwaysdk.query.StructQueryTest" name="testStructDecimalGtEq"/>
  <testcase time="0.015" classname="com.runwaysdk.query.StructQueryTest" name="testStructDecimalGtEq_Generated"/>
  <testcase time="0.008" classname="com.runwaysdk.query.StructQueryTest" name="testStructDecimalLtString"/>
  <testcase time="0.007" classname="com.runwaysdk.query.StructQueryTest" name="testStructDecimalLt"/>
  <testcase time="0.01" classname="com.runwaysdk.query.StructQueryTest" name="testStructDecimalLt_Generated"/>
  <testcase time="0.012" classname="com.runwaysdk.query.StructQueryTest" name="testStructDecimalLtEqString"/>
  <testcase time="0.011" classname="com.runwaysdk.query.StructQueryTest" name="testStructDecimalLtEq"/>
  <testcase time="0.015" classname="com.runwaysdk.query.StructQueryTest" name="testStructDecimalLtEq_Generated"/>
  <testcase time="0.008" classname="com.runwaysdk.query.StructQueryTest" name="testStructDecimalNotEqString"/>
  <testcase time="0.007" classname="com.runwaysdk.query.StructQueryTest" name="testStructDecimalNotEq"/>
  <testcase time="0.01" classname="com.runwaysdk.query.StructQueryTest" name="testStructDecimalNotEq_Generated"/>
  <testcase time="0.007" classname="com.runwaysdk.query.StructQueryTest" name="testStructDoubleEqString"/>
  <testcase time="0.007" classname="com.runwaysdk.query.StructQueryTest" name="testStructDoubleEq"/>
  <testcase time="0.009" classname="com.runwaysdk.query.StructQueryTest" name="testStructDoubleEq_Generated"/>
  <testcase time="0.007" classname="com.runwaysdk.query.StructQueryTest" name="testStructDoubleGtString"/>
  <testcase time="0.008" classname="com.runwaysdk.query.StructQueryTest" name="testStructDoubleGt"/>
  <testcase time="0.009" classname="com.runwaysdk.query.StructQueryTest" name="testStructDoubleGt_Generated"/>
  <testcase time="0.012" classname="com.runwaysdk.query.StructQueryTest" name="testStructDoubleGtEqString"/>
  <testcase time="0.011" classname="com.runwaysdk.query.StructQueryTest" name="testStructDoubleGtEq"/>
  <testcase time="0.015" classname="com.runwaysdk.query.StructQueryTest" name="testStructDoubleGtEq_Generated"/>
  <testcase time="0.007" classname="com.runwaysdk.query.StructQueryTest" name="testStructDoubleLtString"/>
  <testcase time="0.008" classname="com.runwaysdk.query.StructQueryTest" name="testStructDoubleLt_Generated"/>
  <testcase time="0.011" classname="com.runwaysdk.query.StructQueryTest" name="testStructDoubleLtEqString"/>
  <testcase time="0.012" classname="com.runwaysdk.query.StructQueryTest" name="testStructDoubleLtEq"/>
  <testcase time="0.014" classname="com.runwaysdk.query.StructQueryTest" name="testStructDoubleLtEq_Generated"/>
  <testcase time="0.007" classname="com.runwaysdk.query.StructQueryTest" name="testStructDoubleNotEqString"/>
  <testcase time="0.007" classname="com.runwaysdk.query.StructQueryTest" name="testStructDoubleNotEq"/>
  <testcase time="0.009" classname="com.runwaysdk.query.StructQueryTest" name="testStructDoubleNotEq_Generated"/>
  <testcase time="0.007" classname="com.runwaysdk.query.StructQueryTest" name="testStructFloatEqString"/>
  <testcase time="0.008" classname="com.runwaysdk.query.StructQueryTest" name="testStructFloatEq"/>
  <testcase time="0.009" classname="com.runwaysdk.query.StructQueryTest" name="testStructFloatEq_Generated"/>
  <testcase time="0.008" classname="com.runwaysdk.query.StructQueryTest" name="testStructFloatGtString"/>
  <testcase time="0.007" classname="com.runwaysdk.query.StructQueryTest" name="testStructFloatGt"/>
  <testcase time="0.009" classname="com.runwaysdk.query.StructQueryTest" name="testStructFloatGt_Generated"/>
  <testcase time="0.011" classname="com.runwaysdk.query.StructQueryTest" name="testStructFloatGtEqString"/>
  <testcase time="0.012" classname="com.runwaysdk.query.StructQueryTest" name="testStructFloatGtEq"/>
  <testcase time="0.014" classname="com.runwaysdk.query.StructQueryTest" name="testStructFloatGtEq_Generated"/>
  <testcase time="0.007" classname="com.runwaysdk.query.StructQueryTest" name="testStructFloatLtString"/>
  <testcase time="0.007" classname="com.runwaysdk.query.StructQueryTest" name="testStructFloatLt"/>
  <testcase time="0.009" classname="com.runwaysdk.query.StructQueryTest" name="testStructFloatLt_Generated"/>
  <testcase time="0.011" classname="com.runwaysdk.query.StructQueryTest" name="testStructFloatLtEqString"/>
  <testcase time="0.012" classname="com.runwaysdk.query.StructQueryTest" name="testStructFloatLtEq"/>
  <testcase time="0.014" classname="com.runwaysdk.query.StructQueryTest" name="testStructFloatLtEq_Generated"/>
  <testcase time="0.008" classname="com.runwaysdk.query.StructQueryTest" name="testStructFloatNotEqString"/>
  <testcase time="0.008" classname="com.runwaysdk.query.StructQueryTest" name="testStructFloatNotEq"/>
  <testcase time="0.009" classname="com.runwaysdk.query.StructQueryTest" name="testStructFloatNotEq_Generated"/>
  <testcase time="0.007" classname="com.runwaysdk.query.StructQueryTest" name="testStructIntegerEqString"/>
  <testcase time="0.007" classname="com.runwaysdk.query.StructQueryTest" name="testStructIntegerEq"/>
  <testcase time="0.009" classname="com.runwaysdk.query.StructQueryTest" name="testStructIntegerEq_Generated"/>
  <testcase time="0.007" classname="com.runwaysdk.query.StructQueryTest" name="testStructIntegerGtString"/>
  <testcase time="0.007" classname="com.runwaysdk.query.StructQueryTest" name="testStructIntegerGt"/>
  <testcase time="0.009" classname="com.runwaysdk.query.StructQueryTest" name="testStructIntegerGt_Generated"/>
  <testcase time="0.011" classname="com.runwaysdk.query.StructQueryTest" name="testStructIntegerGtEqString"/>
  <testcase time="0.011" classname="com.runwaysdk.query.StructQueryTest" name="testStructIntegerGtEq"/>
  <testcase time="0.014" classname="com.runwaysdk.query.StructQueryTest" name="testStructIntegerGtEq_Generated"/>
  <testcase time="0.008" classname="com.runwaysdk.query.StructQueryTest" name="testStructIntegerLtString"/>
  <testcase time="0.007" classname="com.runwaysdk.query.StructQueryTest" name="testStructIntegerLt"/>
  <testcase time="0.009" classname="com.runwaysdk.query.StructQueryTest" name="testStructIntegerLt_Generated"/>
  <testcase time="0.011" classname="com.runwaysdk.query.StructQueryTest" name="testStructIntegerLtEqString"/>
  <testcase time="0.012" classname="com.runwaysdk.query.StructQueryTest" name="testStructIntegerLtEq"/>
  <testcase time="0.015" classname="com.runwaysdk.query.StructQueryTest" name="testStructIntegerLtEq_Generated"/>
  <testcase time="0.007" classname="com.runwaysdk.query.StructQueryTest" name="testStructIntegerNotEqString"/>
  <testcase time="0.008" classname="com.runwaysdk.query.StructQueryTest" name="testStructIntegerNotEq"/>
  <testcase time="0.009" classname="com.runwaysdk.query.StructQueryTest" name="testStructIntegerNotEq_Generated"/>
  <testcase time="0.008" classname="com.runwaysdk.query.StructQueryTest" name="testStructLongEqString"/>
  <testcase time="0.007" classname="com.runwaysdk.query.StructQueryTest" name="testStructLongEq"/>
  <testcase time="0.009" classname="com.runwaysdk.query.StructQueryTest" name="testStructLongEq_Generated"/>
  <testcase time="0.007" classname="com.runwaysdk.query.StructQueryTest" name="testStructLongGtString"/>
  <testcase time="0.007" classname="com.runwaysdk.query.StructQueryTest" name="testStructLongGt"/>
  <testcase time="0.01" classname="com.runwaysdk.query.StructQueryTest" name="testStructLongGt_Generated"/>
  <testcase time="0.011" classname="com.runwaysdk.query.StructQueryTest" name="testStructLongGtEqString"/>
  <testcase time="0.011" classname="com.runwaysdk.query.StructQueryTest" name="testStructLongGtEq"/>
  <testcase time="0.015" classname="com.runwaysdk.query.StructQueryTest" name="testStructLongGtEq_Generated"/>
  <testcase time="0.008" classname="com.runwaysdk.query.StructQueryTest" name="testStructLongLtString"/>
  <testcase time="0.007" classname="com.runwaysdk.query.StructQueryTest" name="testStructLongLt"/>
  <testcase time="0.01" classname="com.runwaysdk.query.StructQueryTest" name="testStructLongLt_Generated"/>
  <testcase time="0.012" classname="com.runwaysdk.query.StructQueryTest" name="testStructLongLtEqString"/>
  <testcase time="0.012" classname="com.runwaysdk.query.StructQueryTest" name="testStructLongLtEq"/>
  <testcase time="0.015" classname="com.runwaysdk.query.StructQueryTest" name="testStructLongLtEq_Generated"/>
  <testcase time="0.008" classname="com.runwaysdk.query.StructQueryTest" name="testStructLongNotEqString"/>
  <testcase time="0.008" classname="com.runwaysdk.query.StructQueryTest" name="testStructLongNotEq"/>
  <testcase time="0.009" classname="com.runwaysdk.query.StructQueryTest" name="testStructLongNotEq_Generated"/>
  <testcase time="0.007" classname="com.runwaysdk.query.StructQueryTest" name="testStructTextEqString"/>
  <testcase time="0.007" classname="com.runwaysdk.query.StructQueryTest" name="testStructClobEqString"/>
  <testcase time="0.009" classname="com.runwaysdk.query.StructQueryTest" name="testStructTextEqString_Generated"/>
  <testcase time="0.009" classname="com.runwaysdk.query.StructQueryTest" name="testStructClobEqString_Generated"/>
  <testcase time="0.008" classname="com.runwaysdk.query.StructQueryTest" name="testStructTextEqIgnoreCaseString"/>
  <testcase time="0.007" classname="com.runwaysdk.query.StructQueryTest" name="testStructClobEqIgnoreCaseString"/>
  <testcase time="0.01" classname="com.runwaysdk.query.StructQueryTest" name="testStructTextEqIgnoreCaseString_Generated"/>
  <testcase time="0.009" classname="com.runwaysdk.query.StructQueryTest" name="testStructClobEqIgnoreCaseString_Generated"/>
  <testcase time="0.008" classname="com.runwaysdk.query.StructQueryTest" name="testStructTextInStringArray"/>
  <testcase time="0.007" classname="com.runwaysdk.query.StructQueryTest" name="testStructClobInStringArray"/>
  <testcase time="0.01" classname="com.runwaysdk.query.StructQueryTest" name="testStructTextInStringArray_Generated"/>
  <testcase time="0.009" classname="com.runwaysdk.query.StructQueryTest" name="testStructClobInStringArray_Generated"/>
  <testcase time="0.008" classname="com.runwaysdk.query.StructQueryTest" name="testStructTextInIgnoreCaseStringArray"/>
  <testcase time="0.008" classname="com.runwaysdk.query.StructQueryTest" name="testStructClobInIgnoreCaseStringArray"/>
  <testcase time="0.009" classname="com.runwaysdk.query.StructQueryTest" name="testStructTextInIgnoreCaseStringArray_Generated"/>
  <testcase time="0.009" classname="com.runwaysdk.query.StructQueryTest" name="testStructClobInIgnoreCaseStringArray_Generated"/>
  <testcase time="0.007" classname="com.runwaysdk.query.StructQueryTest" name="testStructTextLikeString"/>
  <testcase time="0.007" classname="com.runwaysdk.query.StructQueryTest" name="testStructClobLikeString"/>
  <testcase time="0.009" classname="com.runwaysdk.query.StructQueryTest" name="testStructTextLikeString_Generated"/>
  <testcase time="0.009" classname="com.runwaysdk.query.StructQueryTest" name="testStructClobLikeString_Generated"/>
  <testcase time="0.008" classname="com.runwaysdk.query.StructQueryTest" name="testStructTextLikeIgnoreCaseString"/>
  <testcase time="0.007" classname="com.runwaysdk.query.StructQueryTest" name="testStructClobLikeIgnoreCaseString"/>
  <testcase time="0.009" classname="com.runwaysdk.query.StructQueryTest" name="testStructTextLikeIgnoreCaseString_Generated"/>
  <testcase time="0.009" classname="com.runwaysdk.query.StructQueryTest" name="testStructClobLikeIgnoreCaseString_Generated"/>
  <testcase time="0.008" classname="com.runwaysdk.query.StructQueryTest" name="testStructTextNotEqString"/>
  <testcase time="0.007" classname="com.runwaysdk.query.StructQueryTest" name="testStructClobNotEqString"/>
  <testcase time="0.009" classname="com.runwaysdk.query.StructQueryTest" name="testStructTextNotEqString_Generated"/>
  <testcase time="0.009" classname="com.runwaysdk.query.StructQueryTest" name="testStructClobNotEqString_Generated"/>
  <testcase time="0.008" classname="com.runwaysdk.query.StructQueryTest" name="testStructTextNotEqIgnoreCaseString"/>
  <testcase time="0.008" classname="com.runwaysdk.query.StructQueryTest" name="testStructClobNotEqIgnoreCaseString"/>
  <testcase time="0.009" classname="com.runwaysdk.query.StructQueryTest" name="testStructTextNotEqIgnoreCaseString_Generated"/>
  <testcase time="0.01" classname="com.runwaysdk.query.StructQueryTest" name="testStructClobNotEqIgnoreCaseString_Generated"/>
  <testcase time="0.008" classname="com.runwaysdk.query.StructQueryTest" name="testStructTextNotInStringArray"/>
  <testcase time="0.007" classname="com.runwaysdk.query.StructQueryTest" name="testStructClobNotInStringArray"/>
  <testcase time="0.01" classname="com.runwaysdk.query.StructQueryTest" name="testStructTextNotInStringArray_Generated"/>
  <testcase time="0.009" classname="com.runwaysdk.query.StructQueryTest" name="testStructClobNotInStringArray_Generated"/>
  <testcase time="0.008" classname="com.runwaysdk.query.StructQueryTest" name="testStructTextNotInIgnoreCaseStringArray"/>
  <testcase time="0.007" classname="com.runwaysdk.query.StructQueryTest" name="testStructClobNotInIgnoreCaseStringArray"/>
  <testcase time="0.01" classname="com.runwaysdk.query.StructQueryTest" name="testStructTextNotInIgnoreCaseStringArray_Generated"/>
  <testcase time="0.009" classname="com.runwaysdk.query.StructQueryTest" name="testStructClobNotInIgnoreCaseStringArray_Generated"/>
  <testcase time="0.008" classname="com.runwaysdk.query.StructQueryTest" name="testStructTextNotLikeString"/>
  <testcase time="0.007" classname="com.runwaysdk.query.StructQueryTest" name="testStructClobNotLikeString"/>
  <testcase time="0.009" classname="com.runwaysdk.query.StructQueryTest" name="testStructTextNotLikeString_Generated"/>
  <testcase time="0.009" classname="com.runwaysdk.query.StructQueryTest" name="testStructClobNotLikeString_Generated"/>
  <testcase time="0.008" classname="com.runwaysdk.query.StructQueryTest" name="testStructTextNotLikeIgnoreCaseString"/>
  <testcase time="0.007" classname="com.runwaysdk.query.StructQueryTest" name="testStructClobNotLikeIgnoreCaseString"/>
  <testcase time="0.009" classname="com.runwaysdk.query.StructQueryTest" name="testStructTextNotLikeIgnoreCaseString_Generated"/>
  <testcase time="0.009" classname="com.runwaysdk.query.StructQueryTest" name="testStructClobNotLikeIgnoreCaseString_Generated"/>
  <testcase time="0.007" classname="com.runwaysdk.query.StructQueryTest" name="testStructTimeEqString"/>
  <testcase time="0.008" classname="com.runwaysdk.query.StructQueryTest" name="testStructTimeEq"/>
  <testcase time="0.01" classname="com.runwaysdk.query.StructQueryTest" name="testStructTimeEq_Generated"/>
  <testcase time="0.007" classname="com.runwaysdk.query.StructQueryTest" name="testStructTimeGtString"/>
  <testcase time="0.008" classname="com.runwaysdk.query.StructQueryTest" name="testStructTimeGt"/>
  <testcase time="0.01" classname="com.runwaysdk.query.StructQueryTest" name="testStructTimeGt_Generated"/>
  <testcase time="0.011" classname="com.runwaysdk.query.StructQueryTest" name="testStructTimeGtEqString"/>
  <testcase time="0.012" classname="com.runwaysdk.query.StructQueryTest" name="testStructTimeGtEq"/>
  <testcase time="0.016" classname="com.runwaysdk.query.StructQueryTest" name="testStructTimeGtEq_Generated"/>
  <testcase time="0.007" classname="com.runwaysdk.query.StructQueryTest" name="testStructTimeLtString"/>
  <testcase time="0.007" classname="com.runwaysdk.query.StructQueryTest" name="testStructTimeLt"/>
  <testcase time="0.01" classname="com.runwaysdk.query.StructQueryTest" name="testStructTimeLt_Generated"/>
  <testcase time="0.012" classname="com.runwaysdk.query.StructQueryTest" name="testStructTimeLtEqString"/>
  <testcase time="0.012" classname="com.runwaysdk.query.StructQueryTest" name="testStructTimeLtEq"/>
  <testcase time="0.015" classname="com.runwaysdk.query.StructQueryTest" name="testStructTimeLtEq_Generated"/>
  <testcase time="0.008" classname="com.runwaysdk.query.StructQueryTest" name="testStructTimeNotEqString"/>
  <testcase time="0.008" classname="com.runwaysdk.query.StructQueryTest" name="testStructTimeNotEq"/>
  <testcase time="0.009" classname="com.runwaysdk.query.StructQueryTest" name="testStructTimeNotEq_Generated"/>
  <testcase time="0.002" classname="com.runwaysdk.query.RelationshipQueryTest" name="testQueryRelationshipDAO"/>
  <testcase time="0.005" classname="com.runwaysdk.query.RelationshipQueryTest" name="testQueryRelationship"/>
  <testcase time="0.006" classname="com.runwaysdk.query.RelationshipQueryTest" name="testQueryRelationship_Generated"/>
  <testcase time="0.002" classname="com.runwaysdk.query.RelationshipQueryTest" name="testQueryGetRelationship"/>
  <testcase time="0.002" classname="com.runwaysdk.query.RelationshipQueryTest" name="testQueryGetRelationshipId"/>
  <testcase time="0.004" classname="com.runwaysdk.query.RelationshipQueryTest" name="testQueryHasChild"/>
  <testcase time="0.01" classname="com.runwaysdk.query.RelationshipQueryTest" name="testQueryHasChild_Generated"/>
  <testcase time="0.004" classname="com.runwaysdk.query.RelationshipQueryTest" name="testQueryDoesNotHaveChild"/>
  <testcase time="0.006" classname="com.runwaysdk.query.RelationshipQueryTest" name="testQueryDoesNotHaveChild_Generated"/>
  <testcase time="0.004" classname="com.runwaysdk.query.RelationshipQueryTest" name="testQueryHasParent"/>
  <testcase time="0.006" classname="com.runwaysdk.query.RelationshipQueryTest" name="testQueryHasParent_Generated"/>
  <testcase time="0.004" classname="com.runwaysdk.query.RelationshipQueryTest" name="testQueryDoesNotHaveParent"/>
  <testcase time="0.005" classname="com.runwaysdk.query.RelationshipQueryTest" name="testQueryDoesNotHaveParent_Generated"/>
  <testcase time="0.004" classname="com.runwaysdk.query.RelationshipQueryTest" name="testQueryChildId"/>
  <testcase time="0.004" classname="com.runwaysdk.query.RelationshipQueryTest" name="testQueryChildId_Generated"/>
  <testcase time="0.004" classname="com.runwaysdk.query.RelationshipQueryTest" name="testQueryParentId"/>
  <testcase time="0.004" classname="com.runwaysdk.query.RelationshipQueryTest" name="testQueryParentId_Generated"/>
  <testcase time="0.005" classname="com.runwaysdk.query.RelationshipQueryTest" name="testQueryIsChildIn"/>
  <testcase time="0.006" classname="com.runwaysdk.query.RelationshipQueryTest" name="testQueryIsChildIn_Generated"/>
  <testcase time="0.005" classname="com.runwaysdk.query.RelationshipQueryTest" name="testQueryIsNotChildIn"/>
  <testcase time="0.005" classname="com.runwaysdk.query.RelationshipQueryTest" name="testQueryIsNotChildIn_Generated"/>
  <testcase time="0.005" classname="com.runwaysdk.query.RelationshipQueryTest" name="testQueryIsChildInRelationshipAttribute"/>
  <testcase time="0.005" classname="com.runwaysdk.query.RelationshipQueryTest" name="testQueryIsChildInRelationshipAttribute_Generated"/>
  <testcase time="0.005" classname="com.runwaysdk.query.RelationshipQueryTest" name="testQueryIsNotChildInRelationshipAttribute"/>
  <testcase time="0.005" classname="com.runwaysdk.query.RelationshipQueryTest" name="testQueryIsNotChildInRelationshipAttribute_Generated"/>
  <testcase time="0.005" classname="com.runwaysdk.query.RelationshipQueryTest" name="testQueryIsChildInRelationshipAndParentAttribute"/>
  <testcase time="0.007" classname="com.runwaysdk.query.RelationshipQueryTest" name="testQueryIsChildInRelationshipAndParentAttribute_Generated"/>
  <testcase time="0.006" classname="com.runwaysdk.query.RelationshipQueryTest" name="testQueryIsNotChildInParentAttribute"/>
  <testcase time="0.007" classname="com.runwaysdk.query.RelationshipQueryTest" name="testQueryIsNotChildInParentAttribute_Generated"/>
  <testcase time="0.006" classname="com.runwaysdk.query.RelationshipQueryTest" name="testQueryIsNotChildInRelationshipAndParentAttribute"/>
  <testcase time="0.007" classname="com.runwaysdk.query.RelationshipQueryTest" name="testQueryIsNotChildInRelationshipAndParentAttribute_Generated"/>
  <testcase time="0.009" classname="com.runwaysdk.query.RelationshipQueryTest" name="testQueryIsParentIn"/>
  <testcase time="0.011" classname="com.runwaysdk.query.RelationshipQueryTest" name="testQueryIsParentIn_Generated"/>
  <testcase time="0.009" classname="com.runwaysdk.query.RelationshipQueryTest" name="testQueryIsNotParentIn"/>
  <testcase time="0.011" classname="com.runwaysdk.query.RelationshipQueryTest" name="testQueryIsNotParentIn_Generated"/>
  <testcase time="0.009" classname="com.runwaysdk.query.RelationshipQueryTest" name="testQueryIsParentInRelationshipAndChildAttribute"/>
  <testcase time="0.012" classname="com.runwaysdk.query.RelationshipQueryTest" name="testQueryIsParentInRelationshipAndChildAttribute_Generated"/>
  <testcase time="0.009" classname="com.runwaysdk.query.RelationshipQueryTest" name="testQueryIsParentNotInRelationshipAttribute"/>
  <testcase time="0.01" classname="com.runwaysdk.query.RelationshipQueryTest" name="testQueryIsNotParentInRelationshipAttribute_Generated"/>
  <testcase time="0.01" classname="com.runwaysdk.query.RelationshipQueryTest" name="testQueryIsParentNotInChildAttribute"/>
  <testcase time="0.011" classname="com.runwaysdk.query.RelationshipQueryTest" name="testQueryIsParentNotInChildAttribute_Generated"/>
  <testcase time="0.009" classname="com.runwaysdk.query.RelationshipQueryTest" name="testQueryIsParentNotInRelationshipAndChildAttribute"/>
  <testcase time="0.011" classname="com.runwaysdk.query.RelationshipQueryTest" name="testQueryIsNotParentInRelationshipAndChildAttribute_Generated"/>
  <testcase time="0.01" classname="com.runwaysdk.query.RelationshipAttributeQuery" name="testEnumerationNotContainsAll"/>
  <testcase time="0.016" classname="com.runwaysdk.query.RelationshipAttributeQuery" name="testEnumerationNotContainsAll_Generated"/>
  <testcase time="0.009" classname="com.runwaysdk.query.RelationshipAttributeQuery" name="testEnumerationNotContainsAny"/>
  <testcase time="0.017" classname="com.runwaysdk.query.RelationshipAttributeQuery" name="testEnumerationNotContainsAny_Generated"/>
  <testcase time="0.01" classname="com.runwaysdk.query.RelationshipAttributeQuery" name="testQueryIsParentInEnumerationContainsAll"/>
  <testcase time="0.018" classname="com.runwaysdk.query.RelationshipAttributeQuery" name="testQueryIsParentInEnumerationContainsAll_Generated"/>
  <testcase time="0.009" classname="com.runwaysdk.query.RelationshipAttributeQuery" name="testQueryIsParentInEnumerationContainsAny"/>
  <testcase time="0.016" classname="com.runwaysdk.query.RelationshipAttributeQuery" name="testQueryIsParentInEnumerationContainsAny_Generated"/>
  <testcase time="0.011" classname="com.runwaysdk.query.RelationshipAttributeQuery" name="testQueryIsParentInEnumerationContainsExactly"/>
  <testcase time="0.02" classname="com.runwaysdk.query.RelationshipAttributeQuery" name="testQueryIsParentInEnumerationContainsExactly_Generated"/>
  <testcase time="0.008" classname="com.runwaysdk.query.RelationshipAttributeQuery" name="testQueryIsParentInBooleanEqString"/>
  <testcase time="0.008" classname="com.runwaysdk.query.RelationshipAttributeQuery" name="testQueryIsParentInBooleanEq"/>
  <testcase time="0.01" classname="com.runwaysdk.query.RelationshipAttributeQuery" name="testQueryIsParentInBooleanEq_Generated"/>
  <testcase time="0.008" classname="com.runwaysdk.query.RelationshipAttributeQuery" name="testQueryIsParentInBooleanNotEqString"/>
  <testcase time="0.008" classname="com.runwaysdk.query.RelationshipAttributeQuery" name="testQueryIsParentInBooleanNotEq"/>
  <testcase time="0.01" classname="com.runwaysdk.query.RelationshipAttributeQuery" name="testQueryIsParentInBooleanNotEq_Generated"/>
  <testcase time="0.008" classname="com.runwaysdk.query.RelationshipAttributeQuery" name="testQueryIsParentInCharacterEqString"/>
  <testcase time="0.01" classname="com.runwaysdk.query.RelationshipAttributeQuery" name="testQueryIsParentInCharacterEqString_Generated"/>
  <testcase time="0.008" classname="com.runwaysdk.query.RelationshipAttributeQuery" name="testQueryIsParentInCharacterEqIgnoreCaseString"/>
  <testcase time="0.01" classname="com.runwaysdk.query.RelationshipAttributeQuery" name="testQueryIsParentInCharacterEqIgnoreCaseString_Generated"/>
  <testcase time="0.009" classname="com.runwaysdk.query.RelationshipAttributeQuery" name="testQueryIsParentInCharacterInStringArray"/>
  <testcase time="0.011" classname="com.runwaysdk.query.RelationshipAttributeQuery" name="testQueryIsParentInCharacterInStringArray_Generated"/>
  <testcase time="0.008" classname="com.runwaysdk.query.RelationshipAttributeQuery" name="testQueryIsParentInIgnoreCaseCharacterInStringArray"/>
  <testcase time="0.011" classname="com.runwaysdk.query.RelationshipAttributeQuery" name="testQueryIsParentInCharacterInIngoreCaseStringArray_Generated"/>
  <testcase time="0.008" classname="com.runwaysdk.query.RelationshipAttributeQuery" name="testQueryIsParentInCharacterLikeString"/>
  <testcase time="0.011" classname="com.runwaysdk.query.RelationshipAttributeQuery" name="testQueryIsParentInCharacterLikeString_Generated"/>
  <testcase time="0.008" classname="com.runwaysdk.query.RelationshipAttributeQuery" name="testQueryIsParentInCharacterLikeIgnoreCaseString"/>
  <testcase time="0.01" classname="com.runwaysdk.query.RelationshipAttributeQuery" name="testQueryIsParentInCharacterLikeIgnoreCaseString_Generated"/>
  <testcase time="0.009" classname="com.runwaysdk.query.RelationshipAttributeQuery" name="testQueryIsParentInCharacterNotEqString"/>
  <testcase time="0.01" classname="com.runwaysdk.query.RelationshipAttributeQuery" name="testQueryIsParentInCharacterNotEqString_Generated"/>
  <testcase time="0.008" classname="com.runwaysdk.query.RelationshipAttributeQuery" name="testQueryIsParentInCharacterNotEqIgnoreCaseString"/>
  <testcase time="0.01" classname="com.runwaysdk.query.RelationshipAttributeQuery" name="testQueryIsParentInCharacterNotEqIgnoreCaseString_Generated"/>
  <testcase time="0.009" classname="com.runwaysdk.query.RelationshipAttributeQuery" name="testQueryIsParentInCharacterNotInStringArray"/>
  <testcase time="0.01" classname="com.runwaysdk.query.RelationshipAttributeQuery" name="testQueryIsParentInCharacterNotInStringArray_Generated"/>
  <testcase time="0.008" classname="com.runwaysdk.query.RelationshipAttributeQuery" name="testQueryIsParentInCharacterNotInIgnoreCaseStringArray"/>
  <testcase time="0.01" classname="com.runwaysdk.query.RelationshipAttributeQuery" name="testQueryIsParentInCharacterNotInIgnoreCaseStringArray_Generated"/>
  <testcase time="0.008" classname="com.runwaysdk.query.RelationshipAttributeQuery" name="testQueryIsParentInCharacterNotLikeString"/>
  <testcase time="0.009" classname="com.runwaysdk.query.RelationshipAttributeQuery" name="testQueryIsParentInCharacterNotLikeString_Generated"/>
  <testcase time="0.008" classname="com.runwaysdk.query.RelationshipAttributeQuery" name="testQueryIsParentInCharacterNotLikeIgnoreCaseString"/>
  <testcase time="0.007" classname="com.runwaysdk.query.RelationshipAttributeQuery" name="testQueryIsParentInCharacterNotLikeIgnoreCaseString_Generated"/>
  <testcase time="0.007" classname="com.runwaysdk.query.RelationshipAttributeQuery" name="testQueryIsParentInTextEqString"/>
  <testcase time="0.01" classname="com.runwaysdk.query.RelationshipAttributeQuery" name="testQueryIsParentInTextEqString_Generated"/>
  <testcase time="0.008" classname="com.runwaysdk.query.RelationshipAttributeQuery" name="testQueryIsParentInTextEqIgnoreCaseString"/>
  <testcase time="0.01" classname="com.runwaysdk.query.RelationshipAttributeQuery" name="testQueryIsParentInTextEqIgnoreCaseString_Generated"/>
  <testcase time="0.009" classname="com.runwaysdk.query.RelationshipAttributeQuery" name="testQueryIsParentInTextInStringArray"/>
  <testcase time="0.01" classname="com.runwaysdk.query.RelationshipAttributeQuery" name="testQueryIsParentInTextInStringArray_Generated"/>
  <testcase time="0.008" classname="com.runwaysdk.query.RelationshipAttributeQuery" name="testQueryIsParentInTextInIgnoreCaseStringArray"/>
  <testcase time="0.011" classname="com.runwaysdk.query.RelationshipAttributeQuery" name="testQueryIsParentInTextInIgnoreCaseStringArray_Generated"/>
  <testcase time="0.008" classname="com.runwaysdk.query.RelationshipAttributeQuery" name="testQueryIsParentInTextLikeString"/>
  <testcase time="0.01" classname="com.runwaysdk.query.RelationshipAttributeQuery" name="testQueryIsParentInTextLikeStringGenerated"/>
  <testcase time="0.009" classname="com.runwaysdk.query.RelationshipAttributeQuery" name="testQueryIsParentInTextIgnoreCaseString"/>
  <testcase time="0.01" classname="com.runwaysdk.query.RelationshipAttributeQuery" name="testQueryIsParentInTextLikeIgnoreCaseString_Generated"/>
  <testcase time="0.008" classname="com.runwaysdk.query.RelationshipAttributeQuery" name="testQueryIsParentInTextNotEqString"/>
  <testcase time="0.009" classname="com.runwaysdk.query.RelationshipAttributeQuery" name="testQueryIsParentInTextNotEqString_Generated"/>
  <testcase time="0.008" classname="com.runwaysdk.query.RelationshipAttributeQuery" name="testQueryIsParentInTextNotEqIgnoreCaseString"/>
  <testcase time="0.011" classname="com.runwaysdk.query.RelationshipAttributeQuery" name="testQueryIsParentInTextNotEqIgnoreCaseString_Generated"/>
  <testcase time="0.008" classname="com.runwaysdk.query.RelationshipAttributeQuery" name="testQueryIsParentInTextNotInStringArray"/>
  <testcase time="0.011" classname="com.runwaysdk.query.RelationshipAttributeQuery" name="testQueryIsParentInTextNotInStringArray_Generated"/>
  <testcase time="0.008" classname="com.runwaysdk.query.RelationshipAttributeQuery" name="testQueryIsParentInTextNotInIgnoreCaseStringArray"/>
  <testcase time="0.011" classname="com.runwaysdk.query.RelationshipAttributeQuery" name="testQueryIsParentInTextNotInIgnoreCaseStringArray_Generated"/>
  <testcase time="0.008" classname="com.runwaysdk.query.RelationshipAttributeQuery" name="testQueryIsParentInTextNotLikeString"/>
  <testcase time="0.01" classname="com.runwaysdk.query.RelationshipAttributeQuery" name="testQueryIsParentInTextNotLikeString_Generated"/>
  <testcase time="0.009" classname="com.runwaysdk.query.RelationshipAttributeQuery" name="testQueryIsParentInTextNotLikeIgnoreCaseString"/>
  <testcase time="0.01" classname="com.runwaysdk.query.RelationshipAttributeQuery" name="testQueryIsParentInTextNotLikeIgnoreCaseString_Generated"/>
  <testcase time="0.008" classname="com.runwaysdk.query.RelationshipAttributeQuery" name="testQueryIsParentInDateTimeEqString"/>
  <testcase time="0.008" classname="com.runwaysdk.query.RelationshipAttributeQuery" name="testQueryIsParentInDateTimeEq"/>
  <testcase time="0.01" classname="com.runwaysdk.query.RelationshipAttributeQuery" name="testQueryIsParentInDateTimeEq_Generated"/>
  <testcase time="0.009" classname="com.runwaysdk.query.RelationshipAttributeQuery" name="testQueryIsParentInDateTimeGtString"/>
  <testcase time="0.008" classname="com.runwaysdk.query.RelationshipAttributeQuery" name="testQueryIsParentInDateTimeGt"/>
  <testcase time="0.01" classname="com.runwaysdk.query.RelationshipAttributeQuery" name="testQueryIsParentInDateTimeGt_Generated"/>
  <testcase time="0.013" classname="com.runwaysdk.query.RelationshipAttributeQuery" name="testQueryIsParentInDateTimeGtEqString"/>
  <testcase time="0.013" classname="com.runwaysdk.query.RelationshipAttributeQuery" name="testQueryIsParentInDateTimeGtEq"/>
  <testcase time="0.017" classname="com.runwaysdk.query.RelationshipAttributeQuery" name="testQueryIsParentInDateTimeGtEq_Generated"/>
  <testcase time="0.008" classname="com.runwaysdk.query.RelationshipAttributeQuery" name="testQueryIsParentInDateTimeLtString"/>
  <testcase time="0.009" classname="com.runwaysdk.query.RelationshipAttributeQuery" name="testQueryIsParentInDateTimeLt"/>
  <testcase time="0.01" classname="com.runwaysdk.query.RelationshipAttributeQuery" name="testQueryIsParentInDateTimeLt_Generated"/>
  <testcase time="0.012" classname="com.runwaysdk.query.RelationshipAttributeQuery" name="testQueryIsParentInDateTimeltEqString"/>
  <testcase time="0.014" classname="com.runwaysdk.query.RelationshipAttributeQuery" name="testQueryIsParentInDateTimeltEq"/>
  <testcase time="0.017" classname="com.runwaysdk.query.RelationshipAttributeQuery" name="testQueryIsParentInDateTimeltEq_Generated"/>
  <testcase time="0.008" classname="com.runwaysdk.query.RelationshipAttributeQuery" name="testQueryIsParentInDateTimeNotEqString"/>
  <testcase time="0.009" classname="com.runwaysdk.query.RelationshipAttributeQuery" name="testQueryIsParentInDateTimeNotEq"/>
  <testcase time="0.01" classname="com.runwaysdk.query.RelationshipAttributeQuery" name="testQueryIsParentInDateTimeNotEq_Generated"/>
  <testcase time="0.008" classname="com.runwaysdk.query.RelationshipAttributeQuery" name="testQueryIsParentInDateEqString"/>
  <testcase time="0.009" classname="com.runwaysdk.query.RelationshipAttributeQuery" name="testQueryIsParentInDateEq"/>
  <testcase time="0.01" classname="com.runwaysdk.query.RelationshipAttributeQuery" name="testQueryIsParentInDateEq_Generated"/>
  <testcase time="0.008" classname="com.runwaysdk.query.RelationshipAttributeQuery" name="testQueryIsParentInDateGtString"/>
  <testcase time="0.009" classname="com.runwaysdk.query.RelationshipAttributeQuery" name="testQueryIsParentInDateGt"/>
  <testcase time="0.01" classname="com.runwaysdk.query.RelationshipAttributeQuery" name="testQueryIsParentInDateGt_Generated"/>
  <testcase time="0.013" classname="com.runwaysdk.query.RelationshipAttributeQuery" name="testQueryIsParentInDateGtEqString"/>
  <testcase time="0.013" classname="com.runwaysdk.query.RelationshipAttributeQuery" name="testQueryIsParentInDateGtEq"/>
  <testcase time="0.017" classname="com.runwaysdk.query.RelationshipAttributeQuery" name="testQueryIsParentInDateGtEq_Generated"/>
  <testcase time="0.008" classname="com.runwaysdk.query.RelationshipAttributeQuery" name="testQueryIsParentInDateLtString"/>
  <testcase time="0.009" classname="com.runwaysdk.query.RelationshipAttributeQuery" name="testQueryIsParentInDateLt"/>
  <testcase time="0.011" classname="com.runwaysdk.query.RelationshipAttributeQuery" name="testQueryIsParentInDateLt_Generated"/>
  <testcase time="0.013" classname="com.runwaysdk.query.RelationshipAttributeQuery" name="testQueryIsParentInDateltEqString"/>
  <testcase time="0.013" classname="com.runwaysdk.query.RelationshipAttributeQuery" name="testQueryIsParentInDateltEq"/>
  <testcase time="0.016" classname="com.runwaysdk.query.RelationshipAttributeQuery" name="testQueryIsParentInDateltEq_Generated"/>
  <testcase time="0.009" classname="com.runwaysdk.query.RelationshipAttributeQuery" name="testQueryIsParentInDateNotEqString"/>
  <testcase time="0.008" classname="com.runwaysdk.query.RelationshipAttributeQuery" name="testQueryIsParentInDateNotEq"/>
  <testcase time="0.011" classname="com.runwaysdk.query.RelationshipAttributeQuery" name="testQueryIsParentInDateNotEq_Generated"/>
  <testcase time="0.008" classname="com.runwaysdk.query.RelationshipAttributeQuery" name="testQueryIsParentInTimeEqString"/>
  <testcase time="0.009" classname="com.runwaysdk.query.RelationshipAttributeQuery" name="testQueryIsParentInTimeEq"/>
  <testcase time="0.01" classname="com.runwaysdk.query.RelationshipAttributeQuery" name="testQueryIsParentInTimeEq_Generated"/>
  <testcase time="0.008" classname="com.runwaysdk.query.RelationshipAttributeQuery" name="testQueryIsParentInTimeGtString"/>
  <testcase time="0.009" classname="com.runwaysdk.query.RelationshipAttributeQuery" name="testQueryIsParentInTimeGt"/>
  <testcase time="0.01" classname="com.runwaysdk.query.RelationshipAttributeQuery" name="testQueryIsParentInTimeGt_Generated"/>
  <testcase time="0.012" classname="com.runwaysdk.query.RelationshipAttributeQuery" name="testQueryIsParentInTimeGtEqString"/>
  <testcase time="0.013" classname="com.runwaysdk.query.RelationshipAttributeQuery" name="testQueryIsParentInTimeGtEq"/>
  <testcase time="0.016" classname="com.runwaysdk.query.RelationshipAttributeQuery" name="testQueryIsParentInTimeGtEq_Generated"/>
  <testcase time="0.008" classname="com.runwaysdk.query.RelationshipAttributeQuery" name="testQueryIsParentInTimeLtString"/>
  <testcase time="0.009" classname="com.runwaysdk.query.RelationshipAttributeQuery" name="testQueryIsParentInTimeLt"/>
  <testcase time="0.011" classname="com.runwaysdk.query.RelationshipAttributeQuery" name="testQueryIsParentInTimeLt_Generated"/>
  <testcase time="0.012" classname="com.runwaysdk.query.RelationshipAttributeQuery" name="testQueryIsParentInTimeltEqString"/>
  <testcase time="0.014" classname="com.runwaysdk.query.RelationshipAttributeQuery" name="testQueryIsParentInTimeltEq"/>
  <testcase time="0.017" classname="com.runwaysdk.query.RelationshipAttributeQuery" name="testQueryIsParentInTimeltEq_Generated"/>
  <testcase time="0.008" classname="com.runwaysdk.query.RelationshipAttributeQuery" name="testQueryIsParentInTimeNotEqString"/>
  <testcase time="0.009" classname="com.runwaysdk.query.RelationshipAttributeQuery" name="testQueryIsParentInTimeNotEq"/>
  <testcase time="0.01" classname="com.runwaysdk.query.RelationshipAttributeQuery" name="testQueryIsParentInTimeNotEq_Generated"/>
  <testcase time="0.009" classname="com.runwaysdk.query.RelationshipAttributeQuery" name="testQueryIsParentInIntegerEqString"/>
  <testcase time="0.008" classname="com.runwaysdk.query.RelationshipAttributeQuery" name="testQueryIsParentInIntegerEq"/>
  <testcase time="0.011" classname="com.runwaysdk.query.RelationshipAttributeQuery" name="testQueryIsParentInIntegerEq_Generated"/>
  <testcase time="0.008" classname="com.runwaysdk.query.RelationshipAttributeQuery" name="testQueryIsParentInIntegerGtString"/>
  <testcase time="0.008" classname="com.runwaysdk.query.RelationshipAttributeQuery" name="testQueryIsParentInIntegerGt"/>
  <testcase time="0.011" classname="com.runwaysdk.query.RelationshipAttributeQuery" name="testQueryIsParentInIntegerGt_Generated"/>
  <testcase time="0.012" classname="com.runwaysdk.query.RelationshipAttributeQuery" name="testQueryIsParentInIntegerGtEqString"/>
  <testcase time="0.013" classname="com.runwaysdk.query.RelationshipAttributeQuery" name="testQueryIsParentInIntegerGtEq"/>
  <testcase time="0.016" classname="com.runwaysdk.query.RelationshipAttributeQuery" name="testQueryIsParentInIntegerGtEq_Generated"/>
  <testcase time="0.008" classname="com.runwaysdk.query.RelationshipAttributeQuery" name="testQueryIsParentInIntegerLtString"/>
  <testcase time="0.008" classname="com.runwaysdk.query.RelationshipAttributeQuery" name="testQueryIsParentInIntegerLt"/>
  <testcase time="0.01" classname="com.runwaysdk.query.RelationshipAttributeQuery" name="testQueryIsParentInIntegerLt_Generated"/>
  <testcase time="0.013" classname="com.runwaysdk.query.RelationshipAttributeQuery" name="testQueryIsParentInIntegerLtEqString"/>
  <testcase time="0.012" classname="com.runwaysdk.query.RelationshipAttributeQuery" name="testQueryIsParentInIntegerLtEq"/>
  <testcase time="0.017" classname="com.runwaysdk.query.RelationshipAttributeQuery" name="testQueryIsParentInIntegerLtEq_Generated"/>
  <testcase time="0.008" classname="com.runwaysdk.query.RelationshipAttributeQuery" name="testQueryIsParentInIntegerNotEqString"/>
  <testcase time="0.008" classname="com.runwaysdk.query.RelationshipAttributeQuery" name="testQueryIsParentInIntegerNotEq"/>
  <testcase time="0.01" classname="com.runwaysdk.query.RelationshipAttributeQuery" name="testQueryIsParentInIntegerNotEq_Generated"/>
  <testcase time="0.008" classname="com.runwaysdk.query.RelationshipAttributeQuery" name="testQueryIsParentInLongEqString"/>
  <testcase time="0.009" classname="com.runwaysdk.query.RelationshipAttributeQuery" name="testQueryIsParentInLongEq"/>
  <testcase time="0.011" classname="com.runwaysdk.query.RelationshipAttributeQuery" name="testQueryIsParentInLongEq_Generated"/>
  <testcase time="0.009" classname="com.runwaysdk.query.RelationshipAttributeQuery" name="testQueryIsParentInLongGtString"/>
  <testcase time="0.009" classname="com.runwaysdk.query.RelationshipAttributeQuery" name="testQueryIsParentInLongGt"/>
  <testcase time="0.011" classname="com.runwaysdk.query.RelationshipAttributeQuery" name="testQueryIsParentInLongGt_Generated"/>
  <testcase time="0.013" classname="com.runwaysdk.query.RelationshipAttributeQuery" name="testQueryIsParentInLongGtEqString"/>
  <testcase time="0.012" classname="com.runwaysdk.query.RelationshipAttributeQuery" name="testQueryIsParentInLongGtEq"/>
  <testcase time="0.017" classname="com.runwaysdk.query.RelationshipAttributeQuery" name="testQueryIsParentInLongGtEq_Generated"/>
  <testcase time="0.008" classname="com.runwaysdk.query.RelationshipAttributeQuery" name="testQueryIsParentInLongLtString"/>
  <testcase time="0.009" classname="com.runwaysdk.query.RelationshipAttributeQuery" name="testQueryIsParentInLongLt"/>
  <testcase time="0.01" classname="com.runwaysdk.query.RelationshipAttributeQuery" name="testQueryIsParentInLongLt_Generated"/>
  <testcase time="0.013" classname="com.runwaysdk.query.RelationshipAttributeQuery" name="testQueryIsParentInLongLtEqString"/>
  <testcase time="0.013" classname="com.runwaysdk.query.RelationshipAttributeQuery" name="testQueryIsParentInLongLtEq"/>
  <testcase time="0.016" classname="com.runwaysdk.query.RelationshipAttributeQuery" name="testQueryIsParentInLongLtEq_Generated"/>
  <testcase time="0.008" classname="com.runwaysdk.query.RelationshipAttributeQuery" name="testQueryIsParentInLongNotEqString"/>
  <testcase time="0.008" classname="com.runwaysdk.query.RelationshipAttributeQuery" name="testQueryIsParentInLongNotEq"/>
  <testcase time="0.01" classname="com.runwaysdk.query.RelationshipAttributeQuery" name="testQueryIsParentInLongNotEq_Generated"/>
  <testcase time="0.008" classname="com.runwaysdk.query.RelationshipAttributeQuery" name="testQueryIsParentInFloatEqString"/>
  <testcase time="0.009" classname="com.runwaysdk.query.RelationshipAttributeQuery" name="testQueryIsParentInFloatEq"/>
  <testcase time="0.01" classname="com.runwaysdk.query.RelationshipAttributeQuery" name="testQueryIsParentInFloatEq_Generated"/>
  <testcase time="0.008" classname="com.runwaysdk.query.RelationshipAttributeQuery" name="testQueryIsParentInFloatGtString"/>
  <testcase time="0.008" classname="com.runwaysdk.query.RelationshipAttributeQuery" name="testQueryIsParentInFloatGt"/>
  <testcase time="0.009" classname="com.runwaysdk.query.RelationshipAttributeQuery" name="testQueryIsParentInFloatGt_Generated"/>
  <testcase time="0.013" classname="com.runwaysdk.query.RelationshipAttributeQuery" name="testQueryIsParentInFloatGtEqString"/>
  <testcase time="0.014" classname="com.runwaysdk.query.RelationshipAttributeQuery" name="testQueryIsParentInFloatGtEq"/>
  <testcase time="0.017" classname="com.runwaysdk.query.RelationshipAttributeQuery" name="testQueryIsParentInFloatGtEq_Generated"/>
  <testcase time="0.009" classname="com.runwaysdk.query.RelationshipAttributeQuery" name="testQueryIsParentInFloatLtString"/>
  <testcase time="0.006" classname="com.runwaysdk.query.RelationshipAttributeQuery" name="testQueryIsParentInFloatLt"/>
  <testcase time="0.008" classname="com.runwaysdk.query.RelationshipAttributeQuery" name="testQueryIsParentInFloatLt_Generated"/>
  <testcase time="0.011" classname="com.runwaysdk.query.RelationshipAttributeQuery" name="testQueryIsParentInFloatLtEqString"/>
  <testcase time="0.013" classname="com.runwaysdk.query.RelationshipAttributeQuery" name="testQueryIsParentInFloatLtEq"/>
  <testcase time="0.117" classname="com.runwaysdk.query.RelationshipAttributeQuery" name="testQueryIsParentInFloatLtEq_Generated"/>
  <testcase time="0.008" classname="com.runwaysdk.query.RelationshipAttributeQuery" name="testQueryIsParentInFloatNotEqString"/>
  <testcase time="0.008" classname="com.runwaysdk.query.RelationshipAttributeQuery" name="testQueryIsParentInFloatNotEq"/>
  <testcase time="0.01" classname="com.runwaysdk.query.RelationshipAttributeQuery" name="testQueryIsParentInFloatNotEq_Generated"/>
  <testcase time="0.008" classname="com.runwaysdk.query.RelationshipAttributeQuery" name="testQueryIsParentInDecimalEqString"/>
  <testcase time="0.009" classname="com.runwaysdk.query.RelationshipAttributeQuery" name="testQueryIsParentInDecimalEq"/>
  <testcase time="0.015" classname="com.runwaysdk.query.RelationshipAttributeQuery" name="testQueryIsParentInDecimalEq_Generated"/>
  <testcase time="0.008" classname="com.runwaysdk.query.RelationshipAttributeQuery" name="testQueryIsParentInDecimalGtString"/>
  <testcase time="0.008" classname="com.runwaysdk.query.RelationshipAttributeQuery" name="testQueryIsParentInDecimalGt"/>
  <testcase time="0.008" classname="com.runwaysdk.query.RelationshipAttributeQuery" name="testQueryIsParentInDecimalGt_Generated"/>
  <testcase time="0.011" classname="com.runwaysdk.query.RelationshipAttributeQuery" name="testQueryIsParentInDecimalGtEqString"/>
  <testcase time="0.01" classname="com.runwaysdk.query.RelationshipAttributeQuery" name="testQueryIsParentInDecimalGtEq"/>
  <testcase time="0.016" classname="com.runwaysdk.query.RelationshipAttributeQuery" name="testQueryIsParentInDecimalGtEq_Generated"/>
  <testcase time="0.008" classname="com.runwaysdk.query.RelationshipAttributeQuery" name="testQueryIsParentInDecimalLtString"/>
  <testcase time="0.008" classname="com.runwaysdk.query.RelationshipAttributeQuery" name="testQueryIsParentInDecimalLt"/>
  <testcase time="0.01" classname="com.runwaysdk.query.RelationshipAttributeQuery" name="testQueryIsParentInDecimalLt_Generated"/>
  <testcase time="0.013" classname="com.runwaysdk.query.RelationshipAttributeQuery" name="testQueryIsParentInDecimalLtEqString"/>
  <testcase time="0.013" classname="com.runwaysdk.query.RelationshipAttributeQuery" name="testQueryIsParentInDecimalLtEq"/>
  <testcase time="0.016" classname="com.runwaysdk.query.RelationshipAttributeQuery" name="testQueryIsParentInDecimalLtEq_Generated"/>
  <testcase time="0.009" classname="com.runwaysdk.query.RelationshipAttributeQuery" name="testQueryIsParentInDecimalNotEqString"/>
  <testcase time="0.008" classname="com.runwaysdk.query.RelationshipAttributeQuery" name="testQueryIsParentInDecimalNotEq"/>
  <testcase time="0.01" classname="com.runwaysdk.query.RelationshipAttributeQuery" name="testQueryIsParentInDecimalNotEq_Generated"/>
  <testcase time="0.009" classname="com.runwaysdk.query.RelationshipAttributeQuery" name="testQueryIsParentInDoubleEqString"/>
  <testcase time="0.008" classname="com.runwaysdk.query.RelationshipAttributeQuery" name="testQueryIsParentInDoubleEq"/>
  <testcase time="0.01" classname="com.runwaysdk.query.RelationshipAttributeQuery" name="testQueryIsParentInDoubleEq_Generated"/>
  <testcase time="0.009" classname="com.runwaysdk.query.RelationshipAttributeQuery" name="testQueryIsParentInDoubleGtString"/>
  <testcase time="0.009" classname="com.runwaysdk.query.RelationshipAttributeQuery" name="testQueryIsParentInDoubleGt"/>
  <testcase time="0.01" classname="com.runwaysdk.query.RelationshipAttributeQuery" name="testQueryIsParentInDoubleGt_Generated"/>
  <testcase time="0.013" classname="com.runwaysdk.query.RelationshipAttributeQuery" name="testQueryIsParentInDoubleGtEqString"/>
  <testcase time="0.013" classname="com.runwaysdk.query.RelationshipAttributeQuery" name="testQueryIsParentInDoubleGtEq"/>
  <testcase time="0.015" classname="com.runwaysdk.query.RelationshipAttributeQuery" name="testQueryIsParentInDoubleGtEq_Generated"/>
  <testcase time="0.009" classname="com.runwaysdk.query.RelationshipAttributeQuery" name="testQueryIsParentInDoubleLtString"/>
  <testcase time="0.009" classname="com.runwaysdk.query.RelationshipAttributeQuery" name="testQueryIsParentInDoubleLt"/>
  <testcase time="0.01" classname="com.runwaysdk.query.RelationshipAttributeQuery" name="testQueryIsParentInDoubleLt_Generated"/>
  <testcase time="0.013" classname="com.runwaysdk.query.RelationshipAttributeQuery" name="testQueryIsParentInDoubleLtEqString"/>
  <testcase time="0.013" classname="com.runwaysdk.query.RelationshipAttributeQuery" name="testQueryIsParentInDoubleLtEq"/>
  <testcase time="0.017" classname="com.runwaysdk.query.RelationshipAttributeQuery" name="testQueryIsParentInDoubleLtEq_Generated"/>
  <testcase time="0.009" classname="com.runwaysdk.query.RelationshipAttributeQuery" name="testQueryIsParentInDoubleNotEqString"/>
  <testcase time="0.009" classname="com.runwaysdk.query.RelationshipAttributeQuery" name="testQueryIsParentInDoubleNotEq"/>
  <testcase time="0.01" classname="com.runwaysdk.query.RelationshipAttributeQuery" name="testQueryIsParentInDoubleNotEq_Generated"/>
  <testcase time="0.008" classname="com.runwaysdk.query.RelationshipAttributeQuery" name="testQueryIsParentInReferenceEqString"/>
  <testcase time="0.011" classname="com.runwaysdk.query.RelationshipAttributeQuery" name="testQueryIsParentInReferenceEqString_Generated"/>
  <testcase time="0.016" classname="com.runwaysdk.query.RelationshipAttributeQuery" name="testQueryIsParentInReferenceEq_Generated"/>
  <testcase time="0.01" classname="com.runwaysdk.query.ChildAttributeRelationshipQueryTest" name="testEnumerationNotContainsAll"/>
  <testcase time="0.019" classname="com.runwaysdk.query.ChildAttributeRelationshipQueryTest" name="testEnumerationNotContainsAll_Generated"/>
  <testcase time="0.011" classname="com.runwaysdk.query.ChildAttributeRelationshipQueryTest" name="testEnumerationNotContainsAny"/>
  <testcase time="0.017" classname="com.runwaysdk.query.ChildAttributeRelationshipQueryTest" name="testEnumerationNotContainsAny_Generated"/>
  <testcase time="0.01" classname="com.runwaysdk.query.ChildAttributeRelationshipQueryTest" name="testQueryIsParentInEnumerationContainsAll"/>
  <testcase time="0.019" classname="com.runwaysdk.query.ChildAttributeRelationshipQueryTest" name="testQueryIsParentInEnumerationContainsAll_Generated"/>
  <testcase time="0.011" classname="com.runwaysdk.query.ChildAttributeRelationshipQueryTest" name="testQueryIsParentInEnumerationContainsAny"/>
  <testcase time="0.017" classname="com.runwaysdk.query.ChildAttributeRelationshipQueryTest" name="testQueryIsParentInEnumerationContainsAny_Generated"/>
  <testcase time="0.013" classname="com.runwaysdk.query.ChildAttributeRelationshipQueryTest" name="testQueryIsParentInEnumerationContainsExactly"/>
  <testcase time="0.02" classname="com.runwaysdk.query.ChildAttributeRelationshipQueryTest" name="testQueryIsParentInEnumerationContainsExactly_Generated"/>
  <testcase time="0.01" classname="com.runwaysdk.query.ChildAttributeRelationshipQueryTest" name="testQueryIsParentInBooleanEqString"/>
  <testcase time="0.009" classname="com.runwaysdk.query.ChildAttributeRelationshipQueryTest" name="testQueryIsParentInBooleanEq"/>
  <testcase time="0.011" classname="com.runwaysdk.query.ChildAttributeRelationshipQueryTest" name="testQueryIsParentInBooleanEq_Generated"/>
  <testcase time="0.01" classname="com.runwaysdk.query.ChildAttributeRelationshipQueryTest" name="testQueryIsParentInBooleanNotEqString"/>
  <testcase time="0.009" classname="com.runwaysdk.query.ChildAttributeRelationshipQueryTest" name="testQueryIsParentInBooleanNotEq"/>
  <testcase time="0.011" classname="com.runwaysdk.query.ChildAttributeRelationshipQueryTest" name="testQueryIsParentInBooleanNotEq_Generated"/>
  <testcase time="0.009" classname="com.runwaysdk.query.ChildAttributeRelationshipQueryTest" name="testQueryIsParentInCharacterEqString"/>
  <testcase time="0.012" classname="com.runwaysdk.query.ChildAttributeRelationshipQueryTest" name="testQueryIsParentInCharacterEqString_Generated"/>
  <testcase time="0.009" classname="com.runwaysdk.query.ChildAttributeRelationshipQueryTest" name="testQueryIsParentInCharacterEqIgnoreCaseString"/>
  <testcase time="0.011" classname="com.runwaysdk.query.ChildAttributeRelationshipQueryTest" name="testQueryIsParentInCharacterEqIgnoreCaseString_Generated"/>
  <testcase time="0.01" classname="com.runwaysdk.query.ChildAttributeRelationshipQueryTest" name="testQueryIsParentInCharacterInStringArray"/>
  <testcase time="0.011" classname="com.runwaysdk.query.ChildAttributeRelationshipQueryTest" name="testQueryIsParentInCharacterInStringArray_Generated"/>
  <testcase time="0.009" classname="com.runwaysdk.query.ChildAttributeRelationshipQueryTest" name="testQueryIsParentInIgnoreCaseCharacterInStringArray"/>
  <testcase time="0.011" classname="com.runwaysdk.query.ChildAttributeRelationshipQueryTest" name="testQueryIsParentInCharacterInIngoreCaseStringArray_Generated"/>
  <testcase time="0.009" classname="com.runwaysdk.query.ChildAttributeRelationshipQueryTest" name="testQueryIsParentInCharacterLikeString"/>
  <testcase time="0.011" classname="com.runwaysdk.query.ChildAttributeRelationshipQueryTest" name="testQueryIsParentInCharacterLikeString_Generated"/>
  <testcase time="0.009" classname="com.runwaysdk.query.ChildAttributeRelationshipQueryTest" name="testQueryIsParentInCharacterLikeIgnoreCaseString"/>
  <testcase time="0.013" classname="com.runwaysdk.query.ChildAttributeRelationshipQueryTest" name="testQueryIsParentInCharacterLikeIgnoreCaseString_Generated"/>
  <testcase time="0.009" classname="com.runwaysdk.query.ChildAttributeRelationshipQueryTest" name="testQueryIsParentInCharacterNotEqString"/>
  <testcase time="0.011" classname="com.runwaysdk.query.ChildAttributeRelationshipQueryTest" name="testQueryIsParentInCharacterNotEqString_Generated"/>
  <testcase time="0.01" classname="com.runwaysdk.query.ChildAttributeRelationshipQueryTest" name="testQueryIsParentInCharacterNotEqIgnoreCaseString"/>
  <testcase time="0.011" classname="com.runwaysdk.query.ChildAttributeRelationshipQueryTest" name="testQueryIsParentInCharacterNotEqIgnoreCaseString_Generated"/>
  <testcase time="0.009" classname="com.runwaysdk.query.ChildAttributeRelationshipQueryTest" name="testQueryIsParentInCharacterNotInStringArray"/>
  <testcase time="0.012" classname="com.runwaysdk.query.ChildAttributeRelationshipQueryTest" name="testQueryIsParentInCharacterNotInStringArray_Generated"/>
  <testcase time="0.009" classname="com.runwaysdk.query.ChildAttributeRelationshipQueryTest" name="testQueryIsParentInCharacterNotInIgnoreCaseStringArray"/>
  <testcase time="0.011" classname="com.runwaysdk.query.ChildAttributeRelationshipQueryTest" name="testQueryIsParentInCharacterNotInIgnoreCaseStringArray_Generated"/>
  <testcase time="0.009" classname="com.runwaysdk.query.ChildAttributeRelationshipQueryTest" name="testQueryIsParentInCharacterNotLikeString"/>
  <testcase time="0.011" classname="com.runwaysdk.query.ChildAttributeRelationshipQueryTest" name="testQueryIsParentInCharacterNotLikeString_Generated"/>
  <testcase time="0.009" classname="com.runwaysdk.query.ChildAttributeRelationshipQueryTest" name="testQueryIsParentInCharacterNotLikeIgnoreCaseString"/>
  <testcase time="0.011" classname="com.runwaysdk.query.ChildAttributeRelationshipQueryTest" name="testQueryIsParentInCharacterNotLikeIgnoreCaseString_Generated"/>
  <testcase time="0.009" classname="com.runwaysdk.query.ChildAttributeRelationshipQueryTest" name="testQueryIsParentInTextEqString"/>
  <testcase time="0.011" classname="com.runwaysdk.query.ChildAttributeRelationshipQueryTest" name="testQueryIsParentInTextEqString_Generated"/>
  <testcase time="0.009" classname="com.runwaysdk.query.ChildAttributeRelationshipQueryTest" name="testQueryIsParentInTextEqIgnoreCaseString"/>
  <testcase time="0.011" classname="com.runwaysdk.query.ChildAttributeRelationshipQueryTest" name="testQueryIsParentInTextEqIgnoreCaseString_Generated"/>
  <testcase time="0.009" classname="com.runwaysdk.query.ChildAttributeRelationshipQueryTest" name="testQueryIsParentInTextInStringArray"/>
  <testcase time="0.011" classname="com.runwaysdk.query.ChildAttributeRelationshipQueryTest" name="testQueryIsParentInTextInStringArray_Generated"/>
  <testcase time="0.009" classname="com.runwaysdk.query.ChildAttributeRelationshipQueryTest" name="testQueryIsParentInTextInIgnoreCaseStringArray"/>
  <testcase time="0.011" classname="com.runwaysdk.query.ChildAttributeRelationshipQueryTest" name="testQueryIsParentInTextInIgnoreCaseStringArray_Generated"/>
  <testcase time="0.009" classname="com.runwaysdk.query.ChildAttributeRelationshipQueryTest" name="testQueryIsParentInTextLikeString"/>
  <testcase time="0.011" classname="com.runwaysdk.query.ChildAttributeRelationshipQueryTest" name="testQueryIsParentInTextLikeStringGenerated"/>
  <testcase time="0.01" classname="com.runwaysdk.query.ChildAttributeRelationshipQueryTest" name="testQueryIsParentInTextIgnoreCaseString"/>
  <testcase time="0.011" classname="com.runwaysdk.query.ChildAttributeRelationshipQueryTest" name="testQueryIsParentInTextLikeIgnoreCaseString_Generated"/>
  <testcase time="0.009" classname="com.runwaysdk.query.ChildAttributeRelationshipQueryTest" name="testQueryIsParentInTextNotEqString"/>
  <testcase time="0.011" classname="com.runwaysdk.query.ChildAttributeRelationshipQueryTest" name="testQueryIsParentInTextNotEqString_Generated"/>
  <testcase time="0.01" classname="com.runwaysdk.query.ChildAttributeRelationshipQueryTest" name="testQueryIsParentInTextNotEqIgnoreCaseString"/>
  <testcase time="0.013" classname="com.runwaysdk.query.ChildAttributeRelationshipQueryTest" name="testQueryIsParentInTextNotEqIgnoreCaseString_Generated"/>
  <testcase time="0.009" classname="com.runwaysdk.query.ChildAttributeRelationshipQueryTest" name="testQueryIsParentInTextNotInStringArray"/>
  <testcase time="0.012" classname="com.runwaysdk.query.ChildAttributeRelationshipQueryTest" name="testQueryIsParentInTextNotInStringArray_Generated"/>
  <testcase time="0.01" classname="com.runwaysdk.query.ChildAttributeRelationshipQueryTest" name="testQueryIsParentInTextNotInIgnoreCaseStringArray"/>
  <testcase time="0.011" classname="com.runwaysdk.query.ChildAttributeRelationshipQueryTest" name="testQueryIsParentInTextNotInIgnoreCaseStringArray_Generated"/>
  <testcase time="0.01" classname="com.runwaysdk.query.ChildAttributeRelationshipQueryTest" name="testQueryIsParentInTextNotLikeString"/>
  <testcase time="0.011" classname="com.runwaysdk.query.ChildAttributeRelationshipQueryTest" name="testQueryIsParentInTextNotLikeString_Generated"/>
  <testcase time="0.009" classname="com.runwaysdk.query.ChildAttributeRelationshipQueryTest" name="testQueryIsParentInTextNotLikeIgnoreCaseString"/>
  <testcase time="0.011" classname="com.runwaysdk.query.ChildAttributeRelationshipQueryTest" name="testQueryIsParentInTextNotLikeIgnoreCaseString_Generated"/>
  <testcase time="0.009" classname="com.runwaysdk.query.ChildAttributeRelationshipQueryTest" name="testQueryIsParentInDateTimeEqString"/>
  <testcase time="0.01" classname="com.runwaysdk.query.ChildAttributeRelationshipQueryTest" name="testQueryIsParentInDateTimeEq"/>
  <testcase time="0.012" classname="com.runwaysdk.query.ChildAttributeRelationshipQueryTest" name="testQueryIsParentInDateTimeEq_Generated"/>
  <testcase time="0.01" classname="com.runwaysdk.query.ChildAttributeRelationshipQueryTest" name="testQueryIsParentInDateTimeGtString"/>
  <testcase time="0.01" classname="com.runwaysdk.query.ChildAttributeRelationshipQueryTest" name="testQueryIsParentInDateTimeGt"/>
  <testcase time="0.011" classname="com.runwaysdk.query.ChildAttributeRelationshipQueryTest" name="testQueryIsParentInDateTimeGt_Generated"/>
  <testcase time="0.014" classname="com.runwaysdk.query.ChildAttributeRelationshipQueryTest" name="testQueryIsParentInDateTimeGtEqString"/>
  <testcase time="0.015" classname="com.runwaysdk.query.ChildAttributeRelationshipQueryTest" name="testQueryIsParentInDateTimeGtEq"/>
  <testcase time="0.019" classname="com.runwaysdk.query.ChildAttributeRelationshipQueryTest" name="testQueryIsParentInDateTimeGtEq_Generated"/>
  <testcase time="0.009" classname="com.runwaysdk.query.ChildAttributeRelationshipQueryTest" name="testQueryIsParentInDateTimeLtString"/>
  <testcase time="0.01" classname="com.runwaysdk.query.ChildAttributeRelationshipQueryTest" name="testQueryIsParentInDateTimeLt"/>
  <testcase time="0.012" classname="com.runwaysdk.query.ChildAttributeRelationshipQueryTest" name="testQueryIsParentInDateTimeLt_Generated"/>
  <testcase time="0.018" classname="com.runwaysdk.query.ChildAttributeRelationshipQueryTest" name="testQueryIsParentInDateTimeltEq_Generated"/>
  <testcase time="0.009" classname="com.runwaysdk.query.ChildAttributeRelationshipQueryTest" name="testQueryIsParentInDateTimeNotEqString"/>
  <testcase time="0.01" classname="com.runwaysdk.query.ChildAttributeRelationshipQueryTest" name="testQueryIsParentInDateTimeNotEq"/>
  <testcase time="0.012" classname="com.runwaysdk.query.ChildAttributeRelationshipQueryTest" name="testQueryIsParentInDateTimeNotEq_Generated"/>
  <testcase time="0.008" classname="com.runwaysdk.query.ChildAttributeRelationshipQueryTest" name="testQueryIsParentInDateEqString"/>
  <testcase time="0.01" classname="com.runwaysdk.query.ChildAttributeRelationshipQueryTest" name="testQueryIsParentInDateEq"/>
  <testcase time="0.012" classname="com.runwaysdk.query.ChildAttributeRelationshipQueryTest" name="testQueryIsParentInDateEq_Generated"/>
  <testcase time="0.01" classname="com.runwaysdk.query.ChildAttributeRelationshipQueryTest" name="testQueryIsParentInDateGtString"/>
  <testcase time="0.01" classname="com.runwaysdk.query.ChildAttributeRelationshipQueryTest" name="testQueryIsParentInDateGt"/>
  <testcase time="0.013" classname="com.runwaysdk.query.ChildAttributeRelationshipQueryTest" name="testQueryIsParentInDateGt_Generated"/>
  <testcase time="0.015" classname="com.runwaysdk.query.ChildAttributeRelationshipQueryTest" name="testQueryIsParentInDateGtEqString"/>
  <testcase time="0.015" classname="com.runwaysdk.query.ChildAttributeRelationshipQueryTest" name="testQueryIsParentInDateGtEq"/>
  <testcase time="0.019" classname="com.runwaysdk.query.ChildAttributeRelationshipQueryTest" name="testQueryIsParentInDateGtEq_Generated"/>
  <testcase time="0.01" classname="com.runwaysdk.query.ChildAttributeRelationshipQueryTest" name="testQueryIsParentInDateLt"/>
  <testcase time="0.012" classname="com.runwaysdk.query.ChildAttributeRelationshipQueryTest" name="testQueryIsParentInDateLt_Generated"/>
  <testcase time="0.01" classname="com.runwaysdk.query.ChildAttributeRelationshipQueryTest" name="testQueryIsParentInDateNotEqString"/>
  <testcase time="0.01" classname="com.runwaysdk.query.ChildAttributeRelationshipQueryTest" name="testQueryIsParentInDateNotEq"/>
  <testcase time="0.011" classname="com.runwaysdk.query.ChildAttributeRelationshipQueryTest" name="testQueryIsParentInDateNotEq_Generated"/>
  <testcase time="0.009" classname="com.runwaysdk.query.ChildAttributeRelationshipQueryTest" name="testQueryIsParentInTimeEqString"/>
  <testcase time="0.01" classname="com.runwaysdk.query.ChildAttributeRelationshipQueryTest" name="testQueryIsParentInTimeEq"/>
  <testcase time="0.012" classname="com.runwaysdk.query.ChildAttributeRelationshipQueryTest" name="testQueryIsParentInTimeEq_Generated"/>
  <testcase time="0.009" classname="com.runwaysdk.query.ChildAttributeRelationshipQueryTest" name="testQueryIsParentInTimeGtString"/>
  <testcase time="0.01" classname="com.runwaysdk.query.ChildAttributeRelationshipQueryTest" name="testQueryIsParentInTimeGt"/>
  <testcase time="0.012" classname="com.runwaysdk.query.ChildAttributeRelationshipQueryTest" name="testQueryIsParentInTimeGt_Generated"/>
  <testcase time="0.014" classname="com.runwaysdk.query.ChildAttributeRelationshipQueryTest" name="testQueryIsParentInTimeGtEqString"/>
  <testcase time="0.014" classname="com.runwaysdk.query.ChildAttributeRelationshipQueryTest" name="testQueryIsParentInTimeGtEq"/>
  <testcase time="0.019" classname="com.runwaysdk.query.ChildAttributeRelationshipQueryTest" name="testQueryIsParentInTimeGtEq_Generated"/>
  <testcase time="0.01" classname="com.runwaysdk.query.ChildAttributeRelationshipQueryTest" name="testQueryIsParentInTimeLtString"/>
  <testcase time="0.009" classname="com.runwaysdk.query.ChildAttributeRelationshipQueryTest" name="testQueryIsParentInTimeLt"/>
  <testcase time="0.013" classname="com.runwaysdk.query.ChildAttributeRelationshipQueryTest" name="testQueryIsParentInTimeLt_Generated"/>
  <testcase time="0.01" classname="com.runwaysdk.query.ChildAttributeRelationshipQueryTest" name="testQueryIsParentInTimeNotEqString"/>
  <testcase time="0.01" classname="com.runwaysdk.query.ChildAttributeRelationshipQueryTest" name="testQueryIsParentInTimeNotEq"/>
  <testcase time="0.012" classname="com.runwaysdk.query.ChildAttributeRelationshipQueryTest" name="testQueryIsParentInTimeNotEq_Generated"/>
  <testcase time="0.01" classname="com.runwaysdk.query.ChildAttributeRelationshipQueryTest" name="testQueryIsParentInIntegerEqString"/>
  <testcase time="0.009" classname="com.runwaysdk.query.ChildAttributeRelationshipQueryTest" name="testQueryIsParentInIntegerEq"/>
  <testcase time="0.011" classname="com.runwaysdk.query.ChildAttributeRelationshipQueryTest" name="testQueryIsParentInIntegerEq_Generated"/>
  <testcase time="0.01" classname="com.runwaysdk.query.ChildAttributeRelationshipQueryTest" name="testQueryIsParentInIntegerGtString"/>
  <testcase time="0.009" classname="com.runwaysdk.query.ChildAttributeRelationshipQueryTest" name="testQueryIsParentInIntegerGt"/>
  <testcase time="0.011" classname="com.runwaysdk.query.ChildAttributeRelationshipQueryTest" name="testQueryIsParentInIntegerGt_Generated"/>
  <testcase time="0.015" classname="com.runwaysdk.query.ChildAttributeRelationshipQueryTest" name="testQueryIsParentInIntegerGtEqString"/>
  <testcase time="0.014" classname="com.runwaysdk.query.ChildAttributeRelationshipQueryTest" name="testQueryIsParentInIntegerGtEq"/>
  <testcase time="0.019" classname="com.runwaysdk.query.ChildAttributeRelationshipQueryTest" name="testQueryIsParentInIntegerGtEq_Generated"/>
  <testcase time="0.009" classname="com.runwaysdk.query.ChildAttributeRelationshipQueryTest" name="testQueryIsParentInIntegerLtString"/>
  <testcase time="0.009" classname="com.runwaysdk.query.ChildAttributeRelationshipQueryTest" name="testQueryIsParentInIntegerLt"/>
  <testcase time="0.011" classname="com.runwaysdk.query.ChildAttributeRelationshipQueryTest" name="testQueryIsParentInIntegerLt_Generated"/>
  <testcase time="0.014" classname="com.runwaysdk.query.ChildAttributeRelationshipQueryTest" name="testQueryIsParentInIntegerLtEqString"/>
  <testcase time="0.014" classname="com.runwaysdk.query.ChildAttributeRelationshipQueryTest" name="testQueryIsParentInIntegerLtEq"/>
  <testcase time="0.018" classname="com.runwaysdk.query.ChildAttributeRelationshipQueryTest" name="testQueryIsParentInIntegerLtEq_Generated"/>
  <testcase time="0.01" classname="com.runwaysdk.query.ChildAttributeRelationshipQueryTest" name="testQueryIsParentInIntegerNotEqString"/>
  <testcase time="0.01" classname="com.runwaysdk.query.ChildAttributeRelationshipQueryTest" name="testQueryIsParentInIntegerNotEq"/>
  <testcase time="0.012" classname="com.runwaysdk.query.ChildAttributeRelationshipQueryTest" name="testQueryIsParentInIntegerNotEq_Generated"/>
  <testcase time="0.01" classname="com.runwaysdk.query.ChildAttributeRelationshipQueryTest" name="testQueryIsParentInLongEqString"/>
  <testcase time="0.009" classname="com.runwaysdk.query.ChildAttributeRelationshipQueryTest" name="testQueryIsParentInLongEq"/>
  <testcase time="0.012" classname="com.runwaysdk.query.ChildAttributeRelationshipQueryTest" name="testQueryIsParentInLongEq_Generated"/>
  <testcase time="0.01" classname="com.runwaysdk.query.ChildAttributeRelationshipQueryTest" name="testQueryIsParentInLongGtString"/>
  <testcase time="0.009" classname="com.runwaysdk.query.ChildAttributeRelationshipQueryTest" name="testQueryIsParentInLongGt"/>
  <testcase time="0.012" classname="com.runwaysdk.query.ChildAttributeRelationshipQueryTest" name="testQueryIsParentInLongGt_Generated"/>
  <testcase time="0.015" classname="com.runwaysdk.query.ChildAttributeRelationshipQueryTest" name="testQueryIsParentInLongGtEqString"/>
  <testcase time="0.015" classname="com.runwaysdk.query.ChildAttributeRelationshipQueryTest" name="testQueryIsParentInLongGtEq"/>
  <testcase time="0.018" classname="com.runwaysdk.query.ChildAttributeRelationshipQueryTest" name="testQueryIsParentInLongGtEq_Generated"/>
  <testcase time="0.01" classname="com.runwaysdk.query.ChildAttributeRelationshipQueryTest" name="testQueryIsParentInLongLtString"/>
  <testcase time="0.009" classname="com.runwaysdk.query.ChildAttributeRelationshipQueryTest" name="testQueryIsParentInLongLt"/>
  <testcase time="0.012" classname="com.runwaysdk.query.ChildAttributeRelationshipQueryTest" name="testQueryIsParentInLongLt_Generated"/>
  <testcase time="0.014" classname="com.runwaysdk.query.ChildAttributeRelationshipQueryTest" name="testQueryIsParentInLongLtEqString"/>
  <testcase time="0.014" classname="com.runwaysdk.query.ChildAttributeRelationshipQueryTest" name="testQueryIsParentInLongLtEq"/>
  <testcase time="0.018" classname="com.runwaysdk.query.ChildAttributeRelationshipQueryTest" name="testQueryIsParentInLongLtEq_Generated"/>
  <testcase time="0.009" classname="com.runwaysdk.query.ChildAttributeRelationshipQueryTest" name="testQueryIsParentInLongNotEqString"/>
  <testcase time="0.01" classname="com.runwaysdk.query.ChildAttributeRelationshipQueryTest" name="testQueryIsParentInLongNotEq"/>
  <testcase time="0.011" classname="com.runwaysdk.query.ChildAttributeRelationshipQueryTest" name="testQueryIsParentInLongNotEq_Generated"/>
  <testcase time="0.009" classname="com.runwaysdk.query.ChildAttributeRelationshipQueryTest" name="testQueryIsParentInFloatEqString"/>
  <testcase time="0.009" classname="com.runwaysdk.query.ChildAttributeRelationshipQueryTest" name="testQueryIsParentInFloatEq"/>
  <testcase time="0.012" classname="com.runwaysdk.query.ChildAttributeRelationshipQueryTest" name="testQueryIsParentInFloatEq_Generated"/>
  <testcase time="0.009" classname="com.runwaysdk.query.ChildAttributeRelationshipQueryTest" name="testQueryIsParentInFloatGtString"/>
  <testcase time="0.01" classname="com.runwaysdk.query.ChildAttributeRelationshipQueryTest" name="testQueryIsParentInFloatGt"/>
  <testcase time="0.011" classname="com.runwaysdk.query.ChildAttributeRelationshipQueryTest" name="testQueryIsParentInFloatGt_Generated"/>
  <testcase time="0.015" classname="com.runwaysdk.query.ChildAttributeRelationshipQueryTest" name="testQueryIsParentInFloatGtEqString"/>
  <testcase time="0.015" classname="com.runwaysdk.query.ChildAttributeRelationshipQueryTest" name="testQueryIsParentInFloatGtEq"/>
  <testcase time="0.018" classname="com.runwaysdk.query.ChildAttributeRelationshipQueryTest" name="testQueryIsParentInFloatGtEq_Generated"/>
  <testcase time="0.01" classname="com.runwaysdk.query.ChildAttributeRelationshipQueryTest" name="testQueryIsParentInFloatLtString"/>
  <testcase time="0.01" classname="com.runwaysdk.query.ChildAttributeRelationshipQueryTest" name="testQueryIsParentInFloatLt"/>
  <testcase time="0.011" classname="com.runwaysdk.query.ChildAttributeRelationshipQueryTest" name="testQueryIsParentInFloatLt_Generated"/>
  <testcase time="0.015" classname="com.runwaysdk.query.ChildAttributeRelationshipQueryTest" name="testQueryIsParentInFloatLtEqString"/>
  <testcase time="0.014" classname="com.runwaysdk.query.ChildAttributeRelationshipQueryTest" name="testQueryIsParentInFloatLtEq"/>
  <testcase time="0.019" classname="com.runwaysdk.query.ChildAttributeRelationshipQueryTest" name="testQueryIsParentInFloatLtEq_Generated"/>
  <testcase time="0.009" classname="com.runwaysdk.query.ChildAttributeRelationshipQueryTest" name="testQueryIsParentInFloatNotEqString"/>
  <testcase time="0.01" classname="com.runwaysdk.query.ChildAttributeRelationshipQueryTest" name="testQueryIsParentInFloatNotEq"/>
  <testcase time="0.012" classname="com.runwaysdk.query.ChildAttributeRelationshipQueryTest" name="testQueryIsParentInFloatNotEq_Generated"/>
  <testcase time="0.009" classname="com.runwaysdk.query.ChildAttributeRelationshipQueryTest" name="testQueryIsParentInDecimalEqString"/>
  <testcase time="0.009" classname="com.runwaysdk.query.ChildAttributeRelationshipQueryTest" name="testQueryIsParentInDecimalEq"/>
  <testcase time="0.012" classname="com.runwaysdk.query.ChildAttributeRelationshipQueryTest" name="testQueryIsParentInDecimalEq_Generated"/>
  <testcase time="0.01" classname="com.runwaysdk.query.ChildAttributeRelationshipQueryTest" name="testQueryIsParentInDecimalGtString"/>
  <testcase time="0.01" classname="com.runwaysdk.query.ChildAttributeRelationshipQueryTest" name="testQueryIsParentInDecimalGt"/>
  <testcase time="0.012" classname="com.runwaysdk.query.ChildAttributeRelationshipQueryTest" name="testQueryIsParentInDecimalGt_Generated"/>
  <testcase time="0.014" classname="com.runwaysdk.query.ChildAttributeRelationshipQueryTest" name="testQueryIsParentInDecimalGtEqString"/>
  <testcase time="0.014" classname="com.runwaysdk.query.ChildAttributeRelationshipQueryTest" name="testQueryIsParentInDecimalGtEq"/>
  <testcase time="0.018" classname="com.runwaysdk.query.ChildAttributeRelationshipQueryTest" name="testQueryIsParentInDecimalGtEq_Generated"/>
  <testcase time="0.008" classname="com.runwaysdk.query.ChildAttributeRelationshipQueryTest" name="testQueryIsParentInDecimalLtString"/>
  <testcase time="0.009" classname="com.runwaysdk.query.ChildAttributeRelationshipQueryTest" name="testQueryIsParentInDecimalLt"/>
  <testcase time="0.01" classname="com.runwaysdk.query.ChildAttributeRelationshipQueryTest" name="testQueryIsParentInDecimalLt_Generated"/>
  <testcase time="0.015" classname="com.runwaysdk.query.ChildAttributeRelationshipQueryTest" name="testQueryIsParentInDecimalLtEqString"/>
  <testcase time="0.015" classname="com.runwaysdk.query.ChildAttributeRelationshipQueryTest" name="testQueryIsParentInDecimalLtEq"/>
  <testcase time="0.016" classname="com.runwaysdk.query.ChildAttributeRelationshipQueryTest" name="testQueryIsParentInDecimalLtEq_Generated"/>
  <testcase time="0.009" classname="com.runwaysdk.query.ChildAttributeRelationshipQueryTest" name="testQueryIsParentInDecimalNotEqString"/>
  <testcase time="0.01" classname="com.runwaysdk.query.ChildAttributeRelationshipQueryTest" name="testQueryIsParentInDecimalNotEq"/>
  <testcase time="0.011" classname="com.runwaysdk.query.ChildAttributeRelationshipQueryTest" name="testQueryIsParentInDecimalNotEq_Generated"/>
  <testcase time="0.009" classname="com.runwaysdk.query.ChildAttributeRelationshipQueryTest" name="testQueryIsParentInDoubleEqString"/>
  <testcase time="0.01" classname="com.runwaysdk.query.ChildAttributeRelationshipQueryTest" name="testQueryIsParentInDoubleEq"/>
  <testcase time="0.011" classname="com.runwaysdk.query.ChildAttributeRelationshipQueryTest" name="testQueryIsParentInDoubleEq_Generated"/>
  <testcase time="0.009" classname="com.runwaysdk.query.ChildAttributeRelationshipQueryTest" name="testQueryIsParentInDoubleGtString"/>
  <testcase time="0.009" classname="com.runwaysdk.query.ChildAttributeRelationshipQueryTest" name="testQueryIsParentInDoubleGt"/>
  <testcase time="0.011" classname="com.runwaysdk.query.ChildAttributeRelationshipQueryTest" name="testQueryIsParentInDoubleGt_Generated"/>
  <testcase time="0.014" classname="com.runwaysdk.query.ChildAttributeRelationshipQueryTest" name="testQueryIsParentInDoubleGtEqString"/>
  <testcase time="0.014" classname="com.runwaysdk.query.ChildAttributeRelationshipQueryTest" name="testQueryIsParentInDoubleGtEq"/>
  <testcase time="0.018" classname="com.runwaysdk.query.ChildAttributeRelationshipQueryTest" name="testQueryIsParentInDoubleGtEq_Generated"/>
  <testcase time="0.009" classname="com.runwaysdk.query.ChildAttributeRelationshipQueryTest" name="testQueryIsParentInDoubleLtString"/>
  <testcase time="0.009" classname="com.runwaysdk.query.ChildAttributeRelationshipQueryTest" name="testQueryIsParentInDoubleLt"/>
  <testcase time="0.012" classname="com.runwaysdk.query.ChildAttributeRelationshipQueryTest" name="testQueryIsParentInDoubleLt_Generated"/>
  <testcase time="0.014" classname="com.runwaysdk.query.ChildAttributeRelationshipQueryTest" name="testQueryIsParentInDoubleLtEqString"/>
  <testcase time="0.014" classname="com.runwaysdk.query.ChildAttributeRelationshipQueryTest" name="testQueryIsParentInDoubleLtEq"/>
  <testcase time="0.018" classname="com.runwaysdk.query.ChildAttributeRelationshipQueryTest" name="testQueryIsParentInDoubleLtEq_Generated"/>
  <testcase time="0.01" classname="com.runwaysdk.query.ChildAttributeRelationshipQueryTest" name="testQueryIsParentInDoubleNotEqString"/>
  <testcase time="0.009" classname="com.runwaysdk.query.ChildAttributeRelationshipQueryTest" name="testQueryIsParentInDoubleNotEq"/>
  <testcase time="0.011" classname="com.runwaysdk.query.ChildAttributeRelationshipQueryTest" name="testQueryIsParentInDoubleNotEq_Generated"/>
  <testcase time="0.009" classname="com.runwaysdk.query.ChildAttributeRelationshipQueryTest" name="testQueryIsParentInReferenceEqString"/>
  <testcase time="0.011" classname="com.runwaysdk.query.ChildAttributeRelationshipQueryTest" name="testQueryIsParentInReferenceEqString_Generated"/>
  <testcase time="0.016" classname="com.runwaysdk.query.ChildAttributeRelationshipQueryTest" name="testQueryIsParentInReferenceEq_Generated"/>
  <testcase time="0.015" classname="com.runwaysdk.query.ChildAttributeRelationshipQueryTest" name="testQueryIsParentInDateTimeLtEqString"/>
  <testcase time="0.014" classname="com.runwaysdk.query.ChildAttributeRelationshipQueryTest" name="testQueryIsParentInDateTimeLtEq"/>
  <testcase time="0.009" classname="com.runwaysdk.query.ChildAttributeRelationshipQueryTest" name="testQueryIsParentInDateStringLt"/>
  <testcase time="0.015" classname="com.runwaysdk.query.ChildAttributeRelationshipQueryTest" name="testQueryIsParentInDateLtEqString"/>
  <testcase time="0.015" classname="com.runwaysdk.query.ChildAttributeRelationshipQueryTest" name="testQueryIsParentInDateLtEq"/>
  <testcase time="0.019" classname="com.runwaysdk.query.ChildAttributeRelationshipQueryTest" name="testQueryIsParentInDateLtEq_Generated"/>
  <testcase time="0.014" classname="com.runwaysdk.query.ChildAttributeRelationshipQueryTest" name="testQueryIsParentInTimeLtEqString"/>
  <testcase time="0.015" classname="com.runwaysdk.query.ChildAttributeRelationshipQueryTest" name="testQueryIsParentInTimeLtEq"/>
  <testcase time="0.018" classname="com.runwaysdk.query.ChildAttributeRelationshipQueryTest" name="testQueryIsParentInTimeLtEq_Generated"/>
  <testcase time="2.702" classname="com.runwaysdk.query.StandaloneStructQueryTest" name="testBooleanEqString"/>
  <testcase time="0.003" classname="com.runwaysdk.query.StandaloneStructQueryTest" name="testBooleanEqBoolean"/>
  <testcase time="0.015" classname="com.runwaysdk.query.StandaloneStructQueryTest" name="testBooleanEqBoolean_Generated"/>
  <testcase time="0.002" classname="com.runwaysdk.query.StandaloneStructQueryTest" name="testBooleanNotEqBoolean"/>
  <testcase time="0.002" classname="com.runwaysdk.query.StandaloneStructQueryTest" name="testBooleanNotEqBoolean_Generated"/>
  <testcase time="0.002" classname="com.runwaysdk.query.StandaloneStructQueryTest" name="testBooleanNotEqString"/>
  <testcase time="0.002" classname="com.runwaysdk.query.StandaloneStructQueryTest" name="testCharacterEqString"/>
  <testcase time="0.002" classname="com.runwaysdk.query.StandaloneStructQueryTest" name="testCharacterEqString_Generated"/>
  <testcase time="0.002" classname="com.runwaysdk.query.StandaloneStructQueryTest" name="testCharacterEqIgnoreCaseString"/>
  <testcase time="0.003" classname="com.runwaysdk.query.StandaloneStructQueryTest" name="testCharacterEqIgnoreCaseString_Generated"/>
  <testcase time="0.002" classname="com.runwaysdk.query.StandaloneStructQueryTest" name="testCharacterInStringArray"/>
  <testcase time="0.003" classname="com.runwaysdk.query.StandaloneStructQueryTest" name="testCharacterInStringArray_Generated"/>
  <testcase time="0.003" classname="com.runwaysdk.query.StandaloneStructQueryTest" name="testCharacterInIgnoreCaseStringArray"/>
  <testcase time="0.004" classname="com.runwaysdk.query.StandaloneStructQueryTest" name="testCharacterInIgnoreCaseStringArray_Generated"/>
  <testcase time="0.004" classname="com.runwaysdk.query.StandaloneStructQueryTest" name="testCharacterLikeString"/>
  <testcase time="0.003" classname="com.runwaysdk.query.StandaloneStructQueryTest" name="testCharacterLikeString_Generated"/>
  <testcase time="0.003" classname="com.runwaysdk.query.StandaloneStructQueryTest" name="testCharacterLikeIgnoreCaseString"/>
  <testcase time="0.005" classname="com.runwaysdk.query.StandaloneStructQueryTest" name="testCharacterLikeIgnoreCaseString_Generated"/>
  <testcase time="0.003" classname="com.runwaysdk.query.StandaloneStructQueryTest" name="testCharacterNotEqString"/>
  <testcase time="0.004" classname="com.runwaysdk.query.StandaloneStructQueryTest" name="testCharacterNotEqString_Generated"/>
  <testcase time="0.003" classname="com.runwaysdk.query.StandaloneStructQueryTest" name="testCharacterNotEqIgnoreCaseString"/>
  <testcase time="0.005" classname="com.runwaysdk.query.StandaloneStructQueryTest" name="testCharacterNotEqIgnoreCaseString_Generated"/>
  <testcase time="0.004" classname="com.runwaysdk.query.StandaloneStructQueryTest" name="testCharacterNotInStringArray"/>
  <testcase time="0.004" classname="com.runwaysdk.query.StandaloneStructQueryTest" name="testCharacterNotInStringArray_Generated"/>
  <testcase time="0.003" classname="com.runwaysdk.query.StandaloneStructQueryTest" name="testCharacterNotInIgnoreCaseStringArray"/>
  <testcase time="0.004" classname="com.runwaysdk.query.StandaloneStructQueryTest" name="testCharacterNotInIgnoreCaseStringArray_Generated"/>
  <testcase time="0.003" classname="com.runwaysdk.query.StandaloneStructQueryTest" name="testCharacterNotLikeString"/>
  <testcase time="0.004" classname="com.runwaysdk.query.StandaloneStructQueryTest" name="testCharacterNotLikeString_Generated"/>
  <testcase time="0.003" classname="com.runwaysdk.query.StandaloneStructQueryTest" name="testCharacterNotLikeIgnoreCaseString"/>
  <testcase time="0.004" classname="com.runwaysdk.query.StandaloneStructQueryTest" name="testCharacterNotLikeIgnoreCaseString_Generated"/>
  <testcase time="0.003" classname="com.runwaysdk.query.StandaloneStructQueryTest" name="testTextEqString"/>
  <testcase time="0.003" classname="com.runwaysdk.query.StandaloneStructQueryTest" name="testClobEqString"/>
  <testcase time="0.004" classname="com.runwaysdk.query.StandaloneStructQueryTest" name="testTextEqString_Generated"/>
  <testcase time="0.005" classname="com.runwaysdk.query.StandaloneStructQueryTest" name="testClobEqString_Generated"/>
  <testcase time="0.003" classname="com.runwaysdk.query.StandaloneStructQueryTest" name="testTextEqIgnoreCaseString"/>
  <testcase time="0.003" classname="com.runwaysdk.query.StandaloneStructQueryTest" name="testClobEqIgnoreCaseString"/>
  <testcase time="0.004" classname="com.runwaysdk.query.StandaloneStructQueryTest" name="testTextEqIgnoreCaseString_Generated"/>
  <testcase time="0.003" classname="com.runwaysdk.query.StandaloneStructQueryTest" name="testClobEqIgnoreCaseString_Generated"/>
  <testcase time="0.003" classname="com.runwaysdk.query.StandaloneStructQueryTest" name="testTextInStringArray"/>
  <testcase time="0.003" classname="com.runwaysdk.query.StandaloneStructQueryTest" name="testClobInStringArray"/>
  <testcase time="0.004" classname="com.runwaysdk.query.StandaloneStructQueryTest" name="testTextInStringArray_Generated"/>
  <testcase time="0.004" classname="com.runwaysdk.query.StandaloneStructQueryTest" name="testClobInStringArray_Generated"/>
  <testcase time="0.004" classname="com.runwaysdk.query.StandaloneStructQueryTest" name="testTextInIgnoreCaseStringArray"/>
  <testcase time="0.003" classname="com.runwaysdk.query.StandaloneStructQueryTest" name="testClobInIgnoreCaseStringArray"/>
  <testcase time="0.004" classname="com.runwaysdk.query.StandaloneStructQueryTest" name="testTextInIgnoreCaseStringArray_Generated"/>
  <testcase time="0.004" classname="com.runwaysdk.query.StandaloneStructQueryTest" name="testClobInIgnoreCaseStringArray_Generated"/>
  <testcase time="0.004" classname="com.runwaysdk.query.StandaloneStructQueryTest" name="testTextLikeString"/>
  <testcase time="0.003" classname="com.runwaysdk.query.StandaloneStructQueryTest" name="testClobLikeString"/>
  <testcase time="0.004" classname="com.runwaysdk.query.StandaloneStructQueryTest" name="testTextLikeString_Generated"/>
  <testcase time="0.004" classname="com.runwaysdk.query.StandaloneStructQueryTest" name="testClobLikeString_Generated"/>
  <testcase time="0.004" classname="com.runwaysdk.query.StandaloneStructQueryTest" name="testTextLikeIgnoreCaseString"/>
  <testcase time="0.004" classname="com.runwaysdk.query.StandaloneStructQueryTest" name="testClobLikeIgnoreCaseString"/>
  <testcase time="0.004" classname="com.runwaysdk.query.StandaloneStructQueryTest" name="testTextLikeIgnoreCaseString_Generated"/>
  <testcase time="0.004" classname="com.runwaysdk.query.StandaloneStructQueryTest" name="testClobLikeIgnoreCaseString_Generated"/>
  <testcase time="0.003" classname="com.runwaysdk.query.StandaloneStructQueryTest" name="testTextNotEqString"/>
  <testcase time="0.003" classname="com.runwaysdk.query.StandaloneStructQueryTest" name="testClobNotEqString"/>
  <testcase time="0.004" classname="com.runwaysdk.query.StandaloneStructQueryTest" name="testTextNotEqString_Generated"/>
  <testcase time="0.004" classname="com.runwaysdk.query.StandaloneStructQueryTest" name="testClobNotEqString_Generated"/>
  <testcase time="0.004" classname="com.runwaysdk.query.StandaloneStructQueryTest" name="testTextNotEqIgnoreCaseString"/>
  <testcase time="0.003" classname="com.runwaysdk.query.StandaloneStructQueryTest" name="testClobNotEqIgnoreCaseString"/>
  <testcase time="0.004" classname="com.runwaysdk.query.StandaloneStructQueryTest" name="testTextNotEqIgnoreCaseString_Generated"/>
  <testcase time="0.004" classname="com.runwaysdk.query.StandaloneStructQueryTest" name="testClobNotEqIgnoreCaseString_Generated"/>
  <testcase time="0.003" classname="com.runwaysdk.query.StandaloneStructQueryTest" name="testTextNotInStringArray"/>
  <testcase time="0.003" classname="com.runwaysdk.query.StandaloneStructQueryTest" name="testClobNotInStringArray"/>
  <testcase time="0.004" classname="com.runwaysdk.query.StandaloneStructQueryTest" name="testTextNotInStringArray_Generated"/>
  <testcase time="0.004" classname="com.runwaysdk.query.StandaloneStructQueryTest" name="testClobNotInStringArray_Generated"/>
  <testcase time="0.003" classname="com.runwaysdk.query.StandaloneStructQueryTest" name="testTextNotInIgnoreCaseStringArray"/>
  <testcase time="0.004" classname="com.runwaysdk.query.StandaloneStructQueryTest" name="testClobNotInIgnoreCaseStringArray"/>
  <testcase time="0.004" classname="com.runwaysdk.query.StandaloneStructQueryTest" name="testClobNotInIgnoreCaseStringArray_Generated"/>
  <testcase time="0.004" classname="com.runwaysdk.query.StandaloneStructQueryTest" name="testTextNotLikeString"/>
  <testcase time="0.003" classname="com.runwaysdk.query.StandaloneStructQueryTest" name="testClobNotLikeString"/>
  <testcase time="0.004" classname="com.runwaysdk.query.StandaloneStructQueryTest" name="testTextNotLikeString_Generated"/>
  <testcase time="0.004" classname="com.runwaysdk.query.StandaloneStructQueryTest" name="testClobNotLikeString_Generated"/>
  <testcase time="0.003" classname="com.runwaysdk.query.StandaloneStructQueryTest" name="testTextNotLikeIgnoreCaseString"/>
  <testcase time="0.004" classname="com.runwaysdk.query.StandaloneStructQueryTest" name="testClobNotLikeIgnoreCaseString"/>
  <testcase time="0.004" classname="com.runwaysdk.query.StandaloneStructQueryTest" name="testTextNotLikeIgnoreCaseString_Generated"/>
  <testcase time="0.003" classname="com.runwaysdk.query.StandaloneStructQueryTest" name="testClobNotLikeIgnoreCaseString_Generated"/>
  <testcase time="0.003" classname="com.runwaysdk.query.StandaloneStructQueryTest" name="testDateTimeEqString"/>
  <testcase time="0.004" classname="com.runwaysdk.query.StandaloneStructQueryTest" name="testDateTimeEq"/>
  <testcase time="0.005" classname="com.runwaysdk.query.StandaloneStructQueryTest" name="testDateTimeEq_Generated"/>
  <testcase time="0.003" classname="com.runwaysdk.query.StandaloneStructQueryTest" name="testDateTimeGtString"/>
  <testcase time="0.003" classname="com.runwaysdk.query.StandaloneStructQueryTest" name="testDateTimeGt"/>
  <testcase time="0.005" classname="com.runwaysdk.query.StandaloneStructQueryTest" name="testDateTimeGt_Generated"/>
  <testcase time="0.004" classname="com.runwaysdk.query.StandaloneStructQueryTest" name="testDateTimeGtEqString"/>
  <testcase time="0.005" classname="com.runwaysdk.query.StandaloneStructQueryTest" name="testDateTimeGtEq"/>
  <testcase time="0.007" classname="com.runwaysdk.query.StandaloneStructQueryTest" name="testDateTimeGtEq_Generated"/>
  <testcase time="0.003" classname="com.runwaysdk.query.StandaloneStructQueryTest" name="testDateTimeLtString"/>
  <testcase time="0.003" classname="com.runwaysdk.query.StandaloneStructQueryTest" name="testDateTimeLt"/>
  <testcase time="0.005" classname="com.runwaysdk.query.StandaloneStructQueryTest" name="testDateTimeLt_Generation"/>
  <testcase time="0.004" classname="com.runwaysdk.query.StandaloneStructQueryTest" name="testDateTimeLtEqString"/>
  <testcase time="0.005" classname="com.runwaysdk.query.StandaloneStructQueryTest" name="testDateTimeLtEq"/>
  <testcase time="0.007" classname="com.runwaysdk.query.StandaloneStructQueryTest" name="testDateTimeLtEq_Generated"/>
  <testcase time="0.003" classname="com.runwaysdk.query.StandaloneStructQueryTest" name="testDateTimeNotEqString"/>
  <testcase time="0.003" classname="com.runwaysdk.query.StandaloneStructQueryTest" name="testDateTimeNotEq"/>
  <testcase time="0.005" classname="com.runwaysdk.query.StandaloneStructQueryTest" name="testDateTimeNotEq_Generated"/>
  <testcase time="0.003" classname="com.runwaysdk.query.StandaloneStructQueryTest" name="testDateEqString"/>
  <testcase time="0.004" classname="com.runwaysdk.query.StandaloneStructQueryTest" name="testDateEq"/>
  <testcase time="0.005" classname="com.runwaysdk.query.StandaloneStructQueryTest" name="testDateEq_Generated"/>
  <testcase time="0.003" classname="com.runwaysdk.query.StandaloneStructQueryTest" name="testDateGtString"/>
  <testcase time="0.003" classname="com.runwaysdk.query.StandaloneStructQueryTest" name="testDateGt"/>
  <testcase time="0.004" classname="com.runwaysdk.query.StandaloneStructQueryTest" name="testDateGt_Generated"/>
  <testcase time="0.004" classname="com.runwaysdk.query.StandaloneStructQueryTest" name="testDateGtEqString"/>
  <testcase time="0.005" classname="com.runwaysdk.query.StandaloneStructQueryTest" name="testDateGtEq"/>
  <testcase time="0.006" classname="com.runwaysdk.query.StandaloneStructQueryTest" name="testDateGtEq_Generated"/>
  <testcase time="0.003" classname="com.runwaysdk.query.StandaloneStructQueryTest" name="testDateLtString"/>
  <testcase time="0.003" classname="com.runwaysdk.query.StandaloneStructQueryTest" name="testDateLt"/>
  <testcase time="0.004" classname="com.runwaysdk.query.StandaloneStructQueryTest" name="testDateLt_Generated"/>
  <testcase time="0.005" classname="com.runwaysdk.query.StandaloneStructQueryTest" name="testDateLtEqString"/>
  <testcase time="0.006" classname="com.runwaysdk.query.StandaloneStructQueryTest" name="testDateLtEq"/>
  <testcase time="0.006" classname="com.runwaysdk.query.StandaloneStructQueryTest" name="testDateLtEq_Generated"/>
  <testcase time="0.003" classname="com.runwaysdk.query.StandaloneStructQueryTest" name="testDateNotEqString"/>
  <testcase time="0.004" classname="com.runwaysdk.query.StandaloneStructQueryTest" name="testDateNotEq"/>
  <testcase time="0.004" classname="com.runwaysdk.query.StandaloneStructQueryTest" name="testDateNotEq_Generated"/>
  <testcase time="0.004" classname="com.runwaysdk.query.StandaloneStructQueryTest" name="testTimeEqString"/>
  <testcase time="0.003" classname="com.runwaysdk.query.StandaloneStructQueryTest" name="testTimeEq"/>
  <testcase time="0.004" classname="com.runwaysdk.query.StandaloneStructQueryTest" name="testTimeEq_Generated"/>
  <testcase time="0.004" classname="com.runwaysdk.query.StandaloneStructQueryTest" name="testTimeGtString"/>
  <testcase time="0.003" classname="com.runwaysdk.query.StandaloneStructQueryTest" name="testTimeGt"/>
  <testcase time="0.004" classname="com.runwaysdk.query.StandaloneStructQueryTest" name="testTimeGt_Generated"/>
  <testcase time="0.005" classname="com.runwaysdk.query.StandaloneStructQueryTest" name="testTimeGtEqString"/>
  <testcase time="0.005" classname="com.runwaysdk.query.StandaloneStructQueryTest" name="testTimeGtEq"/>
  <testcase time="0.006" classname="com.runwaysdk.query.StandaloneStructQueryTest" name="testTimeGtEq_Generated"/>
  <testcase time="0.003" classname="com.runwaysdk.query.StandaloneStructQueryTest" name="testTimeLtString"/>
  <testcase time="0.003" classname="com.runwaysdk.query.StandaloneStructQueryTest" name="testTimeLt"/>
  <testcase time="0.004" classname="com.runwaysdk.query.StandaloneStructQueryTest" name="testTimeLt_Generated"/>
  <testcase time="0.004" classname="com.runwaysdk.query.StandaloneStructQueryTest" name="testTimeLtEqString"/>
  <testcase time="0.005" classname="com.runwaysdk.query.StandaloneStructQueryTest" name="testTimeLtEq"/>
  <testcase time="0.006" classname="com.runwaysdk.query.StandaloneStructQueryTest" name="testTimeLtEq_Generated"/>
  <testcase time="0.003" classname="com.runwaysdk.query.StandaloneStructQueryTest" name="testTimeNotEqString"/>
  <testcase time="0.003" classname="com.runwaysdk.query.StandaloneStructQueryTest" name="testTimeNotEq"/>
  <testcase time="0.004" classname="com.runwaysdk.query.StandaloneStructQueryTest" name="testTimeNotEq_Generated"/>
  <testcase time="0.003" classname="com.runwaysdk.query.StandaloneStructQueryTest" name="testIntegerEqString"/>
  <testcase time="0.003" classname="com.runwaysdk.query.StandaloneStructQueryTest" name="testIntegerEq"/>
  <testcase time="0.004" classname="com.runwaysdk.query.StandaloneStructQueryTest" name="testIntegerEq_Generated"/>
  <testcase time="0.003" classname="com.runwaysdk.query.StandaloneStructQueryTest" name="testIntegerGtString"/>
  <testcase time="0.003" classname="com.runwaysdk.query.StandaloneStructQueryTest" name="testIntegerGt"/>
  <testcase time="0.004" classname="com.runwaysdk.query.StandaloneStructQueryTest" name="testIntegerGt_Generated"/>
  <testcase time="0.005" classname="com.runwaysdk.query.StandaloneStructQueryTest" name="testIntegerGtEqString"/>
  <testcase time="0.004" classname="com.runwaysdk.query.StandaloneStructQueryTest" name="testIntegerGtEq"/>
  <testcase time="0.005" classname="com.runwaysdk.query.StandaloneStructQueryTest" name="testIntegerGtEq_Generated"/>
  <testcase time="0.003" classname="com.runwaysdk.query.StandaloneStructQueryTest" name="testIntegerLtString"/>
  <testcase time="0.002" classname="com.runwaysdk.query.StandaloneStructQueryTest" name="testIntegerLt"/>
  <testcase time="0.004" classname="com.runwaysdk.query.StandaloneStructQueryTest" name="testIntegerLt_Generated"/>
  <testcase time="0.004" classname="com.runwaysdk.query.StandaloneStructQueryTest" name="testIntegerLtEqString"/>
  <testcase time="0.004" classname="com.runwaysdk.query.StandaloneStructQueryTest" name="testIntegerLtEq"/>
  <testcase time="0.005" classname="com.runwaysdk.query.StandaloneStructQueryTest" name="testIntegerLtEq_Generated"/>
  <testcase time="0.003" classname="com.runwaysdk.query.StandaloneStructQueryTest" name="testIntegerNotEqString"/>
  <testcase time="0.003" classname="com.runwaysdk.query.StandaloneStructQueryTest" name="testIntegerNotEq"/>
  <testcase time="0.004" classname="com.runwaysdk.query.StandaloneStructQueryTest" name="testIntegerNotEq_Generated"/>
  <testcase time="0.003" classname="com.runwaysdk.query.StandaloneStructQueryTest" name="testLongEqString"/>
  <testcase time="0.003" classname="com.runwaysdk.query.StandaloneStructQueryTest" name="testLongEq"/>
  <testcase time="0.004" classname="com.runwaysdk.query.StandaloneStructQueryTest" name="testLongEq_Generated"/>
  <testcase time="0.003" classname="com.runwaysdk.query.StandaloneStructQueryTest" name="testLongGtString"/>
  <testcase time="0.003" classname="com.runwaysdk.query.StandaloneStructQueryTest" name="testLongGt"/>
  <testcase time="0.004" classname="com.runwaysdk.query.StandaloneStructQueryTest" name="testLongGt_Generated"/>
  <testcase time="0.004" classname="com.runwaysdk.query.StandaloneStructQueryTest" name="testLongGtEqString"/>
  <testcase time="0.004" classname="com.runwaysdk.query.StandaloneStructQueryTest" name="testLongGtEq"/>
  <testcase time="0.005" classname="com.runwaysdk.query.StandaloneStructQueryTest" name="testLongGtEq_Generated"/>
  <testcase time="0.003" classname="com.runwaysdk.query.StandaloneStructQueryTest" name="testLongLtString"/>
  <testcase time="0.003" classname="com.runwaysdk.query.StandaloneStructQueryTest" name="testLongLt"/>
  <testcase time="0.003" classname="com.runwaysdk.query.StandaloneStructQueryTest" name="testLongLt_Generated"/>
  <testcase time="0.004" classname="com.runwaysdk.query.StandaloneStructQueryTest" name="testLongLtEqString"/>
  <testcase time="0.004" classname="com.runwaysdk.query.StandaloneStructQueryTest" name="testLongLtEq"/>
  <testcase time="0.006" classname="com.runwaysdk.query.StandaloneStructQueryTest" name="testLongLtEq_Generated"/>
  <testcase time="0.003" classname="com.runwaysdk.query.StandaloneStructQueryTest" name="testLongNotEqString"/>
  <testcase time="0.003" classname="com.runwaysdk.query.StandaloneStructQueryTest" name="testLongNotEq"/>
  <testcase time="0.003" classname="com.runwaysdk.query.StandaloneStructQueryTest" name="testLongNotEq_Generated"/>
  <testcase time="0.002" classname="com.runwaysdk.query.StandaloneStructQueryTest" name="testFloatEqString"/>
  <testcase time="0.002" classname="com.runwaysdk.query.StandaloneStructQueryTest" name="testFloatEq"/>
  <testcase time="0.003" classname="com.runwaysdk.query.StandaloneStructQueryTest" name="testFloatEq_Generated"/>
  <testcase time="0.002" classname="com.runwaysdk.query.StandaloneStructQueryTest" name="testFloatGtString"/>
  <testcase time="0.002" classname="com.runwaysdk.query.StandaloneStructQueryTest" name="testFloatGt"/>
  <testcase time="0.002" classname="com.runwaysdk.query.StandaloneStructQueryTest" name="testFloatGt_Generated"/>
  <testcase time="0.003" classname="com.runwaysdk.query.StandaloneStructQueryTest" name="testFloatGtEqString"/>
  <testcase time="0.003" classname="com.runwaysdk.query.StandaloneStructQueryTest" name="testFloatGtEq"/>
  <testcase time="0.004" classname="com.runwaysdk.query.StandaloneStructQueryTest" name="testFloatGtEq_Generated"/>
  <testcase time="0.002" classname="com.runwaysdk.query.StandaloneStructQueryTest" name="testFloatLtString"/>
  <testcase time="0.002" classname="com.runwaysdk.query.StandaloneStructQueryTest" name="testFloatLt"/>
  <testcase time="0.002" classname="com.runwaysdk.query.StandaloneStructQueryTest" name="testFloatLt_Generated"/>
  <testcase time="0.002" classname="com.runwaysdk.query.StandaloneStructQueryTest" name="testFloatLtEqString"/>
  <testcase time="0.003" classname="com.runwaysdk.query.StandaloneStructQueryTest" name="testFloatLtEq"/>
  <testcase time="0.004" classname="com.runwaysdk.query.StandaloneStructQueryTest" name="testFloatLtEq_Generated"/>
  <testcase time="0.002" classname="com.runwaysdk.query.StandaloneStructQueryTest" name="testFloatNotEqString"/>
  <testcase time="0.002" classname="com.runwaysdk.query.StandaloneStructQueryTest" name="testFloatNotEq"/>
  <testcase time="0.002" classname="com.runwaysdk.query.StandaloneStructQueryTest" name="testFloatNotEq_Generated"/>
  <testcase time="0.002" classname="com.runwaysdk.query.StandaloneStructQueryTest" name="testDecimalEqString"/>
  <testcase time="0.002" classname="com.runwaysdk.query.StandaloneStructQueryTest" name="testDecimalEq"/>
  <testcase time="0.003" classname="com.runwaysdk.query.StandaloneStructQueryTest" name="testDecimalEq_Generated"/>
  <testcase time="0.002" classname="com.runwaysdk.query.StandaloneStructQueryTest" name="testDecimalGtString"/>
  <testcase time="0.002" classname="com.runwaysdk.query.StandaloneStructQueryTest" name="testDecimalGt"/>
  <testcase time="0.002" classname="com.runwaysdk.query.StandaloneStructQueryTest" name="testDecimalGt_Generated"/>
  <testcase time="0.003" classname="com.runwaysdk.query.StandaloneStructQueryTest" name="testDecimalGtEqString"/>
  <testcase time="0.002" classname="com.runwaysdk.query.StandaloneStructQueryTest" name="testDecimalGtEq"/>
  <testcase time="0.003" classname="com.runwaysdk.query.StandaloneStructQueryTest" name="testDecimalGtEq_Generated"/>
  <testcase time="0.002" classname="com.runwaysdk.query.StandaloneStructQueryTest" name="testDecimalLtString"/>
  <testcase time="0.002" classname="com.runwaysdk.query.StandaloneStructQueryTest" name="testDecimalLt"/>
  <testcase time="0.003" classname="com.runwaysdk.query.StandaloneStructQueryTest" name="testDecimalLt_Generated"/>
  <testcase time="0.003" classname="com.runwaysdk.query.StandaloneStructQueryTest" name="testDecimalLtEqString"/>
  <testcase time="0.004" classname="com.runwaysdk.query.StandaloneStructQueryTest" name="testDecimalLtEq"/>
  <testcase time="0.005" classname="com.runwaysdk.query.StandaloneStructQueryTest" name="testDecimalLtEq_Generated"/>
  <testcase time="0.003" classname="com.runwaysdk.query.StandaloneStructQueryTest" name="testDecimalNotEqString"/>
  <testcase time="0.004" classname="com.runwaysdk.query.StandaloneStructQueryTest" name="testDecimalNotEq"/>
  <testcase time="0.004" classname="com.runwaysdk.query.StandaloneStructQueryTest" name="testDecimalNotEq_Generated"/>
  <testcase time="0.003" classname="com.runwaysdk.query.StandaloneStructQueryTest" name="testDoubleEqString"/>
  <testcase time="0.003" classname="com.runwaysdk.query.StandaloneStructQueryTest" name="testDoubleEq"/>
  <testcase time="0.004" classname="com.runwaysdk.query.StandaloneStructQueryTest" name="testDoubleEq_Generated"/>
  <testcase time="0.004" classname="com.runwaysdk.query.StandaloneStructQueryTest" name="testDoubleGtString"/>
  <testcase time="0.003" classname="com.runwaysdk.query.StandaloneStructQueryTest" name="testDoubleGt"/>
  <testcase time="0.004" classname="com.runwaysdk.query.StandaloneStructQueryTest" name="testDoubleGt_Generated"/>
  <testcase time="0.004" classname="com.runwaysdk.query.StandaloneStructQueryTest" name="testDoubleGtEqString"/>
  <testcase time="0.005" classname="com.runwaysdk.query.StandaloneStructQueryTest" name="testDoubleGtEq"/>
  <testcase time="0.006" classname="com.runwaysdk.query.StandaloneStructQueryTest" name="testDoubleGtEq_Generated"/>
  <testcase time="0.003" classname="com.runwaysdk.query.StandaloneStructQueryTest" name="testDoubleLtString"/>
  <testcase time="0.003" classname="com.runwaysdk.query.StandaloneStructQueryTest" name="testDoubleLt"/>
  <testcase time="0.004" classname="com.runwaysdk.query.StandaloneStructQueryTest" name="testDoubleLt_Generated"/>
  <testcase time="0.004" classname="com.runwaysdk.query.StandaloneStructQueryTest" name="testDoubleLtEqString"/>
  <testcase time="0.005" classname="com.runwaysdk.query.StandaloneStructQueryTest" name="testDoubleLtEq"/>
  <testcase time="0.006" classname="com.runwaysdk.query.StandaloneStructQueryTest" name="testDoubleLtEq_Generated"/>
  <testcase time="0.003" classname="com.runwaysdk.query.StandaloneStructQueryTest" name="testDoubleNotEqString"/>
  <testcase time="0.003" classname="com.runwaysdk.query.StandaloneStructQueryTest" name="testDoubleNotEq"/>
  <testcase time="0.004" classname="com.runwaysdk.query.StandaloneStructQueryTest" name="testDoubleNotEq_Generated"/>
  <testcase time="0.024" classname="com.runwaysdk.query.function.FloatTest" name="testFloatEqMinAttribute"/>
  <testcase time="0.023" classname="com.runwaysdk.query.function.FloatTest" name="testFloatEqMinAttribute_Generated"/>
  <testcase time="0.009" classname="com.runwaysdk.query.function.FloatTest" name="testFloatGtMinAttribute"/>
  <testcase time="0.023" classname="com.runwaysdk.query.function.FloatTest" name="testFloatGtMinAttribute_Generated"/>
  <testcase time="0.009" classname="com.runwaysdk.query.function.FloatTest" name="testFloatGtEqMinAttribute"/>
  <testcase time="0.02" classname="com.runwaysdk.query.function.FloatTest" name="testFloatGtEqMinAttribute_Generated"/>
  <testcase time="0.002" classname="com.runwaysdk.query.function.FloatTest" name="testFloatLtMinAttribute"/>
  <testcase time="0.002" classname="com.runwaysdk.query.function.FloatTest" name="testFloatLtMinAttribute_Generated"/>
  <testcase time="0.004" classname="com.runwaysdk.query.function.FloatTest" name="testFloatLtEqMinAttribute"/>
  <testcase time="0.006" classname="com.runwaysdk.query.function.FloatTest" name="testFloatLtEqMinAttribute_Generated"/>
  <testcase time="0.009" classname="com.runwaysdk.query.function.FloatTest" name="testFloatNotEqMinAttribute"/>
  <testcase time="0.019" classname="com.runwaysdk.query.function.FloatTest" name="testFloatNotEqMinAttribute_Generated"/>
  <testcase time="0.005" classname="com.runwaysdk.query.function.FloatTest" name="testFloatEqMaxAttribute"/>
  <testcase time="0.005" classname="com.runwaysdk.query.function.FloatTest" name="testFloatEqMaxAttribute_Generated"/>
  <testcase time="0.002" classname="com.runwaysdk.query.function.FloatTest" name="testFloatGtMaxAttribute"/>
  <testcase time="0.002" classname="com.runwaysdk.query.function.FloatTest" name="testFloatGtMaxAttribute_Generated"/>
  <testcase time="0.001" classname="com.runwaysdk.query.function.FloatTest" name="testFloatGtEqMaxAttribute"/>
  <testcase time="0.002" classname="com.runwaysdk.query.function.FloatTest" name="testFloatGtEqMaxAttribute_Generated"/>
  <testcase time="0.008" classname="com.runwaysdk.query.function.FloatTest" name="testFloatLtMaxAttribute"/>
  <testcase time="0.019" classname="com.runwaysdk.query.function.FloatTest" name="testFloatLtMaxAttribute_Generated"/>
  <testcase time="0.009" classname="com.runwaysdk.query.function.FloatTest" name="testFloatLtEqMaxAttribute"/>
  <testcase time="0.021" classname="com.runwaysdk.query.function.FloatTest" name="testFloatLtEqMaxAttribute_Generated"/>
  <testcase time="0.009" classname="com.runwaysdk.query.function.FloatTest" name="testFloatNotEqMaxAttribute"/>
  <testcase time="0.02" classname="com.runwaysdk.query.function.FloatTest" name="testFloatNotEqMaxAttribute_Generated"/>
  <testcase time="0.022" classname="com.runwaysdk.query.function.FloatTest" name="testFloatEqAvgAttribute"/>
  <testcase time="0.005" classname="com.runwaysdk.query.function.FloatTest" name="testFloatEqAvgAttribute_Generated"/>
  <testcase time="0.007" classname="com.runwaysdk.query.function.FloatTest" name="testFloatGtAvgAttribute"/>
  <testcase time="0.012" classname="com.runwaysdk.query.function.FloatTest" name="testFloatGtAvgAttribute_Generated"/>
  <testcase time="0.008" classname="com.runwaysdk.query.function.FloatTest" name="testFloatGtEqAvgAttribute"/>
  <testcase time="0.012" classname="com.runwaysdk.query.function.FloatTest" name="testFloatGtEqAvgAttribute_Generated"/>
  <testcase time="0.009" classname="com.runwaysdk.query.function.FloatTest" name="testFloatLtAvgAttribute"/>
  <testcase time="0.016" classname="com.runwaysdk.query.function.FloatTest" name="testFloatLtAvgAttribute_Generated"/>
  <testcase time="0.008" classname="com.runwaysdk.query.function.FloatTest" name="testFloatLtEqAvgAttribute"/>
  <testcase time="0.015" classname="com.runwaysdk.query.function.FloatTest" name="testFloatLtEqAvgAttribute_Generated"/>
  <testcase time="0.01" classname="com.runwaysdk.query.function.FloatTest" name="testFloatNotEqAvgAttribute"/>
  <testcase time="0.02" classname="com.runwaysdk.query.function.FloatTest" name="testFloatNotEqAvgAttribute_Generated"/>
  <testcase time="0.007" classname="com.runwaysdk.query.function.FloatTest" name="testFloatEqCountAttribute"/>
  <testcase time="0.014" classname="com.runwaysdk.query.function.FloatTest" name="testFloatEqCountAttribute_Generated"/>
  <testcase time="0.007" classname="com.runwaysdk.query.function.FloatTest" name="testFloatGtCountAttribute"/>
  <testcase time="0.013" classname="com.runwaysdk.query.function.FloatTest" name="testFloatGtCountAttribute_Generated"/>
  <testcase time="0.007" classname="com.runwaysdk.query.function.FloatTest" name="testFloatGtEqCountAttribute"/>
  <testcase time="0.015" classname="com.runwaysdk.query.function.FloatTest" name="testFloatGtEqCountAttribute_Generated"/>
  <testcase time="0.007" classname="com.runwaysdk.query.function.FloatTest" name="testFloatLtCountAttribute"/>
  <testcase time="0.012" classname="com.runwaysdk.query.function.FloatTest" name="testFloatLtCountAttribute_Generated"/>
  <testcase time="0.007" classname="com.runwaysdk.query.function.FloatTest" name="testFloatLtEqCountAttribute"/>
  <testcase time="0.013" classname="com.runwaysdk.query.function.FloatTest" name="testFloatLtEqCountAttribute_Generated"/>
  <testcase time="0.009" classname="com.runwaysdk.query.function.FloatTest" name="testFloatNotEqCountAttribute"/>
  <testcase time="0.018" classname="com.runwaysdk.query.function.FloatTest" name="testFloatNotEqCountAttribute_Generated"/>
  <testcase time="0.005" classname="com.runwaysdk.query.function.DoubleTest" name="testDoubleEqMinAttribute"/>
  <testcase time="0.005" classname="com.runwaysdk.query.function.DoubleTest" name="testDoubleEqMinAttribute_Generated"/>
  <testcase time="0.008" classname="com.runwaysdk.query.function.DoubleTest" name="testDoubleGtMinAttribute"/>
  <testcase time="0.02" classname="com.runwaysdk.query.function.DoubleTest" name="testDoubleGtMinAttribute_Generated"/>
  <testcase time="0.009" classname="com.runwaysdk.query.function.DoubleTest" name="testDoubleGtEqMinAttribute"/>
  <testcase time="0.02" classname="com.runwaysdk.query.function.DoubleTest" name="testDoubleGtEqMinAttribute_Generated"/>
  <testcase time="0.002" classname="com.runwaysdk.query.function.DoubleTest" name="testDoubleLtMinAttribute"/>
  <testcase time="0.002" classname="com.runwaysdk.query.function.DoubleTest" name="testDoubleLtMinAttribute_Generated"/>
  <testcase time="0.005" classname="com.runwaysdk.query.function.DoubleTest" name="testDoubleLtEqMinAttribute"/>
  <testcase time="0.005" classname="com.runwaysdk.query.function.DoubleTest" name="testDoubleLtEqMinAttribute_Generated"/>
  <testcase time="0.008" classname="com.runwaysdk.query.function.DoubleTest" name="testDoubleNotEqMinAttribute"/>
  <testcase time="0.019" classname="com.runwaysdk.query.function.DoubleTest" name="testDoubleNotEqMinAttribute_Generated"/>
  <testcase time="0.005" classname="com.runwaysdk.query.function.DoubleTest" name="testDoubleEqMaxAttribute"/>
  <testcase time="0.005" classname="com.runwaysdk.query.function.DoubleTest" name="testDoubleEqMaxAttribute_Generated"/>
  <testcase time="0.002" classname="com.runwaysdk.query.function.DoubleTest" name="testDoubleGtMaxAttribute"/>
  <testcase time="0.002" classname="com.runwaysdk.query.function.DoubleTest" name="testDoubleGtMaxAttribute_Generated"/>
  <testcase time="0.002" classname="com.runwaysdk.query.function.DoubleTest" name="testDoubleGtEqMaxAttribute"/>
  <testcase time="0.002" classname="com.runwaysdk.query.function.DoubleTest" name="testDoubleGtEqMaxAttribute_Generated"/>
  <testcase time="0.009" classname="com.runwaysdk.query.function.DoubleTest" name="testDoubleLtMaxAttribute"/>
  <testcase time="0.02" classname="com.runwaysdk.query.function.DoubleTest" name="testDoubleLtMaxAttribute_Generated"/>
  <testcase time="0.009" classname="com.runwaysdk.query.function.DoubleTest" name="testDoubleLtEqMaxAttribute"/>
  <testcase time="0.02" classname="com.runwaysdk.query.function.DoubleTest" name="testDoubleLtEqMaxAttribute_Generated"/>
  <testcase time="0.009" classname="com.runwaysdk.query.function.DoubleTest" name="testDoubleNotEqMaxAttribute"/>
  <testcase time="0.066" classname="com.runwaysdk.query.function.DoubleTest" name="testDoubleNotEqMaxAttribute_Generated"/>
  <testcase time="0.004" classname="com.runwaysdk.query.function.DoubleTest" name="testDoubleEqAvgAttribute"/>
  <testcase time="0.005" classname="com.runwaysdk.query.function.DoubleTest" name="testDoubleEqAvgAttribute_Generated"/>
  <testcase time="0.008" classname="com.runwaysdk.query.function.DoubleTest" name="testDoubleGtAvgAttribute"/>
  <testcase time="0.014" classname="com.runwaysdk.query.function.DoubleTest" name="testDoubleGtAvgAttribute_Generated"/>
  <testcase time="0.009" classname="com.runwaysdk.query.function.DoubleTest" name="testDoubleGtEqAvgAttribute"/>
  <testcase time="0.014" classname="com.runwaysdk.query.function.DoubleTest" name="testDoubleGtEqAvgAttribute_Generated"/>
  <testcase time="0.007" classname="com.runwaysdk.query.function.DoubleTest" name="testDoubleLtAvgAttribute"/>
  <testcase time="0.014" classname="com.runwaysdk.query.function.DoubleTest" name="testDoubleLtAvgAttribute_Generated"/>
  <testcase time="0.008" classname="com.runwaysdk.query.function.DoubleTest" name="testDoubleLtEqAvgAttribute"/>
  <testcase time="0.013" classname="com.runwaysdk.query.function.DoubleTest" name="testDoubleLtEqAvgAttribute_Generated"/>
  <testcase time="0.01" classname="com.runwaysdk.query.function.DoubleTest" name="testDoubleNotEqAvgAttribute"/>
  <testcase time="0.02" classname="com.runwaysdk.query.function.DoubleTest" name="testDoubleNotEqAvgAttribute_Generated"/>
  <testcase time="0.005" classname="com.runwaysdk.query.function.DoubleTest" name="testDoubleEqCountAttribute"/>
  <testcase time="0.007" classname="com.runwaysdk.query.function.DoubleTest" name="testDoubleEqCountAttribute_Generated"/>
  <testcase time="0.006" classname="com.runwaysdk.query.function.DoubleTest" name="testDoubleGtCountAttribute"/>
  <testcase time="0.012" classname="com.runwaysdk.query.function.DoubleTest" name="testDoubleGtCountAttribute_Generated"/>
  <testcase time="0.007" classname="com.runwaysdk.query.function.DoubleTest" name="testDoubleGtEqCountAttribute"/>
  <testcase time="0.013" classname="com.runwaysdk.query.function.DoubleTest" name="testDoubleGtEqCountAttribute_Generated"/>
  <testcase time="0.006" classname="com.runwaysdk.query.function.DoubleTest" name="testDoubleLtCountAttribute"/>
  <testcase time="0.012" classname="com.runwaysdk.query.function.DoubleTest" name="testDoubleLtCountAttribute_Generated"/>
  <testcase time="0.007" classname="com.runwaysdk.query.function.DoubleTest" name="testDoubleLtEqCountAttribute"/>
  <testcase time="0.013" classname="com.runwaysdk.query.function.DoubleTest" name="testDoubleLtEqCountAttribute_Generated"/>
  <testcase time="0.008" classname="com.runwaysdk.query.function.DoubleTest" name="testDoubleNotEqCountAttribute"/>
  <testcase time="0.019" classname="com.runwaysdk.query.function.DoubleTest" name="testDoubleNotEqCountAttribute_Generated"/>
  <testcase time="0.005" classname="com.runwaysdk.query.function.DecimalTest" name="testDecimalEqMinAttribute"/>
  <testcase time="0.006" classname="com.runwaysdk.query.function.DecimalTest" name="testDecimalEqMinAttribute_Generated"/>
  <testcase time="0.008" classname="com.runwaysdk.query.function.DecimalTest" name="testDecimalGtMinAttribute"/>
  <testcase time="0.022" classname="com.runwaysdk.query.function.DecimalTest" name="testDecimalGtMinAttribute_Generated"/>
  <testcase time="0.009" classname="com.runwaysdk.query.function.DecimalTest" name="testDecimalGtEqMinAttribute"/>
  <testcase time="0.019" classname="com.runwaysdk.query.function.DecimalTest" name="testDecimalGtEqMinAttribute_Generated"/>
  <testcase time="0.002" classname="com.runwaysdk.query.function.DecimalTest" name="testDecimalLtMinAttribute"/>
  <testcase time="0.002" classname="com.runwaysdk.query.function.DecimalTest" name="testDecimalLtMinAttribute_Generated"/>
  <testcase time="0.005" classname="com.runwaysdk.query.function.DecimalTest" name="testDecimalLtEqMinAttribute"/>
  <testcase time="0.005" classname="com.runwaysdk.query.function.DecimalTest" name="testDecimalLtEqMinAttribute_Generated"/>
  <testcase time="0.008" classname="com.runwaysdk.query.function.DecimalTest" name="testDecimalNotEqMinAttribute"/>
  <testcase time="0.02" classname="com.runwaysdk.query.function.DecimalTest" name="testDecimalNotEqMinAttribute_Generated"/>
  <testcase time="0.005" classname="com.runwaysdk.query.function.DecimalTest" name="testDecimalEqMaxAttribute"/>
  <testcase time="0.005" classname="com.runwaysdk.query.function.DecimalTest" name="testDecimalEqMaxAttribute_Generated"/>
  <testcase time="0.002" classname="com.runwaysdk.query.function.DecimalTest" name="testDecimalGtMaxAttribute"/>
  <testcase time="0.002" classname="com.runwaysdk.query.function.DecimalTest" name="testDecimalGtMaxAttribute_Generated"/>
  <testcase time="0.002" classname="com.runwaysdk.query.function.DecimalTest" name="testDecimalGtEqMaxAttribute"/>
  <testcase time="0.002" classname="com.runwaysdk.query.function.DecimalTest" name="testDecimalGtEqMaxAttribute_Generated"/>
  <testcase time="0.008" classname="com.runwaysdk.query.function.DecimalTest" name="testDecimalLtMaxAttribute"/>
  <testcase time="0.02" classname="com.runwaysdk.query.function.DecimalTest" name="testDecimalLtMaxAttribute_Generated"/>
  <testcase time="0.009" classname="com.runwaysdk.query.function.DecimalTest" name="testDecimalLtEqMaxAttribute"/>
  <testcase time="0.021" classname="com.runwaysdk.query.function.DecimalTest" name="testDecimalLtEqMaxAttribute_Generated"/>
  <testcase time="0.008" classname="com.runwaysdk.query.function.DecimalTest" name="testDecimalNotEqMaxAttribute"/>
  <testcase time="0.019" classname="com.runwaysdk.query.function.DecimalTest" name="testDecimalNotEqMaxAttribute_Generated"/>
  <testcase time="0.006" classname="com.runwaysdk.query.function.DecimalTest" name="testDecimalEqAvgAttribute"/>
  <testcase time="0.005" classname="com.runwaysdk.query.function.DecimalTest" name="testDecimalEqAvgAttribute_Generated"/>
  <testcase time="0.008" classname="com.runwaysdk.query.function.DecimalTest" name="testDecimalGtAvgAttribute"/>
  <testcase time="0.014" classname="com.runwaysdk.query.function.DecimalTest" name="testDecimalGtAvgAttribute_Generated"/>
  <testcase time="0.008" classname="com.runwaysdk.query.function.DecimalTest" name="testDecimalGtEqAvgAttribute"/>
  <testcase time="0.014" classname="com.runwaysdk.query.function.DecimalTest" name="testDecimalGtEqAvgAttribute_Generated"/>
  <testcase time="0.007" classname="com.runwaysdk.query.function.DecimalTest" name="testDecimalLtAvgAttribute"/>
  <testcase time="0.014" classname="com.runwaysdk.query.function.DecimalTest" name="testDecimalLtAvgAttribute_Generated"/>
  <testcase time="0.007" classname="com.runwaysdk.query.function.DecimalTest" name="testDecimalLtEqAvgAttribute"/>
  <testcase time="0.013" classname="com.runwaysdk.query.function.DecimalTest" name="testDecimalLtEqAvgAttribute_Generated"/>
  <testcase time="0.01" classname="com.runwaysdk.query.function.DecimalTest" name="testDecimalNotEqAvgAttribute"/>
  <testcase time="0.021" classname="com.runwaysdk.query.function.DecimalTest" name="testDecimalNotEqAvgAttribute_Generated"/>
  <testcase time="0.005" classname="com.runwaysdk.query.function.DecimalTest" name="testDecimalEqCountAttribute"/>
  <testcase time="0.006" classname="com.runwaysdk.query.function.DecimalTest" name="testDecimalEqCountAttribute_Generated"/>
  <testcase time="0.006" classname="com.runwaysdk.query.function.DecimalTest" name="testDecimalGtCountAttribute"/>
  <testcase time="0.011" classname="com.runwaysdk.query.function.DecimalTest" name="testDecimalGtCountAttribute_Generated"/>
  <testcase time="0.006" classname="com.runwaysdk.query.function.DecimalTest" name="testDecimalGtEqCountAttribute"/>
  <testcase time="0.014" classname="com.runwaysdk.query.function.DecimalTest" name="testDecimalGtEqCountAttribute_Generated"/>
  <testcase time="0.007" classname="com.runwaysdk.query.function.DecimalTest" name="testDecimalLtCountAttribute"/>
  <testcase time="0.012" classname="com.runwaysdk.query.function.DecimalTest" name="testDecimalLtCountAttribute_Generated"/>
  <testcase time="0.006" classname="com.runwaysdk.query.function.DecimalTest" name="testDecimalLtEqCountAttribute"/>
  <testcase time="0.014" classname="com.runwaysdk.query.function.DecimalTest" name="testDecimalLtEqCountAttribute_Generated"/>
  <testcase time="0.009" classname="com.runwaysdk.query.function.DecimalTest" name="testDecimalNotEqCountAttribute"/>
  <testcase time="0.018" classname="com.runwaysdk.query.function.DecimalTest" name="testDecimalNotEqCountAttribute_Generated"/>
  <testcase time="0.009" classname="com.runwaysdk.query.function.IntegerTest" name="testIntegerEqMinAttribute"/>
  <testcase time="0.005" classname="com.runwaysdk.query.function.IntegerTest" name="testIntegerEqMinAttribute_Generated"/>
  <testcase time="0.008" classname="com.runwaysdk.query.function.IntegerTest" name="testIntegerGtMinAttribute"/>
  <testcase time="0.019" classname="com.runwaysdk.query.function.IntegerTest" name="testIntegerGtMinAttribute_Generated"/>
  <testcase time="0.009" classname="com.runwaysdk.query.function.IntegerTest" name="testIntegerGtEqMinAttribute"/>
  <testcase time="0.019" classname="com.runwaysdk.query.function.IntegerTest" name="testIntegerGtEqMinAttribute_Generated"/>
  <testcase time="0.002" classname="com.runwaysdk.query.function.IntegerTest" name="testIntegerLtMinAttribute"/>
  <testcase time="0.002" classname="com.runwaysdk.query.function.IntegerTest" name="testIntegerLtMinAttribute_Generated"/>
  <testcase time="0.004" classname="com.runwaysdk.query.function.IntegerTest" name="testIntegerLtEqMinAttribute"/>
  <testcase time="0.005" classname="com.runwaysdk.query.function.IntegerTest" name="testIntegerLtEqMinAttribute_Generated"/>
  <testcase time="0.008" classname="com.runwaysdk.query.function.IntegerTest" name="testIntegerNotEqMinAttribute"/>
  <testcase time="0.018" classname="com.runwaysdk.query.function.IntegerTest" name="testIntegerNotEqMinAttribute_Generated"/>
  <testcase time="0.004" classname="com.runwaysdk.query.function.IntegerTest" name="testIntegerEqMaxAttribute"/>
  <testcase time="0.005" classname="com.runwaysdk.query.function.IntegerTest" name="testIntegerEqMaxAttribute_Generated"/>
  <testcase time="0.001" classname="com.runwaysdk.query.function.IntegerTest" name="testIntegerGtMaxAttribute"/>
  <testcase time="0.002" classname="com.runwaysdk.query.function.IntegerTest" name="testIntegerGtMaxAttribute_Generated"/>
  <testcase time="0.002" classname="com.runwaysdk.query.function.IntegerTest" name="testIntegerGtEqMaxAttribute"/>
  <testcase time="0.001" classname="com.runwaysdk.query.function.IntegerTest" name="testIntegerGtEqMaxAttribute_Generated"/>
  <testcase time="0.008" classname="com.runwaysdk.query.function.IntegerTest" name="testIntegerLtMaxAttribute"/>
  <testcase time="0.019" classname="com.runwaysdk.query.function.IntegerTest" name="testIntegerLtMaxAttribute_Generated"/>
  <testcase time="0.008" classname="com.runwaysdk.query.function.IntegerTest" name="testIntegerLtEqMaxAttribute"/>
  <testcase time="0.019" classname="com.runwaysdk.query.function.IntegerTest" name="testIntegerLtEqMaxAttribute_Generated"/>
  <testcase time="0.008" classname="com.runwaysdk.query.function.IntegerTest" name="testIntegerNotEqMaxAttribute"/>
  <testcase time="0.019" classname="com.runwaysdk.query.function.IntegerTest" name="testIntegerNotEqMaxAttribute_Generated"/>
  <testcase time="0.004" classname="com.runwaysdk.query.function.IntegerTest" name="testIntegerEqAvgAttribute"/>
  <testcase time="0.004" classname="com.runwaysdk.query.function.IntegerTest" name="testIntegerEqAvgAttribute_Generated"/>
  <testcase time="0.006" classname="com.runwaysdk.query.function.IntegerTest" name="testIntegerGtAvgAttribute"/>
  <testcase time="0.012" classname="com.runwaysdk.query.function.IntegerTest" name="testIntegerGtAvgAttribute_Generated"/>
  <testcase time="0.006" classname="com.runwaysdk.query.function.IntegerTest" name="testIntegerGtEqAvgAttribute"/>
  <testcase time="0.012" classname="com.runwaysdk.query.function.IntegerTest" name="testIntegerGtEqAvgAttribute_Generated"/>
  <testcase time="0.007" classname="com.runwaysdk.query.function.IntegerTest" name="testIntegerLtAvgAttribute"/>
  <testcase time="0.012" classname="com.runwaysdk.query.function.IntegerTest" name="testIntegerLtAvgAttribute_Generated"/>
  <testcase time="0.007" classname="com.runwaysdk.query.function.IntegerTest" name="testIntegerLtEqAvgAttribute"/>
  <testcase time="0.012" classname="com.runwaysdk.query.function.IntegerTest" name="testIntegerLtEqAvgAttribute_Generated"/>
  <testcase time="0.009" classname="com.runwaysdk.query.function.IntegerTest" name="testIntegerNotEqAvgAttribute"/>
  <testcase time="0.019" classname="com.runwaysdk.query.function.IntegerTest" name="testIntegerNotEqAvgAttribute_Generated"/>
  <testcase time="0.004" classname="com.runwaysdk.query.function.IntegerTest" name="testIntegerEqCountAttribute"/>
  <testcase time="0.006" classname="com.runwaysdk.query.function.IntegerTest" name="testIntegerEqCountAttribute_Generated"/>
  <testcase time="0.006" classname="com.runwaysdk.query.function.IntegerTest" name="testIntegerGtCountAttribute"/>
  <testcase time="0.011" classname="com.runwaysdk.query.function.IntegerTest" name="testIntegerGtCountAttribute_Generated"/>
  <testcase time="0.006" classname="com.runwaysdk.query.function.IntegerTest" name="testIntegerGtEqCountAttribute"/>
  <testcase time="0.014" classname="com.runwaysdk.query.function.IntegerTest" name="testIntegerGtEqCountAttribute_Generated"/>
  <testcase time="0.006" classname="com.runwaysdk.query.function.IntegerTest" name="testIntegerLtCountAttribute"/>
  <testcase time="0.011" classname="com.runwaysdk.query.function.IntegerTest" name="testIntegerLtCountAttribute_Generated"/>
  <testcase time="0.007" classname="com.runwaysdk.query.function.IntegerTest" name="testIntegerLtEqCountAttribute"/>
  <testcase time="0.012" classname="com.runwaysdk.query.function.IntegerTest" name="testIntegerLtEqCountAttribute_Generated"/>
  <testcase time="0.008" classname="com.runwaysdk.query.function.IntegerTest" name="testIntegerNotEqCountAttribute"/>
  <testcase time="0.017" classname="com.runwaysdk.query.function.IntegerTest" name="testIntegerNotEqCountAttribute_Generated"/>
  <testcase time="0.009" classname="com.runwaysdk.query.function.IntegerTest" name="testIntegerEqSumAttribute"/>
  <testcase time="0.013" classname="com.runwaysdk.query.function.IntegerTest" name="testIntegerEqSumAttribute_Generated"/>
  <testcase time="0.006" classname="com.runwaysdk.query.function.IntegerTest" name="testIntegerGtSumAttribute"/>
  <testcase time="0.012" classname="com.runwaysdk.query.function.IntegerTest" name="testIntegerGtSumAttribute_Generated"/>
  <testcase time="0.006" classname="com.runwaysdk.query.function.IntegerTest" name="testIntegerGtEqSumAttribute"/>
  <testcase time="0.014" classname="com.runwaysdk.query.function.IntegerTest" name="testIntegerGtEqSumAttribute_Generated"/>
  <testcase time="0.006" classname="com.runwaysdk.query.function.IntegerTest" name="testIntegerLtSumAttribute"/>
  <testcase time="0.011" classname="com.runwaysdk.query.function.IntegerTest" name="testIntegerLtSumAttribute_Generated"/>
  <testcase time="0.006" classname="com.runwaysdk.query.function.IntegerTest" name="testIntegerLtEqSumAttribute"/>
  <testcase time="0.012" classname="com.runwaysdk.query.function.IntegerTest" name="testIntegerLtEqSumAttribute_Generated"/>
  <testcase time="0.008" classname="com.runwaysdk.query.function.IntegerTest" name="testIntegerNotEqSumAttribute"/>
  <testcase time="0.02" classname="com.runwaysdk.query.function.IntegerTest" name="testIntegerNotEqSumAttribute_Generated"/>
  <testcase time="0.005" classname="com.runwaysdk.query.function.LongTest" name="testLongEqMinAttribute"/>
  <testcase time="0.005" classname="com.runwaysdk.query.function.LongTest" name="testLongEqMinAttribute_Generated"/>
  <testcase time="0.008" classname="com.runwaysdk.query.function.LongTest" name="testLongGtMinAttribute"/>
  <testcase time="0.02" classname="com.runwaysdk.query.function.LongTest" name="testLongGtMinAttribute_Generated"/>
  <testcase time="0.009" classname="com.runwaysdk.query.function.LongTest" name="testLongGtEqMinAttribute"/>
  <testcase time="0.019" classname="com.runwaysdk.query.function.LongTest" name="testLongGtEqMinAttribute_Generated"/>
  <testcase time="0.002" classname="com.runwaysdk.query.function.LongTest" name="testLongLtMinAttribute"/>
  <testcase time="0.002" classname="com.runwaysdk.query.function.LongTest" name="testLongLtMinAttribute_Generated"/>
  <testcase time="0.004" classname="com.runwaysdk.query.function.LongTest" name="testLongLtEqMinAttribute"/>
  <testcase time="0.005" classname="com.runwaysdk.query.function.LongTest" name="testLongLtEqMinAttribute_Generated"/>
  <testcase time="0.008" classname="com.runwaysdk.query.function.LongTest" name="testLongNotEqMinAttribute"/>
  <testcase time="0.019" classname="com.runwaysdk.query.function.LongTest" name="testLongNotEqMinAttribute_Generated"/>
  <testcase time="0.004" classname="com.runwaysdk.query.function.LongTest" name="testLongEqMaxAttribute"/>
  <testcase time="0.005" classname="com.runwaysdk.query.function.LongTest" name="testLongEqMaxAttribute_Generated"/>
  <testcase time="0.002" classname="com.runwaysdk.query.function.LongTest" name="testLongGtMaxAttribute"/>
  <testcase time="0.001" classname="com.runwaysdk.query.function.LongTest" name="testLongGtMaxAttribute_Generated"/>
  <testcase time="0.001" classname="com.runwaysdk.query.function.LongTest" name="testLongGtEqMaxAttribute"/>
  <testcase time="0.002" classname="com.runwaysdk.query.function.LongTest" name="testLongGtEqMaxAttribute_Generated"/>
  <testcase time="0.008" classname="com.runwaysdk.query.function.LongTest" name="testLongLtMaxAttribute"/>
  <testcase time="0.019" classname="com.runwaysdk.query.function.LongTest" name="testLongLtMaxAttribute_Generated"/>
  <testcase time="0.008" classname="com.runwaysdk.query.function.LongTest" name="testLongLtEqMaxAttribute"/>
  <testcase time="0.019" classname="com.runwaysdk.query.function.LongTest" name="testLongLtEqMaxAttribute_Generated"/>
  <testcase time="0.008" classname="com.runwaysdk.query.function.LongTest" name="testLongNotEqMaxAttribute"/>
  <testcase time="0.019" classname="com.runwaysdk.query.function.LongTest" name="testLongNotEqMaxAttribute_Generated"/>
  <testcase time="0.006" classname="com.runwaysdk.query.function.LongTest" name="testLongEqAvgAttribute"/>
  <testcase time="0.005" classname="com.runwaysdk.query.function.LongTest" name="testLongEqAvgAttribute_Generated"/>
  <testcase time="0.007" classname="com.runwaysdk.query.function.LongTest" name="testLongGtAvgAttribute"/>
  <testcase time="0.012" classname="com.runwaysdk.query.function.LongTest" name="testLongGtAvgAttribute_Generated"/>
  <testcase time="0.008" classname="com.runwaysdk.query.function.LongTest" name="testLongGtEqAvgAttribute"/>
  <testcase time="0.012" classname="com.runwaysdk.query.function.LongTest" name="testLongGtEqAvgAttribute_Generated"/>
  <testcase time="0.008" classname="com.runwaysdk.query.function.LongTest" name="testLongLtAvgAttribute"/>
  <testcase time="0.015" classname="com.runwaysdk.query.function.LongTest" name="testLongLtAvgAttribute_Generated"/>
  <testcase time="0.009" classname="com.runwaysdk.query.function.LongTest" name="testLongLtEqAvgAttribute"/>
  <testcase time="0.014" classname="com.runwaysdk.query.function.LongTest" name="testLongLtEqAvgAttribute_Generated"/>
  <testcase time="0.011" classname="com.runwaysdk.query.function.LongTest" name="testLongNotEqAvgAttribute"/>
  <testcase time="0.02" classname="com.runwaysdk.query.function.LongTest" name="testLongNotEqAvgAttribute_Generated"/>
  <testcase time="0.006" classname="com.runwaysdk.query.function.LongTest" name="testLongEqCountAttribute"/>
  <testcase time="0.006" classname="com.runwaysdk.query.function.LongTest" name="testLongEqCountAttribute_Generated"/>
  <testcase time="0.006" classname="com.runwaysdk.query.function.LongTest" name="testLongGtCountAttribute"/>
  <testcase time="0.011" classname="com.runwaysdk.query.function.LongTest" name="testLongGtCountAttribute_Generated"/>
  <testcase time="0.006" classname="com.runwaysdk.query.function.LongTest" name="testLongGtEqCountAttribute"/>
  <testcase time="0.014" classname="com.runwaysdk.query.function.LongTest" name="testLongGtEqCountAttribute_Generated"/>
  <testcase time="0.006" classname="com.runwaysdk.query.function.LongTest" name="testLongLtCountAttribute"/>
  <testcase time="0.011" classname="com.runwaysdk.query.function.LongTest" name="testLongLtCountAttribute_Generated"/>
  <testcase time="0.006" classname="com.runwaysdk.query.function.LongTest" name="testLongLtEqCountAttribute"/>
  <testcase time="0.012" classname="com.runwaysdk.query.function.LongTest" name="testLongLtEqCountAttribute_Generated"/>
  <testcase time="0.008" classname="com.runwaysdk.query.function.LongTest" name="testLongNotEqCountAttribute"/>
  <testcase time="0.017" classname="com.runwaysdk.query.function.LongTest" name="testLongNotEqCountAttribute_Generated"/>
  <testcase time="0.005" classname="com.runwaysdk.query.function.LongTest" name="testLongEqSumAttribute"/>
  <testcase time="0.006" classname="com.runwaysdk.query.function.LongTest" name="testLongEqSumAttribute_Generated"/>
  <testcase time="0.007" classname="com.runwaysdk.query.function.LongTest" name="testLongGtSumAttribute"/>
  <testcase time="0.012" classname="com.runwaysdk.query.function.LongTest" name="testLongGtSumAttribute_Generated"/>
  <testcase time="0.007" classname="com.runwaysdk.query.function.LongTest" name="testLongGtEqSumAttribute"/>
  <testcase time="0.013" classname="com.runwaysdk.query.function.LongTest" name="testLongGtEqSumAttribute_Generated"/>
  <testcase time="0.007" classname="com.runwaysdk.query.function.LongTest" name="testLongLtSumAttribute"/>
  <testcase time="0.012" classname="com.runwaysdk.query.function.LongTest" name="testLongLtSumAttribute_Generated"/>
  <testcase time="0.006" classname="com.runwaysdk.query.function.LongTest" name="testLongLtEqSumAttribute"/>
  <testcase time="0.012" classname="com.runwaysdk.query.function.LongTest" name="testLongLtEqSumAttribute_Generated"/>
  <testcase time="0.008" classname="com.runwaysdk.query.function.LongTest" name="testLongNotEqSumAttribute"/>
  <testcase time="0.019" classname="com.runwaysdk.query.function.LongTest" name="testLongNotEqSumAttribute_Generated"/>
  <testcase time="0.006" classname="com.runwaysdk.query.function.DateTest" name="testDateEqMinAttribute"/>
  <testcase time="0.006" classname="com.runwaysdk.query.function.DateTest" name="testDateEqMinAttribute_Generated"/>
  <testcase time="0.01" classname="com.runwaysdk.query.function.DateTest" name="testDateGtMinAttribute"/>
  <testcase time="0.021" classname="com.runwaysdk.query.function.DateTest" name="testDateGtMinAttribute_Generated"/>
  <testcase time="0.01" classname="com.runwaysdk.query.function.DateTest" name="testDateGtEqMinAttribute"/>
  <testcase time="0.022" classname="com.runwaysdk.query.function.DateTest" name="testDateGtEqMinAttribute_Generated"/>
  <testcase time="0.002" classname="com.runwaysdk.query.function.DateTest" name="testDateLtMinAttribute"/>
  <testcase time="0.002" classname="com.runwaysdk.query.function.DateTest" name="testDateLtMinAttribute_Generated"/>
  <testcase time="0.005" classname="com.runwaysdk.query.function.DateTest" name="testDateLtEqMinAttribute"/>
  <testcase time="0.006" classname="com.runwaysdk.query.function.DateTest" name="testDateLtEqMinAttribute_Generated"/>
  <testcase time="0.009" classname="com.runwaysdk.query.function.DateTest" name="testDateNotEqMinAttribute"/>
  <testcase time="0.02" classname="com.runwaysdk.query.function.DateTest" name="testDateNotEqMinAttribute_Generated"/>
  <testcase time="0.004" classname="com.runwaysdk.query.function.DateTest" name="testDateEqMaxAttribute"/>
  <testcase time="0.005" classname="com.runwaysdk.query.function.DateTest" name="testDateEqMaxAttribute_Generated"/>
  <testcase time="0.002" classname="com.runwaysdk.query.function.DateTest" name="testDateGtMaxAttribute"/>
  <testcase time="0.001" classname="com.runwaysdk.query.function.DateTest" name="testDateGtMaxAttribute_Generated"/>
  <testcase time="0.004" classname="com.runwaysdk.query.function.DateTest" name="testDateGtEqMaxAttribute"/>
  <testcase time="0.004" classname="com.runwaysdk.query.function.DateTest" name="testDateGtEqMaxAttribute_Generated"/>
  <testcase time="0.01" classname="com.runwaysdk.query.function.DateTest" name="testDateLtMaxAttribute"/>
  <testcase time="0.02" classname="com.runwaysdk.query.function.DateTest" name="testDateLtMaxAttribute_Generated"/>
  <testcase time="0.01" classname="com.runwaysdk.query.function.DateTest" name="testDateLtEqMaxAttribute"/>
  <testcase time="0.023" classname="com.runwaysdk.query.function.DateTest" name="testDateLtEqMaxAttribute_Generated"/>
  <testcase time="0.01" classname="com.runwaysdk.query.function.DateTest" name="testDateNotEqMaxAttribute"/>
  <testcase time="0.02" classname="com.runwaysdk.query.function.DateTest" name="testDateNotEqMaxAttribute_Generated"/>
  <testcase time="0.005" classname="com.runwaysdk.query.function.DateTimeTest" name="testDateTimeEqMinAttribute"/>
  <testcase time="0.005" classname="com.runwaysdk.query.function.DateTimeTest" name="testDateTimeEqMinAttribute_Generated"/>
  <testcase time="0.01" classname="com.runwaysdk.query.function.DateTimeTest" name="testDateTimeGtMinAttribute"/>
  <testcase time="0.023" classname="com.runwaysdk.query.function.DateTimeTest" name="testDateTimeGtMinAttribute_Generated"/>
  <testcase time="0.01" classname="com.runwaysdk.query.function.DateTimeTest" name="testDateTimeGtEqMinAttribute"/>
  <testcase time="0.023" classname="com.runwaysdk.query.function.DateTimeTest" name="testDateTimeGtEqMinAttribute_Generated"/>
  <testcase time="0.002" classname="com.runwaysdk.query.function.DateTimeTest" name="testDateTimeLtMinAttribute"/>
  <testcase time="0.001" classname="com.runwaysdk.query.function.DateTimeTest" name="testDateTimeLtMinAttribute_Generated"/>
  <testcase time="0.004" classname="com.runwaysdk.query.function.DateTimeTest" name="testDateTimeLtEqMinAttribute"/>
  <testcase time="0.005" classname="com.runwaysdk.query.function.DateTimeTest" name="testDateTimeLtEqMinAttribute_Generated"/>
  <testcase time="0.01" classname="com.runwaysdk.query.function.DateTimeTest" name="testDateTimeNotEqMinAttribute"/>
  <testcase time="0.02" classname="com.runwaysdk.query.function.DateTimeTest" name="testDateTimeNotEqMinAttribute_Generated"/>
  <testcase time="0.004" classname="com.runwaysdk.query.function.DateTimeTest" name="testDateTimeEqMaxAttribute"/>
  <testcase time="0.004" classname="com.runwaysdk.query.function.DateTimeTest" name="testDateTimeEqMaxAttribute_Generated"/>
  <testcase time="0.002" classname="com.runwaysdk.query.function.DateTimeTest" name="testDateTimeGtMaxAttribute"/>
  <testcase time="0.002" classname="com.runwaysdk.query.function.DateTimeTest" name="testDateTimeGtMaxAttribute_Generated"/>
  <testcase time="0.004" classname="com.runwaysdk.query.function.DateTimeTest" name="testDateTimeGtEqMaxAttribute"/>
  <testcase time="0.005" classname="com.runwaysdk.query.function.DateTimeTest" name="testDateTimeGtEqMaxAttribute_Generated"/>
  <testcase time="0.01" classname="com.runwaysdk.query.function.DateTimeTest" name="testDateTimeLtMaxAttribute"/>
  <testcase time="0.021" classname="com.runwaysdk.query.function.DateTimeTest" name="testDateTimeLtMaxAttribute_Generated"/>
  <testcase time="0.01" classname="com.runwaysdk.query.function.DateTimeTest" name="testDateTimeLtEqMaxAttribute"/>
  <testcase time="0.021" classname="com.runwaysdk.query.function.DateTimeTest" name="testDateTimeLtEqMaxAttribute_Generated"/>
  <testcase time="0.01" classname="com.runwaysdk.query.function.DateTimeTest" name="testDateTimeNotEqMaxAttribute"/>
  <testcase time="0.02" classname="com.runwaysdk.query.function.DateTimeTest" name="testDateTimeNotEqMaxAttribute_Generated"/>
  <testcase time="0.005" classname="com.runwaysdk.query.function.TimeTest" name="testTimeEqMinAttribute"/>
  <testcase time="0.005" classname="com.runwaysdk.query.function.TimeTest" name="testTimeEqMinAttribute_Generated"/>
  <testcase time="0.01" classname="com.runwaysdk.query.function.TimeTest" name="testTimeGtMinAttribute"/>
  <testcase time="0.021" classname="com.runwaysdk.query.function.TimeTest" name="testTimeGtMinAttribute_Generated"/>
  <testcase time="0.01" classname="com.runwaysdk.query.function.TimeTest" name="testTimeGtEqMinAttribute"/>
  <testcase time="0.021" classname="com.runwaysdk.query.function.TimeTest" name="testTimeGtEqMinAttribute_Generated"/>
  <testcase time="0.001" classname="com.runwaysdk.query.function.TimeTest" name="testTimeLtMinAttribute"/>
  <testcase time="0.002" classname="com.runwaysdk.query.function.TimeTest" name="testTimeLtMinAttribute_Generated"/>
  <testcase time="0.004" classname="com.runwaysdk.query.function.TimeTest" name="testTimeLtEqMinAttribute"/>
  <testcase time="0.005" classname="com.runwaysdk.query.function.TimeTest" name="testTimeLtEqMinAttribute_Generated"/>
  <testcase time="0.009" classname="com.runwaysdk.query.function.TimeTest" name="testTimeNotEqMinAttribute"/>
  <testcase time="0.021" classname="com.runwaysdk.query.function.TimeTest" name="testTimeNotEqMinAttribute_Generated"/>
  <testcase time="0.004" classname="com.runwaysdk.query.function.TimeTest" name="testTimeEqMaxAttribute"/>
  <testcase time="0.005" classname="com.runwaysdk.query.function.TimeTest" name="testTimeEqMaxAttribute_Generated"/>
  <testcase time="0.002" classname="com.runwaysdk.query.function.TimeTest" name="testTimeGtMaxAttribute"/>
  <testcase time="0.002" classname="com.runwaysdk.query.function.TimeTest" name="testTimeGtMaxAttribute_Generated"/>
  <testcase time="0.004" classname="com.runwaysdk.query.function.TimeTest" name="testTimeGtEqMaxAttribute"/>
  <testcase time="0.005" classname="com.runwaysdk.query.function.TimeTest" name="testTimeGtEqMaxAttribute_Generated"/>
  <testcase time="0.009" classname="com.runwaysdk.query.function.TimeTest" name="testTimeLtMaxAttribute"/>
  <testcase time="0.019" classname="com.runwaysdk.query.function.TimeTest" name="testTimeLtMaxAttribute_Generated"/>
  <testcase time="0.009" classname="com.runwaysdk.query.function.TimeTest" name="testTimeLtEqMaxAttribute"/>
  <testcase time="0.021" classname="com.runwaysdk.query.function.TimeTest" name="testTimeLtEqMaxAttribute_Generated"/>
  <testcase time="0.009" classname="com.runwaysdk.query.function.TimeTest" name="testTimeNotEqMaxAttribute"/>
  <testcase time="0.021" classname="com.runwaysdk.query.function.TimeTest" name="testTimeNotEqMaxAttribute_Generated"/>
  <testcase time="0.006" classname="com.runwaysdk.query.function.BooleanTest" name="testIntegerEqMinAttribute"/>
  <testcase time="0.01" classname="com.runwaysdk.query.function.BooleanTest" name="testIntegerEqMinAttribute_Generated"/>
  <testcase time="0.006" classname="com.runwaysdk.query.function.BooleanTest" name="testIntegerNotEqMinAttribute"/>
  <testcase time="0.013" classname="com.runwaysdk.query.function.BooleanTest" name="testIntegerNotEqMinAttribute_Generated"/>
  <testcase time="0.006" classname="com.runwaysdk.query.function.BooleanTest" name="testIntegerEqMaxAttribute"/>
  <testcase time="0.013" classname="com.runwaysdk.query.function.BooleanTest" name="testIntegerEqMaxAttribute_Generated"/>
  <testcase time="0.006" classname="com.runwaysdk.query.function.BooleanTest" name="testIntegerNotEqMaxAttribute"/>
  <testcase time="0.009" classname="com.runwaysdk.query.function.BooleanTest" name="testIntegerNotEqMaxAttribute_Generated"/>
<<<<<<< HEAD
</testsuite>
=======
</testsuite>
>>>>>>> ac74a14d84b3e01d5aba7001dc0bc6e12cfc0860
