<?xml version="1.0" encoding="UTF-8" ?>
<testsuite failures="0" time="651.979" errors="0" skipped="0" tests="370" name="com.runwaysdk.BusinessTestSuite_MavenTest">
  <properties>
    <property name="java.runtime.name" value="OpenJDK Runtime Environment"/>
    <property name="sun.boot.library.path" value="/usr/lib/jvm/java-6-openjdk-amd64/jre/lib/amd64"/>
    <property name="java.vm.version" value="20.0-b12"/>
    <property name="java.vm.vendor" value="Sun Microsystems Inc."/>
    <property name="java.vendor.url" value="http://java.sun.com/"/>
    <property name="path.separator" value=":"/>
    <property name="java.vm.name" value="OpenJDK 64-Bit Server VM"/>
    <property name="file.encoding.pkg" value="sun.io"/>
    <property name="user.country" value="US"/>
    <property name="sun.java.launcher" value="SUN_STANDARD"/>
    <property name="sun.os.patch.level" value="unknown"/>
    <property name="java.vm.specification.name" value="Java Virtual Machine Specification"/>
    <property name="user.dir" value="/usr/share/tomcat6/.hudson/jobs/Test Runway/workspace/runwaysdk-test"/>
    <property name="java.runtime.version" value="1.6.0_24-b24"/>
    <property name="java.awt.graphicsenv" value="sun.awt.X11GraphicsEnvironment"/>
    <property name="basedir" value="/usr/share/tomcat6/.hudson/jobs/Test Runway/workspace/runwaysdk-test"/>
    <property name="java.endorsed.dirs" value="/usr/lib/jvm/java-6-openjdk-amd64/jre/lib/endorsed"/>
    <property name="os.arch" value="amd64"/>
    <property name="surefire.real.class.path" value="/usr/share/tomcat6/.hudson/jobs/Test Runway/workspace/runwaysdk-test/target/surefire/surefirebooter508021213626812293.jar"/>
    <property name="java.io.tmpdir" value="/tmp"/>
    <property name="line.separator" value=""/>
    <property name="java.vm.specification.vendor" value="Sun Microsystems Inc."/>
    <property name="os.name" value="Linux"/>
    <property name="maven.ext.class.path" value="/usr/share/tomcat6/.hudson/maven/slavebundle/resources:/usr/share/tomcat6/.hudson/maven/slavebundle/lib/maven3-eventspy-3.0.jar:/var/lib/tomcat6/webapps/hudson/WEB-INF/lib/hudson-remoting-3.0.0.jar"/>
    <property name="root.user" value="postgres"/>
    <property name="sun.jnu.encoding" value="UTF-8"/>
    <property name="java.library.path" value="/usr/lib/jvm/java-6-openjdk-amd64/jre/lib/amd64/server:/usr/lib/jvm/java-6-openjdk-amd64/jre/lib/amd64:/usr/lib/jvm/java-6-openjdk-amd64/jre/../lib/amd64:/usr/java/packages/lib/amd64:/usr/lib/x86_64-linux-gnu/jni:/lib/x86_64-linux-gnu:/usr/lib/x86_64-linux-gnu:/usr/lib/jni:/lib:/usr/lib"/>
    <property name="surefire.test.class.path" value="/usr/share/tomcat6/.hudson/jobs/Test Runway/workspace/runwaysdk-test/target/test-classes:/usr/share/tomcat6/.hudson/jobs/Test Runway/workspace/runwaysdk-test/target/classes:/usr/share/tomcat6/.m2/repository/junit/junit/3.8.1/junit-3.8.1.jar:/usr/share/tomcat6/.m2/repository/com/runwaysdk/runwaysdk-client/0.0.1-SNAPSHOT/runwaysdk-client-0.0.1-SNAPSHOT.jar:/usr/share/tomcat6/.m2/repository/com/runwaysdk/runwaysdk-common/0.0.1-SNAPSHOT/runwaysdk-common-0.0.1-SNAPSHOT.jar:/usr/share/tomcat6/.m2/repository/org/json/json/20090211/json-20090211.jar:/usr/share/tomcat6/.m2/repository/log4j/log4j/1.2.17/log4j-1.2.17.jar:/usr/share/tomcat6/.m2/repository/org/apache/ant/ant/1.8.4/ant-1.8.4.jar:/usr/share/tomcat6/.m2/repository/org/apache/ant/ant-launcher/1.8.4/ant-launcher-1.8.4.jar:/usr/share/tomcat6/.m2/repository/commons-lang/commons-lang/2.6/commons-lang-2.6.jar:/usr/share/tomcat6/.m2/repository/net/sf/ehcache/ehcache-core/2.6.2/ehcache-core-2.6.2.jar:/usr/share/tomcat6/.m2/repository/org/slf4j/slf4j-api/1.6.1/slf4j-api-1.6.1.jar:/usr/share/tomcat6/.m2/repository/com/healthmarketscience/rmiio/rmiio/2.0.3/rmiio-2.0.3.jar:/usr/share/tomcat6/.m2/repository/org/apache/tomcat/catalina/6.0.36/catalina-6.0.36.jar:/usr/share/tomcat6/.m2/repository/org/apache/tomcat/servlet-api/6.0.36/servlet-api-6.0.36.jar:/usr/share/tomcat6/.m2/repository/org/apache/tomcat/juli/6.0.36/juli-6.0.36.jar:/usr/share/tomcat6/.m2/repository/org/apache/tomcat/annotations-api/6.0.36/annotations-api-6.0.36.jar:/usr/share/tomcat6/.m2/repository/asm/asm/3.3.1/asm-3.3.1.jar:/usr/share/tomcat6/.m2/repository/com/terraframe/UTF8Resource/1.0/UTF8Resource-1.0.jar:/usr/share/tomcat6/.m2/repository/org/apache/axis/axis-jaxrpc/1.4/axis-jaxrpc-1.4.jar:/usr/share/tomcat6/.m2/repository/org/apache/axis/axis/1.4/axis-1.4.jar:/usr/share/tomcat6/.m2/repository/javax/servlet/javax.servlet-api/3.0.1/javax.servlet-api-3.0.1.jar:/usr/share/tomcat6/.m2/repository/javax/servlet/jsp/javax.servlet.jsp-api/2.2.1/javax.servlet.jsp-api-2.2.1.jar:/usr/share/tomcat6/.m2/repository/javax/servlet/jsp/jstl/javax.servlet.jsp.jstl-api/1.2.1/javax.servlet.jsp.jstl-api-1.2.1.jar:/usr/share/tomcat6/.m2/repository/commons-fileupload/commons-fileupload/1.2.2/commons-fileupload-1.2.2.jar:/usr/share/tomcat6/.m2/repository/com/scand/fileupload/fileupload-progress/1.0/fileupload-progress-1.0.jar:/usr/share/tomcat6/.m2/repository/com/runwaysdk/runwaysdk-server/0.0.1-SNAPSHOT/runwaysdk-server-0.0.1-SNAPSHOT.jar:/usr/share/tomcat6/.m2/repository/org/aspectj/aspectjweaver/1.6.11/aspectjweaver-1.6.11.jar:/usr/share/tomcat6/.m2/repository/org/aspectj/aspectjtools/1.6.11/aspectjtools-1.6.11.jar:/usr/share/tomcat6/.m2/repository/org/apache/tomcat/catalina-ant/6.0.36/catalina-ant-6.0.36.jar:/usr/share/tomcat6/.m2/repository/org/apache/tomcat/coyote/6.0.36/coyote-6.0.36.jar:/usr/share/tomcat6/.m2/repository/commons-collections/commons-collections/3.2.1/commons-collections-3.2.1.jar:/usr/share/tomcat6/.m2/repository/commons-dbcp/commons-dbcp/1.4/commons-dbcp-1.4.jar:/usr/share/tomcat6/.m2/repository/commons-pool/commons-pool/1.5.4/commons-pool-1.5.4.jar:/usr/share/tomcat6/.m2/repository/commons-discovery/commons-discovery/0.5/commons-discovery-0.5.jar:/usr/share/tomcat6/.m2/repository/commons-httpclient/commons-httpclient/3.1/commons-httpclient-3.1.jar:/usr/share/tomcat6/.m2/repository/commons-logging/commons-logging/1.1/commons-logging-1.1.jar:/usr/share/tomcat6/.m2/repository/logkit/logkit/1.0.1/logkit-1.0.1.jar:/usr/share/tomcat6/.m2/repository/avalon-framework/avalon-framework/4.1.3/avalon-framework-4.1.3.jar:/usr/share/tomcat6/.m2/repository/javax/servlet/servlet-api/2.3/servlet-api-2.3.jar:/usr/share/tomcat6/.m2/repository/commons-math/commons-math/1.2/commons-math-1.2.jar:/usr/share/tomcat6/.m2/repository/com/googlecode/t7mp/ecj362/1.0.1/ecj362-1.0.1.jar:/usr/share/tomcat6/.m2/repository/javax/mail/mail/1.4.5/mail-1.4.5.jar:/usr/share/tomcat6/.m2/repository/javax/activation/activation/1.1/activation-1.1.jar:/usr/share/tomcat6/.m2/repository/com/google/inject/guice/3.0/guice-3.0.jar:/usr/share/tomcat6/.m2/repository/javax/inject/javax.inject/1/javax.inject-1.jar:/usr/share/tomcat6/.m2/repository/aopalliance/aopalliance/1.0/aopalliance-1.0.jar:/usr/share/tomcat6/.m2/repository/org/hsqldb/hsqldb/2.2.9/hsqldb-2.2.9.jar:/usr/share/tomcat6/.m2/repository/mysql/mysql-connector-java/5.1.22/mysql-connector-java-5.1.22.jar:/usr/share/tomcat6/.m2/repository/postgresql/postgresql/9.1-901-1.jdbc4/postgresql-9.1-901-1.jdbc4.jar:/usr/share/tomcat6/.m2/repository/net/sourceforge/jtds/jtds/1.3.0/jtds-1.3.0.jar:/usr/share/tomcat6/.m2/repository/com/oracle/ojdbc14/1.2/ojdbc14-1.2.jar:/usr/share/tomcat6/.m2/repository/org/apache/poi/poi/3.2-FINAL/poi-3.2-FINAL.jar:/usr/share/tomcat6/.m2/repository/com/sun/xsom/xsom/20110809/xsom-20110809.jar:/usr/share/tomcat6/.m2/repository/relaxngDatatype/relaxngDatatype/20020414/relaxngDatatype-20020414.jar:/usr/share/tomcat6/.m2/repository/org/codeartisans/thirdparties/swing/org-netbeans-api-visual/2.23.1/org-netbeans-api-visual-2.23.1.jar:/usr/share/tomcat6/.m2/repository/org/codeartisans/thirdparties/swing/org-openide-util/8.6.2/org-openide-util-8.6.2.jar:/usr/share/tomcat6/.m2/repository/org/codeartisans/thirdparties/swing/org-openide-util-lookup/8.3.1/org-openide-util-lookup-8.3.1.jar:/usr/share/tomcat6/.m2/repository/org/codehaus/groovy/groovy-all/2.0.6/groovy-all-2.0.6.jar:/usr/share/tomcat6/.m2/repository/org/apache/axis/axis-ant/1.4/axis-ant-1.4.jar:/usr/share/tomcat6/.m2/repository/org/seleniumhq/selenium/selenium-java/2.22.0/selenium-java-2.22.0.jar:/usr/share/tomcat6/.m2/repository/org/seleniumhq/selenium/selenium-android-driver/2.22.0/selenium-android-driver-2.22.0.jar:/usr/share/tomcat6/.m2/repository/org/seleniumhq/selenium/selenium-remote-driver/2.22.0/selenium-remote-driver-2.22.0.jar:/usr/share/tomcat6/.m2/repository/cglib/cglib-nodep/2.1_3/cglib-nodep-2.1_3.jar:/usr/share/tomcat6/.m2/repository/com/google/guava/guava/12.0/guava-12.0.jar:/usr/share/tomcat6/.m2/repository/com/google/code/findbugs/jsr305/1.3.9/jsr305-1.3.9.jar:/usr/share/tomcat6/.m2/repository/org/seleniumhq/selenium/selenium-chrome-driver/2.22.0/selenium-chrome-driver-2.22.0.jar:/usr/share/tomcat6/.m2/repository/org/seleniumhq/selenium/selenium-htmlunit-driver/2.22.0/selenium-htmlunit-driver-2.22.0.jar:/usr/share/tomcat6/.m2/repository/org/seleniumhq/selenium/selenium-api/2.22.0/selenium-api-2.22.0.jar:/usr/share/tomcat6/.m2/repository/net/sourceforge/htmlunit/htmlunit/2.9/htmlunit-2.9.jar:/usr/share/tomcat6/.m2/repository/xalan/xalan/2.7.1/xalan-2.7.1.jar:/usr/share/tomcat6/.m2/repository/xalan/serializer/2.7.1/serializer-2.7.1.jar:/usr/share/tomcat6/.m2/repository/org/apache/httpcomponents/httpmime/4.1.2/httpmime-4.1.2.jar:/usr/share/tomcat6/.m2/repository/net/sourceforge/htmlunit/htmlunit-core-js/2.9/htmlunit-core-js-2.9.jar:/usr/share/tomcat6/.m2/repository/xerces/xercesImpl/2.9.1/xercesImpl-2.9.1.jar:/usr/share/tomcat6/.m2/repository/xml-apis/xml-apis/1.3.04/xml-apis-1.3.04.jar:/usr/share/tomcat6/.m2/repository/net/sourceforge/nekohtml/nekohtml/1.9.15/nekohtml-1.9.15.jar:/usr/share/tomcat6/.m2/repository/net/sourceforge/cssparser/cssparser/0.9.5/cssparser-0.9.5.jar:/usr/share/tomcat6/.m2/repository/org/w3c/css/sac/1.3/sac-1.3.jar:/usr/share/tomcat6/.m2/repository/org/apache/httpcomponents/httpclient/4.1.2/httpclient-4.1.2.jar:/usr/share/tomcat6/.m2/repository/org/apache/httpcomponents/httpcore/4.1.2/httpcore-4.1.2.jar:/usr/share/tomcat6/.m2/repository/org/seleniumhq/selenium/selenium-firefox-driver/2.22.0/selenium-firefox-driver-2.22.0.jar:/usr/share/tomcat6/.m2/repository/commons-io/commons-io/2.0.1/commons-io-2.0.1.jar:/usr/share/tomcat6/.m2/repository/org/apache/commons/commons-exec/1.1/commons-exec-1.1.jar:/usr/share/tomcat6/.m2/repository/org/seleniumhq/selenium/selenium-ie-driver/2.22.0/selenium-ie-driver-2.22.0.jar:/usr/share/tomcat6/.m2/repository/net/java/dev/jna/jna/3.4.0/jna-3.4.0.jar:/usr/share/tomcat6/.m2/repository/net/java/dev/jna/platform/3.4.0/platform-3.4.0.jar:/usr/share/tomcat6/.m2/repository/org/seleniumhq/selenium/selenium-iphone-driver/2.22.0/selenium-iphone-driver-2.22.0.jar:/usr/share/tomcat6/.m2/repository/org/seleniumhq/selenium/selenium-safari-driver/2.22.0/selenium-safari-driver-2.22.0.jar:/usr/share/tomcat6/.m2/repository/org/seleniumhq/selenium/selenium-support/2.22.0/selenium-support-2.22.0.jar:/usr/share/tomcat6/.m2/repository/org/webbitserver/webbit/0.4.6/webbit-0.4.6.jar:/usr/share/tomcat6/.m2/repository/org/jboss/netty/netty/3.2.7.Final/netty-3.2.7.Final.jar:/usr/share/tomcat6/.m2/repository/org/seleniumhq/selenium/selenium-server/2.28.0/selenium-server-2.28.0.jar:/usr/share/tomcat6/.m2/repository/org/bouncycastle/bcprov-jdk15on/1.47/bcprov-jdk15on-1.47.jar:/usr/share/tomcat6/.m2/repository/org/bouncycastle/bcpkix-jdk15on/1.47/bcpkix-jdk15on-1.47.jar:/usr/share/tomcat6/.m2/repository/mx4j/mx4j-tools/3.0.1/mx4j-tools-3.0.1.jar:/usr/share/tomcat6/.m2/repository/org/mortbay/jetty/servlet-api-2.5/6.1.9/servlet-api-2.5-6.1.9.jar:/usr/share/tomcat6/.m2/repository/org/seleniumhq/selenium/jetty-repacked/7.6.1/jetty-repacked-7.6.1.jar:/usr/share/tomcat6/.m2/repository/net/jcip/jcip-annotations/1.0/jcip-annotations-1.0.jar:/usr/share/tomcat6/.m2/repository/org/yaml/snakeyaml/1.8/snakeyaml-1.8.jar:/usr/share/tomcat6/.m2/repository/commons-codec/commons-codec/1.6/commons-codec-1.6.jar:/usr/share/tomcat6/.m2/repository/cactus/cactus/13-1.7.2/cactus-13-1.7.2.jar:/usr/share/tomcat6/.m2/repository/org/aspectj/aspectjrt/1.6.11/aspectjrt-1.6.11.jar:"/>
    <property name="hudson.eventspy.port" value="53233"/>
    <property name="java.specification.name" value="Java Platform API Specification"/>
    <property name="java.class.version" value="50.0"/>
    <property name="sun.management.compiler" value="HotSpot 64-Bit Tiered Compilers"/>
    <property name="os.version" value="3.2.0-24-generic"/>
    <property name="user.home" value="/usr/share/tomcat6"/>
    <property name="user.timezone" value="America/Denver"/>
    <property name="java.awt.printerjob" value="sun.print.PSPrinterJob"/>
    <property name="java.specification.version" value="1.6"/>
    <property name="file.encoding" value="UTF-8"/>
    <property name="user.name" value="tomcat6"/>
    <property name="java.class.path" value="/usr/share/tomcat6/.hudson/jobs/Test Runway/workspace/runwaysdk-test/target/test-classes:/usr/share/tomcat6/.hudson/jobs/Test Runway/workspace/runwaysdk-test/target/classes:/usr/share/tomcat6/.m2/repository/junit/junit/3.8.1/junit-3.8.1.jar:/usr/share/tomcat6/.m2/repository/com/runwaysdk/runwaysdk-client/0.0.1-SNAPSHOT/runwaysdk-client-0.0.1-SNAPSHOT.jar:/usr/share/tomcat6/.m2/repository/com/runwaysdk/runwaysdk-common/0.0.1-SNAPSHOT/runwaysdk-common-0.0.1-SNAPSHOT.jar:/usr/share/tomcat6/.m2/repository/org/json/json/20090211/json-20090211.jar:/usr/share/tomcat6/.m2/repository/log4j/log4j/1.2.17/log4j-1.2.17.jar:/usr/share/tomcat6/.m2/repository/org/apache/ant/ant/1.8.4/ant-1.8.4.jar:/usr/share/tomcat6/.m2/repository/org/apache/ant/ant-launcher/1.8.4/ant-launcher-1.8.4.jar:/usr/share/tomcat6/.m2/repository/commons-lang/commons-lang/2.6/commons-lang-2.6.jar:/usr/share/tomcat6/.m2/repository/net/sf/ehcache/ehcache-core/2.6.2/ehcache-core-2.6.2.jar:/usr/share/tomcat6/.m2/repository/org/slf4j/slf4j-api/1.6.1/slf4j-api-1.6.1.jar:/usr/share/tomcat6/.m2/repository/com/healthmarketscience/rmiio/rmiio/2.0.3/rmiio-2.0.3.jar:/usr/share/tomcat6/.m2/repository/org/apache/tomcat/catalina/6.0.36/catalina-6.0.36.jar:/usr/share/tomcat6/.m2/repository/org/apache/tomcat/servlet-api/6.0.36/servlet-api-6.0.36.jar:/usr/share/tomcat6/.m2/repository/org/apache/tomcat/juli/6.0.36/juli-6.0.36.jar:/usr/share/tomcat6/.m2/repository/org/apache/tomcat/annotations-api/6.0.36/annotations-api-6.0.36.jar:/usr/share/tomcat6/.m2/repository/asm/asm/3.3.1/asm-3.3.1.jar:/usr/share/tomcat6/.m2/repository/com/terraframe/UTF8Resource/1.0/UTF8Resource-1.0.jar:/usr/share/tomcat6/.m2/repository/org/apache/axis/axis-jaxrpc/1.4/axis-jaxrpc-1.4.jar:/usr/share/tomcat6/.m2/repository/org/apache/axis/axis/1.4/axis-1.4.jar:/usr/share/tomcat6/.m2/repository/javax/servlet/javax.servlet-api/3.0.1/javax.servlet-api-3.0.1.jar:/usr/share/tomcat6/.m2/repository/javax/servlet/jsp/javax.servlet.jsp-api/2.2.1/javax.servlet.jsp-api-2.2.1.jar:/usr/share/tomcat6/.m2/repository/javax/servlet/jsp/jstl/javax.servlet.jsp.jstl-api/1.2.1/javax.servlet.jsp.jstl-api-1.2.1.jar:/usr/share/tomcat6/.m2/repository/commons-fileupload/commons-fileupload/1.2.2/commons-fileupload-1.2.2.jar:/usr/share/tomcat6/.m2/repository/com/scand/fileupload/fileupload-progress/1.0/fileupload-progress-1.0.jar:/usr/share/tomcat6/.m2/repository/com/runwaysdk/runwaysdk-server/0.0.1-SNAPSHOT/runwaysdk-server-0.0.1-SNAPSHOT.jar:/usr/share/tomcat6/.m2/repository/org/aspectj/aspectjweaver/1.6.11/aspectjweaver-1.6.11.jar:/usr/share/tomcat6/.m2/repository/org/aspectj/aspectjtools/1.6.11/aspectjtools-1.6.11.jar:/usr/share/tomcat6/.m2/repository/org/apache/tomcat/catalina-ant/6.0.36/catalina-ant-6.0.36.jar:/usr/share/tomcat6/.m2/repository/org/apache/tomcat/coyote/6.0.36/coyote-6.0.36.jar:/usr/share/tomcat6/.m2/repository/commons-collections/commons-collections/3.2.1/commons-collections-3.2.1.jar:/usr/share/tomcat6/.m2/repository/commons-dbcp/commons-dbcp/1.4/commons-dbcp-1.4.jar:/usr/share/tomcat6/.m2/repository/commons-pool/commons-pool/1.5.4/commons-pool-1.5.4.jar:/usr/share/tomcat6/.m2/repository/commons-discovery/commons-discovery/0.5/commons-discovery-0.5.jar:/usr/share/tomcat6/.m2/repository/commons-httpclient/commons-httpclient/3.1/commons-httpclient-3.1.jar:/usr/share/tomcat6/.m2/repository/commons-logging/commons-logging/1.1/commons-logging-1.1.jar:/usr/share/tomcat6/.m2/repository/logkit/logkit/1.0.1/logkit-1.0.1.jar:/usr/share/tomcat6/.m2/repository/avalon-framework/avalon-framework/4.1.3/avalon-framework-4.1.3.jar:/usr/share/tomcat6/.m2/repository/javax/servlet/servlet-api/2.3/servlet-api-2.3.jar:/usr/share/tomcat6/.m2/repository/commons-math/commons-math/1.2/commons-math-1.2.jar:/usr/share/tomcat6/.m2/repository/com/googlecode/t7mp/ecj362/1.0.1/ecj362-1.0.1.jar:/usr/share/tomcat6/.m2/repository/javax/mail/mail/1.4.5/mail-1.4.5.jar:/usr/share/tomcat6/.m2/repository/javax/activation/activation/1.1/activation-1.1.jar:/usr/share/tomcat6/.m2/repository/com/google/inject/guice/3.0/guice-3.0.jar:/usr/share/tomcat6/.m2/repository/javax/inject/javax.inject/1/javax.inject-1.jar:/usr/share/tomcat6/.m2/repository/aopalliance/aopalliance/1.0/aopalliance-1.0.jar:/usr/share/tomcat6/.m2/repository/org/hsqldb/hsqldb/2.2.9/hsqldb-2.2.9.jar:/usr/share/tomcat6/.m2/repository/mysql/mysql-connector-java/5.1.22/mysql-connector-java-5.1.22.jar:/usr/share/tomcat6/.m2/repository/postgresql/postgresql/9.1-901-1.jdbc4/postgresql-9.1-901-1.jdbc4.jar:/usr/share/tomcat6/.m2/repository/net/sourceforge/jtds/jtds/1.3.0/jtds-1.3.0.jar:/usr/share/tomcat6/.m2/repository/com/oracle/ojdbc14/1.2/ojdbc14-1.2.jar:/usr/share/tomcat6/.m2/repository/org/apache/poi/poi/3.2-FINAL/poi-3.2-FINAL.jar:/usr/share/tomcat6/.m2/repository/com/sun/xsom/xsom/20110809/xsom-20110809.jar:/usr/share/tomcat6/.m2/repository/relaxngDatatype/relaxngDatatype/20020414/relaxngDatatype-20020414.jar:/usr/share/tomcat6/.m2/repository/org/codeartisans/thirdparties/swing/org-netbeans-api-visual/2.23.1/org-netbeans-api-visual-2.23.1.jar:/usr/share/tomcat6/.m2/repository/org/codeartisans/thirdparties/swing/org-openide-util/8.6.2/org-openide-util-8.6.2.jar:/usr/share/tomcat6/.m2/repository/org/codeartisans/thirdparties/swing/org-openide-util-lookup/8.3.1/org-openide-util-lookup-8.3.1.jar:/usr/share/tomcat6/.m2/repository/org/codehaus/groovy/groovy-all/2.0.6/groovy-all-2.0.6.jar:/usr/share/tomcat6/.m2/repository/org/apache/axis/axis-ant/1.4/axis-ant-1.4.jar:/usr/share/tomcat6/.m2/repository/org/seleniumhq/selenium/selenium-java/2.22.0/selenium-java-2.22.0.jar:/usr/share/tomcat6/.m2/repository/org/seleniumhq/selenium/selenium-android-driver/2.22.0/selenium-android-driver-2.22.0.jar:/usr/share/tomcat6/.m2/repository/org/seleniumhq/selenium/selenium-remote-driver/2.22.0/selenium-remote-driver-2.22.0.jar:/usr/share/tomcat6/.m2/repository/cglib/cglib-nodep/2.1_3/cglib-nodep-2.1_3.jar:/usr/share/tomcat6/.m2/repository/com/google/guava/guava/12.0/guava-12.0.jar:/usr/share/tomcat6/.m2/repository/com/google/code/findbugs/jsr305/1.3.9/jsr305-1.3.9.jar:/usr/share/tomcat6/.m2/repository/org/seleniumhq/selenium/selenium-chrome-driver/2.22.0/selenium-chrome-driver-2.22.0.jar:/usr/share/tomcat6/.m2/repository/org/seleniumhq/selenium/selenium-htmlunit-driver/2.22.0/selenium-htmlunit-driver-2.22.0.jar:/usr/share/tomcat6/.m2/repository/org/seleniumhq/selenium/selenium-api/2.22.0/selenium-api-2.22.0.jar:/usr/share/tomcat6/.m2/repository/net/sourceforge/htmlunit/htmlunit/2.9/htmlunit-2.9.jar:/usr/share/tomcat6/.m2/repository/xalan/xalan/2.7.1/xalan-2.7.1.jar:/usr/share/tomcat6/.m2/repository/xalan/serializer/2.7.1/serializer-2.7.1.jar:/usr/share/tomcat6/.m2/repository/org/apache/httpcomponents/httpmime/4.1.2/httpmime-4.1.2.jar:/usr/share/tomcat6/.m2/repository/net/sourceforge/htmlunit/htmlunit-core-js/2.9/htmlunit-core-js-2.9.jar:/usr/share/tomcat6/.m2/repository/xerces/xercesImpl/2.9.1/xercesImpl-2.9.1.jar:/usr/share/tomcat6/.m2/repository/xml-apis/xml-apis/1.3.04/xml-apis-1.3.04.jar:/usr/share/tomcat6/.m2/repository/net/sourceforge/nekohtml/nekohtml/1.9.15/nekohtml-1.9.15.jar:/usr/share/tomcat6/.m2/repository/net/sourceforge/cssparser/cssparser/0.9.5/cssparser-0.9.5.jar:/usr/share/tomcat6/.m2/repository/org/w3c/css/sac/1.3/sac-1.3.jar:/usr/share/tomcat6/.m2/repository/org/apache/httpcomponents/httpclient/4.1.2/httpclient-4.1.2.jar:/usr/share/tomcat6/.m2/repository/org/apache/httpcomponents/httpcore/4.1.2/httpcore-4.1.2.jar:/usr/share/tomcat6/.m2/repository/org/seleniumhq/selenium/selenium-firefox-driver/2.22.0/selenium-firefox-driver-2.22.0.jar:/usr/share/tomcat6/.m2/repository/commons-io/commons-io/2.0.1/commons-io-2.0.1.jar:/usr/share/tomcat6/.m2/repository/org/apache/commons/commons-exec/1.1/commons-exec-1.1.jar:/usr/share/tomcat6/.m2/repository/org/seleniumhq/selenium/selenium-ie-driver/2.22.0/selenium-ie-driver-2.22.0.jar:/usr/share/tomcat6/.m2/repository/net/java/dev/jna/jna/3.4.0/jna-3.4.0.jar:/usr/share/tomcat6/.m2/repository/net/java/dev/jna/platform/3.4.0/platform-3.4.0.jar:/usr/share/tomcat6/.m2/repository/org/seleniumhq/selenium/selenium-iphone-driver/2.22.0/selenium-iphone-driver-2.22.0.jar:/usr/share/tomcat6/.m2/repository/org/seleniumhq/selenium/selenium-safari-driver/2.22.0/selenium-safari-driver-2.22.0.jar:/usr/share/tomcat6/.m2/repository/org/seleniumhq/selenium/selenium-support/2.22.0/selenium-support-2.22.0.jar:/usr/share/tomcat6/.m2/repository/org/webbitserver/webbit/0.4.6/webbit-0.4.6.jar:/usr/share/tomcat6/.m2/repository/org/jboss/netty/netty/3.2.7.Final/netty-3.2.7.Final.jar:/usr/share/tomcat6/.m2/repository/org/seleniumhq/selenium/selenium-server/2.28.0/selenium-server-2.28.0.jar:/usr/share/tomcat6/.m2/repository/org/bouncycastle/bcprov-jdk15on/1.47/bcprov-jdk15on-1.47.jar:/usr/share/tomcat6/.m2/repository/org/bouncycastle/bcpkix-jdk15on/1.47/bcpkix-jdk15on-1.47.jar:/usr/share/tomcat6/.m2/repository/mx4j/mx4j-tools/3.0.1/mx4j-tools-3.0.1.jar:/usr/share/tomcat6/.m2/repository/org/mortbay/jetty/servlet-api-2.5/6.1.9/servlet-api-2.5-6.1.9.jar:/usr/share/tomcat6/.m2/repository/org/seleniumhq/selenium/jetty-repacked/7.6.1/jetty-repacked-7.6.1.jar:/usr/share/tomcat6/.m2/repository/net/jcip/jcip-annotations/1.0/jcip-annotations-1.0.jar:/usr/share/tomcat6/.m2/repository/org/yaml/snakeyaml/1.8/snakeyaml-1.8.jar:/usr/share/tomcat6/.m2/repository/commons-codec/commons-codec/1.6/commons-codec-1.6.jar:/usr/share/tomcat6/.m2/repository/cactus/cactus/13-1.7.2/cactus-13-1.7.2.jar:/usr/share/tomcat6/.m2/repository/org/aspectj/aspectjrt/1.6.11/aspectjrt-1.6.11.jar:"/>
    <property name="java.vm.specification.version" value="1.0"/>
    <property name="sun.arch.data.model" value="64"/>
    <property name="java.home" value="/usr/lib/jvm/java-6-openjdk-amd64/jre"/>
    <property name="sun.java.command" value="/usr/share/tomcat6/.hudson/jobs/Test Runway/workspace/runwaysdk-test/target/surefire/surefirebooter508021213626812293.jar /usr/share/tomcat6/.hudson/jobs/Test Runway/workspace/runwaysdk-test/target/surefire/surefire6439151107102716217tmp /usr/share/tomcat6/.hudson/jobs/Test Runway/workspace/runwaysdk-test/target/surefire/surefire1613948966543787932tmp"/>
    <property name="java.specification.vendor" value="Sun Microsystems Inc."/>
    <property name="user.language" value="en"/>
    <property name="java.vm.info" value="mixed mode"/>
    <property name="java.version" value="1.6.0_24"/>
    <property name="java.ext.dirs" value="/usr/lib/jvm/java-6-openjdk-amd64/jre/lib/ext:/usr/java/packages/lib/ext"/>
    <property name="sun.boot.class.path" value="/usr/lib/jvm/java-6-openjdk-amd64/jre/lib/resources.jar:/usr/lib/jvm/java-6-openjdk-amd64/jre/lib/rt.jar:/usr/lib/jvm/java-6-openjdk-amd64/jre/lib/sunrsasign.jar:/usr/lib/jvm/java-6-openjdk-amd64/jre/lib/jsse.jar:/usr/lib/jvm/java-6-openjdk-amd64/jre/lib/jce.jar:/usr/lib/jvm/java-6-openjdk-amd64/jre/lib/charsets.jar:/usr/lib/jvm/java-6-openjdk-amd64/jre/lib/netx.jar:/usr/lib/jvm/java-6-openjdk-amd64/jre/lib/plugin.jar:/usr/lib/jvm/java-6-openjdk-amd64/jre/lib/rhino.jar:/usr/lib/jvm/java-6-openjdk-amd64/jre/lib/modules/jdk.boot.jar:/usr/lib/jvm/java-6-openjdk-amd64/jre/classes"/>
    <property name="root.db" value="postgres"/>
    <property name="root.pass" value="postgres"/>
    <property name="java.vendor" value="Sun Microsystems Inc."/>
    <property name="localRepository" value="/usr/share/tomcat6/.m2/repository"/>
    <property name="file.separator" value="/"/>
    <property name="java.vendor.url.bug" value="http://java.sun.com/cgi-bin/bugreport.cgi"/>
    <property name="sun.cpu.endian" value="little"/>
    <property name="sun.io.unicode.encoding" value="UnicodeLittle"/>
    <property name="sun.cpu.isalist" value=""/>
  </properties>
  <testcase time="10.921" classname="com.runwaysdk.business.state.StateTest" name="testNameLimits"/>
  <testcase time="9.118" classname="com.runwaysdk.business.state.StateTest" name="testDelete"/>
  <testcase time="6.092" classname="com.runwaysdk.business.state.StateTest" name="testCreateMdState"/>
  <testcase time="9.782" classname="com.runwaysdk.business.state.StateTest" name="testAddState"/>
  <testcase time="6.042" classname="com.runwaysdk.business.state.StateTest" name="testDuplicateMdState"/>
  <testcase time="10.836" classname="com.runwaysdk.business.state.StateTest" name="testTransition"/>
  <testcase time="13.053" classname="com.runwaysdk.business.state.StateTest" name="testInvalidTransition"/>
  <testcase time="10.067" classname="com.runwaysdk.business.state.StateTest" name="testState"/>
  <testcase time="9.861" classname="com.runwaysdk.business.state.StateTest" name="testUnknownTransition"/>
  <testcase time="13.975" classname="com.runwaysdk.business.state.StateTest" name="testInvalidPromote"/>
  <testcase time="9.283" classname="com.runwaysdk.business.state.StateTest" name="testInitializeExisting"/>
  <testcase time="6.883" classname="com.runwaysdk.business.state.StateTest" name="testHasState"/>
  <testcase time="8.76" classname="com.runwaysdk.business.state.StateTest" name="testGetStates"/>
  <testcase time="7.867" classname="com.runwaysdk.business.state.StateTest" name="testReservedName"/>
  <testcase time="4.639" classname="com.runwaysdk.business.rbac.RBACTest" name="testRolePermissions"/>
  <testcase time="1.025" classname="com.runwaysdk.business.rbac.RBACTest" name="testMethodPermissions"/>
  <testcase time="1.889" classname="com.runwaysdk.business.rbac.RBACTest" name="testReadAndWriteAllPermissions"/>
  <testcase time="0.003" classname="com.runwaysdk.business.rbac.RBACTest" name="testLocalesOfDefaultUsers"/>
  <testcase time="0.885" classname="com.runwaysdk.business.rbac.RBACTest" name="testRoleCreate"/>
  <testcase time="0.899" classname="com.runwaysdk.business.rbac.RBACTest" name="testGetRole"/>
  <testcase time="0.925" classname="com.runwaysdk.business.rbac.RBACTest" name="testAssignUser"/>
  <testcase time="0.931" classname="com.runwaysdk.business.rbac.RBACTest" name="testAssignMethod"/>
  <testcase time="1.071" classname="com.runwaysdk.business.rbac.RBACTest" name="testClassPermission"/>
  <testcase time="0.966" classname="com.runwaysdk.business.rbac.RBACTest" name="testAttributePermission"/>
  <testcase time="1.833" classname="com.runwaysdk.business.rbac.RBACTest" name="testGetAssignedPermissions"/>
  <testcase time="0.985" classname="com.runwaysdk.business.rbac.RBACTest" name="testRelationshipPermission"/>
  <testcase time="1.003" classname="com.runwaysdk.business.rbac.RBACTest" name="testRevokePermissions"/>
  <testcase time="0.888" classname="com.runwaysdk.business.rbac.RBACTest" name="testAssignedUsers"/>
  <testcase time="0.939" classname="com.runwaysdk.business.rbac.RBACTest" name="testAssignedMethod"/>
  <testcase time="1.807" classname="com.runwaysdk.business.rbac.RBACTest" name="testAssignedRoles"/>
  <testcase time="1.382" classname="com.runwaysdk.business.rbac.RBACTest" name="testUserPermissions"/>
  <testcase time="1.031" classname="com.runwaysdk.business.rbac.RBACTest" name="testOperationOnObject"/>
  <testcase time="1.83" classname="com.runwaysdk.business.rbac.RBACTest" name="testAddInheritance"/>
  <testcase time="2.654" classname="com.runwaysdk.business.rbac.RBACTest" name="testAddAscendant"/>
  <testcase time="1.898" classname="com.runwaysdk.business.rbac.RBACTest" name="testHierarchyRolePermissions"/>
  <testcase time="2.09" classname="com.runwaysdk.business.rbac.RBACTest" name="testHierarchyUserPermissions"/>
  <testcase time="1.949" classname="com.runwaysdk.business.rbac.RBACTest" name="testHierarchyOperationOnObject"/>
  <testcase time="0.073" classname="com.runwaysdk.business.rbac.RBACTest" name="testCreateSSD"/>
  <testcase time="0.075" classname="com.runwaysdk.business.rbac.RBACTest" name="testFindSSDSet"/>
  <testcase time="0.002" classname="com.runwaysdk.business.rbac.RBACTest" name="testInvlaidFindSSDSet"/>
  <testcase time="3.031" classname="com.runwaysdk.business.rbac.RBACTest" name="testAddSSDRole"/>
  <testcase time="2.955" classname="com.runwaysdk.business.rbac.RBACTest" name="testSSDCardinality"/>
  <testcase time="7.566" classname="com.runwaysdk.business.rbac.RBACTest" name="testSSDAssignUser"/>
  <testcase time="2.897" classname="com.runwaysdk.business.rbac.RBACTest" name="testInvalidInheritance"/>
  <testcase time="0.925" classname="com.runwaysdk.business.rbac.RBACTest" name="testStatePermissions"/>
  <testcase time="0.965" classname="com.runwaysdk.business.rbac.RBACTest" name="testTypeTuple"/>
  <testcase time="0.001" classname="com.runwaysdk.business.rbac.RBACTest" name="testInvalidAttriubteOperation"/>
  <testcase time="0" classname="com.runwaysdk.business.rbac.RBACTest" name="testInvalidMdRelationshipOperation"/>
  <testcase time="0" classname="com.runwaysdk.business.rbac.RBACTest" name="testInvalidStateOperation"/>
  <testcase time="0.001" classname="com.runwaysdk.business.rbac.RBACTest" name="testInvalidMdBusinessOperation"/>
  <testcase time="0.01" classname="com.runwaysdk.business.rbac.RBACTest" name="testInvalidTypeTuple"/>
  <testcase time="0.049" classname="com.runwaysdk.business.rbac.RBACTest" name="testDomainTuple"/>
  <testcase time="0.033" classname="com.runwaysdk.business.rbac.RBACTest" name="testNonUniqueDomainTuple"/>
  <testcase time="0.001" classname="com.runwaysdk.business.rbac.RBACTest" name="testOperationManager"/>
  <testcase time="0.001" classname="com.runwaysdk.business.rbac.RBACTest" name="testInvalidOperation"/>
  <testcase time="3.37" classname="com.runwaysdk.business.rbac.RBACTest" name="testCreateUser"/>
  <testcase time="0.003" classname="com.runwaysdk.business.rbac.RBACTest" name="testFindUser"/>
  <testcase time="0.002" classname="com.runwaysdk.business.rbac.RBACTest" name="testInvalidFindUser"/>
  <testcase time="0.052" classname="com.runwaysdk.business.rbac.RBACTest" name="testTupleMdAttributeOperations"/>
  <testcase time="0.058" classname="com.runwaysdk.business.rbac.RBACTest" name="testTupleMdRelationshipOperations"/>
  <testcase time="1.041" classname="com.runwaysdk.business.rbac.RBACTest" name="testUtilClassPermission"/>
  <testcase time="0.998" classname="com.runwaysdk.business.rbac.RBACTest" name="testUtilAttributePermission"/>
  <testcase time="0.973" classname="com.runwaysdk.business.rbac.RBACTest" name="testUtilRevokePermissions"/>
  <testcase time="0.957" classname="com.runwaysdk.business.rbac.RBACTest" name="testUtilRolePermissions"/>
  <testcase time="0.999" classname="com.runwaysdk.business.rbac.RBACTest" name="testUtilUserPermissions"/>
  <testcase time="0.991" classname="com.runwaysdk.business.rbac.RBACTest" name="testUtilMethodPermissions"/>
  <testcase time="1.024" classname="com.runwaysdk.business.rbac.RBACTest" name="testUtilOperationOnObject"/>
  <testcase time="1.855" classname="com.runwaysdk.business.rbac.RBACTest" name="testUtilHierarchyRolePermissions"/>
  <testcase time="1.926" classname="com.runwaysdk.business.rbac.RBACTest" name="testUtilHierarchyUserPermissions"/>
  <testcase time="2.078" classname="com.runwaysdk.business.rbac.RBACTest" name="testUtilHierarchyOperationOnObject"/>
  <testcase time="1.022" classname="com.runwaysdk.business.rbac.RBACTest" name="testViewClassPermission"/>
  <testcase time="0.972" classname="com.runwaysdk.business.rbac.RBACTest" name="testSessionAttributePermission"/>
  <testcase time="1.007" classname="com.runwaysdk.business.rbac.RBACTest" name="testSessionRevokePermissions"/>
  <testcase time="0.932" classname="com.runwaysdk.business.rbac.RBACTest" name="testSessionRolePermissions"/>
  <testcase time="1.033" classname="com.runwaysdk.business.rbac.RBACTest" name="testSessionUserPermissions"/>
  <testcase time="1.272" classname="com.runwaysdk.business.rbac.RBACTest" name="testSessionMethodPermissions"/>
  <testcase time="1.041" classname="com.runwaysdk.business.rbac.RBACTest" name="testSessionOperationOnObject"/>
  <testcase time="1.832" classname="com.runwaysdk.business.rbac.RBACTest" name="testSessionHierarchyRolePermissions"/>
  <testcase time="1.871" classname="com.runwaysdk.business.rbac.RBACTest" name="testSessionHierarchyUserPermissions"/>
  <testcase time="1.898" classname="com.runwaysdk.business.rbac.RBACTest" name="testSessionHierarchyOperationOnObject"/>
  <testcase time="1.856" classname="com.runwaysdk.business.rbac.RBACTest" name="testMdAttributeDimension"/>
  <testcase time="1.894" classname="com.runwaysdk.business.rbac.RBACTest" name="testMdClassDimension"/>
  <testcase time="0.994" classname="com.runwaysdk.business.rbac.RBACTest" name="testDenyPermissions"/>
  <testcase time="2.198" classname="com.runwaysdk.business.rbac.RBACTest" name="testOverwritePermissions"/>
  <testcase time="0.884" classname="com.runwaysdk.business.rbac.RBACTest" name="testNegatingWritePermissions"/>
  <testcase time="0.92" classname="com.runwaysdk.business.rbac.RBACTest" name="testReverseNegatingWritePermissions"/>
  <testcase time="0.934" classname="com.runwaysdk.business.rbac.RBACTest" name="testNegatingReadPermissions"/>
  <testcase time="0.925" classname="com.runwaysdk.business.rbac.RBACTest" name="testReverseNegatingReadPermissions"/>
  <testcase time="0.914" classname="com.runwaysdk.business.rbac.RBACTest" name="testNegatingDeletePermissions"/>
  <testcase time="0.948" classname="com.runwaysdk.business.rbac.RBACTest" name="testReverseNegatingDeletePermissions"/>
  <testcase time="0.899" classname="com.runwaysdk.business.rbac.RBACTest" name="testNegatingCreatePermissions"/>
  <testcase time="0.949" classname="com.runwaysdk.business.rbac.RBACTest" name="testReverseNegatingCreatePermissions"/>
  <testcase time="11.121" classname="com.runwaysdk.business.EntityGenTest" name="testDelete"/>
  <testcase time="0.156" classname="com.runwaysdk.business.EntityGenTest" name="testTransition"/>
  <testcase time="0.061" classname="com.runwaysdk.business.EntityGenTest" name="testInstance"/>
  <testcase time="0.033" classname="com.runwaysdk.business.EntityGenTest" name="testNewStructWithClassType"/>
  <testcase time="0.03" classname="com.runwaysdk.business.EntityGenTest" name="testNewElementWithStructType"/>
  <testcase time="1.812" classname="com.runwaysdk.business.EntityGenTest" name="testLoad"/>
  <testcase time="0.458" classname="com.runwaysdk.business.EntityGenTest" name="testReLoad"/>
  <testcase time="0.449" classname="com.runwaysdk.business.EntityGenTest" name="testReLoadBlob"/>
  <testcase time="0.129" classname="com.runwaysdk.business.EntityGenTest" name="testSetBlob"/>
  <testcase time="0.059" classname="com.runwaysdk.business.EntityGenTest" name="testGetBlob"/>
  <testcase time="0.055" classname="com.runwaysdk.business.EntityGenTest" name="testSetBoolean"/>
  <testcase time="0.054" classname="com.runwaysdk.business.EntityGenTest" name="testGetBoolean"/>
  <testcase time="0.107" classname="com.runwaysdk.business.EntityGenTest" name="testGetBooleanNull"/>
  <testcase time="0.054" classname="com.runwaysdk.business.EntityGenTest" name="testSetCharacter"/>
  <testcase time="0.051" classname="com.runwaysdk.business.EntityGenTest" name="testGetCharacter"/>
  <testcase time="0.057" classname="com.runwaysdk.business.EntityGenTest" name="testSetDecimal"/>
  <testcase time="0.072" classname="com.runwaysdk.business.EntityGenTest" name="testGetDecimal"/>
  <testcase time="0.113" classname="com.runwaysdk.business.EntityGenTest" name="testGetDecimalNull"/>
  <testcase time="0.046" classname="com.runwaysdk.business.EntityGenTest" name="testSetDouble"/>
  <testcase time="0.051" classname="com.runwaysdk.business.EntityGenTest" name="testGetDouble"/>
  <testcase time="0.18" classname="com.runwaysdk.business.EntityGenTest" name="testGetDoubleNull"/>
  <testcase time="0.057" classname="com.runwaysdk.business.EntityGenTest" name="testSetFloat"/>
  <testcase time="0.052" classname="com.runwaysdk.business.EntityGenTest" name="testGetFloat"/>
  <testcase time="0.118" classname="com.runwaysdk.business.EntityGenTest" name="testGetFloatNull"/>
  <testcase time="0.055" classname="com.runwaysdk.business.EntityGenTest" name="testSetHash"/>
  <testcase time="0.059" classname="com.runwaysdk.business.EntityGenTest" name="testHashEquals"/>
  <testcase time="0.078" classname="com.runwaysdk.business.EntityGenTest" name="testSetSymmetric"/>
  <testcase time="0.074" classname="com.runwaysdk.business.EntityGenTest" name="testGetSymmetric"/>
  <testcase time="0.054" classname="com.runwaysdk.business.EntityGenTest" name="testSetInteger"/>
  <testcase time="0.059" classname="com.runwaysdk.business.EntityGenTest" name="testGetInteger"/>
  <testcase time="0.351" classname="com.runwaysdk.business.EntityGenTest" name="testGetIntegerNull"/>
  <testcase time="0.054" classname="com.runwaysdk.business.EntityGenTest" name="testSetLong"/>
  <testcase time="0.059" classname="com.runwaysdk.business.EntityGenTest" name="testGetLong"/>
  <testcase time="0.056" classname="com.runwaysdk.business.EntityGenTest" name="testSetLocalCharacter"/>
  <testcase time="0.059" classname="com.runwaysdk.business.EntityGenTest" name="testGetLocalCharacter"/>
  <testcase time="0.057" classname="com.runwaysdk.business.EntityGenTest" name="testSetLocalText"/>
  <testcase time="0.068" classname="com.runwaysdk.business.EntityGenTest" name="testGetLocalText"/>
  <testcase time="0.109" classname="com.runwaysdk.business.EntityGenTest" name="testGetLongNull"/>
  <testcase time="0.053" classname="com.runwaysdk.business.EntityGenTest" name="testSetDate"/>
  <testcase time="0.061" classname="com.runwaysdk.business.EntityGenTest" name="testGetDate"/>
  <testcase time="0.117" classname="com.runwaysdk.business.EntityGenTest" name="testGetDateNull"/>
  <testcase time="0.061" classname="com.runwaysdk.business.EntityGenTest" name="testSetDateTime"/>
  <testcase time="0.053" classname="com.runwaysdk.business.EntityGenTest" name="testGetDateTime"/>
  <testcase time="0.108" classname="com.runwaysdk.business.EntityGenTest" name="testGetDateTimeNull"/>
  <testcase time="0.062" classname="com.runwaysdk.business.EntityGenTest" name="testSetTime"/>
  <testcase time="0.051" classname="com.runwaysdk.business.EntityGenTest" name="testGetTime"/>
  <testcase time="0.109" classname="com.runwaysdk.business.EntityGenTest" name="testGetTimeNull"/>
  <testcase time="0.064" classname="com.runwaysdk.business.EntityGenTest" name="testSetText"/>
  <testcase time="0.057" classname="com.runwaysdk.business.EntityGenTest" name="testSetClob"/>
  <testcase time="0.059" classname="com.runwaysdk.business.EntityGenTest" name="testGetText"/>
  <testcase time="0.068" classname="com.runwaysdk.business.EntityGenTest" name="testGetClob"/>
  <testcase time="0.055" classname="com.runwaysdk.business.EntityGenTest" name="testSetStructCharacter"/>
  <testcase time="0.058" classname="com.runwaysdk.business.EntityGenTest" name="testGetStructCharacter"/>
  <testcase time="0.074" classname="com.runwaysdk.business.EntityGenTest" name="testSetStructEnumeration"/>
  <testcase time="0.073" classname="com.runwaysdk.business.EntityGenTest" name="testGetStructEnumeration"/>
  <testcase time="0.051" classname="com.runwaysdk.business.EntityGenTest" name="testSetStructBoolean"/>
  <testcase time="0.057" classname="com.runwaysdk.business.EntityGenTest" name="testGetStructBoolean"/>
  <testcase time="0.075" classname="com.runwaysdk.business.EntityGenTest" name="testSetReference"/>
  <testcase time="0.067" classname="com.runwaysdk.business.EntityGenTest" name="testGetReference"/>
  <testcase time="0.13" classname="com.runwaysdk.business.EntityGenTest" name="testEnumDTO_getEnumNames"/>
  <testcase time="0.027" classname="com.runwaysdk.business.EntityGenTest" name="testEnumDTO_getName"/>
  <testcase time="0.041" classname="com.runwaysdk.business.EntityGenTest" name="testEnumDTO_item"/>
  <testcase time="0.03" classname="com.runwaysdk.business.EntityGenTest" name="testEnumDTO_items"/>
  <testcase time="0.046" classname="com.runwaysdk.business.EntityGenTest" name="testEnumDTO_allItems"/>
  <testcase time="0.054" classname="com.runwaysdk.business.EntityGenTest" name="testAddEnum"/>
  <testcase time="0.063" classname="com.runwaysdk.business.EntityGenTest" name="testGetEnum"/>
  <testcase time="0.077" classname="com.runwaysdk.business.EntityGenTest" name="testRemoveEnum"/>
  <testcase time="0.075" classname="com.runwaysdk.business.EntityGenTest" name="testClearEnum"/>
  <testcase time="0.097" classname="com.runwaysdk.business.EntityGenTest" name="testAddChild"/>
  <testcase time="0.209" classname="com.runwaysdk.business.EntityGenTest" name="testAddChildDTO"/>
  <testcase time="0.096" classname="com.runwaysdk.business.EntityGenTest" name="testAddParent"/>
  <testcase time="0.099" classname="com.runwaysdk.business.EntityGenTest" name="testGetChildren"/>
  <testcase time="0.11" classname="com.runwaysdk.business.EntityGenTest" name="testGetParents"/>
  <testcase time="0.148" classname="com.runwaysdk.business.EntityGenTest" name="testRemoveAllChildren"/>
  <testcase time="0.158" classname="com.runwaysdk.business.EntityGenTest" name="testRemoveAllParents"/>
  <testcase time="0.04" classname="com.runwaysdk.business.EntityGenTest" name="testApplyStruct"/>
  <testcase time="0.057" classname="com.runwaysdk.business.EntityGenTest" name="testNoApplyStruct"/>
  <testcase time="0.151" classname="com.runwaysdk.business.EntityGenTest" name="testAddParentDTO"/>
  <testcase time="0.19" classname="com.runwaysdk.business.EntityGenTest" name="testDeleteDTO"/>
  <testcase time="0.065" classname="com.runwaysdk.business.EntityGenTest" name="testGetBlobDTO"/>
  <testcase time="0.074" classname="com.runwaysdk.business.EntityGenTest" name="testGetBooleanDTO"/>
  <testcase time="0.09" classname="com.runwaysdk.business.EntityGenTest" name="testGetBooleanNullDTO"/>
  <testcase time="0.073" classname="com.runwaysdk.business.EntityGenTest" name="testGetCharacterDTO"/>
  <testcase time="0.098" classname="com.runwaysdk.business.EntityGenTest" name="testGetChildDTO"/>
  <testcase time="0.871" classname="com.runwaysdk.business.EntityGenTest" name="testGetChildrenDTOCached"/>
  <testcase time="0.684" classname="com.runwaysdk.business.EntityGenTest" name="testGetChildrenDTONotCached"/>
  <testcase time="0.185" classname="com.runwaysdk.business.EntityGenTest" name="testGetChildRelationshipsDTO"/>
  <testcase time="2.885" classname="com.runwaysdk.business.EntityGenTest" name="testPublish"/>
  <testcase time="2.989" classname="com.runwaysdk.business.EntityGenTest" name="testPublishReference"/>
  <testcase time="2.661" classname="com.runwaysdk.business.EntityGenTest" name="testPublishRelationship"/>
  <testcase time="4.756" classname="com.runwaysdk.business.EntityGenTest" name="testChangeAttributeName"/>
  <testcase time="8.236" classname="com.runwaysdk.business.EntityGenTest" name="testAttributeGetterVisibility"/>
  <testcase time="8.411" classname="com.runwaysdk.business.EntityGenTest" name="testAttributeSetterVisibility"/>
  <testcase time="3.241" classname="com.runwaysdk.business.EntityGenTest" name="testParentMethodVisibility"/>
  <testcase time="3.407" classname="com.runwaysdk.business.EntityGenTest" name="testChildMethodVisibility"/>
  <testcase time="0.131" classname="com.runwaysdk.business.EntityGenTest" name="testGetDateDTO"/>
  <testcase time="0.08" classname="com.runwaysdk.business.EntityGenTest" name="testGetDateNullDTO"/>
  <testcase time="0.091" classname="com.runwaysdk.business.EntityGenTest" name="testGetDateTimeDTO"/>
  <testcase time="0.068" classname="com.runwaysdk.business.EntityGenTest" name="testGetDateTimeNullDTO"/>
  <testcase time="0.074" classname="com.runwaysdk.business.EntityGenTest" name="testGetDecimalDTO"/>
  <testcase time="0.075" classname="com.runwaysdk.business.EntityGenTest" name="testGetDecimalNullDTO"/>
  <testcase time="0.072" classname="com.runwaysdk.business.EntityGenTest" name="testGetDoubleDTO"/>
  <testcase time="0.084" classname="com.runwaysdk.business.EntityGenTest" name="testGetDoubleNullDTO"/>
  <testcase time="0.082" classname="com.runwaysdk.business.EntityGenTest" name="testGetEnumDTO"/>
  <testcase time="0.076" classname="com.runwaysdk.business.EntityGenTest" name="testGetFloatDTO"/>
  <testcase time="0.121" classname="com.runwaysdk.business.EntityGenTest" name="testGetFloatNullDTO"/>
  <testcase time="0.068" classname="com.runwaysdk.business.EntityGenTest" name="testGetIntegerDTO"/>
  <testcase time="0.069" classname="com.runwaysdk.business.EntityGenTest" name="testGetIntegerNullDTO"/>
  <testcase time="0.082" classname="com.runwaysdk.business.EntityGenTest" name="testGetLongDTO"/>
  <testcase time="0.072" classname="com.runwaysdk.business.EntityGenTest" name="testGetLongNullDTO"/>
  <testcase time="0.121" classname="com.runwaysdk.business.EntityGenTest" name="testGetParentDTO"/>
  <testcase time="1.59" classname="com.runwaysdk.business.EntityGenTest" name="testGetParentsDTONotCached"/>
  <testcase time="0.999" classname="com.runwaysdk.business.EntityGenTest" name="testGetParentsDTOCached"/>
  <testcase time="0.183" classname="com.runwaysdk.business.EntityGenTest" name="testGetParentRelationshipsDTO"/>
  <testcase time="0.097" classname="com.runwaysdk.business.EntityGenTest" name="testGetReferenceDTO"/>
  <testcase time="0.076" classname="com.runwaysdk.business.EntityGenTest" name="testGetStructBooleanDTO"/>
  <testcase time="0.176" classname="com.runwaysdk.business.EntityGenTest" name="testGetStructCharacterDTO"/>
  <testcase time="0.1" classname="com.runwaysdk.business.EntityGenTest" name="testGetStructEnumerationDTO"/>
  <testcase time="0.142" classname="com.runwaysdk.business.EntityGenTest" name="testGetSymmetricDTO"/>
  <testcase time="0.085" classname="com.runwaysdk.business.EntityGenTest" name="testGetTextDTO"/>
  <testcase time="0.067" classname="com.runwaysdk.business.EntityGenTest" name="testGetClobDTO"/>
  <testcase time="0.074" classname="com.runwaysdk.business.EntityGenTest" name="testGetTimeDTO"/>
  <testcase time="0.073" classname="com.runwaysdk.business.EntityGenTest" name="testGetTimeNullDTO"/>
  <testcase time="0.076" classname="com.runwaysdk.business.EntityGenTest" name="testIsReadableDTO"/>
  <testcase time="0.072" classname="com.runwaysdk.business.EntityGenTest" name="testIsWritableDTO"/>
  <testcase time="0.19" classname="com.runwaysdk.business.EntityGenTest" name="testRemoveEnumDTO"/>
  <testcase time="0.19" classname="com.runwaysdk.business.EntityGenTest" name="testRemoveAllChildrenDTO"/>
  <testcase time="0.179" classname="com.runwaysdk.business.EntityGenTest" name="testRemoveAllParentsDTO"/>
  <testcase time="0.09" classname="com.runwaysdk.business.EntityGenTest" name="testSetBlobDTO"/>
  <testcase time="0.088" classname="com.runwaysdk.business.EntityGenTest" name="testSetBooleanDTO"/>
  <testcase time="0.082" classname="com.runwaysdk.business.EntityGenTest" name="testSetCharacterDTO"/>
  <testcase time="0.083" classname="com.runwaysdk.business.EntityGenTest" name="testSetDateDTO"/>
  <testcase time="0.074" classname="com.runwaysdk.business.EntityGenTest" name="testSetDateTimeDTO"/>
  <testcase time="0.082" classname="com.runwaysdk.business.EntityGenTest" name="testSetDecimalDTO"/>
  <testcase time="0.083" classname="com.runwaysdk.business.EntityGenTest" name="testSetDoubleDTO"/>
  <testcase time="0.082" classname="com.runwaysdk.business.EntityGenTest" name="testSetFloatDTO"/>
  <testcase time="0.063" classname="com.runwaysdk.business.EntityGenTest" name="testSetHashDTO"/>
  <testcase time="0.086" classname="com.runwaysdk.business.EntityGenTest" name="testSetIntegerDTO"/>
  <testcase time="0.081" classname="com.runwaysdk.business.EntityGenTest" name="testSetLongDTO"/>
  <testcase time="0.083" classname="com.runwaysdk.business.EntityGenTest" name="testSetLocalCharacterDTO"/>
  <testcase time="0.07" classname="com.runwaysdk.business.EntityGenTest" name="testSetDefaultLocalCharacterDTO"/>
  <testcase time="0.062" classname="com.runwaysdk.business.EntityGenTest" name="testGetDefaultLocalCharacterDTO"/>
  <testcase time="0.067" classname="com.runwaysdk.business.EntityGenTest" name="testGetLocalCharacterDTO"/>
  <testcase time="0.082" classname="com.runwaysdk.business.EntityGenTest" name="testSetDefaultLocalTextDTO"/>
  <testcase time="0.084" classname="com.runwaysdk.business.EntityGenTest" name="testSetLocalTextDTO"/>
  <testcase time="0.065" classname="com.runwaysdk.business.EntityGenTest" name="testGetLocalTextDTO"/>
  <testcase time="0.074" classname="com.runwaysdk.business.EntityGenTest" name="testGetDefaultLocalTextDTO"/>
  <testcase time="0.111" classname="com.runwaysdk.business.EntityGenTest" name="testSetReferenceDTO"/>
  <testcase time="0.052" classname="com.runwaysdk.business.EntityGenTest" name="testSetStructBusiness"/>
  <testcase time="0.082" classname="com.runwaysdk.business.EntityGenTest" name="testSetStructDTO"/>
  <testcase time="0.057" classname="com.runwaysdk.business.EntityGenTest" name="testSetStandaloneDTO"/>
  <testcase time="0.041" classname="com.runwaysdk.business.EntityGenTest" name="testGenericSetStandaloneDTO"/>
  <testcase time="0.117" classname="com.runwaysdk.business.EntityGenTest" name="testSetStructBooleanDTO"/>
  <testcase time="0.063" classname="com.runwaysdk.business.EntityGenTest" name="testSetStructCharacterDTO"/>
  <testcase time="0.086" classname="com.runwaysdk.business.EntityGenTest" name="testSetStructEnumerationDTO"/>
  <testcase time="0.086" classname="com.runwaysdk.business.EntityGenTest" name="testSetSymmetricDTO"/>
  <testcase time="0.337" classname="com.runwaysdk.business.EntityGenTest" name="testSetTextDTO"/>
  <testcase time="0.103" classname="com.runwaysdk.business.EntityGenTest" name="testSetClobDTO"/>
  <testcase time="0.065" classname="com.runwaysdk.business.EntityGenTest" name="testSetTimeDTO"/>
  <testcase time="0.047" classname="com.runwaysdk.business.EntityGenTest" name="testGetState"/>
  <testcase time="0.08" classname="com.runwaysdk.business.EntityGenTest" name="testGetStateDTO"/>
  <testcase time="1.254" classname="com.runwaysdk.business.EntityGenTest" name="testNewTransition"/>
  <testcase time="0.245" classname="com.runwaysdk.business.EntityGenTest" name="testTransitionDTO"/>
  <testcase time="0.216" classname="com.runwaysdk.business.EntityGenTest" name="testStaticTransitionDTO"/>
  <testcase time="0.166" classname="com.runwaysdk.business.EntityGenTest" name="testAddRemoveEnumerationDTO"/>
  <testcase time="0.176" classname="com.runwaysdk.business.EntityGenTest" name="testUpdateDTO"/>
  <testcase time="0.181" classname="com.runwaysdk.business.EntityGenTest" name="testGenericUpdateDTO"/>
  <testcase time="10.986" classname="com.runwaysdk.business.EntityGenTest" name="testDeletedClassStillReferenced"/>
  <testcase time="4.065" classname="com.runwaysdk.business.EntityGenTest" name="testDeletedAttributeStillReferenced"/>
  <testcase time="0.138" classname="com.runwaysdk.business.EntityGenTest" name="testTypeMetadata"/>
  <testcase time="0.035" classname="com.runwaysdk.business.EntityGenTest" name="testBlobMetadata"/>
  <testcase time="0.035" classname="com.runwaysdk.business.EntityGenTest" name="testDateTimeMetadata"/>
  <testcase time="0.033" classname="com.runwaysdk.business.EntityGenTest" name="testDateMetadata"/>
  <testcase time="0.025" classname="com.runwaysdk.business.EntityGenTest" name="testTimeMetadata"/>
  <testcase time="0.033" classname="com.runwaysdk.business.EntityGenTest" name="testBooleanMetadata"/>
  <testcase time="0.036" classname="com.runwaysdk.business.EntityGenTest" name="testReferenceMetadata"/>
  <testcase time="0.035" classname="com.runwaysdk.business.EntityGenTest" name="testIntegerMetadata"/>
  <testcase time="0.035" classname="com.runwaysdk.business.EntityGenTest" name="testLongMetadata"/>
  <testcase time="0.036" classname="com.runwaysdk.business.EntityGenTest" name="testCharacterMetadata"/>
  <testcase time="0.036" classname="com.runwaysdk.business.EntityGenTest" name="testStructMetadata"/>
  <testcase time="0.036" classname="com.runwaysdk.business.EntityGenTest" name="testDecimalMetadata"/>
  <testcase time="0.035" classname="com.runwaysdk.business.EntityGenTest" name="testDoubleMetadata"/>
  <testcase time="0.036" classname="com.runwaysdk.business.EntityGenTest" name="testFloatMetadata"/>
  <testcase time="0.04" classname="com.runwaysdk.business.EntityGenTest" name="testEnumerationMetadata"/>
  <testcase time="0.023" classname="com.runwaysdk.business.EntityGenTest" name="testTextMetadata"/>
  <testcase time="0.023" classname="com.runwaysdk.business.EntityGenTest" name="testClobMetadata"/>
  <testcase time="0.026" classname="com.runwaysdk.business.EntityGenTest" name="testHashMetadata"/>
  <testcase time="0.035" classname="com.runwaysdk.business.EntityGenTest" name="testSymmetricMetadata"/>
  <testcase time="0.036" classname="com.runwaysdk.business.EntityGenTest" name="testStructCharacterMetadata"/>
  <testcase time="0.036" classname="com.runwaysdk.business.EntityGenTest" name="testFileMetadata"/>
  <testcase time="5.116" classname="com.runwaysdk.business.UtilGenTest" name="testDeletedAttributeStillReferenced"/>
  <testcase time="5.254" classname="com.runwaysdk.business.ViewGenTest" name="testDeletedAttributeStillReferenced"/>
  <testcase time="0.089" classname="com.runwaysdk.business.RelationshipGenTest" name="testAddDuplicateRelationship"/>
  <testcase time="0.07" classname="com.runwaysdk.business.RelationshipGenTest" name="testInvalidDuplicateRelationship"/>
  <testcase time="0.054" classname="com.runwaysdk.business.RelationshipGenTest" name="testAddParentRelationship"/>
  <testcase time="0.058" classname="com.runwaysdk.business.RelationshipGenTest" name="testAddParentGraph"/>
  <testcase time="0.056" classname="com.runwaysdk.business.RelationshipGenTest" name="testAddParentTree"/>
  <testcase time="0.057" classname="com.runwaysdk.business.RelationshipGenTest" name="testAddChildRelationship"/>
  <testcase time="0.059" classname="com.runwaysdk.business.RelationshipGenTest" name="testAddChildGraph"/>
  <testcase time="0.049" classname="com.runwaysdk.business.RelationshipGenTest" name="testAddChildTree"/>
  <testcase time="0.149" classname="com.runwaysdk.business.RelationshipGenTest" name="testRemoveChildRelationship"/>
  <testcase time="0.073" classname="com.runwaysdk.business.RelationshipGenTest" name="testRemoveChildGraph"/>
  <testcase time="0.075" classname="com.runwaysdk.business.RelationshipGenTest" name="testRemoveChildTree"/>
  <testcase time="0.142" classname="com.runwaysdk.business.RelationshipGenTest" name="testRemoveParentRelationship"/>
  <testcase time="0.073" classname="com.runwaysdk.business.RelationshipGenTest" name="testRemoveParentGraph"/>
  <testcase time="0.075" classname="com.runwaysdk.business.RelationshipGenTest" name="testRemoveParentTree"/>
  <testcase time="0.104" classname="com.runwaysdk.business.RelationshipGenTest" name="testParentGetRelationships"/>
  <testcase time="0.04" classname="com.runwaysdk.business.RelationshipGenTest" name="testParentGetRelationshipsEmpty"/>
  <testcase time="0.309" classname="com.runwaysdk.business.RelationshipGenTest" name="testChildGetRelationships"/>
  <testcase time="0.039" classname="com.runwaysdk.business.RelationshipGenTest" name="testChildGetRelationshipsEmpty"/>
  <testcase time="0.066" classname="com.runwaysdk.business.RelationshipGenTest" name="testParentGetGraph"/>
  <testcase time="0.033" classname="com.runwaysdk.business.RelationshipGenTest" name="testParentGetGraphNull"/>
  <testcase time="0.052" classname="com.runwaysdk.business.RelationshipGenTest" name="testChildGetGraph"/>
  <testcase time="0.039" classname="com.runwaysdk.business.RelationshipGenTest" name="testChildGetGraphNull"/>
  <testcase time="0.049" classname="com.runwaysdk.business.RelationshipGenTest" name="testParentGetTree"/>
  <testcase time="0.039" classname="com.runwaysdk.business.RelationshipGenTest" name="testParentGetTreeNull"/>
  <testcase time="0.059" classname="com.runwaysdk.business.RelationshipGenTest" name="testChildGetTree"/>
  <testcase time="0.041" classname="com.runwaysdk.business.RelationshipGenTest" name="testChildGetTreeNull"/>
  <testcase time="0.257" classname="com.runwaysdk.business.RelationshipGenTest" name="testParentGetAllRelationships"/>
  <testcase time="0.022" classname="com.runwaysdk.business.RelationshipGenTest" name="testParentGetAllRelationshipsEmpty"/>
  <testcase time="0.126" classname="com.runwaysdk.business.RelationshipGenTest" name="testChildGetAllRelationships"/>
  <testcase time="0.016" classname="com.runwaysdk.business.RelationshipGenTest" name="testChildGetAllRelationshipsEmpty"/>
  <testcase time="0.225" classname="com.runwaysdk.business.RelationshipGenTest" name="testParentGetAllGraphs"/>
  <testcase time="0.022" classname="com.runwaysdk.business.RelationshipGenTest" name="testParentGetAllGraphsEmpty"/>
  <testcase time="0.057" classname="com.runwaysdk.business.RelationshipGenTest" name="testChildGetAllGraphs"/>
  <testcase time="0.016" classname="com.runwaysdk.business.RelationshipGenTest" name="testChildGetAllGraphsNull"/>
  <testcase time="0.175" classname="com.runwaysdk.business.RelationshipGenTest" name="testParentGetAllTrees"/>
  <testcase time="0.017" classname="com.runwaysdk.business.RelationshipGenTest" name="testParentGetAllTreesNull"/>
  <testcase time="0.099" classname="com.runwaysdk.business.RelationshipGenTest" name="testChildGetAllTrees"/>
  <testcase time="0.019" classname="com.runwaysdk.business.RelationshipGenTest" name="testChildGetAllTreesNull"/>
  <testcase time="0.171" classname="com.runwaysdk.business.RelationshipGenTest" name="testGetAllChildren"/>
  <testcase time="0.021" classname="com.runwaysdk.business.RelationshipGenTest" name="testGetAllChildrenEmpty"/>
  <testcase time="0.1" classname="com.runwaysdk.business.RelationshipGenTest" name="testGetAllGraphChildren"/>
  <testcase time="0.02" classname="com.runwaysdk.business.RelationshipGenTest" name="testGetAllGraphChildrenEmpty"/>
  <testcase time="0.186" classname="com.runwaysdk.business.RelationshipGenTest" name="testGetAllTreeChildren"/>
  <testcase time="0.02" classname="com.runwaysdk.business.RelationshipGenTest" name="testGetAllTreeChildrenEmpty"/>
  <testcase time="0.143" classname="com.runwaysdk.business.RelationshipGenTest" name="testGetAllParents"/>
  <testcase time="0.025" classname="com.runwaysdk.business.RelationshipGenTest" name="testGetAllParentsEmpty"/>
  <testcase time="0.064" classname="com.runwaysdk.business.RelationshipGenTest" name="testGetAllGraphParents"/>
  <testcase time="0.017" classname="com.runwaysdk.business.RelationshipGenTest" name="testGetAllGraphParentsEmpty"/>
  <testcase time="0.141" classname="com.runwaysdk.business.RelationshipGenTest" name="testGetAllTreeParents"/>
  <testcase time="0.016" classname="com.runwaysdk.business.RelationshipGenTest" name="testGetAllTreeParentsEmpty"/>
  <testcase time="0.113" classname="com.runwaysdk.business.BusinessLocking" name="testDeleteWithUserLock"/>
  <testcase time="0.091" classname="com.runwaysdk.business.BusinessLocking" name="testDeleteWithAppLock"/>
  <testcase time="0.133" classname="com.runwaysdk.business.BusinessLocking" name="testCorrectLocking"/>
  <testcase time="0.117" classname="com.runwaysdk.business.BusinessLocking" name="testApplyNoUserLock"/>
  <testcase time="0.091" classname="com.runwaysdk.business.BusinessLocking" name="testSetValueNoUserLock"/>
  <testcase time="0.143" classname="com.runwaysdk.business.BusinessLocking" name="testUserAppLockInterferrence"/>
  <testcase time="4.154" classname="com.runwaysdk.business.BusinessLocking" name="testSetValueExistingOtherAppLock"/>
  <testcase time="0.084" classname="com.runwaysdk.business.ControllerGenTest" name="testDTOArray"/>
  <testcase time="0" classname="com.runwaysdk.business.ControllerGenTest" name="testSetRequestParameter"/>
  <testcase time="0.001" classname="com.runwaysdk.business.ControllerGenTest" name="testActionParameter"/>
  <testcase time="0.001" classname="com.runwaysdk.business.ControllerGenTest" name="testDispatcherNoParameter"/>
  <testcase time="0.002" classname="com.runwaysdk.business.ControllerGenTest" name="testDispatcherPrimitiveParameters"/>
  <testcase time="0.003" classname="com.runwaysdk.business.ControllerGenTest" name="testDispatcherAllPrimitiveParameters"/>
  <testcase time="0.019" classname="com.runwaysdk.business.ControllerGenTest" name="testDispatcherBusinessParameters"/>
  <testcase time="0.051" classname="com.runwaysdk.business.ControllerGenTest" name="testDispatcherRelationshipParameters"/>
  <testcase time="0.025" classname="com.runwaysdk.business.ControllerGenTest" name="testDispatcherPrimitiveArrayParameters"/>
  <testcase time="0.031" classname="com.runwaysdk.business.ControllerGenTest" name="testDispatcherPrimitiveFailure"/>
  <testcase time="0.029" classname="com.runwaysdk.business.ControllerGenTest" name="testDispatcherDTOFailure"/>
  <testcase time="0.027" classname="com.runwaysdk.business.ControllerGenTest" name="testDispatcherUnknownAction"/>
  <testcase time="0.021" classname="com.runwaysdk.business.ControllerGenTest" name="testGetMethodOnPost"/>
  <testcase time="0.024" classname="com.runwaysdk.business.ControllerGenTest" name="testDispatcherUnknownServlet"/>
  <testcase time="0.025" classname="com.runwaysdk.business.ControllerGenTest" name="testPropigateException"/>
  <testcase time="4.156" classname="com.runwaysdk.business.JSPRollbackTest" name="testJSPRoleback"/>
  <testcase time="0" classname="com.runwaysdk.business.VirtualAttributeGenTest" name="testDefaultVirtualMetaData"/>
  <testcase time="0" classname="com.runwaysdk.business.VirtualAttributeGenTest" name="testOverriddenVirtualMetaData"/>
  <testcase time="0.003" classname="com.runwaysdk.business.VirtualAttributeGenTest" name="testDefaultAttributes"/>
  <testcase time="0.002" classname="com.runwaysdk.business.VirtualAttributeGenTest" name="testOverridenAttributes"/>
  <testcase time="0.001" classname="com.runwaysdk.RunwayVersionTest" name="testGetCurrentVersion"/>
  <testcase time="0" classname="com.runwaysdk.RunwayVersionTest" name="testToString"/>
  <testcase time="0" classname="com.runwaysdk.RunwayVersionTest" name="testStringConstructor"/>
  <testcase time="0" classname="com.runwaysdk.RunwayVersionTest" name="testMajorMinorStringConstructor"/>
  <testcase time="0" classname="com.runwaysdk.RunwayVersionTest" name="testMajorStringConstructor"/>
  <testcase time="0" classname="com.runwaysdk.RunwayVersionTest" name="testIsGreaterPositive"/>
  <testcase time="0" classname="com.runwaysdk.RunwayVersionTest" name="testIsGreaterNegative"/>
  <testcase time="0" classname="com.runwaysdk.RunwayVersionTest" name="testIsGreaterEqual"/>
  <testcase time="0" classname="com.runwaysdk.RunwayVersionTest" name="testEquals"/>
</testsuite>
