<?xml version="1.0" encoding="UTF-8" ?>
<<<<<<< HEAD
=======
<!--
  Copyright (c) 2013 TerraFrame, Inc. All rights reserved. 
  
  This file is part of Runway SDK(tm).
  
  Runway SDK(tm) is free software: you can redistribute it and/or modify
  it under the terms of the GNU Lesser General Public License as
  published by the Free Software Foundation, either version 3 of the
  License, or (at your option) any later version.
  
  Runway SDK(tm) is distributed in the hope that it will be useful, but
  WITHOUT ANY WARRANTY; without even the implied warranty of
  MERCHANTABILITY or FITNESS FOR A PARTICULAR PURPOSE.  See the
  GNU Lesser General Public License for more details.
  
  You should have received a copy of the GNU Lesser General Public
  License along with Runway SDK(tm).  If not, see <http://www.gnu.org/licenses/>.
-->
>>>>>>> ac74a14d84b3e01d5aba7001dc0bc6e12cfc0860
<testsuite failures="0" time="942.869" errors="0" skipped="0" tests="511" name="com.runwaysdk.DataAccessTestSuite_MavenTest">
  <properties>
    <property name="java.runtime.name" value="OpenJDK Runtime Environment"/>
    <property name="sun.boot.library.path" value="/usr/lib/jvm/java-6-openjdk-amd64/jre/lib/amd64"/>
    <property name="java.vm.version" value="20.0-b12"/>
    <property name="java.vm.vendor" value="Sun Microsystems Inc."/>
    <property name="java.vendor.url" value="http://java.sun.com/"/>
    <property name="path.separator" value=":"/>
    <property name="java.vm.name" value="OpenJDK 64-Bit Server VM"/>
    <property name="file.encoding.pkg" value="sun.io"/>
    <property name="user.country" value="US"/>
    <property name="sun.java.launcher" value="SUN_STANDARD"/>
    <property name="sun.os.patch.level" value="unknown"/>
    <property name="java.vm.specification.name" value="Java Virtual Machine Specification"/>
    <property name="user.dir" value="/usr/share/tomcat6/.hudson/jobs/Test Runway/workspace/runwaysdk-test"/>
    <property name="java.runtime.version" value="1.6.0_24-b24"/>
    <property name="java.awt.graphicsenv" value="sun.awt.X11GraphicsEnvironment"/>
    <property name="basedir" value="/usr/share/tomcat6/.hudson/jobs/Test Runway/workspace/runwaysdk-test"/>
    <property name="java.endorsed.dirs" value="/usr/lib/jvm/java-6-openjdk-amd64/jre/lib/endorsed"/>
    <property name="os.arch" value="amd64"/>
    <property name="surefire.real.class.path" value="/usr/share/tomcat6/.hudson/jobs/Test Runway/workspace/runwaysdk-test/target/surefire/surefirebooter508021213626812293.jar"/>
    <property name="java.io.tmpdir" value="/tmp"/>
    <property name="line.separator" value="
"/>
    <property name="java.vm.specification.vendor" value="Sun Microsystems Inc."/>
    <property name="os.name" value="Linux"/>
    <property name="maven.ext.class.path" value="/usr/share/tomcat6/.hudson/maven/slavebundle/resources:/usr/share/tomcat6/.hudson/maven/slavebundle/lib/maven3-eventspy-3.0.jar:/var/lib/tomcat6/webapps/hudson/WEB-INF/lib/hudson-remoting-3.0.0.jar"/>
    <property name="root.user" value="postgres"/>
    <property name="sun.jnu.encoding" value="UTF-8"/>
    <property name="java.library.path" value="/usr/lib/jvm/java-6-openjdk-amd64/jre/lib/amd64/server:/usr/lib/jvm/java-6-openjdk-amd64/jre/lib/amd64:/usr/lib/jvm/java-6-openjdk-amd64/jre/../lib/amd64:/usr/java/packages/lib/amd64:/usr/lib/x86_64-linux-gnu/jni:/lib/x86_64-linux-gnu:/usr/lib/x86_64-linux-gnu:/usr/lib/jni:/lib:/usr/lib"/>
    <property name="surefire.test.class.path" value="/usr/share/tomcat6/.hudson/jobs/Test Runway/workspace/runwaysdk-test/target/test-classes:/usr/share/tomcat6/.hudson/jobs/Test Runway/workspace/runwaysdk-test/target/classes:/usr/share/tomcat6/.m2/repository/junit/junit/3.8.1/junit-3.8.1.jar:/usr/share/tomcat6/.m2/repository/com/runwaysdk/runwaysdk-client/0.0.1-SNAPSHOT/runwaysdk-client-0.0.1-SNAPSHOT.jar:/usr/share/tomcat6/.m2/repository/com/runwaysdk/runwaysdk-common/0.0.1-SNAPSHOT/runwaysdk-common-0.0.1-SNAPSHOT.jar:/usr/share/tomcat6/.m2/repository/org/json/json/20090211/json-20090211.jar:/usr/share/tomcat6/.m2/repository/log4j/log4j/1.2.17/log4j-1.2.17.jar:/usr/share/tomcat6/.m2/repository/org/apache/ant/ant/1.8.4/ant-1.8.4.jar:/usr/share/tomcat6/.m2/repository/org/apache/ant/ant-launcher/1.8.4/ant-launcher-1.8.4.jar:/usr/share/tomcat6/.m2/repository/commons-lang/commons-lang/2.6/commons-lang-2.6.jar:/usr/share/tomcat6/.m2/repository/net/sf/ehcache/ehcache-core/2.6.2/ehcache-core-2.6.2.jar:/usr/share/tomcat6/.m2/repository/org/slf4j/slf4j-api/1.6.1/slf4j-api-1.6.1.jar:/usr/share/tomcat6/.m2/repository/com/healthmarketscience/rmiio/rmiio/2.0.3/rmiio-2.0.3.jar:/usr/share/tomcat6/.m2/repository/org/apache/tomcat/catalina/6.0.36/catalina-6.0.36.jar:/usr/share/tomcat6/.m2/repository/org/apache/tomcat/servlet-api/6.0.36/servlet-api-6.0.36.jar:/usr/share/tomcat6/.m2/repository/org/apache/tomcat/juli/6.0.36/juli-6.0.36.jar:/usr/share/tomcat6/.m2/repository/org/apache/tomcat/annotations-api/6.0.36/annotations-api-6.0.36.jar:/usr/share/tomcat6/.m2/repository/asm/asm/3.3.1/asm-3.3.1.jar:/usr/share/tomcat6/.m2/repository/com/terraframe/UTF8Resource/1.0/UTF8Resource-1.0.jar:/usr/share/tomcat6/.m2/repository/org/apache/axis/axis-jaxrpc/1.4/axis-jaxrpc-1.4.jar:/usr/share/tomcat6/.m2/repository/org/apache/axis/axis/1.4/axis-1.4.jar:/usr/share/tomcat6/.m2/repository/javax/servlet/javax.servlet-api/3.0.1/javax.servlet-api-3.0.1.jar:/usr/share/tomcat6/.m2/repository/javax/servlet/jsp/javax.servlet.jsp-api/2.2.1/javax.servlet.jsp-api-2.2.1.jar:/usr/share/tomcat6/.m2/repository/javax/servlet/jsp/jstl/javax.servlet.jsp.jstl-api/1.2.1/javax.servlet.jsp.jstl-api-1.2.1.jar:/usr/share/tomcat6/.m2/repository/commons-fileupload/commons-fileupload/1.2.2/commons-fileupload-1.2.2.jar:/usr/share/tomcat6/.m2/repository/com/scand/fileupload/fileupload-progress/1.0/fileupload-progress-1.0.jar:/usr/share/tomcat6/.m2/repository/com/runwaysdk/runwaysdk-server/0.0.1-SNAPSHOT/runwaysdk-server-0.0.1-SNAPSHOT.jar:/usr/share/tomcat6/.m2/repository/org/aspectj/aspectjweaver/1.6.11/aspectjweaver-1.6.11.jar:/usr/share/tomcat6/.m2/repository/org/aspectj/aspectjtools/1.6.11/aspectjtools-1.6.11.jar:/usr/share/tomcat6/.m2/repository/org/apache/tomcat/catalina-ant/6.0.36/catalina-ant-6.0.36.jar:/usr/share/tomcat6/.m2/repository/org/apache/tomcat/coyote/6.0.36/coyote-6.0.36.jar:/usr/share/tomcat6/.m2/repository/commons-collections/commons-collections/3.2.1/commons-collections-3.2.1.jar:/usr/share/tomcat6/.m2/repository/commons-dbcp/commons-dbcp/1.4/commons-dbcp-1.4.jar:/usr/share/tomcat6/.m2/repository/commons-pool/commons-pool/1.5.4/commons-pool-1.5.4.jar:/usr/share/tomcat6/.m2/repository/commons-discovery/commons-discovery/0.5/commons-discovery-0.5.jar:/usr/share/tomcat6/.m2/repository/commons-httpclient/commons-httpclient/3.1/commons-httpclient-3.1.jar:/usr/share/tomcat6/.m2/repository/commons-logging/commons-logging/1.1/commons-logging-1.1.jar:/usr/share/tomcat6/.m2/repository/logkit/logkit/1.0.1/logkit-1.0.1.jar:/usr/share/tomcat6/.m2/repository/avalon-framework/avalon-framework/4.1.3/avalon-framework-4.1.3.jar:/usr/share/tomcat6/.m2/repository/javax/servlet/servlet-api/2.3/servlet-api-2.3.jar:/usr/share/tomcat6/.m2/repository/commons-math/commons-math/1.2/commons-math-1.2.jar:/usr/share/tomcat6/.m2/repository/com/googlecode/t7mp/ecj362/1.0.1/ecj362-1.0.1.jar:/usr/share/tomcat6/.m2/repository/javax/mail/mail/1.4.5/mail-1.4.5.jar:/usr/share/tomcat6/.m2/repository/javax/activation/activation/1.1/activation-1.1.jar:/usr/share/tomcat6/.m2/repository/com/google/inject/guice/3.0/guice-3.0.jar:/usr/share/tomcat6/.m2/repository/javax/inject/javax.inject/1/javax.inject-1.jar:/usr/share/tomcat6/.m2/repository/aopalliance/aopalliance/1.0/aopalliance-1.0.jar:/usr/share/tomcat6/.m2/repository/org/hsqldb/hsqldb/2.2.9/hsqldb-2.2.9.jar:/usr/share/tomcat6/.m2/repository/mysql/mysql-connector-java/5.1.22/mysql-connector-java-5.1.22.jar:/usr/share/tomcat6/.m2/repository/postgresql/postgresql/9.1-901-1.jdbc4/postgresql-9.1-901-1.jdbc4.jar:/usr/share/tomcat6/.m2/repository/net/sourceforge/jtds/jtds/1.3.0/jtds-1.3.0.jar:/usr/share/tomcat6/.m2/repository/com/oracle/ojdbc14/1.2/ojdbc14-1.2.jar:/usr/share/tomcat6/.m2/repository/org/apache/poi/poi/3.2-FINAL/poi-3.2-FINAL.jar:/usr/share/tomcat6/.m2/repository/com/sun/xsom/xsom/20110809/xsom-20110809.jar:/usr/share/tomcat6/.m2/repository/relaxngDatatype/relaxngDatatype/20020414/relaxngDatatype-20020414.jar:/usr/share/tomcat6/.m2/repository/org/codeartisans/thirdparties/swing/org-netbeans-api-visual/2.23.1/org-netbeans-api-visual-2.23.1.jar:/usr/share/tomcat6/.m2/repository/org/codeartisans/thirdparties/swing/org-openide-util/8.6.2/org-openide-util-8.6.2.jar:/usr/share/tomcat6/.m2/repository/org/codeartisans/thirdparties/swing/org-openide-util-lookup/8.3.1/org-openide-util-lookup-8.3.1.jar:/usr/share/tomcat6/.m2/repository/org/codehaus/groovy/groovy-all/2.0.6/groovy-all-2.0.6.jar:/usr/share/tomcat6/.m2/repository/org/apache/axis/axis-ant/1.4/axis-ant-1.4.jar:/usr/share/tomcat6/.m2/repository/org/seleniumhq/selenium/selenium-java/2.22.0/selenium-java-2.22.0.jar:/usr/share/tomcat6/.m2/repository/org/seleniumhq/selenium/selenium-android-driver/2.22.0/selenium-android-driver-2.22.0.jar:/usr/share/tomcat6/.m2/repository/org/seleniumhq/selenium/selenium-remote-driver/2.22.0/selenium-remote-driver-2.22.0.jar:/usr/share/tomcat6/.m2/repository/cglib/cglib-nodep/2.1_3/cglib-nodep-2.1_3.jar:/usr/share/tomcat6/.m2/repository/com/google/guava/guava/12.0/guava-12.0.jar:/usr/share/tomcat6/.m2/repository/com/google/code/findbugs/jsr305/1.3.9/jsr305-1.3.9.jar:/usr/share/tomcat6/.m2/repository/org/seleniumhq/selenium/selenium-chrome-driver/2.22.0/selenium-chrome-driver-2.22.0.jar:/usr/share/tomcat6/.m2/repository/org/seleniumhq/selenium/selenium-htmlunit-driver/2.22.0/selenium-htmlunit-driver-2.22.0.jar:/usr/share/tomcat6/.m2/repository/org/seleniumhq/selenium/selenium-api/2.22.0/selenium-api-2.22.0.jar:/usr/share/tomcat6/.m2/repository/net/sourceforge/htmlunit/htmlunit/2.9/htmlunit-2.9.jar:/usr/share/tomcat6/.m2/repository/xalan/xalan/2.7.1/xalan-2.7.1.jar:/usr/share/tomcat6/.m2/repository/xalan/serializer/2.7.1/serializer-2.7.1.jar:/usr/share/tomcat6/.m2/repository/org/apache/httpcomponents/httpmime/4.1.2/httpmime-4.1.2.jar:/usr/share/tomcat6/.m2/repository/net/sourceforge/htmlunit/htmlunit-core-js/2.9/htmlunit-core-js-2.9.jar:/usr/share/tomcat6/.m2/repository/xerces/xercesImpl/2.9.1/xercesImpl-2.9.1.jar:/usr/share/tomcat6/.m2/repository/xml-apis/xml-apis/1.3.04/xml-apis-1.3.04.jar:/usr/share/tomcat6/.m2/repository/net/sourceforge/nekohtml/nekohtml/1.9.15/nekohtml-1.9.15.jar:/usr/share/tomcat6/.m2/repository/net/sourceforge/cssparser/cssparser/0.9.5/cssparser-0.9.5.jar:/usr/share/tomcat6/.m2/repository/org/w3c/css/sac/1.3/sac-1.3.jar:/usr/share/tomcat6/.m2/repository/org/apache/httpcomponents/httpclient/4.1.2/httpclient-4.1.2.jar:/usr/share/tomcat6/.m2/repository/org/apache/httpcomponents/httpcore/4.1.2/httpcore-4.1.2.jar:/usr/share/tomcat6/.m2/repository/org/seleniumhq/selenium/selenium-firefox-driver/2.22.0/selenium-firefox-driver-2.22.0.jar:/usr/share/tomcat6/.m2/repository/commons-io/commons-io/2.0.1/commons-io-2.0.1.jar:/usr/share/tomcat6/.m2/repository/org/apache/commons/commons-exec/1.1/commons-exec-1.1.jar:/usr/share/tomcat6/.m2/repository/org/seleniumhq/selenium/selenium-ie-driver/2.22.0/selenium-ie-driver-2.22.0.jar:/usr/share/tomcat6/.m2/repository/net/java/dev/jna/jna/3.4.0/jna-3.4.0.jar:/usr/share/tomcat6/.m2/repository/net/java/dev/jna/platform/3.4.0/platform-3.4.0.jar:/usr/share/tomcat6/.m2/repository/org/seleniumhq/selenium/selenium-iphone-driver/2.22.0/selenium-iphone-driver-2.22.0.jar:/usr/share/tomcat6/.m2/repository/org/seleniumhq/selenium/selenium-safari-driver/2.22.0/selenium-safari-driver-2.22.0.jar:/usr/share/tomcat6/.m2/repository/org/seleniumhq/selenium/selenium-support/2.22.0/selenium-support-2.22.0.jar:/usr/share/tomcat6/.m2/repository/org/webbitserver/webbit/0.4.6/webbit-0.4.6.jar:/usr/share/tomcat6/.m2/repository/org/jboss/netty/netty/3.2.7.Final/netty-3.2.7.Final.jar:/usr/share/tomcat6/.m2/repository/org/seleniumhq/selenium/selenium-server/2.28.0/selenium-server-2.28.0.jar:/usr/share/tomcat6/.m2/repository/org/bouncycastle/bcprov-jdk15on/1.47/bcprov-jdk15on-1.47.jar:/usr/share/tomcat6/.m2/repository/org/bouncycastle/bcpkix-jdk15on/1.47/bcpkix-jdk15on-1.47.jar:/usr/share/tomcat6/.m2/repository/mx4j/mx4j-tools/3.0.1/mx4j-tools-3.0.1.jar:/usr/share/tomcat6/.m2/repository/org/mortbay/jetty/servlet-api-2.5/6.1.9/servlet-api-2.5-6.1.9.jar:/usr/share/tomcat6/.m2/repository/org/seleniumhq/selenium/jetty-repacked/7.6.1/jetty-repacked-7.6.1.jar:/usr/share/tomcat6/.m2/repository/net/jcip/jcip-annotations/1.0/jcip-annotations-1.0.jar:/usr/share/tomcat6/.m2/repository/org/yaml/snakeyaml/1.8/snakeyaml-1.8.jar:/usr/share/tomcat6/.m2/repository/commons-codec/commons-codec/1.6/commons-codec-1.6.jar:/usr/share/tomcat6/.m2/repository/cactus/cactus/13-1.7.2/cactus-13-1.7.2.jar:/usr/share/tomcat6/.m2/repository/org/aspectj/aspectjrt/1.6.11/aspectjrt-1.6.11.jar:"/>
    <property name="hudson.eventspy.port" value="53233"/>
    <property name="java.specification.name" value="Java Platform API Specification"/>
    <property name="java.class.version" value="50.0"/>
    <property name="sun.management.compiler" value="HotSpot 64-Bit Tiered Compilers"/>
    <property name="os.version" value="3.2.0-24-generic"/>
    <property name="user.home" value="/usr/share/tomcat6"/>
    <property name="user.timezone" value="America/Denver"/>
    <property name="java.awt.printerjob" value="sun.print.PSPrinterJob"/>
    <property name="java.specification.version" value="1.6"/>
    <property name="file.encoding" value="UTF-8"/>
    <property name="user.name" value="tomcat6"/>
    <property name="java.class.path" value="/usr/share/tomcat6/.hudson/jobs/Test Runway/workspace/runwaysdk-test/target/test-classes:/usr/share/tomcat6/.hudson/jobs/Test Runway/workspace/runwaysdk-test/target/classes:/usr/share/tomcat6/.m2/repository/junit/junit/3.8.1/junit-3.8.1.jar:/usr/share/tomcat6/.m2/repository/com/runwaysdk/runwaysdk-client/0.0.1-SNAPSHOT/runwaysdk-client-0.0.1-SNAPSHOT.jar:/usr/share/tomcat6/.m2/repository/com/runwaysdk/runwaysdk-common/0.0.1-SNAPSHOT/runwaysdk-common-0.0.1-SNAPSHOT.jar:/usr/share/tomcat6/.m2/repository/org/json/json/20090211/json-20090211.jar:/usr/share/tomcat6/.m2/repository/log4j/log4j/1.2.17/log4j-1.2.17.jar:/usr/share/tomcat6/.m2/repository/org/apache/ant/ant/1.8.4/ant-1.8.4.jar:/usr/share/tomcat6/.m2/repository/org/apache/ant/ant-launcher/1.8.4/ant-launcher-1.8.4.jar:/usr/share/tomcat6/.m2/repository/commons-lang/commons-lang/2.6/commons-lang-2.6.jar:/usr/share/tomcat6/.m2/repository/net/sf/ehcache/ehcache-core/2.6.2/ehcache-core-2.6.2.jar:/usr/share/tomcat6/.m2/repository/org/slf4j/slf4j-api/1.6.1/slf4j-api-1.6.1.jar:/usr/share/tomcat6/.m2/repository/com/healthmarketscience/rmiio/rmiio/2.0.3/rmiio-2.0.3.jar:/usr/share/tomcat6/.m2/repository/org/apache/tomcat/catalina/6.0.36/catalina-6.0.36.jar:/usr/share/tomcat6/.m2/repository/org/apache/tomcat/servlet-api/6.0.36/servlet-api-6.0.36.jar:/usr/share/tomcat6/.m2/repository/org/apache/tomcat/juli/6.0.36/juli-6.0.36.jar:/usr/share/tomcat6/.m2/repository/org/apache/tomcat/annotations-api/6.0.36/annotations-api-6.0.36.jar:/usr/share/tomcat6/.m2/repository/asm/asm/3.3.1/asm-3.3.1.jar:/usr/share/tomcat6/.m2/repository/com/terraframe/UTF8Resource/1.0/UTF8Resource-1.0.jar:/usr/share/tomcat6/.m2/repository/org/apache/axis/axis-jaxrpc/1.4/axis-jaxrpc-1.4.jar:/usr/share/tomcat6/.m2/repository/org/apache/axis/axis/1.4/axis-1.4.jar:/usr/share/tomcat6/.m2/repository/javax/servlet/javax.servlet-api/3.0.1/javax.servlet-api-3.0.1.jar:/usr/share/tomcat6/.m2/repository/javax/servlet/jsp/javax.servlet.jsp-api/2.2.1/javax.servlet.jsp-api-2.2.1.jar:/usr/share/tomcat6/.m2/repository/javax/servlet/jsp/jstl/javax.servlet.jsp.jstl-api/1.2.1/javax.servlet.jsp.jstl-api-1.2.1.jar:/usr/share/tomcat6/.m2/repository/commons-fileupload/commons-fileupload/1.2.2/commons-fileupload-1.2.2.jar:/usr/share/tomcat6/.m2/repository/com/scand/fileupload/fileupload-progress/1.0/fileupload-progress-1.0.jar:/usr/share/tomcat6/.m2/repository/com/runwaysdk/runwaysdk-server/0.0.1-SNAPSHOT/runwaysdk-server-0.0.1-SNAPSHOT.jar:/usr/share/tomcat6/.m2/repository/org/aspectj/aspectjweaver/1.6.11/aspectjweaver-1.6.11.jar:/usr/share/tomcat6/.m2/repository/org/aspectj/aspectjtools/1.6.11/aspectjtools-1.6.11.jar:/usr/share/tomcat6/.m2/repository/org/apache/tomcat/catalina-ant/6.0.36/catalina-ant-6.0.36.jar:/usr/share/tomcat6/.m2/repository/org/apache/tomcat/coyote/6.0.36/coyote-6.0.36.jar:/usr/share/tomcat6/.m2/repository/commons-collections/commons-collections/3.2.1/commons-collections-3.2.1.jar:/usr/share/tomcat6/.m2/repository/commons-dbcp/commons-dbcp/1.4/commons-dbcp-1.4.jar:/usr/share/tomcat6/.m2/repository/commons-pool/commons-pool/1.5.4/commons-pool-1.5.4.jar:/usr/share/tomcat6/.m2/repository/commons-discovery/commons-discovery/0.5/commons-discovery-0.5.jar:/usr/share/tomcat6/.m2/repository/commons-httpclient/commons-httpclient/3.1/commons-httpclient-3.1.jar:/usr/share/tomcat6/.m2/repository/commons-logging/commons-logging/1.1/commons-logging-1.1.jar:/usr/share/tomcat6/.m2/repository/logkit/logkit/1.0.1/logkit-1.0.1.jar:/usr/share/tomcat6/.m2/repository/avalon-framework/avalon-framework/4.1.3/avalon-framework-4.1.3.jar:/usr/share/tomcat6/.m2/repository/javax/servlet/servlet-api/2.3/servlet-api-2.3.jar:/usr/share/tomcat6/.m2/repository/commons-math/commons-math/1.2/commons-math-1.2.jar:/usr/share/tomcat6/.m2/repository/com/googlecode/t7mp/ecj362/1.0.1/ecj362-1.0.1.jar:/usr/share/tomcat6/.m2/repository/javax/mail/mail/1.4.5/mail-1.4.5.jar:/usr/share/tomcat6/.m2/repository/javax/activation/activation/1.1/activation-1.1.jar:/usr/share/tomcat6/.m2/repository/com/google/inject/guice/3.0/guice-3.0.jar:/usr/share/tomcat6/.m2/repository/javax/inject/javax.inject/1/javax.inject-1.jar:/usr/share/tomcat6/.m2/repository/aopalliance/aopalliance/1.0/aopalliance-1.0.jar:/usr/share/tomcat6/.m2/repository/org/hsqldb/hsqldb/2.2.9/hsqldb-2.2.9.jar:/usr/share/tomcat6/.m2/repository/mysql/mysql-connector-java/5.1.22/mysql-connector-java-5.1.22.jar:/usr/share/tomcat6/.m2/repository/postgresql/postgresql/9.1-901-1.jdbc4/postgresql-9.1-901-1.jdbc4.jar:/usr/share/tomcat6/.m2/repository/net/sourceforge/jtds/jtds/1.3.0/jtds-1.3.0.jar:/usr/share/tomcat6/.m2/repository/com/oracle/ojdbc14/1.2/ojdbc14-1.2.jar:/usr/share/tomcat6/.m2/repository/org/apache/poi/poi/3.2-FINAL/poi-3.2-FINAL.jar:/usr/share/tomcat6/.m2/repository/com/sun/xsom/xsom/20110809/xsom-20110809.jar:/usr/share/tomcat6/.m2/repository/relaxngDatatype/relaxngDatatype/20020414/relaxngDatatype-20020414.jar:/usr/share/tomcat6/.m2/repository/org/codeartisans/thirdparties/swing/org-netbeans-api-visual/2.23.1/org-netbeans-api-visual-2.23.1.jar:/usr/share/tomcat6/.m2/repository/org/codeartisans/thirdparties/swing/org-openide-util/8.6.2/org-openide-util-8.6.2.jar:/usr/share/tomcat6/.m2/repository/org/codeartisans/thirdparties/swing/org-openide-util-lookup/8.3.1/org-openide-util-lookup-8.3.1.jar:/usr/share/tomcat6/.m2/repository/org/codehaus/groovy/groovy-all/2.0.6/groovy-all-2.0.6.jar:/usr/share/tomcat6/.m2/repository/org/apache/axis/axis-ant/1.4/axis-ant-1.4.jar:/usr/share/tomcat6/.m2/repository/org/seleniumhq/selenium/selenium-java/2.22.0/selenium-java-2.22.0.jar:/usr/share/tomcat6/.m2/repository/org/seleniumhq/selenium/selenium-android-driver/2.22.0/selenium-android-driver-2.22.0.jar:/usr/share/tomcat6/.m2/repository/org/seleniumhq/selenium/selenium-remote-driver/2.22.0/selenium-remote-driver-2.22.0.jar:/usr/share/tomcat6/.m2/repository/cglib/cglib-nodep/2.1_3/cglib-nodep-2.1_3.jar:/usr/share/tomcat6/.m2/repository/com/google/guava/guava/12.0/guava-12.0.jar:/usr/share/tomcat6/.m2/repository/com/google/code/findbugs/jsr305/1.3.9/jsr305-1.3.9.jar:/usr/share/tomcat6/.m2/repository/org/seleniumhq/selenium/selenium-chrome-driver/2.22.0/selenium-chrome-driver-2.22.0.jar:/usr/share/tomcat6/.m2/repository/org/seleniumhq/selenium/selenium-htmlunit-driver/2.22.0/selenium-htmlunit-driver-2.22.0.jar:/usr/share/tomcat6/.m2/repository/org/seleniumhq/selenium/selenium-api/2.22.0/selenium-api-2.22.0.jar:/usr/share/tomcat6/.m2/repository/net/sourceforge/htmlunit/htmlunit/2.9/htmlunit-2.9.jar:/usr/share/tomcat6/.m2/repository/xalan/xalan/2.7.1/xalan-2.7.1.jar:/usr/share/tomcat6/.m2/repository/xalan/serializer/2.7.1/serializer-2.7.1.jar:/usr/share/tomcat6/.m2/repository/org/apache/httpcomponents/httpmime/4.1.2/httpmime-4.1.2.jar:/usr/share/tomcat6/.m2/repository/net/sourceforge/htmlunit/htmlunit-core-js/2.9/htmlunit-core-js-2.9.jar:/usr/share/tomcat6/.m2/repository/xerces/xercesImpl/2.9.1/xercesImpl-2.9.1.jar:/usr/share/tomcat6/.m2/repository/xml-apis/xml-apis/1.3.04/xml-apis-1.3.04.jar:/usr/share/tomcat6/.m2/repository/net/sourceforge/nekohtml/nekohtml/1.9.15/nekohtml-1.9.15.jar:/usr/share/tomcat6/.m2/repository/net/sourceforge/cssparser/cssparser/0.9.5/cssparser-0.9.5.jar:/usr/share/tomcat6/.m2/repository/org/w3c/css/sac/1.3/sac-1.3.jar:/usr/share/tomcat6/.m2/repository/org/apache/httpcomponents/httpclient/4.1.2/httpclient-4.1.2.jar:/usr/share/tomcat6/.m2/repository/org/apache/httpcomponents/httpcore/4.1.2/httpcore-4.1.2.jar:/usr/share/tomcat6/.m2/repository/org/seleniumhq/selenium/selenium-firefox-driver/2.22.0/selenium-firefox-driver-2.22.0.jar:/usr/share/tomcat6/.m2/repository/commons-io/commons-io/2.0.1/commons-io-2.0.1.jar:/usr/share/tomcat6/.m2/repository/org/apache/commons/commons-exec/1.1/commons-exec-1.1.jar:/usr/share/tomcat6/.m2/repository/org/seleniumhq/selenium/selenium-ie-driver/2.22.0/selenium-ie-driver-2.22.0.jar:/usr/share/tomcat6/.m2/repository/net/java/dev/jna/jna/3.4.0/jna-3.4.0.jar:/usr/share/tomcat6/.m2/repository/net/java/dev/jna/platform/3.4.0/platform-3.4.0.jar:/usr/share/tomcat6/.m2/repository/org/seleniumhq/selenium/selenium-iphone-driver/2.22.0/selenium-iphone-driver-2.22.0.jar:/usr/share/tomcat6/.m2/repository/org/seleniumhq/selenium/selenium-safari-driver/2.22.0/selenium-safari-driver-2.22.0.jar:/usr/share/tomcat6/.m2/repository/org/seleniumhq/selenium/selenium-support/2.22.0/selenium-support-2.22.0.jar:/usr/share/tomcat6/.m2/repository/org/webbitserver/webbit/0.4.6/webbit-0.4.6.jar:/usr/share/tomcat6/.m2/repository/org/jboss/netty/netty/3.2.7.Final/netty-3.2.7.Final.jar:/usr/share/tomcat6/.m2/repository/org/seleniumhq/selenium/selenium-server/2.28.0/selenium-server-2.28.0.jar:/usr/share/tomcat6/.m2/repository/org/bouncycastle/bcprov-jdk15on/1.47/bcprov-jdk15on-1.47.jar:/usr/share/tomcat6/.m2/repository/org/bouncycastle/bcpkix-jdk15on/1.47/bcpkix-jdk15on-1.47.jar:/usr/share/tomcat6/.m2/repository/mx4j/mx4j-tools/3.0.1/mx4j-tools-3.0.1.jar:/usr/share/tomcat6/.m2/repository/org/mortbay/jetty/servlet-api-2.5/6.1.9/servlet-api-2.5-6.1.9.jar:/usr/share/tomcat6/.m2/repository/org/seleniumhq/selenium/jetty-repacked/7.6.1/jetty-repacked-7.6.1.jar:/usr/share/tomcat6/.m2/repository/net/jcip/jcip-annotations/1.0/jcip-annotations-1.0.jar:/usr/share/tomcat6/.m2/repository/org/yaml/snakeyaml/1.8/snakeyaml-1.8.jar:/usr/share/tomcat6/.m2/repository/commons-codec/commons-codec/1.6/commons-codec-1.6.jar:/usr/share/tomcat6/.m2/repository/cactus/cactus/13-1.7.2/cactus-13-1.7.2.jar:/usr/share/tomcat6/.m2/repository/org/aspectj/aspectjrt/1.6.11/aspectjrt-1.6.11.jar:"/>
    <property name="java.vm.specification.version" value="1.0"/>
    <property name="sun.arch.data.model" value="64"/>
    <property name="java.home" value="/usr/lib/jvm/java-6-openjdk-amd64/jre"/>
    <property name="sun.java.command" value="/usr/share/tomcat6/.hudson/jobs/Test Runway/workspace/runwaysdk-test/target/surefire/surefirebooter508021213626812293.jar /usr/share/tomcat6/.hudson/jobs/Test Runway/workspace/runwaysdk-test/target/surefire/surefire6439151107102716217tmp /usr/share/tomcat6/.hudson/jobs/Test Runway/workspace/runwaysdk-test/target/surefire/surefire1613948966543787932tmp"/>
    <property name="java.specification.vendor" value="Sun Microsystems Inc."/>
    <property name="user.language" value="en"/>
    <property name="java.vm.info" value="mixed mode"/>
    <property name="java.version" value="1.6.0_24"/>
    <property name="java.ext.dirs" value="/usr/lib/jvm/java-6-openjdk-amd64/jre/lib/ext:/usr/java/packages/lib/ext"/>
    <property name="sun.boot.class.path" value="/usr/lib/jvm/java-6-openjdk-amd64/jre/lib/resources.jar:/usr/lib/jvm/java-6-openjdk-amd64/jre/lib/rt.jar:/usr/lib/jvm/java-6-openjdk-amd64/jre/lib/sunrsasign.jar:/usr/lib/jvm/java-6-openjdk-amd64/jre/lib/jsse.jar:/usr/lib/jvm/java-6-openjdk-amd64/jre/lib/jce.jar:/usr/lib/jvm/java-6-openjdk-amd64/jre/lib/charsets.jar:/usr/lib/jvm/java-6-openjdk-amd64/jre/lib/netx.jar:/usr/lib/jvm/java-6-openjdk-amd64/jre/lib/plugin.jar:/usr/lib/jvm/java-6-openjdk-amd64/jre/lib/rhino.jar:/usr/lib/jvm/java-6-openjdk-amd64/jre/lib/modules/jdk.boot.jar:/usr/lib/jvm/java-6-openjdk-amd64/jre/classes"/>
    <property name="root.db" value="postgres"/>
    <property name="root.pass" value="postgres"/>
    <property name="java.vendor" value="Sun Microsystems Inc."/>
    <property name="localRepository" value="/usr/share/tomcat6/.m2/repository"/>
    <property name="file.separator" value="/"/>
    <property name="java.vendor.url.bug" value="http://java.sun.com/cgi-bin/bugreport.cgi"/>
    <property name="sun.cpu.endian" value="little"/>
    <property name="sun.io.unicode.encoding" value="UnicodeLittle"/>
    <property name="sun.cpu.isalist" value=""/>
  </properties>
  <testcase time="2.81" classname="com.runwaysdk.dataaccess.TransientAttributeTest" name="testBoolean"/>
  <testcase time="0.003" classname="com.runwaysdk.dataaccess.TransientAttributeTest" name="testCharacter"/>
  <testcase time="0.002" classname="com.runwaysdk.dataaccess.TransientAttributeTest" name="testDate"/>
  <testcase time="0.002" classname="com.runwaysdk.dataaccess.TransientAttributeTest" name="testDateTime"/>
  <testcase time="0.002" classname="com.runwaysdk.dataaccess.TransientAttributeTest" name="testDecimal"/>
  <testcase time="0.002" classname="com.runwaysdk.dataaccess.TransientAttributeTest" name="testDouble"/>
  <testcase time="0.002" classname="com.runwaysdk.dataaccess.TransientAttributeTest" name="testFloat"/>
  <testcase time="0.085" classname="com.runwaysdk.dataaccess.TransientAttributeTest" name="testReference"/>
  <testcase time="0.002" classname="com.runwaysdk.dataaccess.TransientAttributeTest" name="testInteger"/>
  <testcase time="0.003" classname="com.runwaysdk.dataaccess.TransientAttributeTest" name="testLong"/>
  <testcase time="0.002" classname="com.runwaysdk.dataaccess.TransientAttributeTest" name="testTime"/>
  <testcase time="0.002" classname="com.runwaysdk.dataaccess.TransientAttributeTest" name="testStruct"/>
  <testcase time="0.002" classname="com.runwaysdk.dataaccess.TransientAttributeTest" name="testDelete"/>
  <testcase time="0.002" classname="com.runwaysdk.dataaccess.TransientAttributeTest" name="testImmutable"/>
  <testcase time="0.004" classname="com.runwaysdk.dataaccess.TransientAttributeTest" name="testDuplicateAttributeDefinition"/>
  <testcase time="0.013" classname="com.runwaysdk.dataaccess.TransientAttributeTest" name="testDuplicateAttributeInInheritedHierarchy"/>
  <testcase time="0.002" classname="com.runwaysdk.dataaccess.TransientAttributeTest" name="testNotRequired"/>
  <testcase time="0.001" classname="com.runwaysdk.dataaccess.TransientAttributeTest" name="testNotRequiredBlankValue"/>
  <testcase time="0.001" classname="com.runwaysdk.dataaccess.TransientAttributeTest" name="testRequired"/>
  <testcase time="0.002" classname="com.runwaysdk.dataaccess.TransientAttributeTest" name="testRequiredValidateMethod"/>
  <testcase time="0.004" classname="com.runwaysdk.dataaccess.TransientAttributeTest" name="testRequiredWithBlankValue"/>
  <testcase time="0.002" classname="com.runwaysdk.dataaccess.TransientAttributeTest" name="testRequiredWithBlankValueValidateMethod"/>
  <testcase time="0.003" classname="com.runwaysdk.dataaccess.TransientAttributeTest" name="testSystem"/>
  <testcase time="0.002" classname="com.runwaysdk.dataaccess.TransientAttributeTest" name="testCharWithLongString"/>
  <testcase time="0.017" classname="com.runwaysdk.dataaccess.TransientAttributeTest" name="testCharChangeSize"/>
  <testcase time="0.002" classname="com.runwaysdk.dataaccess.TransientAttributeTest" name="testTextStoreRetrieve"/>
  <testcase time="0.002" classname="com.runwaysdk.dataaccess.TransientAttributeTest" name="testClobStoreRetrieve"/>
  <testcase time="0.003" classname="com.runwaysdk.dataaccess.TransientAttributeTest" name="testTooLongText"/>
  <testcase time="0.001" classname="com.runwaysdk.dataaccess.TransientAttributeTest" name="testCharWithEmptyString"/>
  <testcase time="0.001" classname="com.runwaysdk.dataaccess.TransientAttributeTest" name="testBooleanInvalid"/>
  <testcase time="0.002" classname="com.runwaysdk.dataaccess.TransientAttributeTest" name="testIntegerWithAlphas"/>
  <testcase time="0.002" classname="com.runwaysdk.dataaccess.TransientAttributeTest" name="testIntegerWithLargeNumber"/>
  <testcase time="0.001" classname="com.runwaysdk.dataaccess.TransientAttributeTest" name="testLongWithAlphas"/>
  <testcase time="0.001" classname="com.runwaysdk.dataaccess.TransientAttributeTest" name="testLongWithLargeNumber"/>
  <testcase time="0.002" classname="com.runwaysdk.dataaccess.TransientAttributeTest" name="testFloatWithInt"/>
  <testcase time="0.001" classname="com.runwaysdk.dataaccess.TransientAttributeTest" name="testFloatWithExponent"/>
  <testcase time="0.002" classname="com.runwaysdk.dataaccess.TransientAttributeTest" name="testFloatWithLong"/>
  <testcase time="0.002" classname="com.runwaysdk.dataaccess.TransientAttributeTest" name="testFloatWithLargeNumber"/>
  <testcase time="0.001" classname="com.runwaysdk.dataaccess.TransientAttributeTest" name="testDoubleWithInt"/>
  <testcase time="0.002" classname="com.runwaysdk.dataaccess.TransientAttributeTest" name="testDoubleWithExponent"/>
  <testcase time="0.002" classname="com.runwaysdk.dataaccess.TransientAttributeTest" name="testDoubleWithLargeExponent"/>
  <testcase time="0.001" classname="com.runwaysdk.dataaccess.TransientAttributeTest" name="testDecimalWithInt"/>
  <testcase time="0.002" classname="com.runwaysdk.dataaccess.TransientAttributeTest" name="testDecimalWithExponent"/>
  <testcase time="0.002" classname="com.runwaysdk.dataaccess.TransientAttributeTest" name="testTimeInvalid"/>
  <testcase time="0.002" classname="com.runwaysdk.dataaccess.TransientAttributeTest" name="testTimeLowerBound"/>
  <testcase time="0.001" classname="com.runwaysdk.dataaccess.TransientAttributeTest" name="testTimeUpperBound"/>
  <testcase time="0.002" classname="com.runwaysdk.dataaccess.TransientAttributeTest" name="testDateInvalid"/>
  <testcase time="0.002" classname="com.runwaysdk.dataaccess.TransientAttributeTest" name="testDateLowerBound"/>
  <testcase time="0.002" classname="com.runwaysdk.dataaccess.TransientAttributeTest" name="testDateUpperBound"/>
  <testcase time="0.001" classname="com.runwaysdk.dataaccess.TransientAttributeTest" name="testDateTimeInvalid"/>
  <testcase time="0.002" classname="com.runwaysdk.dataaccess.TransientAttributeTest" name="testDateTimeLowerBound"/>
  <testcase time="0.002" classname="com.runwaysdk.dataaccess.TransientAttributeTest" name="testDateTimeUpperBound"/>
  <testcase time="0.078" classname="com.runwaysdk.dataaccess.TransientAttributeTest" name="testSetInvalidReference"/>
  <testcase time="0.082" classname="com.runwaysdk.dataaccess.TransientAttributeTest" name="testDereferenceReference"/>
  <testcase time="1.059" classname="com.runwaysdk.dataaccess.TransientAttributeTest" name="testDuplicateInheritedAttribute"/>
  <testcase time="0.002" classname="com.runwaysdk.dataaccess.TransientAttributeTest" name="testMaxIdentifierSize"/>
  <testcase time="0.002" classname="com.runwaysdk.dataaccess.TransientAttributeTest" name="testReferenceReferenceRelationship"/>
  <testcase time="0.079" classname="com.runwaysdk.dataaccess.TransientAttributeTest" name="testReferenceReference"/>
  <testcase time="0.002" classname="com.runwaysdk.dataaccess.TransientAttributeTest" name="testBlobWithBytes"/>
  <testcase time="0.002" classname="com.runwaysdk.dataaccess.TransientAttributeTest" name="testBlobManipulationCache"/>
  <testcase time="0.001" classname="com.runwaysdk.dataaccess.TransientAttributeTest" name="testBlobTruncateCache"/>
  <testcase time="0.002" classname="com.runwaysdk.dataaccess.TransientAttributeTest" name="testBlobChangeSize"/>
  <testcase time="0.002" classname="com.runwaysdk.dataaccess.TransientAttributeTest" name="testBlobGetBytesCache"/>
  <testcase time="0.002" classname="com.runwaysdk.dataaccess.TransientAttributeTest" name="testBlobInvalidSize"/>
  <testcase time="0.002" classname="com.runwaysdk.dataaccess.TransientAttributeTest" name="testSingle"/>
  <testcase time="0.002" classname="com.runwaysdk.dataaccess.TransientAttributeTest" name="testAddMultiple"/>
  <testcase time="0.002" classname="com.runwaysdk.dataaccess.TransientAttributeTest" name="testDefault"/>
  <testcase time="0.001" classname="com.runwaysdk.dataaccess.TransientAttributeTest" name="testAdd"/>
  <testcase time="0.001" classname="com.runwaysdk.dataaccess.TransientAttributeTest" name="testDeleteDefault"/>
  <testcase time="0.002" classname="com.runwaysdk.dataaccess.TransientAttributeTest" name="testDeleteRequired"/>
  <testcase time="0.001" classname="com.runwaysdk.dataaccess.TransientAttributeTest" name="testAddDefault"/>
  <testcase time="0.003" classname="com.runwaysdk.dataaccess.TransientAttributeTest" name="testAddToSingle"/>
  <testcase time="0.002" classname="com.runwaysdk.dataaccess.TransientAttributeTest" name="testRepeatedAdd"/>
  <testcase time="0.002" classname="com.runwaysdk.dataaccess.TransientAttributeTest" name="testRepeatedDelete"/>
  <testcase time="0.002" classname="com.runwaysdk.dataaccess.TransientAttributeTest" name="testInvalidDelete"/>
  <testcase time="0.002" classname="com.runwaysdk.dataaccess.TransientAttributeTest" name="testInvalidAdd"/>
  <testcase time="2.799" classname="com.runwaysdk.dataaccess.TransientAttributeTest" name="testBoolean"/>
  <testcase time="0.002" classname="com.runwaysdk.dataaccess.TransientAttributeTest" name="testCharacter"/>
  <testcase time="0.002" classname="com.runwaysdk.dataaccess.TransientAttributeTest" name="testDate"/>
  <testcase time="0.002" classname="com.runwaysdk.dataaccess.TransientAttributeTest" name="testDateTime"/>
  <testcase time="0.001" classname="com.runwaysdk.dataaccess.TransientAttributeTest" name="testDecimal"/>
  <testcase time="0.001" classname="com.runwaysdk.dataaccess.TransientAttributeTest" name="testDouble"/>
  <testcase time="0.002" classname="com.runwaysdk.dataaccess.TransientAttributeTest" name="testFloat"/>
  <testcase time="0.102" classname="com.runwaysdk.dataaccess.TransientAttributeTest" name="testReference"/>
  <testcase time="0.002" classname="com.runwaysdk.dataaccess.TransientAttributeTest" name="testInteger"/>
  <testcase time="0.001" classname="com.runwaysdk.dataaccess.TransientAttributeTest" name="testLong"/>
  <testcase time="0.001" classname="com.runwaysdk.dataaccess.TransientAttributeTest" name="testTime"/>
  <testcase time="0.002" classname="com.runwaysdk.dataaccess.TransientAttributeTest" name="testStruct"/>
  <testcase time="0.003" classname="com.runwaysdk.dataaccess.TransientAttributeTest" name="testDelete"/>
  <testcase time="0.002" classname="com.runwaysdk.dataaccess.TransientAttributeTest" name="testImmutable"/>
  <testcase time="0.003" classname="com.runwaysdk.dataaccess.TransientAttributeTest" name="testDuplicateAttributeDefinition"/>
  <testcase time="0.013" classname="com.runwaysdk.dataaccess.TransientAttributeTest" name="testDuplicateAttributeInInheritedHierarchy"/>
  <testcase time="0.002" classname="com.runwaysdk.dataaccess.TransientAttributeTest" name="testNotRequired"/>
  <testcase time="0.002" classname="com.runwaysdk.dataaccess.TransientAttributeTest" name="testNotRequiredBlankValue"/>
  <testcase time="0.002" classname="com.runwaysdk.dataaccess.TransientAttributeTest" name="testRequired"/>
  <testcase time="0.001" classname="com.runwaysdk.dataaccess.TransientAttributeTest" name="testRequiredValidateMethod"/>
  <testcase time="0.002" classname="com.runwaysdk.dataaccess.TransientAttributeTest" name="testRequiredWithBlankValue"/>
  <testcase time="0.002" classname="com.runwaysdk.dataaccess.TransientAttributeTest" name="testRequiredWithBlankValueValidateMethod"/>
  <testcase time="0.002" classname="com.runwaysdk.dataaccess.TransientAttributeTest" name="testSystem"/>
  <testcase time="0.002" classname="com.runwaysdk.dataaccess.TransientAttributeTest" name="testCharWithLongString"/>
  <testcase time="0.013" classname="com.runwaysdk.dataaccess.TransientAttributeTest" name="testCharChangeSize"/>
  <testcase time="0.002" classname="com.runwaysdk.dataaccess.TransientAttributeTest" name="testTextStoreRetrieve"/>
  <testcase time="0.001" classname="com.runwaysdk.dataaccess.TransientAttributeTest" name="testClobStoreRetrieve"/>
  <testcase time="0.003" classname="com.runwaysdk.dataaccess.TransientAttributeTest" name="testTooLongText"/>
  <testcase time="0.002" classname="com.runwaysdk.dataaccess.TransientAttributeTest" name="testCharWithEmptyString"/>
  <testcase time="0.001" classname="com.runwaysdk.dataaccess.TransientAttributeTest" name="testBooleanInvalid"/>
  <testcase time="0.002" classname="com.runwaysdk.dataaccess.TransientAttributeTest" name="testIntegerWithAlphas"/>
  <testcase time="0.002" classname="com.runwaysdk.dataaccess.TransientAttributeTest" name="testIntegerWithLargeNumber"/>
  <testcase time="0.001" classname="com.runwaysdk.dataaccess.TransientAttributeTest" name="testLongWithAlphas"/>
  <testcase time="0.002" classname="com.runwaysdk.dataaccess.TransientAttributeTest" name="testLongWithLargeNumber"/>
  <testcase time="0.002" classname="com.runwaysdk.dataaccess.TransientAttributeTest" name="testFloatWithInt"/>
  <testcase time="0.001" classname="com.runwaysdk.dataaccess.TransientAttributeTest" name="testFloatWithExponent"/>
  <testcase time="0.002" classname="com.runwaysdk.dataaccess.TransientAttributeTest" name="testFloatWithLong"/>
  <testcase time="0.001" classname="com.runwaysdk.dataaccess.TransientAttributeTest" name="testFloatWithLargeNumber"/>
  <testcase time="0.001" classname="com.runwaysdk.dataaccess.TransientAttributeTest" name="testDoubleWithInt"/>
  <testcase time="0.002" classname="com.runwaysdk.dataaccess.TransientAttributeTest" name="testDoubleWithExponent"/>
  <testcase time="0.001" classname="com.runwaysdk.dataaccess.TransientAttributeTest" name="testDoubleWithLargeExponent"/>
  <testcase time="0.001" classname="com.runwaysdk.dataaccess.TransientAttributeTest" name="testDecimalWithInt"/>
  <testcase time="0.002" classname="com.runwaysdk.dataaccess.TransientAttributeTest" name="testDecimalWithExponent"/>
  <testcase time="0.001" classname="com.runwaysdk.dataaccess.TransientAttributeTest" name="testTimeInvalid"/>
  <testcase time="0.001" classname="com.runwaysdk.dataaccess.TransientAttributeTest" name="testTimeLowerBound"/>
  <testcase time="0.002" classname="com.runwaysdk.dataaccess.TransientAttributeTest" name="testTimeUpperBound"/>
  <testcase time="0.001" classname="com.runwaysdk.dataaccess.TransientAttributeTest" name="testDateInvalid"/>
  <testcase time="0.001" classname="com.runwaysdk.dataaccess.TransientAttributeTest" name="testDateLowerBound"/>
  <testcase time="0.002" classname="com.runwaysdk.dataaccess.TransientAttributeTest" name="testDateUpperBound"/>
  <testcase time="0.001" classname="com.runwaysdk.dataaccess.TransientAttributeTest" name="testDateTimeInvalid"/>
  <testcase time="0.001" classname="com.runwaysdk.dataaccess.TransientAttributeTest" name="testDateTimeLowerBound"/>
  <testcase time="0.002" classname="com.runwaysdk.dataaccess.TransientAttributeTest" name="testDateTimeUpperBound"/>
  <testcase time="0.077" classname="com.runwaysdk.dataaccess.TransientAttributeTest" name="testSetInvalidReference"/>
  <testcase time="0.076" classname="com.runwaysdk.dataaccess.TransientAttributeTest" name="testDereferenceReference"/>
  <testcase time="0.965" classname="com.runwaysdk.dataaccess.TransientAttributeTest" name="testDuplicateInheritedAttribute"/>
  <testcase time="0.004" classname="com.runwaysdk.dataaccess.TransientAttributeTest" name="testMaxIdentifierSize"/>
  <testcase time="0.003" classname="com.runwaysdk.dataaccess.TransientAttributeTest" name="testReferenceReferenceRelationship"/>
  <testcase time="0.085" classname="com.runwaysdk.dataaccess.TransientAttributeTest" name="testReferenceReference"/>
  <testcase time="0.002" classname="com.runwaysdk.dataaccess.TransientAttributeTest" name="testBlobWithBytes"/>
  <testcase time="0.002" classname="com.runwaysdk.dataaccess.TransientAttributeTest" name="testBlobManipulationCache"/>
  <testcase time="0.001" classname="com.runwaysdk.dataaccess.TransientAttributeTest" name="testBlobTruncateCache"/>
  <testcase time="0.002" classname="com.runwaysdk.dataaccess.TransientAttributeTest" name="testBlobChangeSize"/>
  <testcase time="0.001" classname="com.runwaysdk.dataaccess.TransientAttributeTest" name="testBlobGetBytesCache"/>
  <testcase time="0.002" classname="com.runwaysdk.dataaccess.TransientAttributeTest" name="testBlobInvalidSize"/>
  <testcase time="0.002" classname="com.runwaysdk.dataaccess.TransientAttributeTest" name="testSingle"/>
  <testcase time="0.002" classname="com.runwaysdk.dataaccess.TransientAttributeTest" name="testAddMultiple"/>
  <testcase time="0.002" classname="com.runwaysdk.dataaccess.TransientAttributeTest" name="testDefault"/>
  <testcase time="0.002" classname="com.runwaysdk.dataaccess.TransientAttributeTest" name="testAdd"/>
  <testcase time="0.002" classname="com.runwaysdk.dataaccess.TransientAttributeTest" name="testDeleteDefault"/>
  <testcase time="0.002" classname="com.runwaysdk.dataaccess.TransientAttributeTest" name="testDeleteRequired"/>
  <testcase time="0.002" classname="com.runwaysdk.dataaccess.TransientAttributeTest" name="testAddDefault"/>
  <testcase time="0.002" classname="com.runwaysdk.dataaccess.TransientAttributeTest" name="testAddToSingle"/>
  <testcase time="0.002" classname="com.runwaysdk.dataaccess.TransientAttributeTest" name="testRepeatedAdd"/>
  <testcase time="0.002" classname="com.runwaysdk.dataaccess.TransientAttributeTest" name="testRepeatedDelete"/>
  <testcase time="0.003" classname="com.runwaysdk.dataaccess.TransientAttributeTest" name="testInvalidDelete"/>
  <testcase time="0.001" classname="com.runwaysdk.dataaccess.TransientAttributeTest" name="testInvalidAdd"/>
  <testcase time="0.099" classname="com.runwaysdk.dataaccess.EntityAttributeTest" name="testBoolean"/>
  <testcase time="0.358" classname="com.runwaysdk.dataaccess.EntityAttributeTest" name="testCharacter"/>
  <testcase time="0.076" classname="com.runwaysdk.dataaccess.EntityAttributeTest" name="testDate"/>
  <testcase time="0.074" classname="com.runwaysdk.dataaccess.EntityAttributeTest" name="testDateTime"/>
  <testcase time="0.076" classname="com.runwaysdk.dataaccess.EntityAttributeTest" name="testDecimal"/>
  <testcase time="0.074" classname="com.runwaysdk.dataaccess.EntityAttributeTest" name="testDouble"/>
  <testcase time="0.076" classname="com.runwaysdk.dataaccess.EntityAttributeTest" name="testFloat"/>
  <testcase time="0.074" classname="com.runwaysdk.dataaccess.EntityAttributeTest" name="testReference"/>
  <testcase time="0.076" classname="com.runwaysdk.dataaccess.EntityAttributeTest" name="testInteger"/>
  <testcase time="0.073" classname="com.runwaysdk.dataaccess.EntityAttributeTest" name="testLong"/>
  <testcase time="0.075" classname="com.runwaysdk.dataaccess.EntityAttributeTest" name="testTime"/>
  <testcase time="0.074" classname="com.runwaysdk.dataaccess.EntityAttributeTest" name="testStruct"/>
  <testcase time="0.076" classname="com.runwaysdk.dataaccess.EntityAttributeTest" name="testImmutable"/>
  <testcase time="0.002" classname="com.runwaysdk.dataaccess.EntityAttributeTest" name="testNotRequired"/>
  <testcase time="0.001" classname="com.runwaysdk.dataaccess.EntityAttributeTest" name="testNotRequiredBlankValue"/>
  <testcase time="0.081" classname="com.runwaysdk.dataaccess.EntityAttributeTest" name="testRequired"/>
  <testcase time="0.002" classname="com.runwaysdk.dataaccess.EntityAttributeTest" name="testRequiredValidateMethod"/>
  <testcase time="0.007" classname="com.runwaysdk.dataaccess.EntityAttributeTest" name="testRequiredWithBlankValue"/>
  <testcase time="0.002" classname="com.runwaysdk.dataaccess.EntityAttributeTest" name="testRequiredWithBlankValueValidateMethod"/>
  <testcase time="0.002" classname="com.runwaysdk.dataaccess.EntityAttributeTest" name="testSystem"/>
  <testcase time="0.002" classname="com.runwaysdk.dataaccess.EntityAttributeTest" name="testCharWithLongString"/>
  <testcase time="0.321" classname="com.runwaysdk.dataaccess.EntityAttributeTest" name="testCharChangeSize"/>
  <testcase time="0.08" classname="com.runwaysdk.dataaccess.EntityAttributeTest" name="testTextStoreRetrieve"/>
  <testcase time="0.076" classname="com.runwaysdk.dataaccess.EntityAttributeTest" name="testClobStoreRetrieve"/>
  <testcase time="0.003" classname="com.runwaysdk.dataaccess.EntityAttributeTest" name="testTooLongText"/>
  <testcase time="0.001" classname="com.runwaysdk.dataaccess.EntityAttributeTest" name="testCharWithEmptyString"/>
  <testcase time="0.001" classname="com.runwaysdk.dataaccess.EntityAttributeTest" name="testBooleanInvalid"/>
  <testcase time="0.001" classname="com.runwaysdk.dataaccess.EntityAttributeTest" name="testIntegerWithAlphas"/>
  <testcase time="0.001" classname="com.runwaysdk.dataaccess.EntityAttributeTest" name="testIntegerWithLargeNumber"/>
  <testcase time="0.002" classname="com.runwaysdk.dataaccess.EntityAttributeTest" name="testLongWithAlphas"/>
  <testcase time="0.001" classname="com.runwaysdk.dataaccess.EntityAttributeTest" name="testLongWithLargeNumber"/>
  <testcase time="0.001" classname="com.runwaysdk.dataaccess.EntityAttributeTest" name="testFloatWithInt"/>
  <testcase time="0.002" classname="com.runwaysdk.dataaccess.EntityAttributeTest" name="testFloatWithExponent"/>
  <testcase time="0.001" classname="com.runwaysdk.dataaccess.EntityAttributeTest" name="testFloatWithLong"/>
  <testcase time="0.001" classname="com.runwaysdk.dataaccess.EntityAttributeTest" name="testFloatWithLargeNumber"/>
  <testcase time="0.002" classname="com.runwaysdk.dataaccess.EntityAttributeTest" name="testDoubleWithInt"/>
  <testcase time="0.001" classname="com.runwaysdk.dataaccess.EntityAttributeTest" name="testDoubleWithExponent"/>
  <testcase time="0.001" classname="com.runwaysdk.dataaccess.EntityAttributeTest" name="testDoubleWithLargeExponent"/>
  <testcase time="0.002" classname="com.runwaysdk.dataaccess.EntityAttributeTest" name="testDecimalWithInt"/>
  <testcase time="0.001" classname="com.runwaysdk.dataaccess.EntityAttributeTest" name="testDecimalWithExponent"/>
  <testcase time="0.001" classname="com.runwaysdk.dataaccess.EntityAttributeTest" name="testTimeInvalid"/>
  <testcase time="0.002" classname="com.runwaysdk.dataaccess.EntityAttributeTest" name="testTimeLowerBound"/>
  <testcase time="0.001" classname="com.runwaysdk.dataaccess.EntityAttributeTest" name="testTimeUpperBound"/>
  <testcase time="0.001" classname="com.runwaysdk.dataaccess.EntityAttributeTest" name="testDateInvalid"/>
  <testcase time="0.001" classname="com.runwaysdk.dataaccess.EntityAttributeTest" name="testDateLowerBound"/>
  <testcase time="0.001" classname="com.runwaysdk.dataaccess.EntityAttributeTest" name="testDateUpperBound"/>
  <testcase time="0.002" classname="com.runwaysdk.dataaccess.EntityAttributeTest" name="testDateTimeInvalid"/>
  <testcase time="0.001" classname="com.runwaysdk.dataaccess.EntityAttributeTest" name="testDateTimeLowerBound"/>
  <testcase time="0.001" classname="com.runwaysdk.dataaccess.EntityAttributeTest" name="testDateTimeUpperBound"/>
  <testcase time="0.073" classname="com.runwaysdk.dataaccess.EntityAttributeTest" name="testSetInvalidReference"/>
  <testcase time="0.149" classname="com.runwaysdk.dataaccess.EntityAttributeTest" name="testDereferenceReference"/>
  <testcase time="3.294" classname="com.runwaysdk.dataaccess.EntityAttributeTest" name="testDuplicateInheritedAttribute"/>
  <testcase time="0.003" classname="com.runwaysdk.dataaccess.EntityAttributeTest" name="testMaxIdentifierSize"/>
  <testcase time="0.003" classname="com.runwaysdk.dataaccess.EntityAttributeTest" name="testReferenceReferenceRelationship"/>
  <testcase time="0.003" classname="com.runwaysdk.dataaccess.EntityAttributeTest" name="testReferenceReference"/>
  <testcase time="0.087" classname="com.runwaysdk.dataaccess.EntityAttributeTest" name="testBlobWithBytes"/>
  <testcase time="0.002" classname="com.runwaysdk.dataaccess.EntityAttributeTest" name="testBlobManipulationCache"/>
  <testcase time="0.001" classname="com.runwaysdk.dataaccess.EntityAttributeTest" name="testBlobTruncateCache"/>
  <testcase time="0.088" classname="com.runwaysdk.dataaccess.EntityAttributeTest" name="testBlobChangeSize"/>
  <testcase time="0.002" classname="com.runwaysdk.dataaccess.EntityAttributeTest" name="testBlobGetBytesCache"/>
  <testcase time="0.001" classname="com.runwaysdk.dataaccess.EntityAttributeTest" name="testBlobInvalidSize"/>
  <testcase time="0.023" classname="com.runwaysdk.dataaccess.EntityAttributeTest" name="testRollbackSavepointObjectState"/>
  <testcase time="0.017" classname="com.runwaysdk.dataaccess.EntityAttributeTest" name="testNotRequired_Thread"/>
  <testcase time="0.011" classname="com.runwaysdk.dataaccess.EntityAttributeTest" name="testNotRequiredBlankValue_Thread"/>
  <testcase time="0.096" classname="com.runwaysdk.dataaccess.EntityAttributeTest" name="testRequired_Thread"/>
  <testcase time="0.008" classname="com.runwaysdk.dataaccess.EntityAttributeTest" name="testRequiredValidateMethod_Thread"/>
  <testcase time="0.017" classname="com.runwaysdk.dataaccess.EntityAttributeTest" name="testRequiredWithBlankValue_Thread"/>
  <testcase time="0.011" classname="com.runwaysdk.dataaccess.EntityAttributeTest" name="testRequiredWithBlankValueValidateMethod_Thread"/>
  <testcase time="0.09" classname="com.runwaysdk.dataaccess.EntityAttributeTest" name="testImmutable_Thread"/>
  <testcase time="0.011" classname="com.runwaysdk.dataaccess.EntityAttributeTest" name="testSystem_Thread"/>
  <testcase time="0.081" classname="com.runwaysdk.dataaccess.EntityAttributeTest" name="testUnique"/>
  <testcase time="0.082" classname="com.runwaysdk.dataaccess.EntityAttributeTest" name="testUniqueFail"/>
  <testcase time="3.656" classname="com.runwaysdk.dataaccess.EntityAttributeTest" name="testUniqueGroup"/>
  <testcase time="3.384" classname="com.runwaysdk.dataaccess.EntityAttributeTest" name="testUniqueGroupTransaction"/>
  <testcase time="4.044" classname="com.runwaysdk.dataaccess.EntityAttributeTest" name="testNonUniqueGroup"/>
  <testcase time="3.394" classname="com.runwaysdk.dataaccess.EntityAttributeTest" name="testNonUniqueGroupTransaction"/>
  <testcase time="0.101" classname="com.runwaysdk.dataaccess.EntityAttributeTest" name="testMdIndexNoAttributes"/>
  <testcase time="0.08" classname="com.runwaysdk.dataaccess.EntityAttributeTest" name="testMdIndexNoAttributesTransaction"/>
  <testcase time="3.449" classname="com.runwaysdk.dataaccess.EntityAttributeTest" name="testMdIndexSetInactive"/>
  <testcase time="2.906" classname="com.runwaysdk.dataaccess.EntityAttributeTest" name="testMdIndexSetInactiveTransaction"/>
  <testcase time="3.538" classname="com.runwaysdk.dataaccess.EntityAttributeTest" name="testUniqueGroupFail"/>
  <testcase time="3.019" classname="com.runwaysdk.dataaccess.EntityAttributeTest" name="testUniqueGroupFailTransaction"/>
  <testcase time="0.074" classname="com.runwaysdk.dataaccess.EntityAttributeTest" name="testClobStoreRetrieveAfterDelete"/>
  <testcase time="0.083" classname="com.runwaysdk.dataaccess.EntityAttributeTest" name="testClobAddValuePostApply"/>
  <testcase time="0.002" classname="com.runwaysdk.dataaccess.EntityAttributeTest" name="testDecimalWithTooLargeExponent"/>
  <testcase time="1.743" classname="com.runwaysdk.dataaccess.EntityAttributeTest" name="testAddStructToClassWithInstances"/>
  <testcase time="1.638" classname="com.runwaysdk.dataaccess.EntityAttributeTest" name="testAddStructToClassWithInstancesAndApply"/>
  <testcase time="0.119" classname="com.runwaysdk.dataaccess.EntityAttributeTest" name="testNonUniqueAttribute"/>
  <testcase time="0.012" classname="com.runwaysdk.dataaccess.EntityAttributeTest" name="testRejectedBounds"/>
  <testcase time="1.723" classname="com.runwaysdk.dataaccess.EntityAttributeTest" name="testDeletedRequiredReference"/>
  <testcase time="0.092" classname="com.runwaysdk.dataaccess.EntityAttributeTest" name="testBlobManipulationDatabase"/>
  <testcase time="0.084" classname="com.runwaysdk.dataaccess.EntityAttributeTest" name="testBlobTruncateDatabase"/>
  <testcase time="0.084" classname="com.runwaysdk.dataaccess.EntityAttributeTest" name="testBlobGetBytesDatabase"/>
  <testcase time="0.092" classname="com.runwaysdk.dataaccess.EntityAttributeTest" name="testBlobAddValuePostApply"/>
  <testcase time="2.929" classname="com.runwaysdk.dataaccess.EnumerationTest" name="testDelete"/>
  <testcase time="0.069" classname="com.runwaysdk.dataaccess.EnumerationTest" name="testGetStructEnumeration"/>
  <testcase time="0.073" classname="com.runwaysdk.dataaccess.EnumerationTest" name="testSingle"/>
  <testcase time="0.074" classname="com.runwaysdk.dataaccess.EnumerationTest" name="testAddMultiple"/>
  <testcase time="0.075" classname="com.runwaysdk.dataaccess.EnumerationTest" name="testDefault"/>
  <testcase time="0.065" classname="com.runwaysdk.dataaccess.EnumerationTest" name="testAdd"/>
  <testcase time="0.075" classname="com.runwaysdk.dataaccess.EnumerationTest" name="testDeleteDefault"/>
  <testcase time="0.006" classname="com.runwaysdk.dataaccess.EnumerationTest" name="testDeleteRequired"/>
  <testcase time="0.075" classname="com.runwaysdk.dataaccess.EnumerationTest" name="testAddDefault"/>
  <testcase time="0.11" classname="com.runwaysdk.dataaccess.EnumerationTest" name="testAddToSingle"/>
  <testcase time="0.082" classname="com.runwaysdk.dataaccess.EnumerationTest" name="testRepeatedAdd"/>
  <testcase time="0.092" classname="com.runwaysdk.dataaccess.EnumerationTest" name="testRepeatedDelete"/>
  <testcase time="0.168" classname="com.runwaysdk.dataaccess.EnumerationTest" name="testInvalidDelete"/>
  <testcase time="0.066" classname="com.runwaysdk.dataaccess.EnumerationTest" name="testInvalidAdd"/>
  <testcase time="0.092" classname="com.runwaysdk.dataaccess.EnumerationTest" name="testReplace"/>
  <testcase time="0.084" classname="com.runwaysdk.dataaccess.EnumerationTest" name="testReplaceNoChange"/>
  <testcase time="0.084" classname="com.runwaysdk.dataaccess.EnumerationTest" name="testReplaceSingle"/>
  <testcase time="0.074" classname="com.runwaysdk.dataaccess.EnumerationTest" name="testInvalidReplaceSingle"/>
  <testcase time="1.524" classname="com.runwaysdk.dataaccess.EnumerationTest" name="testEnumAttrToClassWithInstances"/>
  <testcase time="1.809" classname="com.runwaysdk.dataaccess.EnumerationTest" name="testDeleteAttribute"/>
  <testcase time="0.015" classname="com.runwaysdk.dataaccess.EnumerationTest" name="testUniqueAttributeEnmeration"/>
  <testcase time="1.516" classname="com.runwaysdk.dataaccess.EnumerationTest" name="testUniqueAttributeGroupEnumeration"/>
  <testcase time="0.005" classname="com.runwaysdk.dataaccess.EnumerationTest" name="testEnumerationUsesValidClass"/>
  <testcase time="1.38" classname="com.runwaysdk.dataaccess.EnumerationTest" name="testNoDuplicateEnumerationTypeName"/>
  <testcase time="0.428" classname="com.runwaysdk.dataaccess.EnumerationTest" name="testEnumerationExtendable"/>
  <testcase time="3.476" classname="com.runwaysdk.dataaccess.EnumerationTest" name="testEnumerationExtended"/>
  <testcase time="7.24" classname="com.runwaysdk.dataaccess.EnumerationTest" name="testDeleteMdEnumerationFromDeleteMasterList"/>
  <testcase time="8.648" classname="com.runwaysdk.dataaccess.EnumerationTest" name="testDeleteMdAttributeEnumerationFromDeleteMdEnumeration"/>
  <testcase time="0.09" classname="com.runwaysdk.dataaccess.EntityAttributeTest" name="testBoolean"/>
  <testcase time="0.094" classname="com.runwaysdk.dataaccess.EntityAttributeTest" name="testCharacter"/>
  <testcase time="0.083" classname="com.runwaysdk.dataaccess.EntityAttributeTest" name="testDate"/>
  <testcase time="0.081" classname="com.runwaysdk.dataaccess.EntityAttributeTest" name="testDateTime"/>
  <testcase time="0.083" classname="com.runwaysdk.dataaccess.EntityAttributeTest" name="testDecimal"/>
  <testcase time="0.084" classname="com.runwaysdk.dataaccess.EntityAttributeTest" name="testDouble"/>
  <testcase time="0.084" classname="com.runwaysdk.dataaccess.EntityAttributeTest" name="testFloat"/>
  <testcase time="0.074" classname="com.runwaysdk.dataaccess.EntityAttributeTest" name="testReference"/>
  <testcase time="0.084" classname="com.runwaysdk.dataaccess.EntityAttributeTest" name="testInteger"/>
  <testcase time="0.09" classname="com.runwaysdk.dataaccess.EntityAttributeTest" name="testLong"/>
  <testcase time="0.084" classname="com.runwaysdk.dataaccess.EntityAttributeTest" name="testTime"/>
  <testcase time="0.084" classname="com.runwaysdk.dataaccess.EntityAttributeTest" name="testStruct"/>
  <testcase time="0.082" classname="com.runwaysdk.dataaccess.EntityAttributeTest" name="testImmutable"/>
  <testcase time="0.001" classname="com.runwaysdk.dataaccess.EntityAttributeTest" name="testNotRequired"/>
  <testcase time="0.001" classname="com.runwaysdk.dataaccess.EntityAttributeTest" name="testNotRequiredBlankValue"/>
  <testcase time="0.081" classname="com.runwaysdk.dataaccess.EntityAttributeTest" name="testRequired"/>
  <testcase time="0.001" classname="com.runwaysdk.dataaccess.EntityAttributeTest" name="testRequiredValidateMethod"/>
  <testcase time="0.008" classname="com.runwaysdk.dataaccess.EntityAttributeTest" name="testRequiredWithBlankValue"/>
  <testcase time="0.002" classname="com.runwaysdk.dataaccess.EntityAttributeTest" name="testRequiredWithBlankValueValidateMethod"/>
  <testcase time="0.002" classname="com.runwaysdk.dataaccess.EntityAttributeTest" name="testSystem"/>
  <testcase time="0.001" classname="com.runwaysdk.dataaccess.EntityAttributeTest" name="testCharWithLongString"/>
  <testcase time="0.288" classname="com.runwaysdk.dataaccess.EntityAttributeTest" name="testCharChangeSize"/>
  <testcase time="0.147" classname="com.runwaysdk.dataaccess.EntityAttributeTest" name="testTextStoreRetrieve"/>
  <testcase time="0.084" classname="com.runwaysdk.dataaccess.EntityAttributeTest" name="testClobStoreRetrieve"/>
  <testcase time="0.003" classname="com.runwaysdk.dataaccess.EntityAttributeTest" name="testTooLongText"/>
  <testcase time="0.001" classname="com.runwaysdk.dataaccess.EntityAttributeTest" name="testCharWithEmptyString"/>
  <testcase time="0.002" classname="com.runwaysdk.dataaccess.EntityAttributeTest" name="testBooleanInvalid"/>
  <testcase time="0.001" classname="com.runwaysdk.dataaccess.EntityAttributeTest" name="testIntegerWithAlphas"/>
  <testcase time="0.001" classname="com.runwaysdk.dataaccess.EntityAttributeTest" name="testIntegerWithLargeNumber"/>
  <testcase time="0.002" classname="com.runwaysdk.dataaccess.EntityAttributeTest" name="testLongWithAlphas"/>
  <testcase time="0.001" classname="com.runwaysdk.dataaccess.EntityAttributeTest" name="testLongWithLargeNumber"/>
  <testcase time="0.001" classname="com.runwaysdk.dataaccess.EntityAttributeTest" name="testFloatWithInt"/>
  <testcase time="0.002" classname="com.runwaysdk.dataaccess.EntityAttributeTest" name="testFloatWithExponent"/>
  <testcase time="0.001" classname="com.runwaysdk.dataaccess.EntityAttributeTest" name="testFloatWithLong"/>
  <testcase time="0.001" classname="com.runwaysdk.dataaccess.EntityAttributeTest" name="testFloatWithLargeNumber"/>
  <testcase time="0.002" classname="com.runwaysdk.dataaccess.EntityAttributeTest" name="testDoubleWithInt"/>
  <testcase time="0.001" classname="com.runwaysdk.dataaccess.EntityAttributeTest" name="testDoubleWithExponent"/>
  <testcase time="0.001" classname="com.runwaysdk.dataaccess.EntityAttributeTest" name="testDoubleWithLargeExponent"/>
  <testcase time="0.002" classname="com.runwaysdk.dataaccess.EntityAttributeTest" name="testDecimalWithInt"/>
  <testcase time="0.001" classname="com.runwaysdk.dataaccess.EntityAttributeTest" name="testDecimalWithExponent"/>
  <testcase time="0.001" classname="com.runwaysdk.dataaccess.EntityAttributeTest" name="testTimeInvalid"/>
  <testcase time="0.001" classname="com.runwaysdk.dataaccess.EntityAttributeTest" name="testTimeLowerBound"/>
  <testcase time="0.001" classname="com.runwaysdk.dataaccess.EntityAttributeTest" name="testTimeUpperBound"/>
  <testcase time="0.001" classname="com.runwaysdk.dataaccess.EntityAttributeTest" name="testDateInvalid"/>
  <testcase time="0.001" classname="com.runwaysdk.dataaccess.EntityAttributeTest" name="testDateLowerBound"/>
  <testcase time="0.001" classname="com.runwaysdk.dataaccess.EntityAttributeTest" name="testDateUpperBound"/>
  <testcase time="0.001" classname="com.runwaysdk.dataaccess.EntityAttributeTest" name="testDateTimeInvalid"/>
  <testcase time="0.001" classname="com.runwaysdk.dataaccess.EntityAttributeTest" name="testDateTimeLowerBound"/>
  <testcase time="0.001" classname="com.runwaysdk.dataaccess.EntityAttributeTest" name="testDateTimeUpperBound"/>
  <testcase time="0.081" classname="com.runwaysdk.dataaccess.EntityAttributeTest" name="testSetInvalidReference"/>
  <testcase time="0.15" classname="com.runwaysdk.dataaccess.EntityAttributeTest" name="testDereferenceReference"/>
  <testcase time="2.929" classname="com.runwaysdk.dataaccess.EntityAttributeTest" name="testDuplicateInheritedAttribute"/>
  <testcase time="0.002" classname="com.runwaysdk.dataaccess.EntityAttributeTest" name="testMaxIdentifierSize"/>
  <testcase time="0.004" classname="com.runwaysdk.dataaccess.EntityAttributeTest" name="testReferenceReferenceRelationship"/>
  <testcase time="0.003" classname="com.runwaysdk.dataaccess.EntityAttributeTest" name="testReferenceReference"/>
  <testcase time="0.195" classname="com.runwaysdk.dataaccess.EntityAttributeTest" name="testBlobWithBytes"/>
  <testcase time="0.002" classname="com.runwaysdk.dataaccess.EntityAttributeTest" name="testBlobManipulationCache"/>
  <testcase time="0.002" classname="com.runwaysdk.dataaccess.EntityAttributeTest" name="testBlobTruncateCache"/>
  <testcase time="0.154" classname="com.runwaysdk.dataaccess.EntityAttributeTest" name="testBlobChangeSize"/>
  <testcase time="0.001" classname="com.runwaysdk.dataaccess.EntityAttributeTest" name="testBlobGetBytesCache"/>
  <testcase time="0.001" classname="com.runwaysdk.dataaccess.EntityAttributeTest" name="testBlobInvalidSize"/>
  <testcase time="0.023" classname="com.runwaysdk.dataaccess.EntityAttributeTest" name="testRollbackSavepointObjectState"/>
  <testcase time="0.004" classname="com.runwaysdk.dataaccess.EntityAttributeTest" name="testNotRequired_Thread"/>
  <testcase time="0.003" classname="com.runwaysdk.dataaccess.EntityAttributeTest" name="testNotRequiredBlankValue_Thread"/>
  <testcase time="0.093" classname="com.runwaysdk.dataaccess.EntityAttributeTest" name="testRequired_Thread"/>
  <testcase time="0.003" classname="com.runwaysdk.dataaccess.EntityAttributeTest" name="testRequiredValidateMethod_Thread"/>
  <testcase time="0.009" classname="com.runwaysdk.dataaccess.EntityAttributeTest" name="testRequiredWithBlankValue_Thread"/>
  <testcase time="0.004" classname="com.runwaysdk.dataaccess.EntityAttributeTest" name="testRequiredWithBlankValueValidateMethod_Thread"/>
  <testcase time="0.084" classname="com.runwaysdk.dataaccess.EntityAttributeTest" name="testImmutable_Thread"/>
  <testcase time="0.003" classname="com.runwaysdk.dataaccess.EntityAttributeTest" name="testSystem_Thread"/>
  <testcase time="0.089" classname="com.runwaysdk.dataaccess.EntityAttributeTest" name="testUnique"/>
  <testcase time="0.084" classname="com.runwaysdk.dataaccess.EntityAttributeTest" name="testUniqueFail"/>
  <testcase time="3.628" classname="com.runwaysdk.dataaccess.EntityAttributeTest" name="testUniqueGroup"/>
  <testcase time="3.003" classname="com.runwaysdk.dataaccess.EntityAttributeTest" name="testUniqueGroupTransaction"/>
  <testcase time="3.529" classname="com.runwaysdk.dataaccess.EntityAttributeTest" name="testNonUniqueGroup"/>
  <testcase time="3.029" classname="com.runwaysdk.dataaccess.EntityAttributeTest" name="testNonUniqueGroupTransaction"/>
  <testcase time="0.1" classname="com.runwaysdk.dataaccess.EntityAttributeTest" name="testMdIndexNoAttributes"/>
  <testcase time="0.082" classname="com.runwaysdk.dataaccess.EntityAttributeTest" name="testMdIndexNoAttributesTransaction"/>
  <testcase time="3.373" classname="com.runwaysdk.dataaccess.EntityAttributeTest" name="testMdIndexSetInactive"/>
  <testcase time="2.896" classname="com.runwaysdk.dataaccess.EntityAttributeTest" name="testMdIndexSetInactiveTransaction"/>
  <testcase time="3.472" classname="com.runwaysdk.dataaccess.EntityAttributeTest" name="testUniqueGroupFail"/>
  <testcase time="2.919" classname="com.runwaysdk.dataaccess.EntityAttributeTest" name="testUniqueGroupFailTransaction"/>
  <testcase time="0.076" classname="com.runwaysdk.dataaccess.EntityAttributeTest" name="testClobStoreRetrieveAfterDelete"/>
  <testcase time="0.083" classname="com.runwaysdk.dataaccess.EntityAttributeTest" name="testClobAddValuePostApply"/>
  <testcase time="0.002" classname="com.runwaysdk.dataaccess.EntityAttributeTest" name="testDecimalWithTooLargeExponent"/>
  <testcase time="1.737" classname="com.runwaysdk.dataaccess.EntityAttributeTest" name="testAddStructToClassWithInstances"/>
  <testcase time="1.658" classname="com.runwaysdk.dataaccess.EntityAttributeTest" name="testAddStructToClassWithInstancesAndApply"/>
  <testcase time="0.125" classname="com.runwaysdk.dataaccess.EntityAttributeTest" name="testNonUniqueAttribute"/>
  <testcase time="0.007" classname="com.runwaysdk.dataaccess.EntityAttributeTest" name="testRejectedBounds"/>
  <testcase time="2.035" classname="com.runwaysdk.dataaccess.EntityAttributeTest" name="testDeletedRequiredReference"/>
  <testcase time="0.082" classname="com.runwaysdk.dataaccess.EntityAttributeTest" name="testBlobManipulationDatabase"/>
  <testcase time="0.083" classname="com.runwaysdk.dataaccess.EntityAttributeTest" name="testBlobTruncateDatabase"/>
  <testcase time="0.075" classname="com.runwaysdk.dataaccess.EntityAttributeTest" name="testBlobGetBytesDatabase"/>
  <testcase time="0.082" classname="com.runwaysdk.dataaccess.EntityAttributeTest" name="testBlobAddValuePostApply"/>
  <testcase time="3.135" classname="com.runwaysdk.dataaccess.EnumerationTest" name="testDelete"/>
  <testcase time="0.085" classname="com.runwaysdk.dataaccess.EnumerationTest" name="testGetStructEnumeration"/>
  <testcase time="0.072" classname="com.runwaysdk.dataaccess.EnumerationTest" name="testSingle"/>
  <testcase time="0.092" classname="com.runwaysdk.dataaccess.EnumerationTest" name="testAddMultiple"/>
  <testcase time="0.084" classname="com.runwaysdk.dataaccess.EnumerationTest" name="testDefault"/>
  <testcase time="0.092" classname="com.runwaysdk.dataaccess.EnumerationTest" name="testAdd"/>
  <testcase time="0.074" classname="com.runwaysdk.dataaccess.EnumerationTest" name="testDeleteDefault"/>
  <testcase time="0.007" classname="com.runwaysdk.dataaccess.EnumerationTest" name="testDeleteRequired"/>
  <testcase time="0.077" classname="com.runwaysdk.dataaccess.EnumerationTest" name="testAddDefault"/>
  <testcase time="0.152" classname="com.runwaysdk.dataaccess.EnumerationTest" name="testAddToSingle"/>
  <testcase time="0.2" classname="com.runwaysdk.dataaccess.EnumerationTest" name="testRepeatedAdd"/>
  <testcase time="0.091" classname="com.runwaysdk.dataaccess.EnumerationTest" name="testRepeatedDelete"/>
  <testcase time="0.107" classname="com.runwaysdk.dataaccess.EnumerationTest" name="testInvalidDelete"/>
  <testcase time="0.074" classname="com.runwaysdk.dataaccess.EnumerationTest" name="testInvalidAdd"/>
  <testcase time="0.092" classname="com.runwaysdk.dataaccess.EnumerationTest" name="testReplace"/>
  <testcase time="0.092" classname="com.runwaysdk.dataaccess.EnumerationTest" name="testReplaceNoChange"/>
  <testcase time="0.092" classname="com.runwaysdk.dataaccess.EnumerationTest" name="testReplaceSingle"/>
  <testcase time="0.092" classname="com.runwaysdk.dataaccess.EnumerationTest" name="testInvalidReplaceSingle"/>
  <testcase time="1.544" classname="com.runwaysdk.dataaccess.EnumerationTest" name="testEnumAttrToClassWithInstances"/>
  <testcase time="1.729" classname="com.runwaysdk.dataaccess.EnumerationTest" name="testDeleteAttribute"/>
  <testcase time="0.014" classname="com.runwaysdk.dataaccess.EnumerationTest" name="testUniqueAttributeEnmeration"/>
  <testcase time="1.463" classname="com.runwaysdk.dataaccess.EnumerationTest" name="testUniqueAttributeGroupEnumeration"/>
  <testcase time="0.005" classname="com.runwaysdk.dataaccess.EnumerationTest" name="testEnumerationUsesValidClass"/>
  <testcase time="1.348" classname="com.runwaysdk.dataaccess.EnumerationTest" name="testNoDuplicateEnumerationTypeName"/>
  <testcase time="0.446" classname="com.runwaysdk.dataaccess.EnumerationTest" name="testEnumerationExtendable"/>
  <testcase time="3.256" classname="com.runwaysdk.dataaccess.EnumerationTest" name="testEnumerationExtended"/>
  <testcase time="7.234" classname="com.runwaysdk.dataaccess.EnumerationTest" name="testDeleteMdEnumerationFromDeleteMasterList"/>
  <testcase time="8.811" classname="com.runwaysdk.dataaccess.EnumerationTest" name="testDeleteMdAttributeEnumerationFromDeleteMdEnumeration"/>
  <testcase time="0.405" classname="com.runwaysdk.dataaccess.RelationshipTest" name="testRemoveAllChildren"/>
  <testcase time="0.357" classname="com.runwaysdk.dataaccess.RelationshipTest" name="testRemoveAllParents"/>
  <testcase time="0.124" classname="com.runwaysdk.dataaccess.RelationshipTest" name="testRelationshipInvalidChildType"/>
  <testcase time="0.128" classname="com.runwaysdk.dataaccess.RelationshipTest" name="testRelationshipInvalidParentType"/>
  <testcase time="0.29" classname="com.runwaysdk.dataaccess.RelationshipTest" name="testRelationshipParentCardinality"/>
  <testcase time="0.241" classname="com.runwaysdk.dataaccess.RelationshipTest" name="testRelationshipChildCardinality"/>
  <testcase time="0.239" classname="com.runwaysdk.dataaccess.RelationshipTest" name="testRelationshipRecursion"/>
  <testcase time="0.144" classname="com.runwaysdk.dataaccess.RelationshipTest" name="testRelationshipAddParent"/>
  <testcase time="0.156" classname="com.runwaysdk.dataaccess.RelationshipTest" name="testRelationshipAddChild"/>
  <testcase time="0.333" classname="com.runwaysdk.dataaccess.RelationshipTest" name="testRelationshipDelete"/>
  <testcase time="0.749" classname="com.runwaysdk.dataaccess.RelationshipTest" name="testMdBusinessCorrectNumberOfInstances"/>
  <testcase time="1.71" classname="com.runwaysdk.dataaccess.RelationshipTest" name="testAddAttributeToMdRelationship"/>
  <testcase time="8.085" classname="com.runwaysdk.dataaccess.RelationshipTest" name="testDeleteRelationshipCascading"/>
  <testcase time="43.629" classname="com.runwaysdk.dataaccess.RelationshipTest" name="testRelationshipComposition"/>
  <testcase time="22.009" classname="com.runwaysdk.dataaccess.RelationshipTest" name="testBasicInRelationship"/>
  <testcase time="50.822" classname="com.runwaysdk.dataaccess.RelationshipTest" name="testDeleteMdRelationships"/>
  <testcase time="12.283" classname="com.runwaysdk.dataaccess.RelationshipTest" name="testRelationshipMRU"/>
  <testcase time="8.47" classname="com.runwaysdk.dataaccess.RelationshipTest" name="testRelationshipInRelationshipMappingCache"/>
  <testcase time="0.565" classname="com.runwaysdk.dataaccess.RelationshipTest" name="testRelationshipCardinalityConflictWithSuperAbstractRelationship1"/>
  <testcase time="0.384" classname="com.runwaysdk.dataaccess.RelationshipTest" name="testRelationshipCardinalityConflictWithSuperAbstractRelationship2"/>
  <testcase time="0.134" classname="com.runwaysdk.dataaccess.RelationshipTest" name="testFindValidRelationshipByParentAndChild"/>
  <testcase time="0.124" classname="com.runwaysdk.dataaccess.RelationshipTest" name="testFindInValidRelationshipByParentAndChild"/>
  <testcase time="0.134" classname="com.runwaysdk.dataaccess.RelationshipTest" name="testGetAllChildSubRelationshipInstances"/>
  <testcase time="0.125" classname="com.runwaysdk.dataaccess.RelationshipTest" name="testGetAllParentSubRelationshipInstances"/>
  <testcase time="0.3" classname="com.runwaysdk.dataaccess.RelationshipTest" name="testDuplicateParentChildForRelationship"/>
  <testcase time="0.316" classname="com.runwaysdk.dataaccess.RelationshipTest" name="testDuplicateParentChildTree"/>
  <testcase time="0.307" classname="com.runwaysdk.dataaccess.RelationshipTest" name="testRemoveChildRelationshipInstance"/>
  <testcase time="0.361" classname="com.runwaysdk.dataaccess.RelationshipTest" name="testRemoveParentRelationshipInstance"/>
  <testcase time="0.187" classname="com.runwaysdk.dataaccess.RelationshipTest" name="testRelationshipWithInvalidChild"/>
  <testcase time="0.15" classname="com.runwaysdk.dataaccess.RelationshipTest" name="testRelationshipWithInvalidParent"/>
  <testcase time="0.004" classname="com.runwaysdk.dataaccess.MdRelationshipTest" name="testNewMdRelationshipWithInvalidParentType"/>
  <testcase time="7.259" classname="com.runwaysdk.dataaccess.MdRelationshipTest" name="testNewMdRelationshipExtendsConcrete"/>
  <testcase time="0.009" classname="com.runwaysdk.dataaccess.MdRelationshipTest" name="testNewMdRelationshipInvalidClassForParentObjects"/>
  <testcase time="0.009" classname="com.runwaysdk.dataaccess.MdRelationshipTest" name="testNewMdRelationshipInvalidClassForChildObjects"/>
  <testcase time="0.009" classname="com.runwaysdk.dataaccess.MdRelationshipTest" name="testNewMdRelationshipInvalidParentCardinalityValue"/>
  <testcase time="0.009" classname="com.runwaysdk.dataaccess.MdRelationshipTest" name="testNewMdRelationshipCardinalityGreaterThanSuper1"/>
  <testcase time="4.818" classname="com.runwaysdk.dataaccess.MdRelationshipTest" name="testNewMdRelationshipCardinalityLessThanChild1"/>
  <testcase time="4.851" classname="com.runwaysdk.dataaccess.MdRelationshipTest" name="testNewMdRelationshipCardinalityLessThanChild2"/>
  <testcase time="5.165" classname="com.runwaysdk.dataaccess.MdRelationshipTest" name="testNewMdRelationshipCardinalityGreaterThanChild"/>
  <testcase time="0.009" classname="com.runwaysdk.dataaccess.MdRelationshipTest" name="testNewMdRelationshipParentCardinalityGreaterThanSuper2"/>
  <testcase time="4.531" classname="com.runwaysdk.dataaccess.MdRelationshipTest" name="testNewMdRelationshipLessThanParentCardinality1"/>
  <testcase time="4.661" classname="com.runwaysdk.dataaccess.MdRelationshipTest" name="testNewMdRelationshipLessThanParentCardinality2"/>
  <testcase time="4.56" classname="com.runwaysdk.dataaccess.MdRelationshipTest" name="testNewMdRelationshipEqualCardinalityWithParent"/>
  <testcase time="0.009" classname="com.runwaysdk.dataaccess.MdRelationshipTest" name="testNewMdRelationshipAbstractCacheEverything"/>
  <testcase time="0.009" classname="com.runwaysdk.dataaccess.MdRelationshipTest" name="testExtendMdRelationshipWithMdGraph"/>
  <testcase time="0.008" classname="com.runwaysdk.dataaccess.MdRelationshipTest" name="testExtendMdRelationshipWithMdTree"/>
  <testcase time="0.008" classname="com.runwaysdk.dataaccess.MdRelationshipTest" name="testExtendMdGraphWithMdRelationship"/>
  <testcase time="0.008" classname="com.runwaysdk.dataaccess.MdRelationshipTest" name="testExtendMdGraphWithMdTree"/>
  <testcase time="0.008" classname="com.runwaysdk.dataaccess.MdRelationshipTest" name="testExtendMdTreeWithMdRelationship"/>
  <testcase time="0.008" classname="com.runwaysdk.dataaccess.MdRelationshipTest" name="testExtendMdTreeWithMdGraph"/>
  <testcase time="0.008" classname="com.runwaysdk.dataaccess.MdRelationshipTest" name="testDuplicateParentMethod"/>
  <testcase time="7.247" classname="com.runwaysdk.dataaccess.MdRelationshipTest" name="testParentMethod"/>
  <testcase time="0.009" classname="com.runwaysdk.dataaccess.MdRelationshipTest" name="testDuplicateChildMethod"/>
  <testcase time="6.761" classname="com.runwaysdk.dataaccess.MdRelationshipTest" name="testChildMethod"/>
  <testcase time="0.009" classname="com.runwaysdk.dataaccess.MdRelationshipTest" name="testSortOrder"/>
  <testcase time="0.008" classname="com.runwaysdk.dataaccess.MdRelationshipTest" name="testComponentParent"/>
  <testcase time="0.007" classname="com.runwaysdk.dataaccess.MdRelationshipTest" name="testComponentChild"/>
  <testcase time="4.708" classname="com.runwaysdk.dataaccess.MdAttributeTest" name="testAttribute_Add_Delete_Add_Enum_in_transaction"/>
  <testcase time="2.504" classname="com.runwaysdk.dataaccess.MdAttributeTest" name="testAttribute_Add_Delete_Add_Delete_in_transaction"/>
  <testcase time="3.668" classname="com.runwaysdk.dataaccess.MdAttributeTest" name="testAttribute_Add_Delete_Add_in_transaction"/>
  <testcase time="3.317" classname="com.runwaysdk.dataaccess.MdAttributeTest" name="testAttribute_Add_Delete_Add_in_transaction_customColumn"/>
  <testcase time="2.492" classname="com.runwaysdk.dataaccess.MdAttributeTest" name="testAttribute_Add_Delete_Add_in_transaction_rollback"/>
  <testcase time="1.233" classname="com.runwaysdk.dataaccess.MdAttributeTest" name="testNewAttributeChangeIndexType"/>
  <testcase time="0.014" classname="com.runwaysdk.dataaccess.MdAttributeTest" name="testUniqueAttributeClob"/>
  <testcase time="1.681" classname="com.runwaysdk.dataaccess.MdAttributeTest" name="testUniqueAttributeGroupClob"/>
  <testcase time="0.014" classname="com.runwaysdk.dataaccess.MdAttributeTest" name="testInvalidDefaultFloatAttribute"/>
  <testcase time="0.002" classname="com.runwaysdk.dataaccess.MdAttributeTest" name="testInvalidDefaultBooleanAttribute"/>
  <testcase time="0.013" classname="com.runwaysdk.dataaccess.MdAttributeTest" name="testInvalidDefaultCharacterAttribute"/>
  <testcase time="0.014" classname="com.runwaysdk.dataaccess.MdAttributeTest" name="testInvalidDefaultReferenceAttribute"/>
  <testcase time="0.013" classname="com.runwaysdk.dataaccess.MdAttributeTest" name="testInvalidDefaultEnumerationAttribute"/>
  <testcase time="0.005" classname="com.runwaysdk.dataaccess.MdAttributeTest" name="testInvalidNegativeDecLength"/>
  <testcase time="0.006" classname="com.runwaysdk.dataaccess.MdAttributeTest" name="testInvalidZeroDecLength"/>
  <testcase time="0.005" classname="com.runwaysdk.dataaccess.MdAttributeTest" name="testInvalidNegativeDecDecimal"/>
  <testcase time="0.005" classname="com.runwaysdk.dataaccess.MdAttributeTest" name="testInvalidZeroDecDecimal"/>
  <testcase time="0.005" classname="com.runwaysdk.dataaccess.MdAttributeTest" name="testTooBigDecDecimal"/>
  <testcase time="23.323" classname="com.runwaysdk.dataaccess.RegexTest" name="testValidClassTypes"/>
  <testcase time="8.113" classname="com.runwaysdk.dataaccess.RegexTest" name="testValidAttributeNames"/>
  <testcase time="6.473" classname="com.runwaysdk.dataaccess.RegexTest" name="testInvalidAttributeNames"/>
  <testcase time="21.521" classname="com.runwaysdk.dataaccess.RegexTest" name="testValidPackageNames"/>
  <testcase time="0.078" classname="com.runwaysdk.dataaccess.RegexTest" name="testInvalidPackageNames"/>
  <testcase time="0.032" classname="com.runwaysdk.dataaccess.EncryptionTest" name="testMD5_Hash"/>
  <testcase time="0.034" classname="com.runwaysdk.dataaccess.EncryptionTest" name="testSHA_Hash"/>
  <testcase time="0.081" classname="com.runwaysdk.dataaccess.EncryptionTest" name="testDES_Symmetric"/>
  <testcase time="0.126" classname="com.runwaysdk.dataaccess.EncryptionTest" name="testAES_Symmetric"/>
  <testcase time="0.08" classname="com.runwaysdk.dataaccess.EncryptionTest" name="testSymmetricEquals"/>
  <testcase time="5.868" classname="com.runwaysdk.dataaccess.MdDimensionTest" name="testInvalidDefaultFloatAttribute"/>
  <testcase time="1.641" classname="com.runwaysdk.dataaccess.MdDimensionTest" name="testInvalidDefaultBooleanAttribute"/>
  <testcase time="1.788" classname="com.runwaysdk.dataaccess.MdDimensionTest" name="testInvalidDefaultCharacterAttribute"/>
  <testcase time="1.681" classname="com.runwaysdk.dataaccess.MdDimensionTest" name="testInvalidDefaultEnumerationAttribute"/>
  <testcase time="1.666" classname="com.runwaysdk.dataaccess.MdDimensionTest" name="testValidDefaultBooleanAttribute"/>
  <testcase time="2.114" classname="com.runwaysdk.dataaccess.MdDimensionTest" name="testValidDefaultCharacterAttribute"/>
  <testcase time="1.799" classname="com.runwaysdk.dataaccess.MdDimensionTest" name="testValidDefaultFloatAttribute"/>
  <testcase time="0.573" classname="com.runwaysdk.dataaccess.MdDimensionTest" name="testValidDefaultEnumerationAttribute"/>
  <testcase time="1.72" classname="com.runwaysdk.dataaccess.MdDimensionTest" name="testInvalidClobValue"/>
  <testcase time="10.024" classname="com.runwaysdk.dataaccess.MdDimensionTest" name="testInvalidReferenceValue"/>
  <testcase time="10.492" classname="com.runwaysdk.dataaccess.MdDimensionTest" name="testValidReferenceValue"/>
  <testcase time="2.07" classname="com.runwaysdk.dataaccess.MdDimensionTest" name="testInvalidDateValue"/>
  <testcase time="1.761" classname="com.runwaysdk.dataaccess.MdDimensionTest" name="testValidDateValue"/>
  <testcase time="1.684" classname="com.runwaysdk.dataaccess.MdDimensionTest" name="testValidTextValue"/>
  <testcase time="1.694" classname="com.runwaysdk.dataaccess.MdDimensionTest" name="testInvalidDefaultIntegerAttribute"/>
  <testcase time="1.719" classname="com.runwaysdk.dataaccess.MdDimensionTest" name="testValidDefaultIntegerAttribute"/>
  <testcase time="0.101" classname="com.runwaysdk.dataaccess.MdDimensionTest" name="testDimensionalNotRequiredAttribute"/>
  <testcase time="0.055" classname="com.runwaysdk.dataaccess.MdDimensionTest" name="testDimensionalRequiredAttribute"/>
  <testcase time="0.001" classname="com.runwaysdk.dataaccess.MdDimensionTest" name="testCreateMdAttributeDimension"/>
  <testcase time="0.031" classname="com.runwaysdk.dataaccess.MdDimensionTest" name="testDoubleApply"/>
  <testcase time="8.476" classname="com.runwaysdk.dataaccess.MdDimensionTest" name="testDeleteMdBusinessWithAttributeDimesnions"/>
  <testcase time="92.94" classname="com.runwaysdk.dataaccess.MdDimensionTest" name="testDeleteMdDimensionWithAttributeDimesnions"/>
  <testcase time="0" classname="com.runwaysdk.dataaccess.MdDimensionTest" name="testGetMdAttributeDimension"/>
  <testcase time="0" classname="com.runwaysdk.dataaccess.MdDimensionTest" name="testGetAllMdAttributeDimension"/>
  <testcase time="0.004" classname="com.runwaysdk.dataaccess.MdDimensionTest" name="testGetMdAttributeDimensionFromMdDimension"/>
  <testcase time="0.002" classname="com.runwaysdk.dataaccess.MdDimensionTest" name="testGetAllMdAttributeDimensionFromDimension"/>
  <testcase time="0" classname="com.runwaysdk.dataaccess.MdDimensionTest" name="testGetMdClassDimension"/>
  <testcase time="0" classname="com.runwaysdk.dataaccess.MdDimensionTest" name="testGetAllMdClassDimension"/>
  <testcase time="0.001" classname="com.runwaysdk.dataaccess.MdDimensionTest" name="testGetMdClassDimensionFromMdDimension"/>
  <testcase time="0.001" classname="com.runwaysdk.dataaccess.MdDimensionTest" name="testGetAllMdClassDimensionFromDimension"/>
<<<<<<< HEAD
</testsuite>
=======
</testsuite>
>>>>>>> ac74a14d84b3e01d5aba7001dc0bc6e12cfc0860
